 Actual and kludged survival report
  Actual/Kludged Season  Mvmnt_period  Region  Survival 
Actual  1   1   1 0.417645 0.478425 0.593978 0.7068 0.785482 0.819312 0.823016 0.806557 0.776859 0.741988 0.714105 0.708579 0.735685 0.778195 0.812934 0.826744
Kludge  1   1   1 0.384385 0.436665 0.558013 0.687007 0.780032 0.82682 0.832736 0.810732 0.769394 0.72128 0.689534 0.695816 0.728861 0.76814 0.798412 0.810288
Actual  1   1   2 0.417689 0.479282 0.611467 0.734248 0.806281 0.832216 0.831535 0.813221 0.782732 0.747465 0.719378 0.713845 0.741187 0.784038 0.819051 0.832964
Kludge  1   1   2 0.422976 0.474656 0.592139 0.713852 0.799762 0.842041 0.84619 0.823949 0.782962 0.73526 0.703958 0.710866 0.744379 0.783601 0.813462 0.825086
Actual  1   1   3 0.417641 0.477644 0.574551 0.690672 0.782281 0.816438 0.818046 0.800427 0.770259 0.735287 0.707428 0.701825 0.728605 0.770678 0.80508 0.818756
Kludge  1   1   3 0.431652 0.477109 0.58154 0.693167 0.775861 0.818935 0.825005 0.805706 0.769823 0.729225 0.703764 0.711147 0.741175 0.776253 0.803288 0.813922
Actual  1   1   4 0.417687 0.479217 0.60996 0.73247 0.805316 0.831586 0.830998 0.812716 0.782244 0.746993 0.71892 0.713387 0.74071 0.783533 0.818524 0.832429
Kludge  1   1   4 0.432125 0.48247 0.596716 0.715227 0.799323 0.841003 0.845267 0.823675 0.78398 0.738112 0.708477 0.715942 0.749019 0.78741 0.81656 0.827896
Actual  1   1   5 0.412586 0.437489 0.525229 0.675765 0.7654 0.808467 0.81781 0.803814 0.774802 0.740009 0.712043 0.706383 0.733306 0.775629 0.810247 0.824011
Kludge  1   1   5 0.398293 0.444884 0.55371 0.672365 0.761796 0.809674 0.819013 0.802689 0.770207 0.733235 0.710368 0.717989 0.746524 0.779665 0.805231 0.815305
Actual  1   1   6 0.417621 0.478356 0.590499 0.656978 0.720652 0.783093 0.808844 0.801929 0.776164 0.743014 0.715934 0.71084 0.738276 0.781053 0.815958 0.829819
Kludge  1   1   6 0.427279 0.46749 0.561418 0.665571 0.746953 0.792591 0.802931 0.789712 0.762649 0.732868 0.716275 0.725932 0.752957 0.783325 0.806589 0.815746
Actual  1   1   7 0.417665 0.478538 0.594881 0.714404 0.795203 0.824946 0.825415 0.807493 0.777195 0.742088 0.71412 0.708566 0.735669 0.778181 0.812929 0.826738
Kludge  1   1   7 0.432109 0.480482 0.590787 0.70659 0.790183 0.832415 0.837307 0.816457 0.778043 0.734003 0.705759 0.712971 0.744719 0.781794 0.810166 0.821262
Actual  1   1   8 0.417688 0.479243 0.610565 0.733183 0.805703 0.831838 0.831214 0.812921 0.782445 0.74719 0.719114 0.713583 0.740916 0.783752 0.818754 0.832662
Kludge  1   1   8 0.431486 0.482183 0.597169 0.716249 0.800525 0.842169 0.846342 0.824594 0.784589 0.738224 0.708062 0.715242 0.748296 0.786798 0.816069 0.827457
Actual  2   1   1 0.417381 0.470667 0.44412 0.521692 0.66686 0.739906 0.758739 0.747936 0.720885 0.687926 0.661365 0.655699 0.680432 0.719568 0.751642 0.76441
Kludge  2   1   1 0.452406 0.479315 0.543581 0.619319 0.6847 0.726569 0.740983 0.736538 0.722016 0.706101 0.698863 0.707797 0.727356 0.749112 0.766154 0.772992
Actual  2   1   2 0.417639 0.478039 0.584791 0.697795 0.782012 0.816825 0.820241 0.803575 0.773821 0.73899 0.711169 0.705641 0.732627 0.77496 0.80956 0.823313
Kludge  2   1   2 0.437008 0.482342 0.586231 0.69693 0.778712 0.821178 0.826983 0.80762 0.771769 0.731258 0.705952 0.713557 0.743776 0.778935 0.805958 0.816571
Actual  2   1   3 0.417653 0.478037 0.583215 0.700898 0.787976 0.820199 0.821267 0.803485 0.773243 0.738202 0.710291 0.704705 0.731621 0.773881 0.80843 0.822163
Kludge  2   1   3 0.428113 0.475142 0.582962 0.697414 0.781243 0.824302 0.829888 0.809732 0.772414 0.729923 0.70297 0.710275 0.741256 0.777473 0.805306 0.816227
Actual  2   1   4 0.417688 0.479232 0.610308 0.732881 0.805539 0.831731 0.831123 0.812834 0.782359 0.747106 0.71903 0.713498 0.740827 0.783657 0.818654 0.832561
Kludge  2   1   4 0.431832 0.482368 0.59701 0.715816 0.799992 0.841634 0.845826 0.824121 0.784233 0.7381 0.70825 0.715703 0.748915 0.787466 0.816726 0.828102
Actual  2   1   5 0.412658 0.440166 0.530894 0.685923 0.77501 0.813195 0.820147 0.80526 0.775872 0.740889 0.712822 0.707123 0.734058 0.776417 0.811068 0.824846
Kludge  2   1   5 0.396268 0.444375 0.556463 0.677738 0.768015 0.815566 0.8241 0.806559 0.77222 0.732902 0.708142 0.715441 0.744865 0.779214 0.805691 0.816109
Actual  2   1   6 0.417632 0.478476 0.592544 0.66321 0.72729 0.787074 0.81082 0.802994 0.776831 0.743494 0.716322 0.711188 0.738618 0.781407 0.816326 0.830193
Kludge  2   1   6 0.425337 0.466495 0.562494 0.668478 0.750693 0.796351 0.806275 0.792327 0.76418 0.733091 0.715474 0.724954 0.752437 0.783432 0.807174 0.816514
Actual  2   1   7 0.417679 0.478948 0.603916 0.72525 0.801309 0.828959 0.828783 0.810638 0.780232 0.745037 0.717006 0.711464 0.738699 0.781399 0.816293 0.830159
Kludge  2   1   7 0.428235 0.478646 0.593255 0.71242 0.797137 0.839163 0.843429 0.821552 0.78133 0.734763 0.704408 0.711364 0.744262 0.782769 0.812147 0.823604
Actual  2   1   8 0.417688 0.479254 0.610814 0.733478 0.805863 0.831943 0.831304 0.813006 0.782527 0.747271 0.719193 0.713663 0.740999 0.783841 0.818846 0.832756
Kludge  2   1   8 0.430478 0.481386 0.596863 0.716398 0.800915 0.842645 0.846858 0.825142 0.785153 0.738783 0.708632 0.715884 0.749028 0.787586 0.816871 0.828258
Actual  3   1   1 0.417596 0.476765 0.557619 0.664144 0.761593 0.803457 0.809445 0.793701 0.764354 0.729808 0.702179 0.696602 0.723164 0.764908 0.799046 0.812619
Kludge  3   1   1 0.400304 0.445716 0.551766 0.667719 0.755529 0.802413 0.810426 0.79203 0.756784 0.716831 0.69163 0.698394 0.72743 0.761833 0.788665 0.799302
Actual  3   1   2 0.417622 0.477317 0.568518 0.680068 0.773312 0.810899 0.814632 0.797949 0.768196 0.733433 0.705686 0.700111 0.726831 0.768802 0.80312 0.816763
Kludge  3   1   2 0.442227 0.485267 0.584215 0.690737 0.770755 0.813179 0.819711 0.801675 0.768003 0.730309 0.707212 0.714976 0.743853 0.777375 0.803231 0.813419
Actual  3   1   3 0.417663 0.478368 0.590607 0.709622 0.792803 0.823378 0.823987 0.806067 0.77576 0.74066 0.712703 0.707131 0.734161 0.776578 0.81125 0.825031
Kludge  3   1   3 0.427587 0.475541 0.585238 0.701034 0.785143 0.827858 0.832852 0.811802 0.773094 0.728845 0.700521 0.707715 0.739524 0.776777 0.805365 0.816566
Actual  3   1   4 0.417684 0.479102 0.607312 0.729346 0.803618 0.830474 0.83005 0.811816 0.781367 0.746137 0.718079 0.712542 0.739825 0.782593 0.817542 0.83143
Kludge  3   1   4 0.434167 0.48402 0.597149 0.71465 0.798238 0.839758 0.843963 0.822338 0.782679 0.736935 0.70741 0.714827 0.74776 0.786037 0.81514 0.826469
Actual  3   1   5 0.412066 0.437444 0.525007 0.686077 0.777025 0.813587 0.819974 0.804964 0.775488 0.740426 0.712301 0.706553 0.733433 0.77574 0.810357 0.824123
Kludge  3   1   5 0.395928 0.444116 0.556402 0.677871 0.76826 0.815859 0.824427 0.806921 0.77261 0.733286 0.708472 0.715683 0.745016 0.779295 0.805732 0.816137
Actual  3   1   6 0.417621 0.478318 0.588832 0.649734 0.712237 0.778185 0.806656 0.800921 0.775631 0.742685 0.715698 0.710645 0.738092 0.780867 0.815766 0.829624
Kludge  3   1   6 0.429297 0.468077 0.558923 0.660428 0.740713 0.786523 0.797768 0.78601 0.761015 0.733624 0.718842 0.728767 0.754916 0.784098 0.806449 0.815254
Actual  3   1   7 0.417672 0.478761 0.599816 0.720315 0.798528 0.827134 0.827255 0.809214 0.778859 0.743704 0.715702 0.710155 0.73733 0.779946 0.814773 0.828614
Kludge  3   1   7 0.428271 0.478358 0.592329 0.71108 0.795761 0.83794 0.842418 0.820849 0.781123 0.735206 0.705378 0.712398 0.745006 0.78314 0.812247 0.823602
Actual  3   1   8 0.417687 0.479193 0.609418 0.731831 0.804969 0.831358 0.830804 0.812532 0.782065 0.74682 0.718751 0.713218 0.740533 0.783346 0.818328 0.83223
Kludge  3   1   8 0.431392 0.481948 0.596668 0.715589 0.79987 0.841593 0.845859 0.824244 0.784458 0.738399 0.708517 0.715794 0.748783 0.787159 0.816325 0.827672
Actual  4   1   1 0.417618 0.47737 0.570231 0.680205 0.771762 0.810078 0.814627 0.798317 0.768689 0.73394 0.70617 0.700574 0.727293 0.769276 0.803604 0.817256
Kludge  4   1   1 0.391401 0.439933 0.553063 0.675368 0.766098 0.813359 0.820694 0.800938 0.763335 0.720223 0.692519 0.699168 0.729828 0.766158 0.794332 0.805447
Actual  4   1   2 0.417684 0.479106 0.607403 0.729452 0.803673 0.83051 0.830078 0.811839 0.781383 0.746145 0.718081 0.712539 0.739818 0.782584 0.81753 0.831418
Kludge  4   1   2 0.422742 0.474239 0.591384 0.71292 0.798875 0.841292 0.845605 0.823593 0.782969 0.735738 0.70482 0.711784 0.745097 0.784055 0.813718 0.825268
Actual  4   1   3 0.417648 0.477874 0.579611 0.696623 0.785581 0.818621 0.819923 0.802213 0.772002 0.736989 0.709098 0.703503 0.730362 0.772543 0.80703 0.820739
Kludge  4   1   3 0.43128 0.477707 0.584092 0.697113 0.780079 0.822733 0.828061 0.807649 0.770105 0.727507 0.700595 0.708034 0.739186 0.775578 0.803551 0.81453
Actual  4   1   4 0.417688 0.479246 0.610629 0.73326 0.805745 0.831866 0.831238 0.812943 0.782465 0.747209 0.719132 0.713601 0.740934 0.783771 0.818773 0.832681
Kludge  4   1   4 0.431312 0.482253 0.597726 0.717134 0.801458 0.843006 0.847037 0.825088 0.784777 0.738055 0.707709 0.715089 0.748555 0.787431 0.816924 0.828384
Actual  4   1   5 0.413293 0.445048 0.540042 0.690325 0.777547 0.81488 0.821162 0.805935 0.776443 0.74144 0.713377 0.707696 0.734668 0.777071 0.811754 0.825543
Kludge  4   1   5 0.395663 0.444584 0.558379 0.680938 0.771524 0.818786 0.826801 0.808503 0.77302 0.732258 0.706334 0.713443 0.743428 0.778538 0.80559 0.816226
Actual  4   1   6 0.417618 0.478294 0.588623 0.649524 0.71216 0.778119 0.80658 0.80085 0.775569 0.74263 0.715648 0.710597 0.738044 0.780816 0.815713 0.82957
Kludge  4   1   6 0.428726 0.467444 0.558194 0.659686 0.740061 0.786019 0.797452 0.785937 0.761256 0.734218 0.719719 0.729738 0.755822 0.784875 0.807111 0.815867
Actual  4   1   7 0.417652 0.47828 0.589885 0.708059 0.791341 0.822409 0.82339 0.805684 0.775501 0.740472 0.712555 0.707004 0.734039 0.776454 0.811123 0.824902
Kludge  4   1   7 0.431569 0.479893 0.590144 0.705993 0.789715 0.832097 0.83716 0.816543 0.778454 0.734778 0.706769 0.713927 0.745426 0.782225 0.810403 0.821427
Actual  4   1   8 0.417686 0.479179 0.609078 0.731429 0.80475 0.831215 0.830682 0.812417 0.781953 0.74671 0.718643 0.713109 0.74042 0.783225 0.818202 0.832101
Kludge  4   1   8 0.431674 0.482145 0.596675 0.715438 0.799655 0.841373 0.845658 0.824078 0.784352 0.738364 0.708512 0.715731 0.748615 0.786903 0.816019 0.827351
