          495  7.64617e-17
          694  1.26734e-16
           97  1.35751e-16
          893  2.32851e-16
         1092  3.97584e-16
         1291  6.62949e-16
         1490  6.91647e-16
          296  1.86984e-15
         1976  2.45257e-10
            8  5.24024e-10
            2  5.39895e-10
           88  6.47265e-10
           39  1.19168e-09
         1296   1.4781e-09
           36  1.58249e-09
           32  2.33941e-09
         1968   2.4085e-09
           35  2.51228e-09
           90   2.5228e-09
           78  2.74538e-09
         1685  2.86757e-09
           75  3.00727e-09
           54  3.10836e-09
          109  3.38405e-09
          278  3.60473e-09
           95  3.86068e-09
          485   4.4008e-09
           74  6.26552e-09
            4  6.88771e-09
         1957  7.32518e-09
           59  8.02419e-09
           33  8.06695e-09
           61  8.63293e-09
         1004  9.18078e-09
           30  9.80456e-09
          450  1.00924e-08
           46  1.10003e-08
           80  1.10789e-08
           60  1.12156e-08
           51  1.13127e-08
           12  1.13157e-08
           57  1.13824e-08
            3  1.28234e-08
           50  1.28994e-08
           81  1.33554e-08
           26  1.36262e-08
           93  1.42498e-08
         1312  1.48477e-08
            9  1.54179e-08
           56  1.54765e-08
           25  1.69075e-08
           43  1.78667e-08
           11  1.80594e-08
           71  1.95205e-08
         1966  1.97548e-08
          270  2.25116e-08
           91  2.32671e-08
         1974  2.38376e-08
         1161  2.52902e-08
          900  2.55529e-08
          285  2.68031e-08
           31  2.71044e-08
           47  2.89399e-08
           92  3.09207e-08
           23  3.28917e-08
           68  3.45587e-08
           44  3.70185e-08
            6  3.80595e-08
         1981  4.39228e-08
          183  4.96479e-08
           63  5.32699e-08
          714  5.65547e-08
         2174  6.01976e-08
         1183  6.11732e-08
           67  6.35149e-08
         2108  6.77096e-08
         1980  6.94001e-08
           27  7.12826e-08
          801  7.19961e-08
          143  7.23917e-08
          253  7.47253e-08
          669   7.5147e-08
          165  7.67012e-08
           18  8.28871e-08
          761  9.58296e-08
         1982  9.69406e-08
          924  1.03882e-07
         1267  1.04094e-07
          519  1.11283e-07
           48  1.19961e-07
           42  1.20264e-07
          785  1.23357e-07
         2146   1.3704e-07
          535  1.51362e-07
           72  1.55165e-07
          781  1.57307e-07
          824  1.66331e-07
          197  1.70605e-07
          766  1.80592e-07
         1432  1.87555e-07
         1997   1.9413e-07
          609  1.99469e-07
         1497   2.1197e-07
          869  2.26948e-07
          734  2.30339e-07
          224  2.37929e-07
         2217  2.41203e-07
         1964  2.45356e-07
          405  2.46698e-07
         2225  2.75764e-07
          379  2.77949e-07
          964  2.86512e-07
          804  3.04767e-07
          105  3.10825e-07
         1315  3.19864e-07
         1994  3.26464e-07
         1877  3.39015e-07
         1301  3.57557e-07
          753  3.62465e-07
         1095  3.64204e-07
          579  3.74399e-07
          770  4.02282e-07
         1098  4.06161e-07
         1998  4.12326e-07
         1101    4.223e-07
          393  4.29893e-07
          813  4.44851e-07
          532  4.45329e-07
          172  4.46698e-07
          239  4.47335e-07
          970   4.5852e-07
          783  4.62893e-07
         2086  4.80761e-07
         1969   5.1652e-07
          551  5.27894e-07
         2034  5.32738e-07
         1577  5.48384e-07
          474  5.54304e-07
         1908  5.61293e-07
         2224  5.62317e-07
         1807  5.65957e-07
          821  5.77209e-07
         1107  6.21907e-07
          794  6.26089e-07
          775  6.37736e-07
          776  6.63401e-07
          631  6.64286e-07
          767  6.69893e-07
         1843  6.73725e-07
         1136  6.74381e-07
          892  6.76954e-07
          903  6.83402e-07
          703  6.86181e-07
          733  6.89992e-07
          550   6.9466e-07
          918  6.95025e-07
          730  7.08404e-07
         1190  7.11894e-07
         2066  7.19296e-07
         1627  7.28521e-07
         2085  7.33987e-07
          625  7.46634e-07
            7   7.5688e-07
          306  7.75594e-07
         1270  7.76735e-07
          187  7.87473e-07
          786  7.91857e-07
          511  7.92386e-07
          487   8.0241e-07
         2237  8.08036e-07
          549  8.10797e-07
         1667  8.28052e-07
          949  8.31599e-07
          961   8.4212e-07
          913  8.47736e-07
          443  8.78005e-07
          791  8.79771e-07
          835  8.86003e-07
         2138  8.96271e-07
         2184  9.00911e-07
         1471  9.17928e-07
          868  9.34038e-07
          836  9.57392e-07
         1359  9.61092e-07
         2140  9.64163e-07
          780  9.77868e-07
         1601  9.89991e-07
          959  9.94826e-07
         2025  1.03417e-06
         1340  1.03482e-06
         1513  1.04085e-06
          917  1.05309e-06
          612  1.05332e-06
         1589   1.0573e-06
          823   1.0733e-06
         1963  1.08406e-06
         1372  1.09396e-06
         2179   1.1125e-06
         1493  1.13019e-06
          871  1.13725e-06
          784  1.14142e-06
          154  1.15222e-06
         1996  1.16378e-06
         1200  1.17522e-06
          627   1.1809e-06
          876  1.19861e-06
         1332  1.20501e-06
          739  1.20655e-06
         2008  1.21245e-06
         1326  1.22559e-06
         2011  1.23128e-06
         1387  1.23277e-06
         1561  1.23818e-06
          604  1.24794e-06
         1213  1.25611e-06
          750  1.27802e-06
           41  1.28014e-06
         2090  1.28026e-06
         1965  1.28726e-06
          590   1.2906e-06
          726   1.2926e-06
          912  1.29496e-06
         1330  1.33082e-06
         1565  1.34111e-06
         2110  1.35092e-06
          865   1.3606e-06
         1797  1.36438e-06
          930  1.37235e-06
         1540   1.3853e-06
         1498  1.39042e-06
          117  1.39237e-06
          166  1.39362e-06
         1504  1.40221e-06
          179  1.40443e-06
         2023  1.45816e-06
         1458  1.46073e-06
         1777   1.4686e-06
          566  1.47395e-06
          911  1.48694e-06
         2038  1.50311e-06
          540   1.5058e-06
          515  1.54067e-06
         2212  1.56208e-06
          527   1.5749e-06
          406  1.59044e-06
         2160  1.59207e-06
          856  1.60331e-06
          759  1.60361e-06
          671  1.60571e-06
          334  1.60608e-06
         1140  1.61257e-06
          637   1.6208e-06
         1328   1.6506e-06
          919  1.66465e-06
         1603  1.67048e-06
           38  1.68052e-06
          603  1.69653e-06
          812  1.70413e-06
         2126  1.72016e-06
          681  1.72722e-06
          582  1.74726e-06
         1300  1.76708e-06
          716  1.77106e-06
         1741  1.77856e-06
         1297  1.78435e-06
          779  1.78819e-06
          254  1.80493e-06
          350   1.8119e-06
          596   1.8127e-06
          810  1.81444e-06
         2215  1.81995e-06
         1442  1.83183e-06
          163  1.88942e-06
          817   1.8905e-06
         1586  1.90893e-06
          292  1.91346e-06
         2189  1.91549e-06
         1153  1.94721e-06
          741  1.97408e-06
          220   1.9759e-06
         1748  1.98027e-06
          923  1.98403e-06
         1555  1.99653e-06
         2122  2.01475e-06
          602  2.01907e-06
          936  2.02221e-06
          126  2.02261e-06
         1128  2.02594e-06
          897  2.03111e-06
          762  2.03121e-06
         1609  2.03342e-06
          731  2.04421e-06
          689  2.04779e-06
          863  2.05488e-06
          795  2.06696e-06
          932  2.11625e-06
          916  2.12623e-06
          651  2.12786e-06
         2054  2.15801e-06
         1088  2.18275e-06
         1324  2.18289e-06
          792  2.20401e-06
         1292  2.20909e-06
           58  2.22788e-06
         1317  2.23545e-06
         1576  2.24359e-06
          110   2.2485e-06
          748  2.26332e-06
          169  2.28164e-06
         1138  2.28401e-06
         2159  2.30477e-06
           79  2.31878e-06
          295  2.31979e-06
          597  2.32753e-06
          699  2.32974e-06
           83  2.33053e-06
         1503  2.34978e-06
          740  2.35031e-06
          872   2.3679e-06
          800  2.36937e-06
         2124  2.38539e-06
         2241   2.3983e-06
          290  2.41464e-06
          424  2.41954e-06
          623  2.42765e-06
         1178   2.4278e-06
          782   2.4287e-06
          652  2.43283e-06
         2118  2.43351e-06
         1077  2.43677e-06
          867  2.44054e-06
          234  2.44143e-06
         1120  2.44319e-06
          754  2.44558e-06
         1572  2.44743e-06
           87  2.47507e-06
         1477  2.47745e-06
         2074  2.47808e-06
         1133  2.50467e-06
          843  2.51505e-06
          419  2.51651e-06
         1142  2.51996e-06
         2134  2.52056e-06
          883  2.52845e-06
         1886  2.53384e-06
          708  2.53749e-06
          758  2.56813e-06
          507  2.56819e-06
         1035  2.60156e-06
          526  2.61799e-06
         1351  2.63049e-06
          891  2.63227e-06
          255  2.64602e-06
         1357  2.65183e-06
         1299  2.66196e-06
          898  2.67135e-06
          499  2.67172e-06
          717  2.69228e-06
         1987  2.69763e-06
         1150  2.70303e-06
          702  2.70603e-06
         1366  2.72629e-06
          831  2.73256e-06
           70  2.76369e-06
          218   2.7744e-06
          978  2.77914e-06
         1007  2.78039e-06
         1174  2.78193e-06
          142  2.78222e-06
          319   2.7847e-06
         2116  2.79282e-06
         1640  2.79781e-06
         1934  2.82592e-06
          300  2.82871e-06
          713  2.83573e-06
          778  2.86095e-06
          866   2.8838e-06
         1527  2.90804e-06
         1992  2.91596e-06
         1251  2.91748e-06
          200    2.918e-06
          826  2.93165e-06
          490  2.93178e-06
         1231  2.93443e-06
          975  2.93797e-06
         1197  2.94285e-06
         1485   2.9503e-06
         1798   2.9551e-06
          752  2.96126e-06
          847   2.9648e-06
         2200  2.96722e-06
          696  2.97088e-06
          960  3.00301e-06
          711  3.00612e-06
         1029  3.01242e-06
          727  3.01633e-06
          945  3.02018e-06
         1637  3.04647e-06
          608  3.06714e-06
          593   3.0675e-06
          709  3.08504e-06
          760  3.08719e-06
          325  3.10531e-06
          233   3.1093e-06
          749  3.11619e-06
         2070  3.11952e-06
          122  3.12415e-06
          718   3.1286e-06
         1470   3.1297e-06
          358  3.13646e-06
          915  3.14175e-06
           76  3.17312e-06
         1684  3.17603e-06
          338  3.19638e-06
          161  3.20256e-06
         2192  3.20843e-06
         2168  3.21084e-06
         1663  3.22183e-06
         1701  3.24059e-06
         1535  3.28987e-06
         1617  3.32055e-06
         1046  3.32499e-06
         1192  3.32699e-06
          857  3.34846e-06
          127  3.35252e-06
         1389  3.35425e-06
          721  3.35849e-06
          695  3.37155e-06
         2180   3.3803e-06
          583  3.39182e-06
          426  3.40352e-06
         1123  3.40439e-06
          948  3.43289e-06
          504  3.43368e-06
         1039  3.43617e-06
         1566  3.44013e-06
         2209  3.44021e-06
          167  3.46894e-06
         1368  3.47744e-06
         2060  3.48205e-06
          849  3.48458e-06
          895  3.48691e-06
         1727  3.49245e-06
          743  3.49364e-06
          502  3.49461e-06
          139  3.49713e-06
          522  3.49875e-06
         1827  3.50218e-06
          636   3.5078e-06
         1909  3.51793e-06
          310   3.5225e-06
          846  3.52265e-06
          262  3.52579e-06
         1543  3.53074e-06
          195  3.53396e-06
          394  3.53582e-06
          706  3.53831e-06
         2207  3.54902e-06
          140  3.55512e-06
          769  3.57926e-06
         2142  3.58438e-06
         1206  3.59483e-06
          809   3.6126e-06
          158  3.62491e-06
          584  3.67176e-06
          209  3.69849e-06
          171  3.69879e-06
          587  3.69995e-06
         1293  3.70314e-06
          966  3.71108e-06
          735   3.7112e-06
          777  3.71317e-06
         1185  3.71932e-06
          719  3.74498e-06
          811  3.74873e-06
          613  3.75073e-06
          894  3.75624e-06
         1707   3.7625e-06
         1936  3.77964e-06
         1557  3.79486e-06
          434  3.80891e-06
         1838  3.81299e-06
         2009  3.82352e-06
          150  3.82633e-06
         1657  3.84135e-06
         1935  3.87835e-06
         1106  3.91254e-06
          144   3.9215e-06
         2161  3.93277e-06
          640  3.93545e-06
         1633  3.94503e-06
          979  4.01928e-06
         1329  4.02535e-06
         1563  4.02627e-06
          578  4.02643e-06
          742  4.03182e-06
         1321  4.05518e-06
          798  4.05606e-06
         1361  4.11308e-06
          628  4.14994e-06
         1089  4.15009e-06
         2147   4.1553e-06
         2195  4.15547e-06
          972  4.18509e-06
         1779   4.1866e-06
         1086  4.18712e-06
          402  4.19279e-06
         1171  4.19692e-06
         1792  4.21636e-06
          546  4.23371e-06
          505  4.24637e-06
          944  4.25559e-06
          457  4.25977e-06
         2106  4.26355e-06
         1435  4.26966e-06
         2165  4.27359e-06
          832  4.28526e-06
         1419  4.28881e-06
           85  4.33573e-06
         1464  4.33594e-06
          889  4.34177e-06
         1806  4.35218e-06
          763    4.364e-06
         1304  4.37124e-06
         1491  4.37967e-06
         1554  4.40111e-06
          427  4.40972e-06
          349  4.44731e-06
         2187  4.46209e-06
          815  4.46781e-06
         2173  4.49336e-06
          265  4.51343e-06
          855  4.52461e-06
         1428  4.52834e-06
         1847  4.52938e-06
         2102  4.53602e-06
         1057  4.53811e-06
          771  4.54083e-06
          155  4.54208e-06
          413  4.54467e-06
         1500   4.5469e-06
           22  4.55213e-06
         2169   4.5703e-06
          605  4.57234e-06
          138  4.59883e-06
          690  4.59927e-06
          575  4.60049e-06
          938  4.60128e-06
         2042  4.60794e-06
          973  4.61408e-06
         2026  4.63374e-06
          275  4.64283e-06
         1243  4.66162e-06
          808   4.6633e-06
          814  4.67469e-06
          256  4.67549e-06
         2033  4.70053e-06
         1948  4.75719e-06
         1922  4.76434e-06
         1425  4.76592e-06
         1737  4.78021e-06
         1445  4.78126e-06
          862  4.78307e-06
          390  4.78309e-06
         1479  4.79355e-06
          922  4.80096e-06
         1756  4.80468e-06
         1728  4.81293e-06
          755  4.81564e-06
         1066  4.82624e-06
         1732  4.82785e-06
          313  4.88352e-06
         1986  4.90369e-06
          698  4.93651e-06
         2002  4.93661e-06
         2199  4.95692e-06
          108  4.96472e-06
         2239  4.97402e-06
          524  4.98193e-06
          649   4.9877e-06
         1977  4.99621e-06
          799  4.99694e-06
          503  5.01728e-06
          558  5.04834e-06
          955  5.07127e-06
          985  5.07576e-06
          372   5.0918e-06
          112   5.1937e-06
          886  5.20311e-06
         1194  5.21508e-06
         1112  5.22174e-06
          648  5.22678e-06
          951   5.2291e-06
          662  5.22925e-06
         1556  5.24076e-06
          629  5.25789e-06
         1465  5.28966e-06
         2177  5.29154e-06
         1932  5.30104e-06
          146  5.31383e-06
         1457  5.31392e-06
          890  5.34024e-06
         1255  5.34566e-06
          710  5.34778e-06
          833  5.34976e-06
          790  5.35215e-06
          707  5.35449e-06
          819  5.35921e-06
          697  5.36137e-06
         1536  5.36974e-06
          573  5.37098e-06
         2098  5.38419e-06
         1405  5.41129e-06
          521  5.43183e-06
         1850  5.43463e-06
         1805   5.4429e-06
          130   5.4636e-06
          907  5.47542e-06
          196  5.50411e-06
          145  5.51654e-06
          744  5.54197e-06
          294  5.56924e-06
          589  5.57464e-06
         1508  5.58177e-06
         1313  5.59118e-06
         1648  5.59685e-06
          238  5.61773e-06
         1874  5.63594e-06
          617  5.63777e-06
          297  5.64398e-06
         2037  5.65026e-06
         1180  5.65172e-06
         1135  5.66253e-06
         1743   5.6645e-06
         1338  5.69995e-06
         1582  5.70094e-06
         1645  5.72724e-06
         2153  5.73766e-06
          241  5.73853e-06
         1151  5.74408e-06
         1406  5.74987e-06
          888  5.76273e-06
          494  5.79039e-06
         1635  5.79531e-06
         1612  5.82875e-06
         1995   5.8381e-06
         1552  5.84232e-06
         1917   5.8494e-06
         2222  5.85361e-06
         1055  5.89497e-06
         1818  5.93579e-06
          806  5.93651e-06
          615  5.93715e-06
          747  5.93929e-06
         1889  5.95301e-06
           49  5.96534e-06
          135  5.98733e-06
         2050  5.99354e-06
          827  6.04105e-06
          995  6.04624e-06
          600  6.04765e-06
          658  6.04947e-06
          937  6.05318e-06
          738  6.05476e-06
          356  6.05489e-06
          967  6.06773e-06
         1011  6.08401e-06
         1967  6.11044e-06
          178  6.12913e-06
         1532  6.13851e-06
         1538  6.14414e-06
         1214  6.14569e-06
         1851  6.15512e-06
         1662  6.17769e-06
         1911  6.18228e-06
          874  6.19552e-06
          529  6.20361e-06
          789   6.2258e-06
         1285  6.25565e-06
         1970  6.26453e-06
         2149   6.2736e-06
         1784  6.27398e-06
         1651  6.27423e-06
          322  6.30293e-06
          496  6.30441e-06
         2213  6.31361e-06
          840  6.32053e-06
         1341  6.34452e-06
          501  6.34507e-06
         1323  6.35245e-06
         2127  6.37099e-06
          729  6.37315e-06
          684  6.37575e-06
          929  6.38739e-06
          607   6.3924e-06
         1264  6.40801e-06
         1506  6.41274e-06
          610  6.41451e-06
          186  6.41469e-06
          953  6.41877e-06
         1380  6.41882e-06
         1196  6.43833e-06
          470  6.44573e-06
         1669  6.44641e-06
          864  6.47633e-06
          678  6.50248e-06
         1182  6.50961e-06
         1302  6.51714e-06
          645   6.5385e-06
          257   6.5543e-06
          787  6.59506e-06
         1383  6.61281e-06
          422  6.64093e-06
          261  6.66813e-06
          437  6.68643e-06
          616  6.69335e-06
          594  6.69343e-06
          321  6.70992e-06
          803  6.71482e-06
         1875  6.72344e-06
         1443  6.72473e-06
          269  6.73789e-06
         1509  6.74192e-06
           65  6.74293e-06
          525  6.75075e-06
         1770  6.76305e-06
         2010  6.76557e-06
         1408  6.78872e-06
         2058  6.79505e-06
         1559   6.8029e-06
          802  6.80857e-06
         2114  6.81898e-06
         1599  6.82613e-06
         1666  6.87997e-06
          307  6.88127e-06
         1118  6.90005e-06
          553  6.90271e-06
          323  6.90814e-06
         1155  6.92018e-06
          633  6.98154e-06
          523  6.99154e-06
         1448  6.99551e-06
          990  7.02849e-06
         2151  7.05597e-06
         1076  7.05836e-06
          630   7.0607e-06
          188  7.07559e-06
         1921  7.07874e-06
         1510  7.12586e-06
          397  7.12839e-06
         1310  7.14394e-06
          203  7.14916e-06
         1984  7.15028e-06
          222   7.1564e-06
         1529  7.17186e-06
          563  7.18632e-06
         1952  7.19037e-06
         2170  7.19292e-06
         1143  7.19957e-06
         1722   7.2043e-06
         1773  7.20458e-06
          692  7.21049e-06
          704  7.25722e-06
         1002  7.29685e-06
         1697  7.31625e-06
          478  7.31936e-06
         1030  7.33388e-06
          403  7.34478e-06
         1377  7.35062e-06
          157  7.35884e-06
          512  7.37416e-06
          208  7.39569e-06
           98  7.39586e-06
         1127  7.42174e-06
          492   7.4253e-06
          667   7.4311e-06
         1381  7.43523e-06
          914  7.43762e-06
         2162   7.4513e-06
          765   7.4938e-06
         1481  7.52229e-06
         1507  7.52501e-06
         1198   7.5425e-06
         1169  7.55534e-06
         1699   7.5591e-06
          537  7.58849e-06
         1551  7.58953e-06
         1322  7.59383e-06
         1259  7.60544e-06
         1486  7.61643e-06
         1378  7.62877e-06
         1400  7.63269e-06
          626  7.63748e-06
          438  7.63963e-06
         1631  7.67312e-06
         1719  7.68314e-06
          797  7.68529e-06
          408  7.69131e-06
          757  7.69668e-06
         1005  7.69967e-06
          622  7.70447e-06
          260  7.72484e-06
         2163  7.72816e-06
         1413  7.74477e-06
           99  7.84383e-06
         1972  7.85404e-06
          663  7.86546e-06
         1097  7.89718e-06
          675   7.9307e-06
         2082  7.93243e-06
          965  7.94963e-06
          822  7.95517e-06
         2104  8.00864e-06
         1890   8.0142e-06
         1494  8.02523e-06
          398   8.0804e-06
         2154  8.08842e-06
         1334  8.13303e-06
          624   8.1335e-06
         1353  8.16121e-06
         1104  8.16993e-06
         1926  8.17951e-06
         1350  8.18461e-06
         1065  8.18905e-06
          560  8.21266e-06
          442  8.21591e-06
          700  8.24091e-06
          568  8.26373e-06
         1600  8.26438e-06
          369  8.27104e-06
         1336  8.29136e-06
          228  8.32216e-06
          958  8.36309e-06
          141  8.37113e-06
         1604  8.38544e-06
         1241  8.41883e-06
         1711  8.43414e-06
         1114  8.43886e-06
          471  8.44486e-06
          362  8.45304e-06
         2062  8.45541e-06
         1641  8.46402e-06
          796  8.48551e-06
         1644  8.51046e-06
          274  8.51766e-06
         1306  8.51905e-06
         1083  8.54361e-06
         2130  8.54458e-06
          601  8.55874e-06
          853  8.58284e-06
         2214  8.59084e-06
         2190  8.62049e-06
          825  8.62632e-06
         1731  8.65117e-06
         1688  8.67223e-06
          459  8.67903e-06
          987  8.70508e-06
         1795  8.72788e-06
         1446  8.72901e-06
         2005  8.73451e-06
          131  8.73511e-06
          837  8.74854e-06
          324  8.75143e-06
         1744    8.758e-06
           34  8.76454e-06
          536  8.78603e-06
          820  8.79788e-06
         1021  8.80411e-06
         1449  8.85329e-06
         1840  8.85542e-06
         1307  8.85754e-06
          151  8.87488e-06
          899  8.87626e-06
         1282   8.8826e-06
          910  8.88489e-06
         1682  8.91619e-06
         1403  8.91919e-06
         2078  8.92533e-06
          201  8.95255e-06
         1059  8.97836e-06
         1496  8.98837e-06
          565  9.00202e-06
         1501  9.00448e-06
         1546  9.01267e-06
         1677  9.01787e-06
         1156  9.01898e-06
          355  9.02584e-06
         1623  9.06458e-06
         1148  9.07563e-06
          175  9.09979e-06
         2206  9.10802e-06
         1279   9.1094e-06
         2013  9.14856e-06
         1786  9.16647e-06
         1539  9.19071e-06
         1217  9.20076e-06
         2032  9.20281e-06
          674  9.21698e-06
         1700   9.2388e-06
         1040  9.24445e-06
         2252  9.25276e-06
         2203  9.25783e-06
         2152  9.26132e-06
         1016  9.26594e-06
         1191  9.30384e-06
          875  9.30775e-06
          401  9.33749e-06
         1228  9.34748e-06
         1373  9.36106e-06
         1284  9.36127e-06
         1254  9.38278e-06
          136  9.41682e-06
          198   9.4381e-06
          206  9.46326e-06
           96  9.46797e-06
          570  9.47242e-06
         1883  9.48448e-06
         2015  9.49952e-06
         1390  9.50091e-06
         1518  9.52382e-06
          191  9.53196e-06
          619  9.53255e-06
         1367  9.53907e-06
         1487  9.56071e-06
         2046  9.56503e-06
          670  9.57651e-06
         1215  9.59467e-06
         2236  9.60219e-06
          215  9.66197e-06
         1469  9.67601e-06
         1591  9.68561e-06
          701   9.7031e-06
          541  9.71211e-06
         1276  9.71639e-06
          242    9.718e-06
          386   9.7274e-06
          461  9.73503e-06
         2216   9.7379e-06
         1492  9.73842e-06
         1211   9.7438e-06
         1199  9.78952e-06
         1534  9.79273e-06
         1585  9.81318e-06
         1410  9.81488e-06
          632  9.81905e-06
         1026  9.82225e-06
         1103  9.82675e-06
         1421  9.82939e-06
          119  9.83953e-06
         1320  9.84545e-06
          317  9.84605e-06
          644  9.85142e-06
         1327  9.86593e-06
         1417  9.87568e-06
          968  9.93314e-06
         1219  9.95747e-06
          352  9.96521e-06
         1725  9.98024e-06
          956  9.98816e-06
         1063  1.00002e-05
          881  1.00018e-05
          906  1.00044e-05
          258  1.00176e-05
         1309  1.00302e-05
          606  1.00591e-05
         1391  1.00797e-05
          880  1.00822e-05
          842  1.00989e-05
         1524  1.01002e-05
         1991  1.01022e-05
          677  1.01036e-05
          193  1.01357e-05
          452  1.01427e-05
          500  1.01497e-05
         2030  1.01625e-05
         1761  1.01762e-05
          133  1.01781e-05
          963  1.02255e-05
          859  1.02497e-05
          764  1.02586e-05
         1723  1.02754e-05
         2172   1.0288e-05
          366  1.03076e-05
         1999  1.03135e-05
         2167  1.03178e-05
          341  1.03381e-05
         2111  1.03392e-05
          454  1.03725e-05
          647  1.03901e-05
          367  1.04593e-05
          576  1.04687e-05
         1461  1.04725e-05
         1499  1.05064e-05
          225  1.05097e-05
          940  1.05263e-05
         1650  1.05296e-05
         1223  1.05347e-05
          720  1.05356e-05
         1193  1.05457e-05
          433  1.05708e-05
          114  1.05786e-05
          377  1.05895e-05
          330  1.05934e-05
          506  1.05989e-05
         2019  1.06014e-05
          245  1.06268e-05
          353  1.06303e-05
          531  1.06626e-05
         1176  1.06709e-05
          581  1.06709e-05
         1811  1.07164e-05
          931   1.0821e-05
         1753   1.0826e-05
          909  1.08278e-05
         1478   1.0837e-05
          101  1.08712e-05
         1956  1.08768e-05
         1762  1.08794e-05
         1290  1.09068e-05
         1455  1.09306e-05
          901  1.09359e-05
         1261  1.09509e-05
          446  1.09512e-05
         1553  1.09703e-05
          904  1.09986e-05
         1661  1.10153e-05
         1130  1.10961e-05
          513  1.11106e-05
         1610  1.11358e-05
         1710  1.11478e-05
          902   1.1178e-05
          229  1.11955e-05
          359  1.12155e-05
         1802  1.12435e-05
         1937  1.12446e-05
         1122  1.12696e-05
          123  1.12801e-05
         1590  1.12862e-05
         1018  1.13035e-05
         1418  1.13341e-05
          463  1.13581e-05
         1462  1.13602e-05
         1892  1.13697e-05
          687  1.13737e-05
          641  1.13819e-05
          830  1.14042e-05
          925  1.14081e-05
         1141  1.14096e-05
         1587  1.14116e-05
         1821  1.14393e-05
         1168  1.14456e-05
         2101   1.1481e-05
         1085  1.14818e-05
         1736  1.14868e-05
          476  1.14879e-05
         1605  1.14943e-05
          153  1.15209e-05
          251  1.15286e-05
         1440  1.15345e-05
          345  1.15547e-05
         1658   1.1566e-05
          947  1.15817e-05
         1505  1.16288e-05
          415  1.16481e-05
         1842  1.16498e-05
          884  1.16603e-05
          416  1.16824e-05
         1433  1.16972e-05
         1852  1.17148e-05
          518  1.17162e-05
         1703  1.17816e-05
          705  1.17976e-05
         2148   1.1798e-05
          983   1.1895e-05
         1804   1.1911e-05
         1571  1.19198e-05
          440  1.19433e-05
         1629  1.19498e-05
          199  1.20016e-05
         2229  1.20103e-05
          159  1.20364e-05
         1686  1.20756e-05
          514  1.21084e-05
          728   1.2136e-05
         1423  1.21585e-05
          271  1.21679e-05
         1060  1.21752e-05
         1108  1.21826e-05
         1335  1.21852e-05
         1690  1.21915e-05
         2012  1.21941e-05
         2185  1.22031e-05
         1569  1.22092e-05
         1409  1.22167e-05
          211  1.22365e-05
          232  1.22515e-05
          545  1.22767e-05
         1962  1.22768e-05
          247  1.22977e-05
         1001  1.23049e-05
         1868   1.2319e-05
         1318  1.23402e-05
         2083  1.23421e-05
         2057  1.23637e-05
         1149  1.23865e-05
         2132  1.23907e-05
          737  1.24027e-05
          723  1.24144e-05
         2210  1.24645e-05
         2166   1.2476e-05
          921  1.25013e-05
          870  1.25222e-05
          409  1.25675e-05
         1204  1.25831e-05
          666  1.26233e-05
          941  1.26566e-05
          477  1.26591e-05
         1848  1.27211e-05
         1542  1.27326e-05
          281  1.27393e-05
          441  1.27852e-05
         2197  1.28088e-05
         1252  1.28134e-05
         2208  1.28137e-05
         1022   1.2831e-05
          364  1.28322e-05
         2243  1.28376e-05
          375  1.28393e-05
          653  1.28994e-05
         1738    1.293e-05
         1056  1.29428e-05
          788  1.29462e-05
         1202  1.29873e-05
         1608  1.29921e-05
          793  1.30054e-05
         1126  1.30093e-05
         1835  1.30175e-05
          957  1.30251e-05
         1747  1.30442e-05
          286  1.30584e-05
         1096  1.30666e-05
          642  1.30986e-05
         1042  1.31177e-05
          311  1.31264e-05
          287  1.31355e-05
         1562  1.31384e-05
          469  1.31837e-05
          746  1.31917e-05
         1395  1.31949e-05
          841  1.32138e-05
          928  1.32473e-05
          691  1.32504e-05
         1845   1.3269e-05
          207  1.32829e-05
         2105  1.32837e-05
          194  1.32987e-05
         2220  1.33681e-05
         2022  1.34222e-05
         2158  1.34369e-05
         1235  1.34375e-05
          935  1.34396e-05
         2196  1.34588e-05
         2000  1.34812e-05
          339   1.3547e-05
         1339  1.35489e-05
         1062  1.35576e-05
         1175  1.35961e-05
          118  1.36122e-05
          654  1.36203e-05
         1975  1.36564e-05
          712  1.36935e-05
          125  1.36995e-05
          950  1.37266e-05
         1360  1.37627e-05
          347  1.37639e-05
          946  1.37942e-05
         1665  1.38233e-05
         2191  1.38289e-05
          618  1.38977e-05
          181  1.39481e-05
         1015  1.39764e-05
          638   1.4047e-05
         1854  1.40544e-05
         1632  1.40586e-05
         2133  1.40605e-05
          668  1.40753e-05
         1547  1.41196e-05
         1545  1.41236e-05
         1137  1.41325e-05
          267  1.41488e-05
           62  1.41795e-05
          421  1.41926e-05
          268  1.41952e-05
          943  1.41992e-05
         2176  1.42058e-05
         1724  1.42282e-05
          378  1.42338e-05
           82  1.42521e-05
         1879  1.42524e-05
         1184  1.42974e-05
          400  1.43559e-05
         1630   1.4364e-05
         1628   1.4402e-05
          102  1.44038e-05
         1396  1.44469e-05
          137  1.44945e-05
          185  1.45008e-05
         1412  1.45127e-05
          620  1.45681e-05
         1314  1.45682e-05
         1147  1.45833e-05
         1303  1.46342e-05
         2079  1.46407e-05
         1451   1.4643e-05
         1444  1.46662e-05
          173   1.4715e-05
         1131  1.47237e-05
         2188  1.47398e-05
         1181  1.47938e-05
          510  1.48279e-05
         1090  1.48304e-05
         1930  1.48584e-05
          282  1.48854e-05
         2051  1.48874e-05
         1466  1.49063e-05
         1525  1.49392e-05
          586  1.50063e-05
          882  1.50131e-05
         1371    1.502e-05
         1789   1.5026e-05
         1344  1.50451e-05
          574  1.50499e-05
         1221  1.50767e-05
          104  1.51132e-05
          289  1.51199e-05
         1621  1.51491e-05
         2109  1.51541e-05
         1864  1.51593e-05
         1488  1.51718e-05
          453  1.52034e-05
         1187  1.52612e-05
          466  1.52784e-05
          237  1.53221e-05
         1348  1.53224e-05
          772  1.53428e-05
         1702  1.53476e-05
         1520   1.5355e-05
          170  1.54003e-05
         1263  1.54163e-05
          974  1.54246e-05
          992  1.54255e-05
         1363   1.5426e-05
         1346    1.547e-05
         1399  1.54855e-05
         1119  1.55191e-05
          182  1.55421e-05
         1899   1.5684e-05
         2211  1.56906e-05
          673  1.57259e-05
         1019  1.57305e-05
         1374  1.57325e-05
          481  1.57332e-05
          548  1.57402e-05
         1541  1.57436e-05
          879  1.57613e-05
         1584  1.57826e-05
         1809  1.58103e-05
         1084  1.58259e-05
         1489  1.58343e-05
          107  1.58679e-05
         2117  1.58808e-05
          335  1.59086e-05
         1463  1.59117e-05
         2075  1.59313e-05
          489  1.59741e-05
         1427  1.59854e-05
         1269  1.60258e-05
          878  1.60412e-05
          908  1.60898e-05
          283  1.61226e-05
          168  1.61421e-05
          329  1.61463e-05
         2006  1.61585e-05
          190  1.61734e-05
         1794  1.62088e-05
         1512  1.62181e-05
          933  1.62357e-05
         1634  1.62541e-05
         1289  1.62887e-05
          834  1.63256e-05
         1910  1.63281e-05
          331  1.63396e-05
         1846  1.63643e-05
         2088   1.6457e-05
          344   1.6511e-05
         1620  1.65142e-05
           66   1.6523e-05
         1495  1.65618e-05
           53  1.65647e-05
         1595  1.65931e-05
         1139  1.66209e-05
          598   1.6652e-05
          528  1.66823e-05
         2219   1.6695e-05
         1913     1.67e-05
         1865  1.67198e-05
          277  1.67206e-05
         1785  1.67293e-05
         1207  1.67486e-05
          715   1.6755e-05
         1109  1.67775e-05
          756  1.67859e-05
         1544  1.68157e-05
         1902    1.684e-05
         1431  1.69154e-05
         1841  1.69455e-05
         1437  1.69787e-05
          585  1.70194e-05
         2235  1.70198e-05
          986   1.7023e-05
         1766   1.7071e-05
          543  1.70882e-05
         1325  1.71255e-05
         1523  1.71313e-05
         1144  1.71484e-05
          299  1.71822e-05
         1134  1.72137e-05
         1100  1.72173e-05
          997  1.72336e-05
         2041  1.72385e-05
         1295  1.73031e-05
         1907  1.73036e-05
         1266  1.73483e-05
         1347  1.73487e-05
         1705  1.73515e-05
         1760  1.73704e-05
         1830  1.73895e-05
          392  1.74383e-05
         1618  1.74493e-05
         1280  1.74517e-05
          516  1.74644e-05
         1978   1.7479e-05
         1860  1.75153e-05
         1550  1.75497e-05
         1218  1.75851e-05
          387  1.75886e-05
         1622  1.75946e-05
         2053  1.75962e-05
         1836   1.7604e-05
         1721  1.76256e-05
         1579  1.76278e-05
         1210  1.76807e-05
         1158   1.7681e-05
          807  1.76869e-05
          554  1.77971e-05
         1927  1.78231e-05
         1793  1.78857e-05
          479  1.79278e-05
         1160  1.79355e-05
         1333  1.79745e-05
          212  1.79759e-05
         1438  1.80642e-05
          304  1.80954e-05
          180  1.81035e-05
         1212  1.81042e-05
          595  1.81098e-05
          116  1.81222e-05
          562    1.813e-05
         1177  1.81647e-05
          621  1.81658e-05
          100  1.81701e-05
         1013  1.81708e-05
           40  1.81752e-05
          571  1.82353e-05
         1881  1.82432e-05
         1068  1.82638e-05
          235  1.82706e-05
         1887  1.83441e-05
          839   1.8349e-05
         1129  1.83752e-05
           17   1.8382e-05
          121  1.84191e-05
         1439  1.84698e-05
         1337  1.85294e-05
         1973  1.85417e-05
           52  1.86075e-05
         1726  1.86659e-05
          309   1.8676e-05
         2156  1.86928e-05
         1024  1.87063e-05
         1824  1.87198e-05
         1689  1.87445e-05
         1277  1.87542e-05
           73  1.87953e-05
          816  1.88466e-05
         1765   1.8854e-05
         1876  1.88564e-05
         1730  1.88595e-05
         1009  1.88599e-05
          660   1.8864e-05
          246   1.8895e-05
         1008  1.89074e-05
          685  1.89095e-05
          659  1.89343e-05
         1093  1.89479e-05
         1941  1.89686e-05
          382  1.89726e-05
          444  1.89781e-05
         1698  1.89795e-05
         2202  1.90933e-05
         1034  1.91264e-05
         1570  1.91381e-05
          314  1.91437e-05
          202  1.91494e-05
          276  1.91584e-05
          962  1.91591e-05
          542  1.91616e-05
         1298  1.92319e-05
         1179  1.92621e-05
          381  1.94229e-05
         1588    1.947e-05
           14  1.95346e-05
          134  1.95454e-05
         1249  1.95581e-05
         1825  1.95709e-05
          768  1.96343e-05
         1271  1.96532e-05
         1774   1.9668e-05
         1230  1.97014e-05
         1855   1.9726e-05
         1159  1.97392e-05
         1472  1.97486e-05
         1227  1.97572e-05
          643  1.97719e-05
         1426  1.97753e-05
          999  1.97929e-05
         1273  1.97942e-05
          580  1.98197e-05
         1010   1.9834e-05
          530  1.98402e-05
         1537  1.98501e-05
         1422   1.9882e-05
          599  1.98977e-05
         2094   2.0075e-05
         1816  2.00796e-05
         1047  2.01907e-05
         1420  2.02006e-05
          303  2.02656e-05
          844  2.02669e-05
         1244   2.0273e-05
          384  2.02857e-05
         1923  2.03046e-05
         1404  2.03427e-05
          952  2.03577e-05
         1575   2.0369e-05
         1653  2.03833e-05
         1208  2.04482e-05
         2069  2.04639e-05
          448  2.05232e-05
         1714   2.0527e-05
         1480  2.05335e-05
         1755  2.05394e-05
          646  2.05466e-05
          773  2.05834e-05
         1768  2.06375e-05
          559  2.06442e-05
         1949  2.06706e-05
          420  2.06884e-05
         1549  2.07013e-05
         1262  2.07048e-05
          994  2.07072e-05
         1735  2.07214e-05
         1519  2.07577e-05
         2193  2.08082e-05
         1362  2.08476e-05
            5   2.0888e-05
         2135  2.09285e-05
          680  2.09475e-05
         1872  2.10043e-05
         1558  2.10171e-05
         1942  2.10279e-05
         2112  2.10474e-05
         2143  2.10788e-05
         2205  2.10998e-05
         2125  2.11018e-05
          977  2.11222e-05
         1275  2.11275e-05
           45  2.11459e-05
          592  2.11607e-05
         1647  2.12071e-05
          751   2.1209e-05
          577  2.12656e-05
          732  2.12778e-05
         1167  2.13236e-05
         1393  2.13305e-05
         1203  2.13459e-05
         1222  2.13519e-05
          132  2.13708e-05
          160  2.13734e-05
         1209  2.13826e-05
         1430  2.15017e-05
          189  2.15212e-05
         1567  2.15237e-05
         1116  2.15524e-05
          124  2.15903e-05
           69  2.16352e-05
         1660  2.16943e-05
         1447  2.17454e-05
          634  2.18027e-05
         1607  2.18462e-05
         1355  2.18587e-05
          243  2.19185e-05
         1049  2.19642e-05
         1568  2.19704e-05
          305  2.19903e-05
          259   2.2026e-05
          164  2.20371e-05
          288  2.20839e-05
         1232  2.21072e-05
         1652  2.21237e-05
         1878  2.22085e-05
          655  2.22113e-05
          149  2.22354e-05
         2092  2.22494e-05
         2129  2.22501e-05
         1924  2.22766e-05
         1642  2.23004e-05
         1619  2.23255e-05
         2227  2.23424e-05
         1045  2.23668e-05
         2201  2.23791e-05
         1752  2.23977e-05
         1474  2.24251e-05
           37  2.24658e-05
         1624   2.2474e-05
          538  2.24768e-05
         2226  2.24925e-05
          227  2.24954e-05
         1929  2.25581e-05
          301  2.25949e-05
          373  2.25962e-05
         1356  2.26019e-05
           94  2.26209e-05
         2248  2.27391e-05
         1369  2.27819e-05
         1027  2.28026e-05
         1713  2.28031e-05
         1072  2.28038e-05
         2231  2.28172e-05
         1166  2.28363e-05
         1014  2.28513e-05
         1165   2.2932e-05
          205  2.29415e-05
         1125  2.29484e-05
          106   2.2975e-05
         1441   2.2987e-05
           21  2.30007e-05
         1676  2.30109e-05
         1597  2.30113e-05
         1043  2.30813e-05
          852  2.31009e-05
         1121  2.31335e-05
         1375  2.31535e-05
         1186  2.31538e-05
         1038  2.31625e-05
         1343  2.32446e-05
          920  2.33168e-05
         2157  2.33352e-05
         1164  2.34296e-05
         1767  2.34634e-05
          417  2.34978e-05
         2067   2.3509e-05
         1746  2.35279e-05
         1548  2.35344e-05
         2081  2.35707e-05
          722  2.36031e-05
          412  2.36284e-05
         2141  2.37602e-05
         1163  2.38221e-05
         1278  2.38374e-05
         1407  2.38463e-05
         2242  2.38906e-05
          293  2.39004e-05
         1781   2.3903e-05
         1288  2.39185e-05
         1946  2.39352e-05
         1649  2.39692e-05
         1424  2.39839e-05
           15  2.39939e-05
         2027  2.40201e-05
          557  2.40226e-05
         1482  2.40594e-05
          877  2.40939e-05
         1157  2.41178e-05
          430  2.41344e-05
         1052   2.4146e-05
          611  2.41609e-05
          482  2.42068e-05
         1646  2.42203e-05
         1467  2.42736e-05
         1195   2.4286e-05
          360  2.42978e-05
          858  2.43118e-05
         1778  2.43212e-05
          693  2.43297e-05
           64  2.43485e-05
          465  2.44028e-05
          217  2.44126e-05
         1693  2.44391e-05
         1828  2.45087e-05
          318  2.45304e-05
          213  2.45989e-05
          829  2.46282e-05
          249  2.46385e-05
         1162  2.46442e-05
         2001  2.46912e-05
         1516  2.47363e-05
         1951   2.4773e-05
         1740  2.48504e-05
          216  2.48794e-05
          177  2.48879e-05
         1716  2.49187e-05
         2230  2.49488e-05
         1170  2.49727e-05
         1925  2.49761e-05
          226   2.5008e-05
         1933  2.50138e-05
         1473  2.50677e-05
         1064  2.51038e-05
         1117  2.51202e-05
          184  2.51206e-05
          328   2.5206e-05
         2003  2.52471e-05
          210  2.53039e-05
          774  2.53305e-05
          460  2.53366e-05
          445  2.54437e-05
          614  2.54668e-05
          468  2.54737e-05
         1678  2.55188e-05
         1434  2.55261e-05
         1888  2.55809e-05
         1453  2.55968e-05
          374  2.56003e-05
         1758  2.56219e-05
         1862  2.56521e-05
         1560  2.56548e-05
          174  2.56573e-05
          569  2.57077e-05
           29  2.57296e-05
         1856  2.57691e-05
         1953  2.58347e-05
          861  2.58711e-05
         1692  2.58809e-05
         1401  2.59565e-05
         1087  2.59608e-05
          291  2.61059e-05
          896  2.62047e-05
          887  2.62819e-05
         1154  2.63019e-05
          473  2.63211e-05
         1220  2.63477e-05
         1729  2.63703e-05
         1017   2.6412e-05
          927  2.64521e-05
           28  2.64664e-05
         2223  2.64697e-05
          854  2.64807e-05
         1592  2.65123e-05
          850  2.65156e-05
         1598  2.66134e-05
         2099  2.66913e-05
          407  2.67511e-05
         1790  2.67621e-05
            1  2.67742e-05
          676  2.69189e-05
         1861  2.69577e-05
         2233  2.70073e-05
         2171  2.70293e-05
         1882  2.71166e-05
          429  2.71229e-05
          327  2.71702e-05
         1915   2.7172e-05
          533  2.71914e-05
          934  2.72151e-05
         1415  2.72153e-05
         1051  2.72317e-05
         1533   2.7289e-05
          404  2.72913e-05
         1054  2.73169e-05
         1895  2.73271e-05
          493  2.73555e-05
         2004  2.73555e-05
         1132  2.73622e-05
          679  2.73859e-05
          449  2.74085e-05
          343  2.74531e-05
         2186   2.7487e-05
          860  2.75188e-05
         1216  2.75463e-05
         1358  2.75584e-05
          564  2.75608e-05
         1839  2.75653e-05
         2100  2.75657e-05
         2155   2.7579e-05
           24  2.75973e-05
          129  2.76342e-05
         1379  2.76695e-05
         2181  2.76938e-05
         1611  2.76976e-05
         1522  2.77143e-05
         1058  2.77498e-05
          488  2.77926e-05
          848  2.77966e-05
         1476  2.78134e-05
         1173  2.78407e-05
          312  2.79402e-05
         1394  2.79404e-05
          120  2.79833e-05
         1044  2.80039e-05
          508  2.81356e-05
         2175  2.81514e-05
         2164  2.82328e-05
         1240  2.82353e-05
         1272  2.82482e-05
         1831  2.82578e-05
         1574   2.8359e-05
         1414  2.84259e-05
         1385  2.84594e-05
         1695  2.84729e-05
         1189  2.85747e-05
         2071  2.86118e-05
          486  2.86327e-05
         1822  2.86682e-05
         2064  2.87187e-05
         1920  2.87514e-05
          214  2.88184e-05
          365  2.88673e-05
          885  2.89041e-05
          845   2.8922e-05
         1331  2.89675e-05
         1800  2.89733e-05
         1681  2.89813e-05
         1749   2.8991e-05
         1891  2.91211e-05
          572  2.91504e-05
          665  2.91663e-05
          588  2.92278e-05
         1000  2.92819e-05
          273  2.92851e-05
         2052  2.93419e-05
         1708  2.93626e-05
         1074  2.95156e-05
         1041  2.95157e-05
         1398  2.95298e-05
         1775  2.95442e-05
          989  2.95865e-05
         1265  2.95996e-05
         1152  2.96315e-05
         2150  2.96623e-05
         1733  2.96817e-05
          539  2.98594e-05
          423  2.98602e-05
          838  2.98613e-05
         1483  2.98621e-05
          991   2.9892e-05
         1893  2.99339e-05
         1110  3.00224e-05
         1354  3.02126e-05
         2234  3.02254e-05
          103   3.0314e-05
         1993  3.03221e-05
          111  3.04713e-05
         1397  3.04833e-05
         1715  3.05078e-05
           10  3.05332e-05
         2182  3.05486e-05
         1316  3.05561e-05
         1003  3.06393e-05
          357  3.06516e-05
         1625  3.06578e-05
         2028  3.07057e-05
         1450  3.07083e-05
          591  3.07404e-05
         1342  3.07686e-05
         1626  3.07834e-05
          391  3.08283e-05
          969  3.09482e-05
         1971  3.09867e-05
          939  3.10025e-05
          517  3.10463e-05
         1596  3.10745e-05
         1900  3.11599e-05
          981   3.1163e-05
         1459  3.11735e-05
         1411  3.12824e-05
         1863    3.148e-05
         1734  3.15741e-05
         1238  3.15907e-05
         1638  3.16327e-05
          284  3.18424e-05
          263  3.19296e-05
         1075  3.19533e-05
          342  3.20047e-05
         1859  3.20392e-05
           86  3.20528e-05
           77  3.20609e-05
         1750  3.20856e-05
         2178  3.21035e-05
         1849  3.22894e-05
         1382  3.22985e-05
         1954  3.23617e-05
          176  3.23814e-05
         2145  3.24535e-05
         1345   3.2486e-05
         2036  3.25298e-05
           84  3.25506e-05
         1250  3.26449e-05
         2029  3.26993e-05
         1581  3.27888e-05
         1225  3.28242e-05
         2020  3.28649e-05
         1696  3.28994e-05
         1242  3.29543e-05
         1234  3.29674e-05
          333  3.31911e-05
         1081  3.32679e-05
          818  3.32779e-05
          998  3.33456e-05
         1772   3.3395e-05
          682  3.34096e-05
         1958  3.34318e-05
         1253  3.34602e-05
         1959  3.34993e-05
         2240  3.35122e-05
          984  3.36552e-05
         1896  3.39602e-05
         1670  3.39699e-05
         1691  3.39746e-05
         1643  3.39811e-05
         1718  3.40273e-05
          162   3.4033e-05
           20  3.40686e-05
         1281  3.40814e-05
          725  3.40906e-05
         2076  3.41199e-05
         2144  3.41205e-05
         1894  3.42228e-05
          298  3.42357e-05
         2007  3.42729e-05
         1460   3.4305e-05
         1801  3.43454e-05
         1294   3.4423e-05
          351  3.44376e-05
         2115   3.4504e-05
          635  3.46409e-05
          954  3.47297e-05
         1224  3.47971e-05
         1833  3.48457e-05
          204  3.48592e-05
          326  3.48642e-05
         1990  3.48721e-05
          484  3.48988e-05
         2128  3.50405e-05
          192  3.50449e-05
         1812   3.5061e-05
         1091  3.50624e-05
         1672  3.51375e-05
          272  3.51728e-05
         2253  3.51777e-05
          988  3.51838e-05
         1594  3.52616e-05
         1674  3.53144e-05
         2238  3.53759e-05
         1820   3.5385e-05
          148  3.53856e-05
         1305  3.54368e-05
         2194  3.54396e-05
         1769  3.54505e-05
          439  3.55439e-05
         1709   3.5555e-05
          688   3.5578e-05
          252   3.5651e-05
         1436  3.56562e-05
         2035   3.5717e-05
         1260  3.57731e-05
         1402   3.5781e-05
          656  3.58991e-05
         1606  3.59671e-05
         1257  3.60304e-05
         2204  3.60377e-05
         2183  3.60484e-05
         1145  3.60556e-05
         1172  3.60577e-05
         1914  3.60853e-05
         1386  3.60877e-05
         1673  3.60978e-05
          236  3.61249e-05
         1188   3.6238e-05
          240  3.63938e-05
          337  3.65817e-05
         1233  3.66709e-05
         1146  3.66992e-05
          376  3.67031e-05
         1521  3.67303e-05
          156  3.68317e-05
         1712   3.6846e-05
         1475  3.68808e-05
         1751  3.69152e-05
          639  3.70751e-05
         2218  3.73029e-05
         1528  3.74537e-05
          982  3.74731e-05
         1573  3.75483e-05
         1664  3.75496e-05
          385  3.75502e-05
          472  3.75901e-05
         1613  3.75906e-05
          561  3.75923e-05
         1771  3.76058e-05
          547  3.76105e-05
          672  3.76529e-05
         2228  3.76561e-05
         2095  3.76711e-05
         1113  3.76961e-05
         1742  3.77309e-05
         1237  3.78116e-05
         1636  3.79773e-05
          346  3.80215e-05
         1654  3.81149e-05
         1053  3.82086e-05
          316  3.83141e-05
         1365  3.83437e-05
         1659  3.83579e-05
         1080  3.83781e-05
         1763  3.85579e-05
         1940  3.86852e-05
         1655  3.88452e-05
          147  3.88793e-05
         2097  3.91067e-05
          436  3.91684e-05
          556  3.92054e-05
         1070  3.92557e-05
         1484  3.92614e-05
         1258   3.9281e-05
         1226  3.92995e-05
         1759  3.93144e-05
          497   3.9343e-05
         1928  3.94348e-05
          462  3.94775e-05
          455  3.95557e-05
         1274  3.96683e-05
          498   3.9719e-05
          435  3.98251e-05
          410  3.98275e-05
          926  3.98495e-05
         2113  3.98518e-05
         1720  3.98704e-05
          464   3.9908e-05
          152  4.00822e-05
         2080  4.02399e-05
         1073  4.02603e-05
         1668  4.04073e-05
          552   4.0475e-05
         1102  4.05051e-05
         1837  4.05395e-05
          370  4.06218e-05
         2221  4.06512e-05
         1033  4.08274e-05
         1614  4.08343e-05
         1229  4.09431e-05
         1094  4.09681e-05
          380  4.11319e-05
         2048  4.11393e-05
         1813  4.11875e-05
         2121  4.12287e-05
         2089  4.13033e-05
         1960  4.13452e-05
          432  4.13667e-05
          395  4.13684e-05
         2056  4.14235e-05
          315  4.14238e-05
         2047   4.1477e-05
         1032  4.14794e-05
         2087  4.16715e-05
         1286  4.18158e-05
          555  4.18293e-05
          509  4.18842e-05
         1884   4.2032e-05
         2055   4.2138e-05
          664  4.22691e-05
          745  4.22996e-05
         1319  4.23065e-05
          264  4.23369e-05
         1099  4.25287e-05
           55  4.26269e-05
         1683  4.26416e-05
           13  4.27514e-05
         1814  4.27819e-05
          686  4.28363e-05
          266  4.28427e-05
         1829  4.28452e-05
          905  4.28746e-05
         2137  4.29535e-05
          661  4.30295e-05
         1615  4.30384e-05
         1205  4.30722e-05
         1067  4.30765e-05
         1105  4.31297e-05
          332  4.31378e-05
          221  4.31841e-05
         1246  4.31883e-05
          996  4.31983e-05
          348  4.31991e-05
           19   4.3249e-05
         1201  4.34099e-05
         1416   4.3569e-05
         1012  4.36753e-05
         2068  4.37082e-05
         1583  4.37434e-05
          736   4.3753e-05
         1985  4.38004e-05
         1873   4.3895e-05
         1764  4.39164e-05
         1704  4.40008e-05
          231  4.40581e-05
         2139  4.42337e-05
         1025  4.43058e-05
         2084  4.43357e-05
         1245  4.43683e-05
         1023   4.4553e-05
          544  4.46365e-05
         1931   4.4713e-05
         1370  4.47375e-05
         1979  4.47561e-05
          980  4.49687e-05
         1885  4.49999e-05
          383  4.50016e-05
          993  4.53424e-05
         1803  4.54419e-05
          724  4.57896e-05
          230  4.58522e-05
         2061   4.5873e-05
          491  4.59359e-05
          467  4.59645e-05
         1239  4.60565e-05
          567  4.62969e-05
         1783  4.64703e-05
          976  4.66177e-05
         1602  4.66339e-05
         1456  4.66427e-05
         1904  4.66815e-05
          219  4.67288e-05
         1918   4.6812e-05
          456  4.68489e-05
         1817  4.69452e-05
          128  4.69958e-05
         1796  4.71655e-05
         1919  4.73336e-05
         1780  4.76315e-05
          244  4.77609e-05
         1531  4.77873e-05
          389  4.78321e-05
          280  4.78566e-05
         1687  4.79298e-05
          458  4.80084e-05
         2232  4.81215e-05
         2045  4.82285e-05
         1236  4.83785e-05
         1832  4.85754e-05
         1739   4.8593e-05
         1020  4.85978e-05
         2049  4.86911e-05
         2014  4.87404e-05
          418  4.88498e-05
          368  4.88731e-05
          520   4.8927e-05
          657  4.92026e-05
         1388  4.96288e-05
         1866  4.96327e-05
         1757  4.97078e-05
         1048  4.99108e-05
         1580  4.99684e-05
          361  5.02822e-05
         1050  5.03006e-05
          308  5.03672e-05
         2073  5.07165e-05
          115  5.07453e-05
         1906  5.07731e-05
          279  5.09445e-05
          250   5.1118e-05
          828  5.12154e-05
         1593  5.13404e-05
         2065   5.1424e-05
          414  5.15256e-05
         1810  5.15295e-05
         1869  5.15789e-05
          388  5.16647e-05
         2044  5.20572e-05
         1656  5.22069e-05
         2040   5.2294e-05
         1256  5.24569e-05
         1858  5.26901e-05
         1564  5.29307e-05
         1880  5.30055e-05
         2131  5.32519e-05
         1844  5.33009e-05
         1782  5.33407e-05
         1791  5.41214e-05
          805  5.42517e-05
         2103  5.42589e-05
         1819  5.43486e-05
         1853  5.46003e-05
          113  5.46288e-05
          425   5.4867e-05
         1028  5.52703e-05
         2063  5.54502e-05
         2072  5.55879e-05
         1754  5.58409e-05
         1384  5.58652e-05
         1675  5.70451e-05
         2021  5.75688e-05
          431  5.76129e-05
         2123  5.79151e-05
         1961   5.8005e-05
         1826  5.80126e-05
         1671  5.80501e-05
         1578  5.81435e-05
          650  5.82393e-05
          942  5.85603e-05
         1717  5.87682e-05
         1947  5.92065e-05
          223  5.93823e-05
          399  5.95448e-05
         1955  5.96053e-05
         1031  5.96549e-05
         1511  6.00035e-05
          396   6.0131e-05
         2198  6.03349e-05
         1916  6.04969e-05
         1799  6.09305e-05
         1247  6.09906e-05
         1037  6.11421e-05
         1787  6.11433e-05
         1287   6.1229e-05
          411  6.14103e-05
         1898  6.14256e-05
          340  6.15008e-05
          971  6.15261e-05
         1776  6.17191e-05
         1679  6.17394e-05
         1788  6.19211e-05
         1514  6.19612e-05
         1823  6.24112e-05
         1115  6.25521e-05
          873  6.27331e-05
         2024  6.29463e-05
          851  6.36705e-05
         1903  6.36928e-05
         1283  6.38111e-05
         1988  6.38785e-05
         1124  6.39085e-05
         1905  6.42034e-05
         1530  6.45488e-05
         1452  6.49847e-05
          451  6.52989e-05
         1036   6.5363e-05
         1616  6.59166e-05
         1061  6.62399e-05
          475  6.64147e-05
         1639  6.66902e-05
         1311  6.69631e-05
         2096  6.69998e-05
         1950  6.70462e-05
         1815  6.70807e-05
         1897  6.74297e-05
         2043  6.77361e-05
         1517  6.85392e-05
         1468   6.8762e-05
          447  6.87668e-05
         1248  6.91477e-05
         2031  6.93682e-05
         1706  6.95592e-05
          371  7.12558e-05
         1912  7.18329e-05
          534  7.18482e-05
         2077  7.27658e-05
         1006  7.27985e-05
          248    7.315e-05
         2016  7.39963e-05
         1111  7.40685e-05
         1526  7.46234e-05
         1308   7.4683e-05
         2107  7.53558e-05
         1071  7.54421e-05
         1939  7.60565e-05
          483  7.63481e-05
         1694  7.81155e-05
         1352  7.81668e-05
          683  7.86825e-05
         2039  8.01048e-05
         1454  8.03071e-05
         1745  8.13084e-05
         2119  8.21906e-05
         1349  8.23439e-05
         1082  8.24347e-05
         1944  8.26901e-05
         1989  8.35354e-05
         1429  8.39489e-05
         1983  8.46678e-05
         1376  8.48795e-05
          354  8.50838e-05
         2093  8.51343e-05
         1857  8.52404e-05
          363  8.54714e-05
         2091  8.55112e-05
         1870  8.64338e-05
         1364  8.69332e-05
         1867  8.78113e-05
          428  8.85989e-05
         1502  8.88252e-05
         1945  8.89732e-05
         2247  8.97255e-05
          480  9.02653e-05
         1808  9.03133e-05
         2059  9.16259e-05
           89  9.30961e-05
         1938  9.32434e-05
         2120  9.33011e-05
         1680  9.36138e-05
         2136  9.39278e-05
         1268  9.41214e-05
         1069   9.4305e-05
         2018  9.43262e-05
         1078  9.46843e-05
          320  9.57797e-05
         1834  9.71437e-05
         1392  9.76639e-05
          336  9.88558e-05
         1871  9.94951e-05
         2017  0.000102827
          302  0.000106649
           16  0.000107247
         1079  0.000108261
         1901  0.000109001
         1515  0.000110175
         1943  0.000123222
         2246  0.000302261
         2245  0.000325357
         2250  0.000342902
         2251  0.000485858
         2249  0.000561863
         2244   0.00338648
