2253
 -2.77956e-06 -2.67047e-06 1.10994e-06 -3.2517e-07 3.11388e-06 2.57301e-07 -3.61783e-10 7.6883e-07 -2.03578e-07 -2.56794e-06 -4.55427e-07 2.83059e-08 -5.92941e-07 -1.173e-06 5.73877e-06 -2.58851e-06 3.69632e-06 1.63912e-09 -1.93008e-06 -6.68808e-06 1.42103e-06 1.28985e-06 -3.77446e-10 1.90569e-06 -3.05349e-09 3.87716e-10 2.30052e-06 -3.53942e-06 4.17622e-06 1.07403e-09 -4.56019e-06 4.85696e-09 -1.17635e-09 -1.84993e-06 5.17083e-07 4.57755e-09 -1.84139e-06 5.99202e-07 -1.86623e-09 -1.06733e-05 7.3476e-06 7.09975e-09 1.24871e-09 -8.79778e-09 -3.59214e-07 -7.62344e-07 4.2725e-06 -3.82077e-10 3.604e-06 -8.82202e-06 1.86814e-06 -3.74622e-08 5.95275e-06 7.92167e-10 8.238e-09 -9.98233e-10 1.33877e-11 -3.41274e-06 1.33311e-06 1.1198e-09 -1.34225e-09 6.24388e-07 4.64662e-06 -5.13753e-06 1.62739e-06 3.14919e-10 -6.72866e-10 3.55543e-09 5.41624e-06 -1.72639e-06 -4.70557e-09 -3.48407e-06 3.46723e-06 -1.72197e-11 2.09601e-09 1.47786e-06 -1.55316e-09 1.09424e-09 -6.19173e-06 -3.63175e-09 -2.37518e-09 -4.86546e-06 1.98157e-06 2.74396e-06 1.63892e-06 6.16379e-06 4.97738e-06 2.80404e-08 1.12626e-06 4.23988e-09 6.63825e-10 -7.07149e-09 -1.39966e-06 -2.11825e-06 -2.94184e-09 2.4936e-06 4.87802e-17 -1.64626e-07 -1.25635e-06 -5.32385e-06 1.71681e-06 -8.90492e-07 -5.86153e-08 4.38053e-07 9.40625e-08 1.13051e-06 -1.5509e-06 9.58977e-07 6.10943e-08 6.81332e-07 2.44444e-06 2.85586e-09 7.83944e-07 3.57047e-06 2.69621e-06 7.16551e-07 -6.35082e-07 -1.04901e-06 -5.71555e-08 -1.8138e-06 -1.13421e-07 9.76796e-07 6.9525e-07 6.54432e-07 2.58222e-07 -1.25652e-06 -1.70398e-08 3.51937e-06 5.17963e-08 -5.02799e-07 3.42102e-07 1.88521e-06 -8.36142e-07 -1.42213e-06 5.62372e-07 1.23055e-06 1.02634e-06 6.09422e-07 -5.6792e-07 1.90287e-06 2.31333e-06 5.61205e-07 4.12339e-07 8.63984e-06 5.78621e-07 3.69023e-07 3.31831e-06 1.33953e-05 6.37619e-07 -2.99367e-07 6.00815e-07 4.21813e-06 -5.93685e-07 4.40509e-07 -6.63372e-07 -2.2847e-06 -8.80671e-08 -1.90264e-08 -3.05012e-07 6.77137e-07 -2.62914e-07 -1.58658e-06 -7.80897e-08 -4.20657e-06 -2.11797e-07 -4.17582e-06 -9.20433e-07 -2.16712e-06 1.42773e-07 2.13166e-06 1.27929e-07 4.17892e-06 -1.82793e-07 2.09646e-08 -1.12014e-07 -2.98972e-06 3.94274e-06 -1.62144e-06 -4.68663e-08 -3.0473e-07 -1.15123e-07 3.00951e-07 -3.44979e-07 -6.57653e-07 -2.04241e-06 1.35343e-06 6.67225e-08 -6.74225e-07 1.94434e-06 3.66467e-07 2.20303e-07 5.49422e-06 -1.01716e-06 2.29163e-06 -1.77204e-07 1.52802e-06 3.14668e-06 2.37866e-06 5.03885e-07 5.89357e-06 -1.43246e-06 -2.34808e-06 4.02934e-06 3.24949e-06 4.01302e-07 7.8547e-07 1.81594e-07 -2.12171e-06 -4.75545e-06 6.83442e-06 4.5188e-07 2.62684e-06 -1.214e-07 -3.52072e-06 5.01554e-07 -7.99317e-07 3.29524e-06 -4.88054e-06 -2.7216e-06 -7.18278e-07 1.9717e-08 2.33022e-06 4.54642e-07 -4.16826e-06 -3.17776e-07 -1.49822e-06 -7.24712e-07 4.7284e-07 8.76885e-08 -3.24129e-06 2.34155e-06 7.24119e-08 -1.43584e-06 -2.02546e-08 -5.8402e-06 7.80254e-07 4.77694e-08 3.14474e-06 3.33918e-06 2.02413e-06 -2.15768e-06 2.42949e-06 3.09118e-07 9.84837e-07 -3.88747e-08 -1.58485e-09 -1.34895e-06 -2.75406e-06 -1.14219e-07 3.34013e-06 -3.55233e-06 1.07695e-06 -1.89994e-07 -2.54618e-06 4.33776e-07 -7.43781e-07 1.18433e-06 7.12805e-07 1.59475e-07 -4.07841e-06 9.04015e-07 9.28132e-07 -1.51228e-07 8.8463e-06 -4.91432e-07 -5.24633e-06 -5.34972e-07 -4.11193e-06 -1.56204e-07 1.45981e-08 6.29783e-07 -5.82319e-06 4.65496e-07 -1.53407e-06 -1.46521e-06 -9.53905e-07 -1.54608e-06 1.1555e-06 -2.59674e-06 -5.50058e-07 3.12806e-07 -6.21156e-06 1.81771e-07 -5.09716e-06 -2.24617e-06 2.78163e-09 9.73553e-07 3.8164e-07 1.18549e-07 2.97328e-06 -1.45042e-06 5.97537e-07 -5.61587e-07 2.11047e-07 1.96609e-07 4.34912e-16 9.79419e-06 -1.63344e-06 -4.11967e-07 4.02009e-06 -2.0143e-06 3.51189e-06 -7.38615e-07 6.87965e-07 -7.84786e-07 -1.6975e-06 6.09752e-07 5.51535e-07 9.50085e-07 -7.1822e-07 6.77091e-07 3.00315e-06 1.39255e-06 -2.18134e-06 -1.13528e-06 -1.10748e-06 2.85119e-07 -7.90669e-06 -1.30753e-06 -2.20556e-07 3.91437e-06 4.79569e-06 5.39953e-07 -3.14228e-06 -8.61755e-07 1.58514e-06 -4.07252e-06 1.75893e-06 -1.76179e-06 -1.55208e-07 8.52923e-07 -5.03644e-06 -7.75664e-06 5.46096e-06 -1.13e-06 2.42831e-06 -1.84845e-06 -1.28753e-06 -2.57891e-06 -1.4863e-06 2.58636e-06 2.55793e-07 9.38984e-06 -3.14089e-06 -5.89114e-06 -8.09809e-07 1.20012e-06 -3.80747e-07 1.71825e-06 -6.33318e-07 7.01162e-06 6.30947e-07 1.03065e-06 -2.98898e-06 3.51473e-06 5.98104e-06 -4.58307e-06 -2.49211e-06 -1.24083e-06 -3.43142e-06 -7.53074e-06 -8.84143e-08 -3.67672e-06 5.51348e-06 -6.77008e-06 -6.29047e-07 1.1427e-06 -1.63591e-06 4.70609e-06 2.14865e-06 1.3872e-07 -2.34319e-06 2.97715e-06 -3.37354e-06 -1.15335e-06 -3.85043e-06 2.86698e-06 4.32105e-07 -5.61335e-06 5.39436e-06 6.89946e-06 -1.511e-06 -9.26997e-07 -3.12102e-06 2.06102e-06 -1.18168e-06 -6.95267e-06 1.41322e-06 -3.59878e-06 6.64525e-08 -7.77239e-07 8.87652e-06 7.25667e-06 3.08134e-07 -3.23642e-07 7.47224e-06 6.61834e-06 5.50511e-06 1.88938e-05 1.49857e-06 1.29022e-05 3.46538e-08 6.55797e-06 -9.22032e-07 -4.3384e-07 6.83174e-06 -6.12866e-06 2.03874e-06 -1.89752e-06 2.40502e-06 -1.47619e-07 -1.46092e-06 -5.36976e-06 1.92345e-06 2.83879e-06 6.60858e-08 -3.83516e-06 3.13577e-07 -1.63605e-06 6.59194e-06 -1.94855e-08 -5.41032e-08 -5.8926e-06 2.10554e-06 -2.16406e-06 5.23415e-10 -4.37849e-06 -8.80149e-07 2.92881e-06 -3.52111e-07 2.81698e-06 -1.92471e-06 -4.38612e-06 2.47279e-07 -4.33563e-06 -2.77133e-06 2.67127e-06 7.51422e-09 -5.22183e-06 -2.14326e-06 7.8902e-06 4.13836e-06 2.20936e-06 -4.37974e-06 -1.71696e-05 -2.50641e-07 -1.51842e-06 -1.1228e-06 -2.08912e-06 4.03061e-10 -1.96392e-06 7.57004e-08 3.73032e-08 3.76915e-06 2.29726e-06 2.20479e-06 3.57717e-06 3.74411e-06 1.59654e-06 1.65151e-07 -2.14915e-06 -9.57276e-07 5.34907e-06 -5.67729e-06 1.83055e-06 2.33327e-10 -8.6712e-06 -1.2697e-06 -4.31173e-06 5.00426e-07 -2.90162e-06 -1.06043e-05 -3.37427e-06 6.12587e-10 1.71993e-06 -2.1256e-06 2.60356e-06 3.3732e-08 2.94141e-06 6.41243e-07 -1.60307e-06 1.36685e-06 4.63286e-06 1.02121e-06 4.44458e-07 4.12078e-06 -2.46783e-06 -1.86719e-06 6.01475e-06 5.73356e-07 1.8336e-06 -3.80385e-07 1.02294e-06 1.81579e-06 4.56353e-17 2.24329e-06 2.6358e-06 -1.95635e-06 -8.92806e-07 6.62265e-08 6.18606e-07 9.54953e-07 6.47189e-07 7.61459e-08 1.44112e-06 -9.21526e-08 -5.09743e-07 -7.8616e-07 2.68897e-06 -8.66734e-07 -3.77818e-07 6.50696e-06 -9.59518e-07 -1.1585e-06 8.58154e-08 1.90143e-06 -1.43077e-06 -1.6302e-06 -2.40631e-06 7.07204e-07 1.40431e-07 9.14082e-07 3.80482e-07 -4.90837e-07 1.18197e-06 7.5758e-08 -6.38957e-07 -1.27172e-06 2.56798e-07 1.61558e-06 -2.15854e-06 -9.96633e-07 -1.64084e-06 6.1977e-07 3.8971e-07 1.52377e-06 1.72122e-06 7.03065e-07 3.15499e-06 8.72434e-08 3.53563e-06 -5.56633e-06 -2.41771e-07 -2.01404e-06 3.69905e-07 4.22828e-08 -3.28265e-07 1.57937e-07 -1.69525e-07 -3.66487e-06 -2.9636e-06 -1.52884e-08 -6.09393e-07 1.28197e-07 1.06311e-06 2.90383e-06 -8.51815e-07 3.21224e-06 -3.72623e-07 -4.45661e-07 6.05563e-07 4.51835e-07 -1.18538e-07 -6.88376e-07 -2.02233e-06 -9.35224e-07 4.66423e-07 4.59529e-07 1.62246e-06 3.03201e-08 8.35309e-07 -1.16464e-06 -9.47318e-07 -1.25292e-06 -9.462e-08 -1.22346e-06 1.24514e-06 -1.54246e-07 1.15358e-08 -2.53591e-07 -2.4567e-06 -2.8349e-07 5.77111e-07 -5.19259e-07 -6.44779e-07 -6.8215e-07 1.15828e-06 -5.02731e-07 -6.56808e-07 -1.56901e-06 1.91916e-06 -5.01766e-06 -2.03625e-07 -1.078e-06 -7.14616e-06 -3.7863e-06 -2.90297e-07 -1.26565e-05 2.47568e-06 4.73359e-07 7.24822e-07 3.68378e-07 4.33388e-07 9.41022e-07 2.36444e-08 2.44754e-06 7.70719e-07 1.21594e-06 5.37392e-07 -2.85973e-07 -2.47646e-07 -2.18672e-07 3.75834e-07 -8.9869e-08 -1.12999e-06 3.51739e-07 -1.39061e-07 -5.22931e-07 1.18625e-08 3.8609e-07 -3.30149e-07 6.10289e-07 -6.07393e-08 9.45993e-07 -9.69967e-07 -5.30428e-07 -2.15251e-07 -8.91328e-08 2.3316e-06 2.80325e-07 -1.10004e-06 1.01463e-06 1.19963e-06 3.20605e-07 -5.10138e-06 2.50236e-07 -3.12085e-07 -2.08767e-07 -3.61544e-06 -3.74178e-07 -1.08224e-06 1.10233e-06 -1.02896e-06 -7.18681e-07 -4.30745e-07 1.66642e-07 -5.7482e-09 5.92425e-07 2.0946e-07 -5.55771e-07 -1.19955e-06 -2.96931e-07 -8.38448e-07 -1.00899e-06 -2.49006e-07 1.00904e-06 -1.86346e-06 2.19348e-06 -3.45502e-06 -2.02395e-06 2.8604e-07 1.67576e-07 -5.71799e-08 -3.35084e-06 -6.67791e-07 7.77445e-08 3.48275e-08 -3.7165e-07 1.24787e-06 7.76995e-07 9.66833e-08 -1.83655e-07 -1.71038e-06 1.093e-06 9.28836e-07 -2.05265e-07 -4.67094e-07 3.90474e-07 -3.0244e-07 -9.27312e-07 5.40862e-07 3.94114e-06 1.17282e-06 2.97724e-07 -1.07296e-06 -1.77863e-06 4.83465e-07 1.37805e-06 -1.93073e-06 1.63772e-06 -2.88193e-06 1.28489e-06 4.05491e-07 5.01802e-17 2.9947e-07 -8.11771e-07 -1.12105e-06 1.03004e-06 -8.02998e-07 3.87384e-07 8.66444e-08 -2.52272e-06 8.06407e-08 9.89075e-09 -1.15092e-06 -2.85702e-07 -6.15998e-07 1.64294e-06 -6.82454e-07 -5.22173e-07 3.27545e-06 2.03379e-07 4.08113e-07 -1.49564e-06 1.05232e-07 -7.97848e-07 1.08278e-08 -2.02318e-06 -8.31733e-07 2.66758e-07 -1.45919e-07 -5.40177e-07 -8.4296e-07 5.68651e-07 1.52645e-06 -1.05963e-07 1.73033e-06 3.60672e-06 9.71975e-07 -1.83116e-07 -8.01646e-07 1.36667e-06 -1.77683e-06 2.82555e-07 3.89908e-08 -3.94668e-07 1.70914e-06 8.74248e-07 -1.34117e-07 -3.24861e-07 -2.03794e-06 -3.80602e-07 -3.74315e-07 -6.54747e-07 -3.84276e-06 -4.01963e-06 -2.51072e-07 7.61838e-08 1.12392e-06 -2.86883e-07 -1.85374e-06 -7.35948e-07 1.20804e-08 1.58801e-07 2.17236e-07 3.32686e-07 -5.89614e-07 -6.19919e-07 -7.44501e-08 -9.96398e-07 -9.89589e-07 -1.27529e-07 -7.10516e-08 -4.795e-07 2.50701e-06 -4.85911e-07 -2.4057e-07 9.61498e-09 -9.13608e-08 -6.96556e-08 -8.82731e-08 -5.98985e-06 -7.29639e-07 -1.22767e-06 -4.44289e-07 -4.61865e-09 -1.75589e-07 1.48307e-06 1.44371e-07 -2.46714e-07 -2.31028e-07 8.24323e-08 1.89582e-07 -4.16524e-07 -7.79596e-07 1.29954e-06 2.22338e-07 -9.75704e-07 1.47178e-06 4.91952e-07 1.92487e-07 1.22825e-07 2.02916e-07 4.15413e-08 8.85255e-07 3.27499e-06 -1.56368e-06 4.13522e-06 6.22563e-07 4.34878e-07 3.02401e-07 -1.71037e-07 -2.20965e-07 1.72388e-07 -2.27235e-07 4.68523e-08 1.37973e-07 6.70132e-07 -2.08133e-06 -1.63638e-06 -5.68658e-07 7.06419e-07 -1.55589e-08 -7.42122e-07 9.43871e-08 7.79323e-07 -5.21561e-07 -3.26794e-07 1.29823e-06 7.31321e-08 3.41614e-07 7.46753e-07 9.55932e-07 -3.54934e-07 -2.99578e-07 -3.82245e-07 -1.49977e-07 8.93428e-07 1.64195e-06 -1.85161e-07 -1.50212e-07 4.00029e-07 -1.10885e-08 -1.10775e-06 -3.00122e-08 -4.04534e-07 -1.12065e-08 -8.49919e-07 -8.63465e-07 -1.87005e-06 -7.27108e-07 -1.28061e-06 -2.05634e-07 1.11834e-06 -7.28811e-07 -1.27099e-07 -5.58557e-07 -1.12976e-07 2.31599e-06 -2.82603e-07 2.53661e-06 -1.06524e-06 -1.53431e-06 5.31009e-07 6.76535e-08 2.97098e-07 -1.10988e-06 2.80524e-06 1.62119e-07 1.74462e-07 5.93002e-06 -7.20955e-07 -3.43437e-07 -2.40261e-07 -3.33919e-07 -2.87248e-06 -2.47798e-06 -8.36351e-07 3.7318e-07 9.26829e-07 1.15969e-07 -1.29828e-07 2.67751e-07 2.76276e-07 -1.57785e-06 -1.97454e-06 -1.50081e-06 -3.34295e-07 2.03073e-07 -1.21653e-07 4.38464e-06 6.5111e-07 2.53213e-07 4.37103e-07 -3.7993e-06 -4.24978e-11 2.11854e-06 -4.9594e-06 -9.42084e-07 1.58856e-07 -1.15114e-07 -4.62269e-08 2.45864e-16 1.32502e-06 -1.86139e-06 2.18518e-07 -1.42201e-07 -9.55529e-07 1.02964e-06 -1.34967e-09 5.02345e-06 3.89471e-07 -2.59601e-08 -2.11329e-06 4.62685e-06 1.58501e-07 -1.55521e-07 -7.3839e-07 -2.69531e-07 1.16479e-06 -1.83735e-06 5.49106e-07 -6.76607e-07 -2.12217e-06 6.24074e-07 4.32011e-07 9.25595e-07 5.56574e-07 2.64222e-06 2.75346e-06 -3.05303e-06 4.49311e-06 3.0037e-07 -3.02734e-10 3.45043e-06 6.20836e-08 6.5686e-07 -1.05184e-06 -7.46852e-07 3.05936e-07 -3.29364e-06 2.51499e-06 3.47292e-06 3.01576e-06 -1.22398e-06 -6.41983e-07 2.73855e-06 -2.77198e-06 4.32506e-07 1.07944e-06 -4.56116e-07 6.82335e-07 2.26503e-06 3.00139e-06 1.64916e-06 -8.87872e-10 3.11338e-06 -9.6651e-07 3.69289e-07 -1.63937e-08 1.89424e-06 -2.62891e-07 -9.65581e-07 -1.56023e-06 -3.72913e-08 5.25021e-06 2.56336e-06 -4.50657e-07 5.10551e-07 -2.40615e-07 2.38796e-08 -1.41385e-06 6.77131e-06 2.49752e-07 7.4636e-07 7.87767e-07 -2.04297e-06 7.14806e-08 -1.62169e-06 1.22795e-06 1.27599e-06 2.79423e-06 1.17507e-06 -3.06486e-06 5.56862e-08 -1.79443e-06 -6.31944e-06 -2.2711e-06 9.18463e-07 -8.12351e-06 8.70073e-07 -5.92092e-06 -3.69704e-06 3.50486e-06 6.2802e-07 -8.86406e-06 -1.09396e-05 8.24851e-07 -2.13773e-05 -1.07081e-05 -1.52346e-05 -1.03017e-05 -4.77715e-06 -1.02735e-05 -3.02054e-05 -3.3376e-06 -1.07493e-05 -3.82409e-05 -3.65841e-06 -4.49321e-06 -3.91427e-06 -1.01207e-06 3.94316e-06 2.23813e-07 5.22622e-06 1.97085e-06 2.67187e-06 -4.8812e-07 5.38844e-06 2.32062e-06 6.13759e-07 -8.04562e-06 -3.96202e-06 1.03063e-05 7.07302e-06 -4.05978e-07 -4.12948e-06 3.02138e-06 2.14003e-06 -1.20901e-06 -6.31978e-06 -1.54853e-06 -6.2392e-06 -1.11742e-05 -3.60916e-06 3.41386e-06 1.66013e-06 6.15203e-06 2.31465e-06 6.05802e-06 8.55673e-06 3.23341e-06 2.54642e-06 -3.47503e-06 -1.93868e-06 2.11765e-06 -3.99619e-06 2.35989e-06 2.20877e-06 6.02323e-06 2.87705e-07 -2.01896e-06 8.98885e-06 3.12617e-06 -2.19664e-06 -2.05149e-06 4.06829e-06 -1.5077e-06 -1.08762e-06 1.51527e-06 -1.24872e-06 2.8532e-06 -6.70467e-06 -1.28547e-06 -4.26904e-06 2.83763e-06 1.3725e-06 -7.73542e-06 4.03249e-06 -4.26621e-06 4.12556e-06 -2.25941e-06 6.1797e-07 -7.65527e-06 -5.59545e-07 6.20721e-06 2.59417e-06 -3.31697e-06 4.51087e-06 1.91011e-07 9.45128e-08 -2.96813e-06 -2.08685e-06 -2.04384e-07 1.84736e-06 8.78449e-07 4.12623e-06 -8.69105e-07 5.05131e-06 6.04028e-06 3.14206e-06 4.53137e-06 -1.58354e-06 4.60306e-06 1.15938e-07 3.81179e-06 -3.62344e-06 2.39048e-06 2.34891e-06 2.12856e-06 3.93028e-06 5.22485e-16 1.04652e-05 -5.71085e-06 -8.1326e-07 -3.71125e-06 1.39236e-07 4.68363e-06 1.96872e-06 -1.55408e-06 2.01094e-06 -3.48826e-07 -3.13759e-06 -1.27671e-06 4.2042e-06 5.33953e-06 -3.79782e-06 1.97542e-06 2.44453e-06 2.3398e-06 -6.84993e-07 -5.53578e-07 -2.59575e-07 5.70956e-07 7.62987e-06 -3.14046e-06 -3.01839e-07 -1.46968e-06 3.87239e-06 -4.25065e-06 1.36819e-06 2.16156e-06 3.85009e-06 1.43037e-06 3.20317e-06 -5.33599e-07 -3.41289e-06 1.11964e-08 -2.99048e-07 -2.12192e-06 -4.01794e-06 -1.67664e-06 4.33394e-06 -1.50382e-06 2.35817e-06 1.30915e-06 -1.06952e-06 7.60562e-07 -3.35747e-06 1.2618e-06 -4.59155e-07 -1.69398e-05 -7.58247e-06 -3.57467e-07 2.09816e-06 2.48001e-07 -8.14037e-07 -1.32454e-07 -5.51423e-08 2.97312e-06 -1.31196e-06 -1.10876e-06 3.30383e-06 -6.25361e-06 2.62121e-06 3.9675e-06 2.99604e-06 4.00821e-06 1.72665e-06 5.21643e-06 3.05295e-07 -4.40414e-07 -3.43257e-07 -4.30391e-06 1.90921e-07 3.32987e-06 -7.70868e-07 1.34009e-06 2.54547e-06 -3.60959e-06 4.38376e-07 -3.67558e-07 -1.00407e-05 -4.68685e-06 -1.15412e-06 -1.01609e-06 3.02128e-07 -1.85267e-06 -3.31092e-06 6.65888e-06 1.29111e-06 2.44137e-06 -2.52119e-06 -4.39918e-06 -1.23907e-06 -5.96966e-06 -6.98078e-06 -3.27852e-07 4.46009e-06 5.26576e-07 -4.97235e-06 3.05616e-06 -1.18115e-06 -7.15129e-06 -1.62634e-05 -1.51692e-05 -2.27635e-06 3.0533e-06 -1.78917e-06 -2.29689e-06 -1.9103e-06 3.03106e-06 1.90417e-06 5.78942e-06 6.68949e-06 -2.76281e-06 -2.51176e-06 1.41174e-06 4.1682e-06 8.80047e-07 -6.20073e-07 6.29835e-07 -3.84672e-06 2.47249e-06 -6.48307e-07 5.44184e-06 1.14471e-06 -1.88548e-07 2.17588e-06 -1.87355e-06 -3.045e-06 -2.31646e-06 2.02663e-06 -4.37361e-06 3.05887e-07 -6.42313e-07 9.34541e-06 7.7249e-07 3.34093e-06 1.85075e-06 6.58021e-06 3.84017e-06 -9.04552e-08 -9.53667e-07 6.37071e-06 -4.50539e-06 -1.90524e-07 3.97888e-06 1.68421e-06 1.63082e-06 4.01427e-06 -4.60418e-06 3.85619e-07 1.77721e-06 -8.27456e-07 -7.80188e-07 9.63486e-06 2.36943e-06 -2.76452e-08 2.24176e-06 -7.93247e-07 -2.60244e-06 4.84863e-06 1.10002e-06 -2.6226e-06 -6.2495e-06 1.3693e-06 -3.24484e-06 1.19602e-06 6.00868e-06 -9.99807e-07 7.57306e-07 -4.54381e-06 6.02391e-06 4.71355e-06 -2.62014e-06 -6.17653e-07 6.68495e-06 -1.48488e-06 -9.15671e-07 -2.69047e-06 -3.7572e-06 -4.39422e-06 -3.52544e-06 -1.02171e-05 -4.34736e-06 9.89161e-06 3.03758e-06 -6.43276e-07 -1.03009e-06 1.35913e-06 -3.07063e-06 5.76835e-06 3.57425e-06 -8.7513e-06 -5.19837e-06 1.04444e-07 2.80102e-06 -1.21523e-06 -7.72844e-07 2.50423e-16 7.63196e-07 -1.08064e-06 3.3229e-06 3.01286e-06 6.26121e-06 -1.072e-07 1.79913e-06 4.97061e-09 -1.79897e-06 -2.94794e-07 -1.93806e-06 3.72338e-07 -1.22494e-06 1.82526e-06 6.15938e-07 -3.658e-07 -3.84751e-07 -1.00954e-06 6.40855e-07 -8.29906e-07 -1.48282e-06 -9.38199e-07 6.99252e-07 -7.87606e-07 3.26929e-07 -1.6391e-06 1.22902e-07 -9.97616e-07 2.83206e-06 5.78063e-06 2.39218e-06 3.47616e-07 1.55668e-06 5.16177e-07 -8.29842e-07 -4.64581e-07 -5.23738e-07 5.50678e-07 -1.19884e-06 -1.0799e-06 4.52698e-07 -1.70599e-08 -3.37176e-07 1.52199e-06 -7.01014e-07 1.75784e-06 -2.53341e-07 -5.05337e-07 -3.28088e-06 -1.84169e-06 -2.9683e-06 -1.2488e-06 3.12307e-06 -4.72766e-06 6.19595e-07 -2.6958e-06 -1.10512e-07 5.7088e-06 6.56774e-07 5.42187e-07 -1.15568e-06 -2.20518e-06 -9.03118e-08 8.33929e-08 1.74697e-07 2.23257e-07 8.68352e-07 4.43021e-07 -2.35336e-06 4.98913e-07 6.60574e-07 -1.91549e-06 -5.90631e-06 9.74762e-07 -8.35496e-07 1.60539e-07 -1.34938e-06 -5.69739e-06 5.83856e-06 1.05902e-06 -3.56613e-07 -2.39522e-06 1.87552e-07 -1.95119e-06 3.59159e-06 2.11776e-06 -1.0057e-06 3.64978e-06 6.86436e-06 2.69356e-06 2.54333e-06 -3.21271e-06 8.10132e-07 3.25682e-06 2.31496e-07 6.67795e-06 1.13013e-05 6.47976e-06 6.47892e-07 1.47269e-06 3.36696e-06 1.06549e-05 9.91739e-08 3.37583e-06 1.07573e-05 4.33293e-06 -5.2881e-06 3.37956e-07 -3.14916e-06 -2.04973e-07 3.41425e-07 1.27791e-06 -1.32586e-07 -3.68873e-06 -5.35717e-06 -3.34681e-06 5.97536e-06 -5.16895e-06 -1.42361e-06 -1.12509e-06 -1.95985e-06 6.26198e-07 1.45729e-09 6.37258e-07 -7.98098e-07 1.8705e-06 -4.39559e-06 3.95068e-07 -2.56739e-06 8.17954e-06 3.43188e-06 3.42925e-06 -1.48533e-06 7.65689e-06 -1.46512e-06 -4.24234e-07 -3.37224e-06 -6.62227e-07 1.51543e-07 1.37006e-06 -7.60954e-06 -6.36499e-06 -5.59319e-07 1.00596e-06 -3.64908e-07 3.86639e-06 5.91993e-07 6.11685e-07 2.90835e-06 -4.01082e-07 -2.88486e-06 3.15156e-06 -4.00549e-07 -9.42102e-08 5.44097e-06 1.34258e-07 -1.32513e-06 -5.18988e-06 1.35093e-06 1.66565e-06 -3.77865e-06 1.51916e-06 2.20933e-07 -2.87144e-06 5.78588e-06 -8.21573e-06 -2.518e-06 5.06058e-08 1.50847e-06 -8.2392e-07 1.08364e-06 -4.16638e-06 -6.9163e-07 1.81188e-06 -2.43777e-06 -7.07822e-07 -1.36401e-07 1.01765e-06 -2.99391e-06 -3.05891e-06 -2.05434e-06 3.14321e-06 -1.94852e-06 1.37484e-06 -1.17626e-06 1.80028e-06 6.24686e-08 2.25867e-06 1.52471e-07 -5.9463e-07 -8.12711e-07 2.23471e-06 -7.6708e-06 -1.88598e-07 -1.49146e-07 1.48017e-06 1.19387e-06 3.19237e-06 4.90256e-16 1.97728e-06 -2.36378e-07 6.76812e-07 2.84015e-06 2.27711e-06 -3.88584e-07 3.04191e-06 -6.78729e-07 2.85939e-09 -2.19559e-06 -5.40248e-06 -1.81921e-07 1.82144e-07 2.80247e-06 -1.51273e-06 6.0398e-07 2.0534e-06 4.71325e-07 -4.88628e-07 1.02446e-07 -3.47081e-06 -1.8754e-05 6.32167e-07 2.70892e-06 -1.96504e-06 -1.38931e-06 1.24958e-06 -1.16736e-06 2.57092e-06 5.96734e-06 3.90755e-06 -1.09687e-07 3.09318e-06 1.09744e-06 4.9322e-07 2.70287e-06 -4.39003e-06 -1.23563e-07 8.8428e-07 2.72452e-06 4.4926e-06 -8.81083e-07 -1.30109e-06 3.24247e-06 -2.87808e-08 2.78559e-06 -5.04216e-06 -6.73392e-07 -2.70709e-06 -9.44991e-07 3.13997e-06 -3.15672e-07 6.59039e-07 1.57458e-06 3.98771e-06 5.56159e-07 5.77204e-08 4.15342e-07 2.60447e-06 1.1424e-06 2.15637e-07 -1.37977e-06 2.29359e-06 -6.89729e-08 -3.31284e-08 2.43221e-06 -2.51598e-07 4.95663e-07 -5.08433e-06 1.13688e-06 5.98039e-06 2.99516e-08 -1.82064e-07 -6.11524e-07 -4.55159e-06 2.16563e-06 1.00542e-06 -9.17966e-07 -1.20325e-08 -5.34569e-08 -1.96336e-06 3.38159e-06 -7.15348e-07 4.62941e-07 2.63254e-07 -9.83621e-07 -1.91763e-06 4.75542e-06 7.23577e-06 3.55821e-06 6.21452e-06 3.98685e-06 1.13801e-06 7.78077e-06 -8.86564e-07 1.18446e-06 5.31074e-06 1.48162e-05 -2.28195e-07 -3.5968e-08 2.98199e-06 1.38853e-05 8.49486e-06 9.30593e-06 5.579e-06 6.77131e-06 2.63441e-06 1.95611e-07 -3.2392e-06 1.26705e-06 -1.35725e-07 -7.63978e-07 -4.6117e-06 3.71291e-07 1.03482e-06 -4.71823e-07 3.99481e-06 -1.02436e-06 -2.01132e-06 1.20573e-06 -2.90473e-07 8.80164e-06 6.50307e-08 -5.73351e-06 3.0054e-06 4.40485e-06 -2.04921e-06 2.55146e-06 -4.09786e-07 2.35496e-06 7.01493e-07 8.35397e-07 -7.71402e-06 -2.67023e-06 -1.44284e-06 1.52412e-06 7.84511e-08 1.66223e-06 5.38968e-06 -2.03739e-06 2.98163e-06 2.42182e-06 1.7554e-07 4.04974e-06 -1.35334e-06 -3.2796e-07 -3.56674e-06 8.76854e-06 7.17107e-06 2.20335e-06 -3.13706e-06 -2.89073e-06 -5.06376e-06 5.25351e-06 1.89169e-06 -1.80236e-06 4.81215e-06 3.99225e-07 4.98741e-06 -7.66497e-06 -1.44169e-05 -7.13426e-07 -4.544e-06 3.96036e-06 7.71882e-06 -7.59905e-06 3.85051e-07 1.2033e-06 5.25308e-07 -1.84261e-06 -5.43843e-06 -6.30435e-06 1.06524e-06 -3.01561e-06 2.94216e-06 2.90936e-06 -4.35178e-06 -1.11763e-05 -3.1941e-06 -4.08522e-06 -4.46148e-06 9.88229e-08 2.63048e-07 -1.58487e-06 7.93642e-06 -3.8562e-06 3.40323e-06 6.95735e-06 -4.09287e-07 -8.48366e-06 -3.34363e-06 2.65784e-06 -1.18163e-06 -2.31783e-06 -1.73827e-08 1.83163e-06 3.8647e-06 1.11798e-06 8.03175e-06 1.75595e-06 7.98514e-06 -7.09163e-06 -1.25062e-06 -3.97199e-06 5.85594e-06 -5.55912e-06 1.33777e-06 1.94599e-06 -1.24725e-06 -2.5483e-06 1.7128e-07 1.84474e-06 6.4863e-06 -6.24564e-06 -7.0489e-06 9.00481e-06 3.46694e-07 -2.7857e-06 -1.45024e-06 2.68342e-07 6.56631e-06 3.6239e-06 1.69047e-06 -3.37563e-06 6.66815e-07 2.36387e-06 4.17198e-06 2.57387e-06 -6.60982e-06 -6.75076e-06 -1.47546e-06 -3.01387e-06 -6.16747e-06 9.50695e-06 2.47563e-07 4.77304e-07 -5.38764e-06 5.65537e-06 1.72771e-06 1.21648e-06 3.47035e-06 -2.75008e-06 -2.03713e-07 -9.61226e-07 -2.88616e-06 -1.07179e-06 9.94312e-07 9.84242e-08 -8.61443e-08 9.11833e-07 -1.03424e-06 6.01056e-06 3.02668e-06 3.67457e-06 -4.68457e-07 -2.6746e-06 -1.02115e-06 6.28001e-06 -4.75651e-06 7.27147e-07 -1.76941e-06 4.05393e-06 1.79016e-06 1.47354e-06 -4.17546e-06 3.7524e-06 -1.76351e-06 5.23373e-06 -2.24911e-06 3.46146e-06 3.25583e-06 5.09483e-07 -3.07819e-06 4.43557e-06 6.78813e-07 3.27615e-06 2.172e-06 1.39832e-06 9.74558e-06 5.76109e-06 -1.02888e-06 7.98925e-06 5.33091e-06 1.11549e-05 6.15277e-06 9.5496e-07 1.09099e-06 1.52207e-07 1.97629e-06 -1.59572e-07 -2.24892e-06 5.13873e-06 1.1146e-06 4.3415e-07 2.25095e-06 3.43107e-07 6.77656e-07 2.44088e-06 6.17835e-06 -2.70475e-06 -2.36998e-06 -1.17009e-06 -2.1798e-06 -3.06207e-06 -4.05398e-07 5.76293e-06 -1.8538e-06 8.19938e-07 -1.75593e-06 4.51057e-06 -1.63738e-06 8.17897e-07 -2.11687e-06 -3.00099e-07 4.85032e-07 6.89081e-06 2.35282e-06 -1.48576e-06 1.07983e-06 -2.47543e-07 -1.44876e-06 -1.42723e-06 -9.20048e-06 2.03826e-06 5.91146e-06 1.88593e-06 -1.24696e-07 -2.39057e-06 6.21231e-07 1.97586e-06 -2.12165e-06 3.86465e-07 1.9148e-06 -1.77862e-06 6.04092e-06 4.00436e-06 2.40294e-07 2.92538e-06 2.06178e-06 4.36933e-07 3.05137e-06 -1.22042e-07 1.93618e-06 -3.64165e-06 -1.328e-06 1.15386e-06 4.21633e-06 -4.27535e-06 -4.99381e-06 -2.79818e-06 1.70879e-07 -5.98774e-06 -7.55428e-06 -5.77824e-06 -9.26004e-06 -1.63677e-05 -1.41805e-06 -1.83018e-05 -1.26686e-05 -1.0136e-05 -2.26267e-05 -1.4081e-05 -3.95951e-05 -3.4414e-05 -2.96104e-05 -2.48992e-05 -3.17199e-05 -2.40857e-05 -2.66568e-05 -3.45804e-05 -2.16512e-05 -3.03738e-05 1.19211e-06 3.00623e-06 4.47829e-06 -7.83083e-07 -1.4186e-06 2.28768e-06 2.9446e-06 1.09653e-07 5.87789e-07 1.14691e-06 1.37624e-06 1.4543e-06 4.63219e-06 -6.57219e-07 2.049e-06 4.64713e-06 -1.4494e-06 4.73402e-06 -1.42869e-06 5.82965e-06 1.59742e-06 4.8427e-06 8.27801e-07 3.86382e-06 2.07134e-06 3.08832e-06 2.19716e-06 2.75346e-08 1.99719e-06 2.15601e-06 5.05664e-07 2.61625e-06 1.58142e-06 5.13898e-06 1.88421e-06 4.13775e-06 -4.31364e-07 1.01084e-05 -6.36631e-06 1.13124e-05 1.52022e-06 5.47381e-06 2.52088e-06 7.68536e-06 5.95045e-07 7.48762e-06 2.05242e-06 5.4055e-06 5.1734e-06 5.1381e-06 2.40669e-06 5.05524e-06 5.33637e-06 6.54543e-06 5.63197e-06 1.78786e-06 8.77159e-06 6.18229e-06 4.37617e-06 1.2317e-05 -1.65125e-06 6.51786e-06 1.89361e-06 5.20942e-06 1.39621e-06 4.58226e-06 3.31751e-06 2.57014e-06 4.73967e-06 8.16345e-06 3.1006e-06 4.42082e-06 6.41249e-06 5.5332e-06 5.30248e-06 7.33041e-06 9.3371e-06 6.57537e-06 1.76697e-06 8.96341e-06 4.59777e-06 6.37259e-06 6.65632e-06 2.52478e-06 1.9914e-09 2.22963e-06 6.67419e-06 7.55622e-06 8.12698e-06 2.60961e-06 -2.24578e-08 8.70696e-07 -1.47218e-05 2.5962e-05 -5.41689e-06 4.10357e-05 -2.53334e-06 1.12736e-05 1.92573e-06 -8.14058e-06 3.26439e-07 -3.20392e-07 -6.16137e-09 4.64072e-09 -4.90233e-06 1.84404e-09 1.9937e-06 5.4858e-07 1.29002e-06 -4.73227e-06 6.01297e-07 -9.30239e-08 -1.75923e-06 -8.24735e-07 4.74336e-07 3.70942e-06 -1.67333e-06 -2.03346e-06 -6.45583e-08 1.00873e-06 -3.22634e-09 -1.02137e-06 2.24352e-07 1.65007e-10 4.48067e-06 -4.16188e-06 7.17279e-07 8.08947e-05 -2.07303e-06 -5.11337e-06 -3.42016e-06 -3.42858e-06 -1.60188e-06 -5.28234e-06 -6.93665e-06 8.18016e-07 -6.27982e-06 -1.7856e-06 -2.8079e-06 -2.97219e-06 -6.0048e-06 -2.254e-06 -2.52805e-06 -4.13653e-06 -3.19405e-06 -3.64489e-06 -4.49401e-06 -3.79478e-06 -7.88304e-07 -3.41019e-06 -2.34078e-06 3.91068e-06 4.77631e-06 -1.11952e-05 4.74425e-07 -2.41102e-05 -5.16029e-06 1.42292e-05 1.73466e-07 8.75359e-07 -2.59264e-06 -1.97993e-06 9.68227e-06 1.08595e-06 -4.00576e-06 -2.74278e-06 -3.05477e-06 -8.29879e-07 -2.66498e-06 9.36791e-07 -1.55943e-06 8.10829e-07 5.12184e-08 -9.80464e-07 2.75088e-06 -5.28275e-07 -3.91215e-06 -1.90392e-06 -2.78696e-06 -3.70676e-07 -8.09612e-07 -9.68345e-07 6.89249e-07 -7.03034e-07 -1.65732e-06 -2.93002e-07 -5.55831e-06 8.93759e-07 -1.79672e-06 -1.63606e-06 -1.31556e-07 -4.21657e-06 -1.45861e-08 1.7692e-07 5.27152e-06 -2.64633e-07 3.75942e-06 1.62063e-06 -1.20481e-06 8.08038e-07 6.9293e-06 4.7556e-07 7.7836e-06 -7.21341e-07 4.76758e-06 -6.08797e-07 -4.42069e-06 -5.71144e-07 2.14984e-06 -7.4036e-07 -2.37733e-06 6.9929e-07 -4.32154e-06 1.54208e-06 -5.18542e-06 9.19673e-07 4.13153e-06 -2.12574e-06 -1.94993e-06 5.40831e-07 1.6825e-06 -1.02248e-06 3.28735e-07 8.159e-06 1.67764e-06 -4.06308e-06 -5.18212e-06 1.3318e-07 2.95593e-06 -1.92683e-08 -3.36202e-06 -5.7273e-08 4.24632e-06 3.87831e-06 -4.22875e-06 -6.1788e-07 6.21187e-06 2.01728e-06 -5.97855e-06 -4.01933e-06 3.39714e-06 1.59262e-06 1.31452e-06 8.2899e-07 -8.28523e-07 1.06504e-07 -1.71534e-06 9.89638e-07 1.17256e-06 2.10364e-07 -3.12486e-06 8.11829e-07 3.07498e-06 -2.86613e-06 -1.92898e-06 -4.46692e-07 -9.05627e-07 2.29327e-06 -6.56481e-06 1.28478e-07 -1.50698e-06 2.06055e-06 -1.63496e-06 4.3553e-07 -4.43917e-07 -3.77574e-07 -4.99913e-07 -9.35473e-07 1.3394e-06 4.69057e-07 -8.02391e-07 -3.06722e-06 3.00519e-06 8.49456e-07 1.82091e-06 -7.69567e-07 -5.36853e-06 -2.85988e-06 4.89944e-06 -5.61472e-07 -4.38663e-06 -7.55129e-06 6.15168e-06 -1.15841e-06 2.3579e-06 1.22961e-06 -2.35379e-06 -1.12209e-06 5.52517e-06 1.36676e-06 2.44674e-06 -8.36904e-06 4.23743e-06 4.33408e-07 3.84244e-06 -6.81795e-07 -2.55049e-06 -1.54918e-06 1.05604e-06 -1.10621e-06 -2.4383e-06 -2.20696e-06 -1.90911e-10 -1.97379e-06 -6.93826e-07 -3.15521e-07 -5.91696e-07 6.62408e-07 -5.83724e-06 -1.47219e-06 1.40327e-06 2.56996e-06 1.11129e-06 -2.41974e-06 1.93659e-06 1.70303e-07 -1.32197e-06 -1.85052e-06 3.81031e-06 1.11981e-06 2.07642e-06 1.41757e-06 7.29065e-07 6.59904e-07 -1.53324e-07 -4.30245e-06 1.13634e-07 2.92721e-06 1.85335e-08 2.26719e-06 -3.23944e-07 2.61064e-06 1.01847e-06 -1.60378e-06 -1.87139e-06 -1.25871e-06 2.84357e-07 5.18937e-07 2.09023e-06 -7.70391e-07 -2.02971e-07 -4.35559e-06 -3.96265e-06 8.38871e-07 6.87914e-07 -2.3298e-06 -6.78784e-07 -1.66646e-06 -2.97277e-06 -2.79135e-08 -3.54476e-06 -1.04227e-06 3.40993e-06 4.90371e-06 1.83698e-07 -4.7975e-06 4.18387e-06 9.80967e-07 1.55894e-07 3.06653e-06 2.56384e-06 1.46599e-06 5.58196e-06 6.90842e-07 2.0147e-06 4.25514e-07 -1.51867e-06 -8.71653e-07 -3.86164e-06 1.41381e-06 2.50807e-06 -2.52964e-07 5.5452e-07 -1.8556e-07 -5.41758e-06 -2.10275e-06 5.10755e-07 7.45121e-07 5.30986e-06 -4.72303e-07 -1.85278e-05 0.000101429 -0.000303 -8.88073e-05 -3.8458e-05 -2.97047e-05 -6.77042e-06 -0.000142526 -5.85245e-05 -4.8002e-06 8.3607e-06

         1 -2.77956e-06
         2 -2.67047e-06
         3  1.10994e-06
         4  -3.2517e-07
         5  3.11388e-06
         6  2.57301e-07
         7 -3.61783e-10
         8   7.6883e-07
         9 -2.03578e-07
        10 -2.56794e-06
        11 -4.55427e-07
        12  2.83059e-08
        13 -5.92941e-07
        14   -1.173e-06
        15  5.73877e-06
        16 -2.58851e-06
        17  3.69632e-06
        18  1.63912e-09
        19 -1.93008e-06
        20 -6.68808e-06
        21  1.42103e-06
        22  1.28985e-06
        23 -3.77446e-10
        24  1.90569e-06
        25 -3.05349e-09
        26  3.87716e-10
        27  2.30052e-06
        28 -3.53942e-06
        29  4.17622e-06
        30  1.07403e-09
        31 -4.56019e-06
        32  4.85696e-09
        33 -1.17635e-09
        34 -1.84993e-06
        35  5.17083e-07
        36  4.57755e-09
        37 -1.84139e-06
        38  5.99202e-07
        39 -1.86623e-09
        40 -1.06733e-05
        41   7.3476e-06
        42  7.09975e-09
        43  1.24871e-09
        44 -8.79778e-09
        45 -3.59214e-07
        46 -7.62344e-07
        47   4.2725e-06
        48 -3.82077e-10
        49    3.604e-06
        50 -8.82202e-06
        51  1.86814e-06
        52 -3.74622e-08
        53  5.95275e-06
        54  7.92167e-10
        55    8.238e-09
        56 -9.98233e-10
        57  1.33877e-11
        58 -3.41274e-06
        59  1.33311e-06
        60   1.1198e-09
        61 -1.34225e-09
        62  6.24388e-07
        63  4.64662e-06
        64 -5.13753e-06
        65  1.62739e-06
        66  3.14919e-10
        67 -6.72866e-10
        68  3.55543e-09
        69  5.41624e-06
        70 -1.72639e-06
        71 -4.70557e-09
        72 -3.48407e-06
        73  3.46723e-06
        74 -1.72197e-11
        75  2.09601e-09
        76  1.47786e-06
        77 -1.55316e-09
        78  1.09424e-09
        79 -6.19173e-06
        80 -3.63175e-09
        81 -2.37518e-09
        82 -4.86546e-06
        83  1.98157e-06
        84  2.74396e-06
        85  1.63892e-06
        86  6.16379e-06
        87  4.97738e-06
        88  2.80404e-08
        89  1.12626e-06
        90  4.23988e-09
        91  6.63825e-10
        92 -7.07149e-09
        93 -1.39966e-06
        94 -2.11825e-06
        95 -2.94184e-09
        96   2.4936e-06
        97  4.87802e-17
        98 -1.64626e-07
        99 -1.25635e-06
       100 -5.32385e-06
       101  1.71681e-06
       102 -8.90492e-07
       103 -5.86153e-08
       104  4.38053e-07
       105  9.40625e-08
       106  1.13051e-06
       107  -1.5509e-06
       108  9.58977e-07
       109  6.10943e-08
       110  6.81332e-07
       111  2.44444e-06
       112  2.85586e-09
       113  7.83944e-07
       114  3.57047e-06
       115  2.69621e-06
       116  7.16551e-07
       117 -6.35082e-07
       118 -1.04901e-06
       119 -5.71555e-08
       120  -1.8138e-06
       121 -1.13421e-07
       122  9.76796e-07
       123   6.9525e-07
       124  6.54432e-07
       125  2.58222e-07
       126 -1.25652e-06
       127 -1.70398e-08
       128  3.51937e-06
       129  5.17963e-08
       130 -5.02799e-07
       131  3.42102e-07
       132  1.88521e-06
       133 -8.36142e-07
       134 -1.42213e-06
       135  5.62372e-07
       136  1.23055e-06
       137  1.02634e-06
       138  6.09422e-07
       139  -5.6792e-07
       140  1.90287e-06
       141  2.31333e-06
       142  5.61205e-07
       143  4.12339e-07
       144  8.63984e-06
       145  5.78621e-07
       146  3.69023e-07
       147  3.31831e-06
       148  1.33953e-05
       149  6.37619e-07
       150 -2.99367e-07
       151  6.00815e-07
       152  4.21813e-06
       153 -5.93685e-07
       154  4.40509e-07
       155 -6.63372e-07
       156  -2.2847e-06
       157 -8.80671e-08
       158 -1.90264e-08
       159 -3.05012e-07
       160  6.77137e-07
       161 -2.62914e-07
       162 -1.58658e-06
       163 -7.80897e-08
       164 -4.20657e-06
       165 -2.11797e-07
       166 -4.17582e-06
       167 -9.20433e-07
       168 -2.16712e-06
       169  1.42773e-07
       170  2.13166e-06
       171  1.27929e-07
       172  4.17892e-06
       173 -1.82793e-07
       174  2.09646e-08
       175 -1.12014e-07
       176 -2.98972e-06
       177  3.94274e-06
       178 -1.62144e-06
       179 -4.68663e-08
       180  -3.0473e-07
       181 -1.15123e-07
       182  3.00951e-07
       183 -3.44979e-07
       184 -6.57653e-07
       185 -2.04241e-06
       186  1.35343e-06
       187  6.67225e-08
       188 -6.74225e-07
       189  1.94434e-06
       190  3.66467e-07
       191  2.20303e-07
       192  5.49422e-06
       193 -1.01716e-06
       194  2.29163e-06
       195 -1.77204e-07
       196  1.52802e-06
       197  3.14668e-06
       198  2.37866e-06
       199  5.03885e-07
       200  5.89357e-06
       201 -1.43246e-06
       202 -2.34808e-06
       203  4.02934e-06
       204  3.24949e-06
       205  4.01302e-07
       206   7.8547e-07
       207  1.81594e-07
       208 -2.12171e-06
       209 -4.75545e-06
       210  6.83442e-06
       211   4.5188e-07
       212  2.62684e-06
       213   -1.214e-07
       214 -3.52072e-06
       215  5.01554e-07
       216 -7.99317e-07
       217  3.29524e-06
       218 -4.88054e-06
       219  -2.7216e-06
       220 -7.18278e-07
       221   1.9717e-08
       222  2.33022e-06
       223  4.54642e-07
       224 -4.16826e-06
       225 -3.17776e-07
       226 -1.49822e-06
       227 -7.24712e-07
       228   4.7284e-07
       229  8.76885e-08
       230 -3.24129e-06
       231  2.34155e-06
       232  7.24119e-08
       233 -1.43584e-06
       234 -2.02546e-08
       235  -5.8402e-06
       236  7.80254e-07
       237  4.77694e-08
       238  3.14474e-06
       239  3.33918e-06
       240  2.02413e-06
       241 -2.15768e-06
       242  2.42949e-06
       243  3.09118e-07
       244  9.84837e-07
       245 -3.88747e-08
       246 -1.58485e-09
       247 -1.34895e-06
       248 -2.75406e-06
       249 -1.14219e-07
       250  3.34013e-06
       251 -3.55233e-06
       252  1.07695e-06
       253 -1.89994e-07
       254 -2.54618e-06
       255  4.33776e-07
       256 -7.43781e-07
       257  1.18433e-06
       258  7.12805e-07
       259  1.59475e-07
       260 -4.07841e-06
       261  9.04015e-07
       262  9.28132e-07
       263 -1.51228e-07
       264   8.8463e-06
       265 -4.91432e-07
       266 -5.24633e-06
       267 -5.34972e-07
       268 -4.11193e-06
       269 -1.56204e-07
       270  1.45981e-08
       271  6.29783e-07
       272 -5.82319e-06
       273  4.65496e-07
       274 -1.53407e-06
       275 -1.46521e-06
       276 -9.53905e-07
       277 -1.54608e-06
       278   1.1555e-06
       279 -2.59674e-06
       280 -5.50058e-07
       281  3.12806e-07
       282 -6.21156e-06
       283  1.81771e-07
       284 -5.09716e-06
       285 -2.24617e-06
       286  2.78163e-09
       287  9.73553e-07
       288   3.8164e-07
       289  1.18549e-07
       290  2.97328e-06
       291 -1.45042e-06
       292  5.97537e-07
       293 -5.61587e-07
       294  2.11047e-07
       295  1.96609e-07
       296  4.34912e-16
       297  9.79419e-06
       298 -1.63344e-06
       299 -4.11967e-07
       300  4.02009e-06
       301  -2.0143e-06
       302  3.51189e-06
       303 -7.38615e-07
       304  6.87965e-07
       305 -7.84786e-07
       306  -1.6975e-06
       307  6.09752e-07
       308  5.51535e-07
       309  9.50085e-07
       310  -7.1822e-07
       311  6.77091e-07
       312  3.00315e-06
       313  1.39255e-06
       314 -2.18134e-06
       315 -1.13528e-06
       316 -1.10748e-06
       317  2.85119e-07
       318 -7.90669e-06
       319 -1.30753e-06
       320 -2.20556e-07
       321  3.91437e-06
       322  4.79569e-06
       323  5.39953e-07
       324 -3.14228e-06
       325 -8.61755e-07
       326  1.58514e-06
       327 -4.07252e-06
       328  1.75893e-06
       329 -1.76179e-06
       330 -1.55208e-07
       331  8.52923e-07
       332 -5.03644e-06
       333 -7.75664e-06
       334  5.46096e-06
       335    -1.13e-06
       336  2.42831e-06
       337 -1.84845e-06
       338 -1.28753e-06
       339 -2.57891e-06
       340  -1.4863e-06
       341  2.58636e-06
       342  2.55793e-07
       343  9.38984e-06
       344 -3.14089e-06
       345 -5.89114e-06
       346 -8.09809e-07
       347  1.20012e-06
       348 -3.80747e-07
       349  1.71825e-06
       350 -6.33318e-07
       351  7.01162e-06
       352  6.30947e-07
       353  1.03065e-06
       354 -2.98898e-06
       355  3.51473e-06
       356  5.98104e-06
       357 -4.58307e-06
       358 -2.49211e-06
       359 -1.24083e-06
       360 -3.43142e-06
       361 -7.53074e-06
       362 -8.84143e-08
       363 -3.67672e-06
       364  5.51348e-06
       365 -6.77008e-06
       366 -6.29047e-07
       367   1.1427e-06
       368 -1.63591e-06
       369  4.70609e-06
       370  2.14865e-06
       371   1.3872e-07
       372 -2.34319e-06
       373  2.97715e-06
       374 -3.37354e-06
       375 -1.15335e-06
       376 -3.85043e-06
       377  2.86698e-06
       378  4.32105e-07
       379 -5.61335e-06
       380  5.39436e-06
       381  6.89946e-06
       382   -1.511e-06
       383 -9.26997e-07
       384 -3.12102e-06
       385  2.06102e-06
       386 -1.18168e-06
       387 -6.95267e-06
       388  1.41322e-06
       389 -3.59878e-06
       390  6.64525e-08
       391 -7.77239e-07
       392  8.87652e-06
       393  7.25667e-06
       394  3.08134e-07
       395 -3.23642e-07
       396  7.47224e-06
       397  6.61834e-06
       398  5.50511e-06
       399  1.88938e-05
       400  1.49857e-06
       401  1.29022e-05
       402  3.46538e-08
       403  6.55797e-06
       404 -9.22032e-07
       405  -4.3384e-07
       406  6.83174e-06
       407 -6.12866e-06
       408  2.03874e-06
       409 -1.89752e-06
       410  2.40502e-06
       411 -1.47619e-07
       412 -1.46092e-06
       413 -5.36976e-06
       414  1.92345e-06
       415  2.83879e-06
       416  6.60858e-08
       417 -3.83516e-06
       418  3.13577e-07
       419 -1.63605e-06
       420  6.59194e-06
       421 -1.94855e-08
       422 -5.41032e-08
       423  -5.8926e-06
       424  2.10554e-06
       425 -2.16406e-06
       426  5.23415e-10
       427 -4.37849e-06
       428 -8.80149e-07
       429  2.92881e-06
       430 -3.52111e-07
       431  2.81698e-06
       432 -1.92471e-06
       433 -4.38612e-06
       434  2.47279e-07
       435 -4.33563e-06
       436 -2.77133e-06
       437  2.67127e-06
       438  7.51422e-09
       439 -5.22183e-06
       440 -2.14326e-06
       441   7.8902e-06
       442  4.13836e-06
       443  2.20936e-06
       444 -4.37974e-06
       445 -1.71696e-05
       446 -2.50641e-07
       447 -1.51842e-06
       448  -1.1228e-06
       449 -2.08912e-06
       450  4.03061e-10
       451 -1.96392e-06
       452  7.57004e-08
       453  3.73032e-08
       454  3.76915e-06
       455  2.29726e-06
       456  2.20479e-06
       457  3.57717e-06
       458  3.74411e-06
       459  1.59654e-06
       460  1.65151e-07
       461 -2.14915e-06
       462 -9.57276e-07
       463  5.34907e-06
       464 -5.67729e-06
       465  1.83055e-06
       466  2.33327e-10
       467  -8.6712e-06
       468  -1.2697e-06
       469 -4.31173e-06
       470  5.00426e-07
       471 -2.90162e-06
       472 -1.06043e-05
       473 -3.37427e-06
       474  6.12587e-10
       475  1.71993e-06
       476  -2.1256e-06
       477  2.60356e-06
       478   3.3732e-08
       479  2.94141e-06
       480  6.41243e-07
       481 -1.60307e-06
       482  1.36685e-06
       483  4.63286e-06
       484  1.02121e-06
       485  4.44458e-07
       486  4.12078e-06
       487 -2.46783e-06
       488 -1.86719e-06
       489  6.01475e-06
       490  5.73356e-07
       491   1.8336e-06
       492 -3.80385e-07
       493  1.02294e-06
       494  1.81579e-06
       495  4.56353e-17
       496  2.24329e-06
       497   2.6358e-06
       498 -1.95635e-06
       499 -8.92806e-07
       500  6.62265e-08
       501  6.18606e-07
       502  9.54953e-07
       503  6.47189e-07
       504  7.61459e-08
       505  1.44112e-06
       506 -9.21526e-08
       507 -5.09743e-07
       508  -7.8616e-07
       509  2.68897e-06
       510 -8.66734e-07
       511 -3.77818e-07
       512  6.50696e-06
       513 -9.59518e-07
       514  -1.1585e-06
       515  8.58154e-08
       516  1.90143e-06
       517 -1.43077e-06
       518  -1.6302e-06
       519 -2.40631e-06
       520  7.07204e-07
       521  1.40431e-07
       522  9.14082e-07
       523  3.80482e-07
       524 -4.90837e-07
       525  1.18197e-06
       526   7.5758e-08
       527 -6.38957e-07
       528 -1.27172e-06
       529  2.56798e-07
       530  1.61558e-06
       531 -2.15854e-06
       532 -9.96633e-07
       533 -1.64084e-06
       534   6.1977e-07
       535   3.8971e-07
       536  1.52377e-06
       537  1.72122e-06
       538  7.03065e-07
       539  3.15499e-06
       540  8.72434e-08
       541  3.53563e-06
       542 -5.56633e-06
       543 -2.41771e-07
       544 -2.01404e-06
       545  3.69905e-07
       546  4.22828e-08
       547 -3.28265e-07
       548  1.57937e-07
       549 -1.69525e-07
       550 -3.66487e-06
       551  -2.9636e-06
       552 -1.52884e-08
       553 -6.09393e-07
       554  1.28197e-07
       555  1.06311e-06
       556  2.90383e-06
       557 -8.51815e-07
       558  3.21224e-06
       559 -3.72623e-07
       560 -4.45661e-07
       561  6.05563e-07
       562  4.51835e-07
       563 -1.18538e-07
       564 -6.88376e-07
       565 -2.02233e-06
       566 -9.35224e-07
       567  4.66423e-07
       568  4.59529e-07
       569  1.62246e-06
       570  3.03201e-08
       571  8.35309e-07
       572 -1.16464e-06
       573 -9.47318e-07
       574 -1.25292e-06
       575   -9.462e-08
       576 -1.22346e-06
       577  1.24514e-06
       578 -1.54246e-07
       579  1.15358e-08
       580 -2.53591e-07
       581  -2.4567e-06
       582  -2.8349e-07
       583  5.77111e-07
       584 -5.19259e-07
       585 -6.44779e-07
       586  -6.8215e-07
       587  1.15828e-06
       588 -5.02731e-07
       589 -6.56808e-07
       590 -1.56901e-06
       591  1.91916e-06
       592 -5.01766e-06
       593 -2.03625e-07
       594   -1.078e-06
       595 -7.14616e-06
       596  -3.7863e-06
       597 -2.90297e-07
       598 -1.26565e-05
       599  2.47568e-06
       600  4.73359e-07
       601  7.24822e-07
       602  3.68378e-07
       603  4.33388e-07
       604  9.41022e-07
       605  2.36444e-08
       606  2.44754e-06
       607  7.70719e-07
       608  1.21594e-06
       609  5.37392e-07
       610 -2.85973e-07
       611 -2.47646e-07
       612 -2.18672e-07
       613  3.75834e-07
       614  -8.9869e-08
       615 -1.12999e-06
       616  3.51739e-07
       617 -1.39061e-07
       618 -5.22931e-07
       619  1.18625e-08
       620   3.8609e-07
       621 -3.30149e-07
       622  6.10289e-07
       623 -6.07393e-08
       624  9.45993e-07
       625 -9.69967e-07
       626 -5.30428e-07
       627 -2.15251e-07
       628 -8.91328e-08
       629   2.3316e-06
       630  2.80325e-07
       631 -1.10004e-06
       632  1.01463e-06
       633  1.19963e-06
       634  3.20605e-07
       635 -5.10138e-06
       636  2.50236e-07
       637 -3.12085e-07
       638 -2.08767e-07
       639 -3.61544e-06
       640 -3.74178e-07
       641 -1.08224e-06
       642  1.10233e-06
       643 -1.02896e-06
       644 -7.18681e-07
       645 -4.30745e-07
       646  1.66642e-07
       647  -5.7482e-09
       648  5.92425e-07
       649   2.0946e-07
       650 -5.55771e-07
       651 -1.19955e-06
       652 -2.96931e-07
       653 -8.38448e-07
       654 -1.00899e-06
       655 -2.49006e-07
       656  1.00904e-06
       657 -1.86346e-06
       658  2.19348e-06
       659 -3.45502e-06
       660 -2.02395e-06
       661   2.8604e-07
       662  1.67576e-07
       663 -5.71799e-08
       664 -3.35084e-06
       665 -6.67791e-07
       666  7.77445e-08
       667  3.48275e-08
       668  -3.7165e-07
       669  1.24787e-06
       670  7.76995e-07
       671  9.66833e-08
       672 -1.83655e-07
       673 -1.71038e-06
       674    1.093e-06
       675  9.28836e-07
       676 -2.05265e-07
       677 -4.67094e-07
       678  3.90474e-07
       679  -3.0244e-07
       680 -9.27312e-07
       681  5.40862e-07
       682  3.94114e-06
       683  1.17282e-06
       684  2.97724e-07
       685 -1.07296e-06
       686 -1.77863e-06
       687  4.83465e-07
       688  1.37805e-06
       689 -1.93073e-06
       690  1.63772e-06
       691 -2.88193e-06
       692  1.28489e-06
       693  4.05491e-07
       694  5.01802e-17
       695   2.9947e-07
       696 -8.11771e-07
       697 -1.12105e-06
       698  1.03004e-06
       699 -8.02998e-07
       700  3.87384e-07
       701  8.66444e-08
       702 -2.52272e-06
       703  8.06407e-08
       704  9.89075e-09
       705 -1.15092e-06
       706 -2.85702e-07
       707 -6.15998e-07
       708  1.64294e-06
       709 -6.82454e-07
       710 -5.22173e-07
       711  3.27545e-06
       712  2.03379e-07
       713  4.08113e-07
       714 -1.49564e-06
       715  1.05232e-07
       716 -7.97848e-07
       717  1.08278e-08
       718 -2.02318e-06
       719 -8.31733e-07
       720  2.66758e-07
       721 -1.45919e-07
       722 -5.40177e-07
       723  -8.4296e-07
       724  5.68651e-07
       725  1.52645e-06
       726 -1.05963e-07
       727  1.73033e-06
       728  3.60672e-06
       729  9.71975e-07
       730 -1.83116e-07
       731 -8.01646e-07
       732  1.36667e-06
       733 -1.77683e-06
       734  2.82555e-07
       735  3.89908e-08
       736 -3.94668e-07
       737  1.70914e-06
       738  8.74248e-07
       739 -1.34117e-07
       740 -3.24861e-07
       741 -2.03794e-06
       742 -3.80602e-07
       743 -3.74315e-07
       744 -6.54747e-07
       745 -3.84276e-06
       746 -4.01963e-06
       747 -2.51072e-07
       748  7.61838e-08
       749  1.12392e-06
       750 -2.86883e-07
       751 -1.85374e-06
       752 -7.35948e-07
       753  1.20804e-08
       754  1.58801e-07
       755  2.17236e-07
       756  3.32686e-07
       757 -5.89614e-07
       758 -6.19919e-07
       759 -7.44501e-08
       760 -9.96398e-07
       761 -9.89589e-07
       762 -1.27529e-07
       763 -7.10516e-08
       764   -4.795e-07
       765  2.50701e-06
       766 -4.85911e-07
       767  -2.4057e-07
       768  9.61498e-09
       769 -9.13608e-08
       770 -6.96556e-08
       771 -8.82731e-08
       772 -5.98985e-06
       773 -7.29639e-07
       774 -1.22767e-06
       775 -4.44289e-07
       776 -4.61865e-09
       777 -1.75589e-07
       778  1.48307e-06
       779  1.44371e-07
       780 -2.46714e-07
       781 -2.31028e-07
       782  8.24323e-08
       783  1.89582e-07
       784 -4.16524e-07
       785 -7.79596e-07
       786  1.29954e-06
       787  2.22338e-07
       788 -9.75704e-07
       789  1.47178e-06
       790  4.91952e-07
       791  1.92487e-07
       792  1.22825e-07
       793  2.02916e-07
       794  4.15413e-08
       795  8.85255e-07
       796  3.27499e-06
       797 -1.56368e-06
       798  4.13522e-06
       799  6.22563e-07
       800  4.34878e-07
       801  3.02401e-07
       802 -1.71037e-07
       803 -2.20965e-07
       804  1.72388e-07
       805 -2.27235e-07
       806  4.68523e-08
       807  1.37973e-07
       808  6.70132e-07
       809 -2.08133e-06
       810 -1.63638e-06
       811 -5.68658e-07
       812  7.06419e-07
       813 -1.55589e-08
       814 -7.42122e-07
       815  9.43871e-08
       816  7.79323e-07
       817 -5.21561e-07
       818 -3.26794e-07
       819  1.29823e-06
       820  7.31321e-08
       821  3.41614e-07
       822  7.46753e-07
       823  9.55932e-07
       824 -3.54934e-07
       825 -2.99578e-07
       826 -3.82245e-07
       827 -1.49977e-07
       828  8.93428e-07
       829  1.64195e-06
       830 -1.85161e-07
       831 -1.50212e-07
       832  4.00029e-07
       833 -1.10885e-08
       834 -1.10775e-06
       835 -3.00122e-08
       836 -4.04534e-07
       837 -1.12065e-08
       838 -8.49919e-07
       839 -8.63465e-07
       840 -1.87005e-06
       841 -7.27108e-07
       842 -1.28061e-06
       843 -2.05634e-07
       844  1.11834e-06
       845 -7.28811e-07
       846 -1.27099e-07
       847 -5.58557e-07
       848 -1.12976e-07
       849  2.31599e-06
       850 -2.82603e-07
       851  2.53661e-06
       852 -1.06524e-06
       853 -1.53431e-06
       854  5.31009e-07
       855  6.76535e-08
       856  2.97098e-07
       857 -1.10988e-06
       858  2.80524e-06
       859  1.62119e-07
       860  1.74462e-07
       861  5.93002e-06
       862 -7.20955e-07
       863 -3.43437e-07
       864 -2.40261e-07
       865 -3.33919e-07
       866 -2.87248e-06
       867 -2.47798e-06
       868 -8.36351e-07
       869   3.7318e-07
       870  9.26829e-07
       871  1.15969e-07
       872 -1.29828e-07
       873  2.67751e-07
       874  2.76276e-07
       875 -1.57785e-06
       876 -1.97454e-06
       877 -1.50081e-06
       878 -3.34295e-07
       879  2.03073e-07
       880 -1.21653e-07
       881  4.38464e-06
       882   6.5111e-07
       883  2.53213e-07
       884  4.37103e-07
       885  -3.7993e-06
       886 -4.24978e-11
       887  2.11854e-06
       888  -4.9594e-06
       889 -9.42084e-07
       890  1.58856e-07
       891 -1.15114e-07
       892 -4.62269e-08
       893  2.45864e-16
       894  1.32502e-06
       895 -1.86139e-06
       896  2.18518e-07
       897 -1.42201e-07
       898 -9.55529e-07
       899  1.02964e-06
       900 -1.34967e-09
       901  5.02345e-06
       902  3.89471e-07
       903 -2.59601e-08
       904 -2.11329e-06
       905  4.62685e-06
       906  1.58501e-07
       907 -1.55521e-07
       908  -7.3839e-07
       909 -2.69531e-07
       910  1.16479e-06
       911 -1.83735e-06
       912  5.49106e-07
       913 -6.76607e-07
       914 -2.12217e-06
       915  6.24074e-07
       916  4.32011e-07
       917  9.25595e-07
       918  5.56574e-07
       919  2.64222e-06
       920  2.75346e-06
       921 -3.05303e-06
       922  4.49311e-06
       923   3.0037e-07
       924 -3.02734e-10
       925  3.45043e-06
       926  6.20836e-08
       927   6.5686e-07
       928 -1.05184e-06
       929 -7.46852e-07
       930  3.05936e-07
       931 -3.29364e-06
       932  2.51499e-06
       933  3.47292e-06
       934  3.01576e-06
       935 -1.22398e-06
       936 -6.41983e-07
       937  2.73855e-06
       938 -2.77198e-06
       939  4.32506e-07
       940  1.07944e-06
       941 -4.56116e-07
       942  6.82335e-07
       943  2.26503e-06
       944  3.00139e-06
       945  1.64916e-06
       946 -8.87872e-10
       947  3.11338e-06
       948  -9.6651e-07
       949  3.69289e-07
       950 -1.63937e-08
       951  1.89424e-06
       952 -2.62891e-07
       953 -9.65581e-07
       954 -1.56023e-06
       955 -3.72913e-08
       956  5.25021e-06
       957  2.56336e-06
       958 -4.50657e-07
       959  5.10551e-07
       960 -2.40615e-07
       961  2.38796e-08
       962 -1.41385e-06
       963  6.77131e-06
       964  2.49752e-07
       965   7.4636e-07
       966  7.87767e-07
       967 -2.04297e-06
       968  7.14806e-08
       969 -1.62169e-06
       970  1.22795e-06
       971  1.27599e-06
       972  2.79423e-06
       973  1.17507e-06
       974 -3.06486e-06
       975  5.56862e-08
       976 -1.79443e-06
       977 -6.31944e-06
       978  -2.2711e-06
       979  9.18463e-07
       980 -8.12351e-06
       981  8.70073e-07
       982 -5.92092e-06
       983 -3.69704e-06
       984  3.50486e-06
       985   6.2802e-07
       986 -8.86406e-06
       987 -1.09396e-05
       988  8.24851e-07
       989 -2.13773e-05
       990 -1.07081e-05
       991 -1.52346e-05
       992 -1.03017e-05
       993 -4.77715e-06
       994 -1.02735e-05
       995 -3.02054e-05
       996  -3.3376e-06
       997 -1.07493e-05
       998 -3.82409e-05
       999 -3.65841e-06
      1000 -4.49321e-06
      1001 -3.91427e-06
      1002 -1.01207e-06
      1003  3.94316e-06
      1004  2.23813e-07
      1005  5.22622e-06
      1006  1.97085e-06
      1007  2.67187e-06
      1008  -4.8812e-07
      1009  5.38844e-06
      1010  2.32062e-06
      1011  6.13759e-07
      1012 -8.04562e-06
      1013 -3.96202e-06
      1014  1.03063e-05
      1015  7.07302e-06
      1016 -4.05978e-07
      1017 -4.12948e-06
      1018  3.02138e-06
      1019  2.14003e-06
      1020 -1.20901e-06
      1021 -6.31978e-06
      1022 -1.54853e-06
      1023  -6.2392e-06
      1024 -1.11742e-05
      1025 -3.60916e-06
      1026  3.41386e-06
      1027  1.66013e-06
      1028  6.15203e-06
      1029  2.31465e-06
      1030  6.05802e-06
      1031  8.55673e-06
      1032  3.23341e-06
      1033  2.54642e-06
      1034 -3.47503e-06
      1035 -1.93868e-06
      1036  2.11765e-06
      1037 -3.99619e-06
      1038  2.35989e-06
      1039  2.20877e-06
      1040  6.02323e-06
      1041  2.87705e-07
      1042 -2.01896e-06
      1043  8.98885e-06
      1044  3.12617e-06
      1045 -2.19664e-06
      1046 -2.05149e-06
      1047  4.06829e-06
      1048  -1.5077e-06
      1049 -1.08762e-06
      1050  1.51527e-06
      1051 -1.24872e-06
      1052   2.8532e-06
      1053 -6.70467e-06
      1054 -1.28547e-06
      1055 -4.26904e-06
      1056  2.83763e-06
      1057   1.3725e-06
      1058 -7.73542e-06
      1059  4.03249e-06
      1060 -4.26621e-06
      1061  4.12556e-06
      1062 -2.25941e-06
      1063   6.1797e-07
      1064 -7.65527e-06
      1065 -5.59545e-07
      1066  6.20721e-06
      1067  2.59417e-06
      1068 -3.31697e-06
      1069  4.51087e-06
      1070  1.91011e-07
      1071  9.45128e-08
      1072 -2.96813e-06
      1073 -2.08685e-06
      1074 -2.04384e-07
      1075  1.84736e-06
      1076  8.78449e-07
      1077  4.12623e-06
      1078 -8.69105e-07
      1079  5.05131e-06
      1080  6.04028e-06
      1081  3.14206e-06
      1082  4.53137e-06
      1083 -1.58354e-06
      1084  4.60306e-06
      1085  1.15938e-07
      1086  3.81179e-06
      1087 -3.62344e-06
      1088  2.39048e-06
      1089  2.34891e-06
      1090  2.12856e-06
      1091  3.93028e-06
      1092  5.22485e-16
      1093  1.04652e-05
      1094 -5.71085e-06
      1095  -8.1326e-07
      1096 -3.71125e-06
      1097  1.39236e-07
      1098  4.68363e-06
      1099  1.96872e-06
      1100 -1.55408e-06
      1101  2.01094e-06
      1102 -3.48826e-07
      1103 -3.13759e-06
      1104 -1.27671e-06
      1105   4.2042e-06
      1106  5.33953e-06
      1107 -3.79782e-06
      1108  1.97542e-06
      1109  2.44453e-06
      1110   2.3398e-06
      1111 -6.84993e-07
      1112 -5.53578e-07
      1113 -2.59575e-07
      1114  5.70956e-07
      1115  7.62987e-06
      1116 -3.14046e-06
      1117 -3.01839e-07
      1118 -1.46968e-06
      1119  3.87239e-06
      1120 -4.25065e-06
      1121  1.36819e-06
      1122  2.16156e-06
      1123  3.85009e-06
      1124  1.43037e-06
      1125  3.20317e-06
      1126 -5.33599e-07
      1127 -3.41289e-06
      1128  1.11964e-08
      1129 -2.99048e-07
      1130 -2.12192e-06
      1131 -4.01794e-06
      1132 -1.67664e-06
      1133  4.33394e-06
      1134 -1.50382e-06
      1135  2.35817e-06
      1136  1.30915e-06
      1137 -1.06952e-06
      1138  7.60562e-07
      1139 -3.35747e-06
      1140   1.2618e-06
      1141 -4.59155e-07
      1142 -1.69398e-05
      1143 -7.58247e-06
      1144 -3.57467e-07
      1145  2.09816e-06
      1146  2.48001e-07
      1147 -8.14037e-07
      1148 -1.32454e-07
      1149 -5.51423e-08
      1150  2.97312e-06
      1151 -1.31196e-06
      1152 -1.10876e-06
      1153  3.30383e-06
      1154 -6.25361e-06
      1155  2.62121e-06
      1156   3.9675e-06
      1157  2.99604e-06
      1158  4.00821e-06
      1159  1.72665e-06
      1160  5.21643e-06
      1161  3.05295e-07
      1162 -4.40414e-07
      1163 -3.43257e-07
      1164 -4.30391e-06
      1165  1.90921e-07
      1166  3.32987e-06
      1167 -7.70868e-07
      1168  1.34009e-06
      1169  2.54547e-06
      1170 -3.60959e-06
      1171  4.38376e-07
      1172 -3.67558e-07
      1173 -1.00407e-05
      1174 -4.68685e-06
      1175 -1.15412e-06
      1176 -1.01609e-06
      1177  3.02128e-07
      1178 -1.85267e-06
      1179 -3.31092e-06
      1180  6.65888e-06
      1181  1.29111e-06
      1182  2.44137e-06
      1183 -2.52119e-06
      1184 -4.39918e-06
      1185 -1.23907e-06
      1186 -5.96966e-06
      1187 -6.98078e-06
      1188 -3.27852e-07
      1189  4.46009e-06
      1190  5.26576e-07
      1191 -4.97235e-06
      1192  3.05616e-06
      1193 -1.18115e-06
      1194 -7.15129e-06
      1195 -1.62634e-05
      1196 -1.51692e-05
      1197 -2.27635e-06
      1198   3.0533e-06
      1199 -1.78917e-06
      1200 -2.29689e-06
      1201  -1.9103e-06
      1202  3.03106e-06
      1203  1.90417e-06
      1204  5.78942e-06
      1205  6.68949e-06
      1206 -2.76281e-06
      1207 -2.51176e-06
      1208  1.41174e-06
      1209   4.1682e-06
      1210  8.80047e-07
      1211 -6.20073e-07
      1212  6.29835e-07
      1213 -3.84672e-06
      1214  2.47249e-06
      1215 -6.48307e-07
      1216  5.44184e-06
      1217  1.14471e-06
      1218 -1.88548e-07
      1219  2.17588e-06
      1220 -1.87355e-06
      1221   -3.045e-06
      1222 -2.31646e-06
      1223  2.02663e-06
      1224 -4.37361e-06
      1225  3.05887e-07
      1226 -6.42313e-07
      1227  9.34541e-06
      1228   7.7249e-07
      1229  3.34093e-06
      1230  1.85075e-06
      1231  6.58021e-06
      1232  3.84017e-06
      1233 -9.04552e-08
      1234 -9.53667e-07
      1235  6.37071e-06
      1236 -4.50539e-06
      1237 -1.90524e-07
      1238  3.97888e-06
      1239  1.68421e-06
      1240  1.63082e-06
      1241  4.01427e-06
      1242 -4.60418e-06
      1243  3.85619e-07
      1244  1.77721e-06
      1245 -8.27456e-07
      1246 -7.80188e-07
      1247  9.63486e-06
      1248  2.36943e-06
      1249 -2.76452e-08
      1250  2.24176e-06
      1251 -7.93247e-07
      1252 -2.60244e-06
      1253  4.84863e-06
      1254  1.10002e-06
      1255  -2.6226e-06
      1256  -6.2495e-06
      1257   1.3693e-06
      1258 -3.24484e-06
      1259  1.19602e-06
      1260  6.00868e-06
      1261 -9.99807e-07
      1262  7.57306e-07
      1263 -4.54381e-06
      1264  6.02391e-06
      1265  4.71355e-06
      1266 -2.62014e-06
      1267 -6.17653e-07
      1268  6.68495e-06
      1269 -1.48488e-06
      1270 -9.15671e-07
      1271 -2.69047e-06
      1272  -3.7572e-06
      1273 -4.39422e-06
      1274 -3.52544e-06
      1275 -1.02171e-05
      1276 -4.34736e-06
      1277  9.89161e-06
      1278  3.03758e-06
      1279 -6.43276e-07
      1280 -1.03009e-06
      1281  1.35913e-06
      1282 -3.07063e-06
      1283  5.76835e-06
      1284  3.57425e-06
      1285  -8.7513e-06
      1286 -5.19837e-06
      1287  1.04444e-07
      1288  2.80102e-06
      1289 -1.21523e-06
      1290 -7.72844e-07
      1291  2.50423e-16
      1292  7.63196e-07
      1293 -1.08064e-06
      1294   3.3229e-06
      1295  3.01286e-06
      1296  6.26121e-06
      1297   -1.072e-07
      1298  1.79913e-06
      1299  4.97061e-09
      1300 -1.79897e-06
      1301 -2.94794e-07
      1302 -1.93806e-06
      1303  3.72338e-07
      1304 -1.22494e-06
      1305  1.82526e-06
      1306  6.15938e-07
      1307   -3.658e-07
      1308 -3.84751e-07
      1309 -1.00954e-06
      1310  6.40855e-07
      1311 -8.29906e-07
      1312 -1.48282e-06
      1313 -9.38199e-07
      1314  6.99252e-07
      1315 -7.87606e-07
      1316  3.26929e-07
      1317  -1.6391e-06
      1318  1.22902e-07
      1319 -9.97616e-07
      1320  2.83206e-06
      1321  5.78063e-06
      1322  2.39218e-06
      1323  3.47616e-07
      1324  1.55668e-06
      1325  5.16177e-07
      1326 -8.29842e-07
      1327 -4.64581e-07
      1328 -5.23738e-07
      1329  5.50678e-07
      1330 -1.19884e-06
      1331  -1.0799e-06
      1332  4.52698e-07
      1333 -1.70599e-08
      1334 -3.37176e-07
      1335  1.52199e-06
      1336 -7.01014e-07
      1337  1.75784e-06
      1338 -2.53341e-07
      1339 -5.05337e-07
      1340 -3.28088e-06
      1341 -1.84169e-06
      1342  -2.9683e-06
      1343  -1.2488e-06
      1344  3.12307e-06
      1345 -4.72766e-06
      1346  6.19595e-07
      1347  -2.6958e-06
      1348 -1.10512e-07
      1349   5.7088e-06
      1350  6.56774e-07
      1351  5.42187e-07
      1352 -1.15568e-06
      1353 -2.20518e-06
      1354 -9.03118e-08
      1355  8.33929e-08
      1356  1.74697e-07
      1357  2.23257e-07
      1358  8.68352e-07
      1359  4.43021e-07
      1360 -2.35336e-06
      1361  4.98913e-07
      1362  6.60574e-07
      1363 -1.91549e-06
      1364 -5.90631e-06
      1365  9.74762e-07
      1366 -8.35496e-07
      1367  1.60539e-07
      1368 -1.34938e-06
      1369 -5.69739e-06
      1370  5.83856e-06
      1371  1.05902e-06
      1372 -3.56613e-07
      1373 -2.39522e-06
      1374  1.87552e-07
      1375 -1.95119e-06
      1376  3.59159e-06
      1377  2.11776e-06
      1378  -1.0057e-06
      1379  3.64978e-06
      1380  6.86436e-06
      1381  2.69356e-06
      1382  2.54333e-06
      1383 -3.21271e-06
      1384  8.10132e-07
      1385  3.25682e-06
      1386  2.31496e-07
      1387  6.67795e-06
      1388  1.13013e-05
      1389  6.47976e-06
      1390  6.47892e-07
      1391  1.47269e-06
      1392  3.36696e-06
      1393  1.06549e-05
      1394  9.91739e-08
      1395  3.37583e-06
      1396  1.07573e-05
      1397  4.33293e-06
      1398  -5.2881e-06
      1399  3.37956e-07
      1400 -3.14916e-06
      1401 -2.04973e-07
      1402  3.41425e-07
      1403  1.27791e-06
      1404 -1.32586e-07
      1405 -3.68873e-06
      1406 -5.35717e-06
      1407 -3.34681e-06
      1408  5.97536e-06
      1409 -5.16895e-06
      1410 -1.42361e-06
      1411 -1.12509e-06
      1412 -1.95985e-06
      1413  6.26198e-07
      1414  1.45729e-09
      1415  6.37258e-07
      1416 -7.98098e-07
      1417   1.8705e-06
      1418 -4.39559e-06
      1419  3.95068e-07
      1420 -2.56739e-06
      1421  8.17954e-06
      1422  3.43188e-06
      1423  3.42925e-06
      1424 -1.48533e-06
      1425  7.65689e-06
      1426 -1.46512e-06
      1427 -4.24234e-07
      1428 -3.37224e-06
      1429 -6.62227e-07
      1430  1.51543e-07
      1431  1.37006e-06
      1432 -7.60954e-06
      1433 -6.36499e-06
      1434 -5.59319e-07
      1435  1.00596e-06
      1436 -3.64908e-07
      1437  3.86639e-06
      1438  5.91993e-07
      1439  6.11685e-07
      1440  2.90835e-06
      1441 -4.01082e-07
      1442 -2.88486e-06
      1443  3.15156e-06
      1444 -4.00549e-07
      1445 -9.42102e-08
      1446  5.44097e-06
      1447  1.34258e-07
      1448 -1.32513e-06
      1449 -5.18988e-06
      1450  1.35093e-06
      1451  1.66565e-06
      1452 -3.77865e-06
      1453  1.51916e-06
      1454  2.20933e-07
      1455 -2.87144e-06
      1456  5.78588e-06
      1457 -8.21573e-06
      1458   -2.518e-06
      1459  5.06058e-08
      1460  1.50847e-06
      1461  -8.2392e-07
      1462  1.08364e-06
      1463 -4.16638e-06
      1464  -6.9163e-07
      1465  1.81188e-06
      1466 -2.43777e-06
      1467 -7.07822e-07
      1468 -1.36401e-07
      1469  1.01765e-06
      1470 -2.99391e-06
      1471 -3.05891e-06
      1472 -2.05434e-06
      1473  3.14321e-06
      1474 -1.94852e-06
      1475  1.37484e-06
      1476 -1.17626e-06
      1477  1.80028e-06
      1478  6.24686e-08
      1479  2.25867e-06
      1480  1.52471e-07
      1481  -5.9463e-07
      1482 -8.12711e-07
      1483  2.23471e-06
      1484  -7.6708e-06
      1485 -1.88598e-07
      1486 -1.49146e-07
      1487  1.48017e-06
      1488  1.19387e-06
      1489  3.19237e-06
      1490  4.90256e-16
      1491  1.97728e-06
      1492 -2.36378e-07
      1493  6.76812e-07
      1494  2.84015e-06
      1495  2.27711e-06
      1496 -3.88584e-07
      1497  3.04191e-06
      1498 -6.78729e-07
      1499  2.85939e-09
      1500 -2.19559e-06
      1501 -5.40248e-06
      1502 -1.81921e-07
      1503  1.82144e-07
      1504  2.80247e-06
      1505 -1.51273e-06
      1506   6.0398e-07
      1507   2.0534e-06
      1508  4.71325e-07
      1509 -4.88628e-07
      1510  1.02446e-07
      1511 -3.47081e-06
      1512  -1.8754e-05
      1513  6.32167e-07
      1514  2.70892e-06
      1515 -1.96504e-06
      1516 -1.38931e-06
      1517  1.24958e-06
      1518 -1.16736e-06
      1519  2.57092e-06
      1520  5.96734e-06
      1521  3.90755e-06
      1522 -1.09687e-07
      1523  3.09318e-06
      1524  1.09744e-06
      1525   4.9322e-07
      1526  2.70287e-06
      1527 -4.39003e-06
      1528 -1.23563e-07
      1529   8.8428e-07
      1530  2.72452e-06
      1531   4.4926e-06
      1532 -8.81083e-07
      1533 -1.30109e-06
      1534  3.24247e-06
      1535 -2.87808e-08
      1536  2.78559e-06
      1537 -5.04216e-06
      1538 -6.73392e-07
      1539 -2.70709e-06
      1540 -9.44991e-07
      1541  3.13997e-06
      1542 -3.15672e-07
      1543  6.59039e-07
      1544  1.57458e-06
      1545  3.98771e-06
      1546  5.56159e-07
      1547  5.77204e-08
      1548  4.15342e-07
      1549  2.60447e-06
      1550   1.1424e-06
      1551  2.15637e-07
      1552 -1.37977e-06
      1553  2.29359e-06
      1554 -6.89729e-08
      1555 -3.31284e-08
      1556  2.43221e-06
      1557 -2.51598e-07
      1558  4.95663e-07
      1559 -5.08433e-06
      1560  1.13688e-06
      1561  5.98039e-06
      1562  2.99516e-08
      1563 -1.82064e-07
      1564 -6.11524e-07
      1565 -4.55159e-06
      1566  2.16563e-06
      1567  1.00542e-06
      1568 -9.17966e-07
      1569 -1.20325e-08
      1570 -5.34569e-08
      1571 -1.96336e-06
      1572  3.38159e-06
      1573 -7.15348e-07
      1574  4.62941e-07
      1575  2.63254e-07
      1576 -9.83621e-07
      1577 -1.91763e-06
      1578  4.75542e-06
      1579  7.23577e-06
      1580  3.55821e-06
      1581  6.21452e-06
      1582  3.98685e-06
      1583  1.13801e-06
      1584  7.78077e-06
      1585 -8.86564e-07
      1586  1.18446e-06
      1587  5.31074e-06
      1588  1.48162e-05
      1589 -2.28195e-07
      1590  -3.5968e-08
      1591  2.98199e-06
      1592  1.38853e-05
      1593  8.49486e-06
      1594  9.30593e-06
      1595    5.579e-06
      1596  6.77131e-06
      1597  2.63441e-06
      1598  1.95611e-07
      1599  -3.2392e-06
      1600  1.26705e-06
      1601 -1.35725e-07
      1602 -7.63978e-07
      1603  -4.6117e-06
      1604  3.71291e-07
      1605  1.03482e-06
      1606 -4.71823e-07
      1607  3.99481e-06
      1608 -1.02436e-06
      1609 -2.01132e-06
      1610  1.20573e-06
      1611 -2.90473e-07
      1612  8.80164e-06
      1613  6.50307e-08
      1614 -5.73351e-06
      1615   3.0054e-06
      1616  4.40485e-06
      1617 -2.04921e-06
      1618  2.55146e-06
      1619 -4.09786e-07
      1620  2.35496e-06
      1621  7.01493e-07
      1622  8.35397e-07
      1623 -7.71402e-06
      1624 -2.67023e-06
      1625 -1.44284e-06
      1626  1.52412e-06
      1627  7.84511e-08
      1628  1.66223e-06
      1629  5.38968e-06
      1630 -2.03739e-06
      1631  2.98163e-06
      1632  2.42182e-06
      1633   1.7554e-07
      1634  4.04974e-06
      1635 -1.35334e-06
      1636  -3.2796e-07
      1637 -3.56674e-06
      1638  8.76854e-06
      1639  7.17107e-06
      1640  2.20335e-06
      1641 -3.13706e-06
      1642 -2.89073e-06
      1643 -5.06376e-06
      1644  5.25351e-06
      1645  1.89169e-06
      1646 -1.80236e-06
      1647  4.81215e-06
      1648  3.99225e-07
      1649  4.98741e-06
      1650 -7.66497e-06
      1651 -1.44169e-05
      1652 -7.13426e-07
      1653   -4.544e-06
      1654  3.96036e-06
      1655  7.71882e-06
      1656 -7.59905e-06
      1657  3.85051e-07
      1658   1.2033e-06
      1659  5.25308e-07
      1660 -1.84261e-06
      1661 -5.43843e-06
      1662 -6.30435e-06
      1663  1.06524e-06
      1664 -3.01561e-06
      1665  2.94216e-06
      1666  2.90936e-06
      1667 -4.35178e-06
      1668 -1.11763e-05
      1669  -3.1941e-06
      1670 -4.08522e-06
      1671 -4.46148e-06
      1672  9.88229e-08
      1673  2.63048e-07
      1674 -1.58487e-06
      1675  7.93642e-06
      1676  -3.8562e-06
      1677  3.40323e-06
      1678  6.95735e-06
      1679 -4.09287e-07
      1680 -8.48366e-06
      1681 -3.34363e-06
      1682  2.65784e-06
      1683 -1.18163e-06
      1684 -2.31783e-06
      1685 -1.73827e-08
      1686  1.83163e-06
      1687   3.8647e-06
      1688  1.11798e-06
      1689  8.03175e-06
      1690  1.75595e-06
      1691  7.98514e-06
      1692 -7.09163e-06
      1693 -1.25062e-06
      1694 -3.97199e-06
      1695  5.85594e-06
      1696 -5.55912e-06
      1697  1.33777e-06
      1698  1.94599e-06
      1699 -1.24725e-06
      1700  -2.5483e-06
      1701   1.7128e-07
      1702  1.84474e-06
      1703   6.4863e-06
      1704 -6.24564e-06
      1705  -7.0489e-06
      1706  9.00481e-06
      1707  3.46694e-07
      1708  -2.7857e-06
      1709 -1.45024e-06
      1710  2.68342e-07
      1711  6.56631e-06
      1712   3.6239e-06
      1713  1.69047e-06
      1714 -3.37563e-06
      1715  6.66815e-07
      1716  2.36387e-06
      1717  4.17198e-06
      1718  2.57387e-06
      1719 -6.60982e-06
      1720 -6.75076e-06
      1721 -1.47546e-06
      1722 -3.01387e-06
      1723 -6.16747e-06
      1724  9.50695e-06
      1725  2.47563e-07
      1726  4.77304e-07
      1727 -5.38764e-06
      1728  5.65537e-06
      1729  1.72771e-06
      1730  1.21648e-06
      1731  3.47035e-06
      1732 -2.75008e-06
      1733 -2.03713e-07
      1734 -9.61226e-07
      1735 -2.88616e-06
      1736 -1.07179e-06
      1737  9.94312e-07
      1738  9.84242e-08
      1739 -8.61443e-08
      1740  9.11833e-07
      1741 -1.03424e-06
      1742  6.01056e-06
      1743  3.02668e-06
      1744  3.67457e-06
      1745 -4.68457e-07
      1746  -2.6746e-06
      1747 -1.02115e-06
      1748  6.28001e-06
      1749 -4.75651e-06
      1750  7.27147e-07
      1751 -1.76941e-06
      1752  4.05393e-06
      1753  1.79016e-06
      1754  1.47354e-06
      1755 -4.17546e-06
      1756   3.7524e-06
      1757 -1.76351e-06
      1758  5.23373e-06
      1759 -2.24911e-06
      1760  3.46146e-06
      1761  3.25583e-06
      1762  5.09483e-07
      1763 -3.07819e-06
      1764  4.43557e-06
      1765  6.78813e-07
      1766  3.27615e-06
      1767    2.172e-06
      1768  1.39832e-06
      1769  9.74558e-06
      1770  5.76109e-06
      1771 -1.02888e-06
      1772  7.98925e-06
      1773  5.33091e-06
      1774  1.11549e-05
      1775  6.15277e-06
      1776   9.5496e-07
      1777  1.09099e-06
      1778  1.52207e-07
      1779  1.97629e-06
      1780 -1.59572e-07
      1781 -2.24892e-06
      1782  5.13873e-06
      1783   1.1146e-06
      1784   4.3415e-07
      1785  2.25095e-06
      1786  3.43107e-07
      1787  6.77656e-07
      1788  2.44088e-06
      1789  6.17835e-06
      1790 -2.70475e-06
      1791 -2.36998e-06
      1792 -1.17009e-06
      1793  -2.1798e-06
      1794 -3.06207e-06
      1795 -4.05398e-07
      1796  5.76293e-06
      1797  -1.8538e-06
      1798  8.19938e-07
      1799 -1.75593e-06
      1800  4.51057e-06
      1801 -1.63738e-06
      1802  8.17897e-07
      1803 -2.11687e-06
      1804 -3.00099e-07
      1805  4.85032e-07
      1806  6.89081e-06
      1807  2.35282e-06
      1808 -1.48576e-06
      1809  1.07983e-06
      1810 -2.47543e-07
      1811 -1.44876e-06
      1812 -1.42723e-06
      1813 -9.20048e-06
      1814  2.03826e-06
      1815  5.91146e-06
      1816  1.88593e-06
      1817 -1.24696e-07
      1818 -2.39057e-06
      1819  6.21231e-07
      1820  1.97586e-06
      1821 -2.12165e-06
      1822  3.86465e-07
      1823   1.9148e-06
      1824 -1.77862e-06
      1825  6.04092e-06
      1826  4.00436e-06
      1827  2.40294e-07
      1828  2.92538e-06
      1829  2.06178e-06
      1830  4.36933e-07
      1831  3.05137e-06
      1832 -1.22042e-07
      1833  1.93618e-06
      1834 -3.64165e-06
      1835   -1.328e-06
      1836  1.15386e-06
      1837  4.21633e-06
      1838 -4.27535e-06
      1839 -4.99381e-06
      1840 -2.79818e-06
      1841  1.70879e-07
      1842 -5.98774e-06
      1843 -7.55428e-06
      1844 -5.77824e-06
      1845 -9.26004e-06
      1846 -1.63677e-05
      1847 -1.41805e-06
      1848 -1.83018e-05
      1849 -1.26686e-05
      1850  -1.0136e-05
      1851 -2.26267e-05
      1852  -1.4081e-05
      1853 -3.95951e-05
      1854  -3.4414e-05
      1855 -2.96104e-05
      1856 -2.48992e-05
      1857 -3.17199e-05
      1858 -2.40857e-05
      1859 -2.66568e-05
      1860 -3.45804e-05
      1861 -2.16512e-05
      1862 -3.03738e-05
      1863  1.19211e-06
      1864  3.00623e-06
      1865  4.47829e-06
      1866 -7.83083e-07
      1867  -1.4186e-06
      1868  2.28768e-06
      1869   2.9446e-06
      1870  1.09653e-07
      1871  5.87789e-07
      1872  1.14691e-06
      1873  1.37624e-06
      1874   1.4543e-06
      1875  4.63219e-06
      1876 -6.57219e-07
      1877    2.049e-06
      1878  4.64713e-06
      1879  -1.4494e-06
      1880  4.73402e-06
      1881 -1.42869e-06
      1882  5.82965e-06
      1883  1.59742e-06
      1884   4.8427e-06
      1885  8.27801e-07
      1886  3.86382e-06
      1887  2.07134e-06
      1888  3.08832e-06
      1889  2.19716e-06
      1890  2.75346e-08
      1891  1.99719e-06
      1892  2.15601e-06
      1893  5.05664e-07
      1894  2.61625e-06
      1895  1.58142e-06
      1896  5.13898e-06
      1897  1.88421e-06
      1898  4.13775e-06
      1899 -4.31364e-07
      1900  1.01084e-05
      1901 -6.36631e-06
      1902  1.13124e-05
      1903  1.52022e-06
      1904  5.47381e-06
      1905  2.52088e-06
      1906  7.68536e-06
      1907  5.95045e-07
      1908  7.48762e-06
      1909  2.05242e-06
      1910   5.4055e-06
      1911   5.1734e-06
      1912   5.1381e-06
      1913  2.40669e-06
      1914  5.05524e-06
      1915  5.33637e-06
      1916  6.54543e-06
      1917  5.63197e-06
      1918  1.78786e-06
      1919  8.77159e-06
      1920  6.18229e-06
      1921  4.37617e-06
      1922   1.2317e-05
      1923 -1.65125e-06
      1924  6.51786e-06
      1925  1.89361e-06
      1926  5.20942e-06
      1927  1.39621e-06
      1928  4.58226e-06
      1929  3.31751e-06
      1930  2.57014e-06
      1931  4.73967e-06
      1932  8.16345e-06
      1933   3.1006e-06
      1934  4.42082e-06
      1935  6.41249e-06
      1936   5.5332e-06
      1937  5.30248e-06
      1938  7.33041e-06
      1939   9.3371e-06
      1940  6.57537e-06
      1941  1.76697e-06
      1942  8.96341e-06
      1943  4.59777e-06
      1944  6.37259e-06
      1945  6.65632e-06
      1946  2.52478e-06
      1947   1.9914e-09
      1948  2.22963e-06
      1949  6.67419e-06
      1950  7.55622e-06
      1951  8.12698e-06
      1952  2.60961e-06
      1953 -2.24578e-08
      1954  8.70696e-07
      1955 -1.47218e-05
      1956   2.5962e-05
      1957 -5.41689e-06
      1958  4.10357e-05
      1959 -2.53334e-06
      1960  1.12736e-05
      1961  1.92573e-06
      1962 -8.14058e-06
      1963  3.26439e-07
      1964 -3.20392e-07
      1965 -6.16137e-09
      1966  4.64072e-09
      1967 -4.90233e-06
      1968  1.84404e-09
      1969   1.9937e-06
      1970   5.4858e-07
      1971  1.29002e-06
      1972 -4.73227e-06
      1973  6.01297e-07
      1974 -9.30239e-08
      1975 -1.75923e-06
      1976 -8.24735e-07
      1977  4.74336e-07
      1978  3.70942e-06
      1979 -1.67333e-06
      1980 -2.03346e-06
      1981 -6.45583e-08
      1982  1.00873e-06
      1983 -3.22634e-09
      1984 -1.02137e-06
      1985  2.24352e-07
      1986  1.65007e-10
      1987  4.48067e-06
      1988 -4.16188e-06
      1989  7.17279e-07
      1990  8.08947e-05
      1991 -2.07303e-06
      1992 -5.11337e-06
      1993 -3.42016e-06
      1994 -3.42858e-06
      1995 -1.60188e-06
      1996 -5.28234e-06
      1997 -6.93665e-06
      1998  8.18016e-07
      1999 -6.27982e-06
      2000  -1.7856e-06
      2001  -2.8079e-06
      2002 -2.97219e-06
      2003  -6.0048e-06
      2004   -2.254e-06
      2005 -2.52805e-06
      2006 -4.13653e-06
      2007 -3.19405e-06
      2008 -3.64489e-06
      2009 -4.49401e-06
      2010 -3.79478e-06
      2011 -7.88304e-07
      2012 -3.41019e-06
      2013 -2.34078e-06
      2014  3.91068e-06
      2015  4.77631e-06
      2016 -1.11952e-05
      2017  4.74425e-07
      2018 -2.41102e-05
      2019 -5.16029e-06
      2020  1.42292e-05
      2021  1.73466e-07
      2022  8.75359e-07
      2023 -2.59264e-06
      2024 -1.97993e-06
      2025  9.68227e-06
      2026  1.08595e-06
      2027 -4.00576e-06
      2028 -2.74278e-06
      2029 -3.05477e-06
      2030 -8.29879e-07
      2031 -2.66498e-06
      2032  9.36791e-07
      2033 -1.55943e-06
      2034  8.10829e-07
      2035  5.12184e-08
      2036 -9.80464e-07
      2037  2.75088e-06
      2038 -5.28275e-07
      2039 -3.91215e-06
      2040 -1.90392e-06
      2041 -2.78696e-06
      2042 -3.70676e-07
      2043 -8.09612e-07
      2044 -9.68345e-07
      2045  6.89249e-07
      2046 -7.03034e-07
      2047 -1.65732e-06
      2048 -2.93002e-07
      2049 -5.55831e-06
      2050  8.93759e-07
      2051 -1.79672e-06
      2052 -1.63606e-06
      2053 -1.31556e-07
      2054 -4.21657e-06
      2055 -1.45861e-08
      2056   1.7692e-07
      2057  5.27152e-06
      2058 -2.64633e-07
      2059  3.75942e-06
      2060  1.62063e-06
      2061 -1.20481e-06
      2062  8.08038e-07
      2063   6.9293e-06
      2064   4.7556e-07
      2065   7.7836e-06
      2066 -7.21341e-07
      2067  4.76758e-06
      2068 -6.08797e-07
      2069 -4.42069e-06
      2070 -5.71144e-07
      2071  2.14984e-06
      2072  -7.4036e-07
      2073 -2.37733e-06
      2074   6.9929e-07
      2075 -4.32154e-06
      2076  1.54208e-06
      2077 -5.18542e-06
      2078  9.19673e-07
      2079  4.13153e-06
      2080 -2.12574e-06
      2081 -1.94993e-06
      2082  5.40831e-07
      2083   1.6825e-06
      2084 -1.02248e-06
      2085  3.28735e-07
      2086    8.159e-06
      2087  1.67764e-06
      2088 -4.06308e-06
      2089 -5.18212e-06
      2090   1.3318e-07
      2091  2.95593e-06
      2092 -1.92683e-08
      2093 -3.36202e-06
      2094  -5.7273e-08
      2095  4.24632e-06
      2096  3.87831e-06
      2097 -4.22875e-06
      2098  -6.1788e-07
      2099  6.21187e-06
      2100  2.01728e-06
      2101 -5.97855e-06
      2102 -4.01933e-06
      2103  3.39714e-06
      2104  1.59262e-06
      2105  1.31452e-06
      2106   8.2899e-07
      2107 -8.28523e-07
      2108  1.06504e-07
      2109 -1.71534e-06
      2110  9.89638e-07
      2111  1.17256e-06
      2112  2.10364e-07
      2113 -3.12486e-06
      2114  8.11829e-07
      2115  3.07498e-06
      2116 -2.86613e-06
      2117 -1.92898e-06
      2118 -4.46692e-07
      2119 -9.05627e-07
      2120  2.29327e-06
      2121 -6.56481e-06
      2122  1.28478e-07
      2123 -1.50698e-06
      2124  2.06055e-06
      2125 -1.63496e-06
      2126   4.3553e-07
      2127 -4.43917e-07
      2128 -3.77574e-07
      2129 -4.99913e-07
      2130 -9.35473e-07
      2131   1.3394e-06
      2132  4.69057e-07
      2133 -8.02391e-07
      2134 -3.06722e-06
      2135  3.00519e-06
      2136  8.49456e-07
      2137  1.82091e-06
      2138 -7.69567e-07
      2139 -5.36853e-06
      2140 -2.85988e-06
      2141  4.89944e-06
      2142 -5.61472e-07
      2143 -4.38663e-06
      2144 -7.55129e-06
      2145  6.15168e-06
      2146 -1.15841e-06
      2147   2.3579e-06
      2148  1.22961e-06
      2149 -2.35379e-06
      2150 -1.12209e-06
      2151  5.52517e-06
      2152  1.36676e-06
      2153  2.44674e-06
      2154 -8.36904e-06
      2155  4.23743e-06
      2156  4.33408e-07
      2157  3.84244e-06
      2158 -6.81795e-07
      2159 -2.55049e-06
      2160 -1.54918e-06
      2161  1.05604e-06
      2162 -1.10621e-06
      2163  -2.4383e-06
      2164 -2.20696e-06
      2165 -1.90911e-10
      2166 -1.97379e-06
      2167 -6.93826e-07
      2168 -3.15521e-07
      2169 -5.91696e-07
      2170  6.62408e-07
      2171 -5.83724e-06
      2172 -1.47219e-06
      2173  1.40327e-06
      2174  2.56996e-06
      2175  1.11129e-06
      2176 -2.41974e-06
      2177  1.93659e-06
      2178  1.70303e-07
      2179 -1.32197e-06
      2180 -1.85052e-06
      2181  3.81031e-06
      2182  1.11981e-06
      2183  2.07642e-06
      2184  1.41757e-06
      2185  7.29065e-07
      2186  6.59904e-07
      2187 -1.53324e-07
      2188 -4.30245e-06
      2189  1.13634e-07
      2190  2.92721e-06
      2191  1.85335e-08
      2192  2.26719e-06
      2193 -3.23944e-07
      2194  2.61064e-06
      2195  1.01847e-06
      2196 -1.60378e-06
      2197 -1.87139e-06
      2198 -1.25871e-06
      2199  2.84357e-07
      2200  5.18937e-07
      2201  2.09023e-06
      2202 -7.70391e-07
      2203 -2.02971e-07
      2204 -4.35559e-06
      2205 -3.96265e-06
      2206  8.38871e-07
      2207  6.87914e-07
      2208  -2.3298e-06
      2209 -6.78784e-07
      2210 -1.66646e-06
      2211 -2.97277e-06
      2212 -2.79135e-08
      2213 -3.54476e-06
      2214 -1.04227e-06
      2215  3.40993e-06
      2216  4.90371e-06
      2217  1.83698e-07
      2218  -4.7975e-06
      2219  4.18387e-06
      2220  9.80967e-07
      2221  1.55894e-07
      2222  3.06653e-06
      2223  2.56384e-06
      2224  1.46599e-06
      2225  5.58196e-06
      2226  6.90842e-07
      2227   2.0147e-06
      2228  4.25514e-07
      2229 -1.51867e-06
      2230 -8.71653e-07
      2231 -3.86164e-06
      2232  1.41381e-06
      2233  2.50807e-06
      2234 -2.52964e-07
      2235   5.5452e-07
      2236  -1.8556e-07
      2237 -5.41758e-06
      2238 -2.10275e-06
      2239  5.10755e-07
      2240  7.45121e-07
      2241  5.30986e-06
      2242 -4.72303e-07
      2243 -1.85278e-05
      2244  0.000101429
      2245    -0.000303
      2246 -8.88073e-05
      2247  -3.8458e-05
      2248 -2.97047e-05
      2249 -6.77042e-06
      2250 -0.000142526
      2251 -5.85245e-05
      2252  -4.8002e-06
      2253   8.3607e-06
