 Actual and kludged survival report
  Actual/Kludged Season  Mvmnt_period  Region  Survival 
Actual  1   1   1 0.62094 0.632582 0.642536 0.666662 0.690834 0.694039 0.682473 0.664825 0.649512 0.642008 0.644072 0.656643 0.679143 0.704673 0.724827 0.732939
Kludge  1   1   1 0.568206 0.57899 0.604358 0.634019 0.658993 0.671888 0.668267 0.652828 0.632522 0.61521 0.609687 0.621776 0.645059 0.670505 0.690431 0.698438
Actual  1   1   2 0.621117 0.634632 0.663776 0.692764 0.708847 0.707134 0.693688 0.675433 0.660073 0.65278 0.655185 0.668201 0.691239 0.717295 0.73783 0.746089
Kludge  1   1   2 0.607974 0.617755 0.640572 0.666879 0.688459 0.698553 0.693045 0.676493 0.655789 0.638937 0.634952 0.649539 0.67544 0.702885 0.723938 0.732295
Actual  1   1   3 0.620769 0.629497 0.607947 0.634355 0.674392 0.682177 0.669898 0.650413 0.63322 0.624057 0.624694 0.635971 0.657216 0.681655 0.701078 0.708925
Kludge  1   1   3 0.619373 0.625576 0.640065 0.656789 0.670266 0.675591 0.66966 0.656118 0.640516 0.629043 0.628345 0.642393 0.665242 0.689073 0.707344 0.714607
Actual  1   1   4 0.621101 0.63439 0.661043 0.689904 0.707192 0.705947 0.692563 0.674252 0.658804 0.651421 0.65374 0.666672 0.689624 0.715603 0.736085 0.744324
Kludge  1   1   4 0.628959 0.637269 0.656611 0.678824 0.696813 0.704586 0.698433 0.682612 0.663631 0.64903 0.647164 0.663076 0.689456 0.716792 0.737513 0.745684
Actual  1   1   5 0.609496 0.549712 0.570569 0.652027 0.682295 0.688804 0.679426 0.66245 0.645865 0.635743 0.634703 0.644399 0.664607 0.688598 0.708015 0.71594
Kludge  1   1   5 0.579651 0.59062 0.616489 0.646882 0.672829 0.687099 0.685481 0.672583 0.655056 0.64032 0.63663 0.649354 0.672261 0.696776 0.715754 0.723332
Actual  1   1   6 0.621004 0.633015 0.637402 0.642809 0.67105 0.684619 0.679956 0.666182 0.6531 0.646972 0.649948 0.663184 0.686219 0.712164 0.732573 0.740772
Kludge  1   1   6 0.614648 0.621156 0.636517 0.6546 0.669863 0.677422 0.674284 0.664068 0.652134 0.644301 0.646678 0.662701 0.686423 0.710336 0.728331 0.735411
Actual  1   1   7 0.620929 0.631986 0.635125 0.662734 0.691187 0.694377 0.681589 0.662761 0.646506 0.638285 0.639807 0.65195 0.674086 0.699328 0.719303 0.727354
Kludge  1   1   7 0.625482 0.632692 0.649506 0.668867 0.684509 0.690978 0.684847 0.670071 0.652693 0.639584 0.63824 0.65317 0.677759 0.70335 0.722873 0.730605
Actual  1   1   8 0.621107 0.634477 0.662028 0.690935 0.707789 0.706378 0.692974 0.674687 0.659272 0.651923 0.654274 0.667236 0.69022 0.716227 0.736729 0.744975
Kludge  1   1   8 0.628988 0.637436 0.657092 0.67965 0.697906 0.705798 0.699576 0.683524 0.664204 0.649238 0.6471 0.662929 0.689368 0.716819 0.737641 0.745854
Actual  2   1   1 0.619802 0.616654 0.48918 0.50355 0.58653 0.61677 0.610082 0.590283 0.570796 0.558735 0.556303 0.564272 0.581864 0.602881 0.619891 0.626829
Kludge  2   1   1 0.631929 0.632046 0.631955 0.630988 0.628472 0.62371 0.616491 0.608726 0.602967 0.601845 0.607931 0.622307 0.641043 0.659359 0.673079 0.678474
Actual  2   1   2 0.620783 0.630299 0.617982 0.64094 0.675512 0.682958 0.672023 0.653924 0.637862 0.62957 0.630878 0.642701 0.664426 0.689257 0.708931 0.716866
Kludge  2   1   2 0.629539 0.63514 0.648202 0.663225 0.675201 0.679603 0.673569 0.66063 0.64615 0.636086 0.636773 0.651851 0.675292 0.699345 0.717622 0.72485
Actual  2   1   3 0.620829 0.630378 0.617215 0.644047 0.6802 0.686412 0.673941 0.654664 0.637778 0.628925 0.629857 0.641424 0.66297 0.687681 0.707292 0.715209
Kludge  2   1   3 0.615849 0.622653 0.638562 0.65696 0.671904 0.678146 0.67238 0.658404 0.641998 0.629645 0.628353 0.642368 0.665578 0.689891 0.708557 0.71598
Actual  2   1   4 0.621103 0.634429 0.661479 0.690361 0.707456 0.706138 0.692745 0.674444 0.65901 0.651642 0.653975 0.66692 0.689886 0.715877 0.736368 0.74461
Kludge  2   1   4 0.628964 0.637297 0.65669 0.678957 0.69698 0.704757 0.698567 0.682675 0.663606 0.64892 0.647003 0.662921 0.689344 0.716733 0.737495 0.745682
Actual  2   1   5 0.611346 0.568878 0.592335 0.66506 0.691943 0.694738 0.683433 0.665668 0.648923 0.638949 0.638188 0.648199 0.66871 0.692948 0.712516 0.720491
Kludge  2   1   5 0.582437 0.59367 0.620068 0.650892 0.676914 0.690738 0.688035 0.673514 0.654045 0.637416 0.632408 0.644812 0.668145 0.693386 0.713009 0.720859
Actual  2   1   6 0.620994 0.632774 0.632509 0.633227 0.663662 0.680223 0.67734 0.664488 0.651882  0.646 0.649101 0.662392 0.685438 0.711371 0.731761 0.739951
Kludge  2   1   6 0.616006 0.621862 0.635722 0.652114 0.666045 0.673056 0.670417 0.661527 0.651384 0.645347 0.648962 0.665247 0.688529 0.711739 0.729126 0.73595
Actual  2   1   7 0.621042 0.633562 0.651958 0.680387 0.701629 0.701935 0.688753 0.670256 0.654521 0.646841 0.648879 0.661534 0.684199 0.70992 0.730225 0.738399
Kludge  2   1   7 0.618521 0.627054 0.64695 0.669866 0.68853 0.696796 0.690859 0.67499 0.655705 0.640514 0.637759 0.652596 0.678014 0.704708 0.72512 0.733211
Actual  2   1   8 0.62111 0.634524 0.662553 0.691484 0.708107 0.706607 0.693192 0.674916 0.659519 0.652187 0.654555 0.667533 0.690534 0.716556 0.737068 0.745318
Kludge  2   1   8 0.628162 0.636736 0.656685 0.679584 0.698134 0.706215 0.700045 0.68394 0.664502 0.649403 0.647189 0.66305 0.689587 0.717145 0.738047 0.746291
Actual  3   1   1 0.620583 0.627494 0.58923 0.610186 0.656333 0.668874 0.658824 0.640303 0.623446 0.614292 0.614754 0.625716 0.64653 0.670526 0.68962 0.697339
Kludge  3   1   1 0.594095 0.600173 0.614485 0.631242 0.645132 0.651356 0.646885 0.635157 0.621348 0.61109 0.61036 0.622808 0.643287 0.66488 0.681606 0.688299
Actual  3   1   2 0.620684 0.628628 0.599949 0.623491 0.666002 0.676027 0.664931 0.646031 0.629099 0.620017 0.62063 0.631808 0.652894 0.677161 0.696453 0.704249
Kludge  3   1   2 0.636003 0.640666 0.651488 0.663813 0.67334 0.676091 0.669547 0.657012 0.6435 0.634546 0.635973 0.651043 0.673965 0.697357 0.715103 0.722118
Actual  3   1   3 0.62092 0.631718 0.631545 0.659036 0.689109 0.692881 0.680109 0.661147 0.64473 0.636357 0.637742 0.649756 0.671763 0.696892 0.71679 0.724813
Kludge  3   1   3 0.612096 0.619647 0.637302 0.657725 0.674395 0.681643 0.675918 0.661212 0.643604 0.629966 0.627806 0.641749 0.665449 0.690432 0.70965 0.717299
Actual  3   1   4 0.621071 0.633953 0.656136 0.68477 0.70421 0.7038 0.690518 0.6721 0.656491 0.648943 0.651107 0.663886 0.686682 0.712521 0.732906 0.74111
Kludge  3   1   4 0.632689 0.640416 0.658392 0.679012 0.695611 0.702482 0.696061 0.680473 0.662053 0.648108 0.646682 0.662581 0.688644 0.715591 0.736011 0.744063
Actual  3   1   5 0.611586 0.575323 0.599427 0.669744 0.695668 0.69682 0.684638 0.666484 0.649562 0.639489 0.638667 0.648644 0.669144 0.693385 0.712962 0.720942
Kludge  3   1   5 0.584119 0.59545 0.622033 0.65298 0.678968 0.692536 0.689299 0.674004 0.653601 0.636041 0.630341 0.642495 0.665928 0.691431 0.711307 0.719268
Actual  3   1   6 0.620981 0.63258 0.62925 0.62709 0.658894 0.67732 0.675561 0.663296 0.650992 0.645267 0.648445 0.661767 0.684815 0.710735 0.73111 0.739293
Kludge  3   1   6 0.616481 0.621941 0.634895 0.650274 0.663425 0.670161 0.667926 0.659971 0.651053 0.646232 0.650687 0.66717 0.690185 0.712949 0.729943 0.736602
Actual  3   1   7 0.620995 0.632906 0.644934 0.673024 0.697288 0.698797 0.685779 0.667144 0.651192 0.643288 0.645111 0.657553 0.679998 0.70552 0.725688 0.733811
Kludge  3   1   7 0.621173 0.629254 0.648095 0.669789 0.687401 0.695013 0.688937 0.673338 0.654585 0.639991 0.637637 0.652476 0.677623 0.703972 0.724112 0.732094
Actual  3   1   8 0.621096 0.634318 0.660229 0.689053 0.706698 0.705593 0.692226 0.673899 0.658426 0.651016 0.65331 0.666216 0.689143 0.715099 0.735565 0.743798
Kludge  3   1   8 0.629433 0.63778 0.657203 0.679496 0.697532 0.705301 0.699078 0.683127 0.663975 0.649194 0.647188 0.663044 0.689432 0.716805 0.737563 0.74575
Actual  4   1   1 0.620717 0.629307 0.60751 0.630114 0.669054 0.678164 0.667318 0.648888 0.63242 0.62374 0.62469 0.636165 0.65753 0.682034 0.701483 0.709335
Kludge  4   1   1 0.577703 0.586412 0.606953 0.631091 0.651482 0.661825 0.658248 0.644897 0.627956 0.614271 0.6113 0.623803 0.645941 0.66968 0.688156 0.695562
Actual  4   1   2 0.621079 0.634074 0.657485 0.68618 0.705026 0.70438 0.691061 0.672665 0.657096 0.649592 0.651797 0.664616 0.687453 0.713329 0.73374 0.741953
Kludge  4   1   2 0.611014 0.620315 0.642009 0.667019 0.687484 0.696869 0.691162 0.674809 0.65456 0.638232 0.634582 0.649123 0.674722 0.701809 0.722588 0.730838
Actual  4   1   3 0.620842 0.63057 0.619258 0.646168 0.681453 0.687316 0.674801 0.655567 0.638747 0.629963 0.630959 0.642589 0.6642 0.68897 0.708621 0.716553
Kludge  4   1   3 0.617795 0.624435 0.639935 0.657812 0.672229 0.67801 0.671883 0.657626 0.641015 0.628536 0.627203 0.641259 0.664558 0.688973 0.707719 0.715175
Actual  4   1   4 0.621108 0.634498 0.662255 0.691173 0.707927 0.706476 0.693067 0.674783 0.659374 0.652032 0.65439 0.667359 0.690349 0.716363 0.736869 0.745117
Kludge  4   1   4 0.629678 0.638002 0.657359 0.679552 0.69746 0.705069 0.698644 0.682463 0.663091 0.648154 0.646125 0.662122 0.688741 0.716344 0.737269 0.745519
Actual  4   1   5 0.612545 0.57719 0.600651 0.667524 0.693329 0.695877 0.684427 0.666607 0.649995 0.640296 0.639865 0.650189 0.670961 0.695386 0.715052 0.723055
Kludge  4   1   5 0.583211 0.594502 0.62101 0.651905 0.6779 0.691555 0.688507 0.673501 0.653478 0.63635 0.631063 0.643526 0.667144 0.69273 0.712625 0.720585
Actual  4   1   6 0.620971 0.632475 0.628042 0.625111 0.657415 0.676404 0.674962 0.662856 0.650632 0.644945 0.648141 0.661466 0.684508 0.710419 0.730785 0.738965
Kludge  4   1   6 0.616019 0.621417 0.634236 0.649482 0.662564 0.669349 0.667317 0.659685 0.651155 0.64671 0.651439 0.668021 0.691004 0.713675 0.730578 0.737197
Actual  4   1   7 0.620875 0.631404 0.629876 0.657215 0.68781 0.691919 0.679302 0.66042 0.644045 0.635691 0.637078 0.649081 0.671066 0.696169 0.716047 0.724061
Kludge  4   1   7 0.626106 0.633267 0.649959 0.669165 0.68465 0.690979 0.684735 0.669865 0.65241 0.639245 0.637871 0.652795 0.6774 0.703014 0.722557 0.730298
Actual  4   1   8 0.621093 0.63428 0.659802 0.688606 0.706438 0.705406 0.692049 0.673712 0.658224 0.6508 0.653081 0.665974 0.688887 0.714831 0.735289 0.743519
Kludge  4   1   8 0.629576 0.637894 0.657249 0.679466 0.69744 0.705176 0.698957 0.683039 0.663937 0.649206 0.647229 0.663074 0.689428 0.716762 0.73749 0.745666
