2145
 1.03473e-05 -9.04828e-06 -5.4394e-06 1.63365e-05 -6.66064e-06 4.60717e-05 -7.43014e-09 -1.42894e-05 -1.00032e-06 1.55862e-05 -1.08145e-05 2.52006e-05 1.28269e-05 -2.20556e-06 -1.6185e-05 -8.16683e-06 -5.35784e-06 -2.99148e-10 -1.2213e-05 7.52645e-06 6.18575e-06 -1.4141e-06 -5.55341e-09 -1.22257e-05 -3.22257e-09 4.83179e-09 5.84565e-06 -5.06082e-06 -1.06906e-05 1.21626e-10 4.05166e-06 1.34844e-05 -8.91779e-09 -2.69809e-06 -4.4465e-06 -1.02628e-07 -5.31008e-06 -7.57166e-09 -1.84607e-08 -2.64755e-06 1.02559e-05 -2.77808e-09 -5.3394e-09 1.92472e-05 1.48369e-09 -2.78218e-06 8.01135e-07 3.43495e-06 2.33002e-05 2.70489e-05 4.02595e-06 -8.03811e-06 -1.4187e-05 -6.67987e-09 -9.16276e-09 -2.5564e-08 1.61727e-08 9.96348e-06 -2.08928e-06 4.27373e-08 -5.06516e-09 -1.90458e-08 -4.08759e-09 -1.41093e-05 -2.29958e-05 -6.34637e-09 -1.12462e-09 3.72926e-08 -7.57343e-06 3.89377e-09 2.01487e-08 -2.47504e-05 1.17958e-05 1.53141e-08 -1.87185e-07 -1.05314e-05 -5.18989e-09 6.6774e-07 -9.90842e-06 -1.5101e-08 1.80451e-09 -2.81801e-06 -9.77375e-06 3.70273e-06 5.80124e-06 6.03783e-06 -2.48164e-05 1.10456e-05 -1.4061e-05 6.60743e-09 1.82487e-08 8.39036e-09 2.25628e-07 1.62447e-05 4.65346e-09 2.7982e-05 0 -1.88061e-06 5.60123e-07 -7.47258e-06 6.10949e-06 -6.88179e-06 7.72599e-07 3.10329e-05 1.27339e-06 1.18227e-05 9.54633e-06 1.03062e-05 2.55802e-06 1.42457e-05 -1.02599e-05 2.20071e-07 -4.00471e-06 -1.13535e-06 2.14e-07 9.60101e-06 -2.81895e-06 -1.25118e-05 1.17895e-07 3.55747e-06 2.7412e-06 8.1385e-06 5.33436e-06 -1.2283e-05 3.51098e-06 3.34674e-06 2.43816e-06 4.62129e-06 -5.66906e-06 1.48516e-06 2.74056e-07 1.22312e-05 -2.04355e-06 -3.16017e-06 7.31861e-07 5.20646e-06 -2.11308e-06 -3.52008e-06 -2.13661e-06 -3.41319e-05 8.47425e-07 -3.65087e-06 2.71447e-06 1.35337e-05 1.37162e-08 -1.04741e-06 -8.49226e-06 1.90542e-05 -2.21202e-06 -2.3251e-07 1.06159e-06 -2.75671e-05 -1.07398e-06 -1.25345e-06 1.40784e-08 -1.65074e-05 9.72135e-07 -7.08775e-06 -5.25488e-06 9.44125e-06 5.19117e-06 -1.99573e-06 -8.71471e-07 -8.44036e-06 1.45814e-06 1.29572e-05 1.26555e-07 -1.56166e-05 3.79179e-05 3.25968e-05 1.06407e-06 1.29109e-05 -4.36818e-07 -1.5982e-05 7.87125e-07 1.33366e-05 -1.94512e-05 -6.82871e-06 -1.77786e-06 -1.56734e-05 5.65987e-06 6.95195e-06 1.58163e-06 -4.8791e-06 1.67353e-06 2.11849e-06 1.64224e-06 8.79276e-07 2.18531e-06 1.42574e-05 4.39e-06 -1.93199e-05 -4.43047e-06 2.46242e-06 1.38406e-06 1.63662e-06 2.62779e-05 5.7939e-07 1.94723e-06 -2.17438e-07 -2.53832e-06 -1.55021e-05 1.0345e-05 6.6176e-06 -3.77993e-07 -1.43975e-05 2.43348e-06 -3.57625e-06 1.18989e-06 -2.74921e-05 -1.29688e-06 1.90631e-05 4.97889e-06 1.65303e-05 -3.89311e-06 -7.12137e-07 -3.82931e-06 -5.29811e-06 1.09502e-05 -7.67477e-06 -1.03959e-07 -9.65723e-06 -1.89057e-05 -3.67686e-06 4.58024e-06 -1.83388e-05 2.52655e-05 9.00479e-06 -3.95784e-06 6.73676e-06 1.80039e-05 1.67168e-07 -3.9409e-06 3.24221e-06 -2.18956e-05 -4.42098e-06 -6.99446e-06 -5.38045e-06 -9.97572e-06 1.598e-05 2.61438e-06 1.6321e-06 1.15594e-05 1.85422e-05 1.55406e-06 -6.22252e-09 -7.07201e-06 -3.89115e-06 -6.30743e-06 -2.00217e-05 -4.84497e-06 -7.20955e-06 3.69088e-06 -1.75347e-05 1.65721e-06 -8.26269e-06 5.26296e-06 5.63389e-06 1.2061e-05 -3.3999e-06 -3.67765e-06 1.66794e-05 6.97159e-06 -8.99121e-06 2.3042e-06 9.56431e-06 -3.9429e-06 1.97581e-06 1.97055e-06 8.72045e-07 1.50427e-06 -3.86312e-05 5.10827e-06 2.00518e-05 -4.6555e-06 1.16775e-06 1.87543e-07 -1.00211e-05 -5.7167e-07 1.85262e-06 3.03801e-07 -1.10295e-05 1.73495e-06 -2.15525e-06 -4.28815e-06 -1.8118e-06 -6.37376e-06 -5.01152e-06 5.77784e-06 -8.65061e-07 1.3577e-06 -4.58336e-06 2.00842e-06 1.0613e-06 -5.81649e-06 0 -3.50661e-05 -4.70547e-06 7.83454e-07 2.97519e-05 9.79615e-06 -1.54395e-05 8.6951e-06 1.59823e-05 2.60783e-05 -1.03844e-06 -1.16839e-06 4.06213e-06 -5.86759e-06 -1.30915e-06 9.82311e-06 3.78258e-06 -4.14981e-06 -1.28171e-05 5.58853e-06 1.74652e-05 -4.0663e-06 8.37217e-06 1.41005e-05 6.67257e-06 4.55046e-05 -1.87476e-05 -1.00075e-06 1.51879e-05 1.17522e-05 8.08492e-06 1.34448e-05 -5.8564e-05 2.99375e-06 9.31498e-07 4.43358e-06 -3.62881e-05 -6.05276e-06 -4.72873e-06 3.43395e-06 7.57858e-06 -1.62572e-06 1.33529e-06 -1.0058e-05 1.44354e-05 4.18587e-05 -1.15388e-06 1.25372e-05 -4.42021e-05 -1.39863e-06 -6.05993e-06 -5.90088e-06 3.39588e-05 -5.52938e-06 -1.16774e-05 1.83782e-06 1.78169e-05 -1.17103e-05 2.55318e-05 3.30398e-05 1.88769e-05 -1.17998e-05 -6.98764e-06 3.23206e-05 -3.98264e-05 -5.79993e-05 -1.71439e-06 6.43288e-06 8.44089e-06 7.8491e-06 6.16127e-07 -3.03715e-05 9.66714e-06 -7.46633e-06 -9.78823e-07 2.70982e-05 0.000120149 -2.13082e-05 5.84311e-06 1.68008e-05 -2.65733e-06 2.60729e-05 9.5907e-07 -2.74097e-05 4.39154e-05 -4.83677e-06 4.64536e-06 1.09507e-06 -1.43509e-05 1.50597e-05 -1.29905e-07 -4.35743e-05 6.6766e-07 5.60046e-06 1.23291e-06 5.36852e-06 -1.33246e-05 -1.59944e-05 3.96629e-06 1.68713e-06 -9.14558e-06 -1.13168e-05 1.13941e-05 -1.95494e-05 -3.13102e-06 1.39174e-06 1.93304e-05 -1.19151e-05 1.62279e-06 -1.31581e-06 8.71647e-06 -3.21671e-07 -2.84004e-05 3.34234e-06 -2.10612e-06 -6.53446e-06 8.71085e-06 6.56641e-06 -4.94247e-06 -1.65234e-06 -7.37711e-06 -6.47518e-08 -3.09321e-06 -1.16935e-06 7.62498e-06 3.39581e-06 -3.38544e-06 -1.91552e-05 -3.5128e-06 1.84163e-05 2.93749e-08 2.27551e-05 -9.17414e-06 5.44036e-06 3.84587e-06 3.91899e-05 2.37478e-06 -8.01788e-06 4.20248e-06 -7.31733e-06 3.81207e-06 3.19685e-06 -1.61539e-09 1.15822e-05 1.0022e-05 -1.48799e-05 1.20312e-05 -1.30978e-05 -1.71653e-05 -5.54738e-06 3.107e-07 2.29144e-05 1.90267e-05 -2.10438e-05 -6.70214e-10 -1.66532e-05 -1.92669e-05 1.8109e-05 -9.78986e-06 1.78675e-05 2.16553e-05 -2.50909e-05 1.58919e-05 6.79809e-06 -7.21775e-06 -3.92179e-08 -1.72954e-05 -2.61701e-06 -1.18987e-05 1.54728e-05 -1.47907e-09 3.08016e-06 -1.36471e-05 -5.03331e-06 -8.90845e-06 -4.04474e-05 1.09813e-05 -5.41204e-06 -3.71556e-09 -1.03143e-05 1.79796e-05 2.01716e-06 -1.13087e-05 2.82867e-05 2.08057e-06 -5.93682e-06 7.29794e-06 2.11049e-05 9.00694e-06 -4.47925e-06 3.09793e-05 5.33871e-06 -1.18724e-05 1.74231e-05 5.81401e-06 5.84303e-06 2.81644e-05 -8.79324e-07 9.60715e-07 0 4.923e-06 1.18197e-05 -3.22199e-06 -6.74749e-06 -6.55094e-06 1.361e-06 -3.39882e-06 -6.80182e-06 -1.79928e-06 1.28394e-06 4.05466e-06 -4.4268e-06 -2.7449e-06 -1.67152e-05 1.815e-06 -7.7003e-07 -4.15959e-07 -8.97652e-06 -3.91886e-08 -4.36065e-06 -3.29195e-06 7.88787e-06 4.17912e-06 -2.0133e-06 -1.36442e-05 -2.55659e-07 1.73991e-06 6.48761e-07 9.2316e-06 4.23283e-06 -1.56479e-06 1.72819e-06 -1.27291e-05 -5.36132e-06 -4.55825e-06 -1.85456e-05 -2.14381e-06 -3.07739e-06 -1.98715e-06 1.40332e-06 -5.98654e-06 -1.78258e-06 -1.65316e-05 8.74757e-06 -2.14793e-06 -2.267e-05 -1.25476e-06 -9.70359e-06 1.42512e-05 -1.97281e-05 -3.26559e-06 6.56148e-07 7.05872e-06 4.18943e-07 -3.87966e-05 -7.6207e-06 -2.92984e-06 -1.75851e-06 -2.52583e-05 -6.11653e-06 -5.0185e-06 -5.58587e-07 2.12931e-06 3.69194e-06 1.11742e-05 4.93489e-06 -9.2091e-08 6.75219e-06 6.1899e-06 1.11222e-05 5.30199e-06 -1.43672e-05 1.01523e-05 1.25801e-05 -4.48184e-07 4.64731e-07 -9.61047e-06 1.46903e-05 1.09471e-05 -6.83267e-06 -7.47708e-06 -5.39194e-06 -1.26798e-06 -1.41191e-06 1.52449e-05 6.47739e-06 -2.58108e-06 -2.56468e-06 -6.7322e-06 1.29879e-06 -4.18846e-06 -1.15342e-05 2.20424e-05 4.76283e-06 5.24816e-06 -1.09519e-05 4.3769e-06 9.16464e-06 3.62001e-06 1.53515e-05 -1.27787e-05 -2.14495e-06 -6.08466e-06 4.51842e-06 -9.09357e-06 4.55087e-08 -1.61661e-06 -7.02241e-07 9.98559e-07 -3.23853e-06 1.79381e-06 8.55416e-06 7.71577e-06 -6.03193e-06 1.31052e-05 7.57135e-06 1.4414e-06 -2.07152e-06 -1.20428e-06 -9.53213e-06 6.59784e-06 1.67947e-06 -8.2869e-07 -1.57028e-06 -1.33185e-05 -1.66361e-05 -8.51357e-08 -4.44196e-06 4.34463e-06 3.13545e-05 4.33195e-08 -6.54393e-06 7.61626e-07 -3.97197e-07 -1.3708e-06 -2.12612e-06 -8.83044e-06 2.75732e-06 -6.42164e-07 -2.16145e-05 4.55673e-06 5.21899e-06 6.50311e-07 1.11012e-05 -3.5921e-07 4.04525e-06 7.80705e-06 4.80292e-06 2.58215e-06 2.89888e-06 2.20119e-06 7.37293e-07 1.03481e-06 -5.48009e-06 7.90156e-06 -4.37906e-06 2.71372e-06 2.53243e-06 -2.61194e-06 4.74604e-06 6.64719e-06 1.06728e-06 1.16944e-05 -1.96e-06 -1.52639e-06 6.76313e-06 -2.51352e-06 -3.88222e-06 -1.36632e-05 3.80545e-06 -3.19777e-06 5.2841e-06 -3.68372e-06 2.59613e-05 -1.04631e-05 2.16177e-07 1.0677e-05 -1.13667e-05 1.03107e-05 1.58221e-06 1.93344e-05 6.98739e-06 -1.25645e-05 -2.1794e-06 1.19562e-06 -2.91097e-06 4.65915e-06 5.31738e-06 -9.87668e-07 3.88438e-06 1.35176e-05 5.44881e-06 -2.67125e-05 3.94464e-06 2.65371e-06 1.37432e-06 4.78887e-06 5.08045e-07 0 3.33522e-07 -1.57044e-06 -6.58834e-06 -2.24102e-06 -4.18999e-06 -9.93486e-07 -4.35932e-06 -1.26814e-06 -2.39095e-06 2.26226e-09 2.29787e-06 -3.34458e-06 -2.84382e-06 -1.95968e-06 1.06696e-06 -7.62354e-07 -4.68092e-06 -1.8514e-06 -1.13445e-07 -2.67382e-06 -1.70438e-06 3.56555e-06 4.2182e-06 -6.82034e-06 3.34574e-06 -1.70612e-06 -3.83761e-07 -1.63729e-06 -5.64841e-06 6.37385e-07 1.77764e-06 -2.13646e-06 -2.25857e-06 -7.11469e-06 7.55385e-07 -1.9933e-06 -2.09959e-06 -8.72269e-07 -3.18046e-07 5.76902e-07 -5.55684e-07 -2.33697e-05 -5.39094e-07 1.68464e-06 -8.43163e-07 -1.5641e-06 -6.40859e-06 -1.42307e-06 2.15358e-06 -1.71142e-06 -9.90669e-06 -3.25132e-06 -1.09754e-06 -5.7967e-06 -6.65292e-06 6.46792e-07 1.4097e-06 -2.48071e-06 -8.61383e-06 -2.95653e-06 -4.69575e-06 5.31688e-06 -2.63711e-06 -2.38919e-06 -6.69669e-08 -5.67277e-07 -7.15737e-06 -1.89635e-08 4.9676e-07 2.05825e-05 -9.80041e-07 -1.33293e-06 -1.81075e-06 -2.26386e-06 2.72556e-06 2.12471e-07 -9.81875e-07 4.67954e-06 -5.2303e-06 -5.07874e-06 -1.10591e-05 6.03576e-06 -4.37912e-06 2.3648e-05 8.18973e-09 2.93236e-07 -2.53966e-06 -1.6695e-06 1.99522e-06 1.61635e-06 -3.93139e-06 -1.86599e-06 1.98564e-06 -9.14653e-07 1.03601e-05 -2.13109e-06 2.50715e-07 -4.20954e-07 -1.96963e-06 -1.11709e-06 1.16436e-06 3.53422e-06 -2.60267e-06 1.08734e-07 8.65853e-07 -8.52549e-07 -2.91205e-06 -8.06575e-07 1.7965e-06 2.58767e-06 -6.40532e-06 -1.64139e-06 2.59377e-06 1.03464e-06 -1.6728e-05 1.33305e-05 2.80144e-06 -2.83681e-06 -2.18753e-06 -4.2664e-06 -9.07232e-08 2.43042e-05 -3.42991e-07 2.01138e-05 -5.92457e-06 -6.72997e-07 -1.23444e-05 -2.90517e-06 4.0168e-06 1.28003e-05 -1.5429e-06 -2.705e-06 -1.33292e-06 -1.81856e-06 7.7203e-06 -8.90579e-06 -2.83365e-06 -1.58381e-06 -1.97466e-06 -6.65396e-06 -1.4307e-06 1.88281e-06 -1.28746e-07 -3.2544e-07 -1.26865e-05 2.9047e-06 -6.24701e-06 7.92918e-06 -7.80698e-07 -7.94513e-06 -1.14464e-06 -1.56533e-06 -8.80452e-07 -8.89067e-06 5.59433e-07 -2.65168e-06 2.09364e-05 4.79239e-06 7.48626e-08 -4.73812e-06 -9.31469e-06 -2.72303e-06 -4.85449e-06 -6.3201e-06 9.41916e-06 -3.23243e-06 3.64151e-06 -1.74056e-06 -2.97421e-07 -1.26479e-06 -7.05021e-07 -7.5366e-06 3.92158e-06 -3.76753e-07 -7.14382e-06 -5.4465e-06 3.04082e-06 -3.68152e-06 1.20105e-05 -2.7436e-06 3.05792e-06 -8.93212e-06 7.41294e-06 -2.05005e-06 1.57322e-06 4.48978e-06 -8.74208e-06 -6.27511e-06 -1.66202e-06 -3.22552e-06 2.06286e-05 -1.269e-05 -1.98536e-06 -6.49161e-06 1.30185e-06 4.29129e-06 1.88121e-06 1.13739e-07 0 9.1661e-06 -6.1016e-07 8.1335e-06 1.46799e-06 -3.31704e-06 -9.14023e-06 -3.84965e-08 -1.38314e-05 6.3465e-06 7.56471e-06 1.16903e-05 -3.51604e-05 -5.91082e-06 8.33696e-06 -1.31523e-05 5.04815e-06 -1.93284e-05 -1.27043e-05 -5.98779e-06 -4.44713e-06 -1.56209e-06 9.94845e-06 2.51714e-05 3.14414e-06 1.24215e-05 7.68282e-06 2.1386e-05 1.65274e-05 7.02346e-06 -7.45546e-06 -3.99963e-09 -2.04089e-05 -1.45872e-05 1.20165e-05 -2.918e-05 2.36741e-05 -7.59131e-06 -1.46956e-06 1.22767e-05 -1.66466e-05 4.06206e-05 1.262e-05 -1.03646e-05 1.86443e-05 1.20778e-05 1.56061e-05 -1.17086e-05 2.65566e-05 -3.15278e-05 3.42202e-07 -5.05068e-06 1.60787e-07 2.39185e-07 3.07886e-05 -1.01951e-06 -7.81754e-07 -4.28267e-07 -3.35189e-06 2.31159e-05 -1.04201e-05 -1.17285e-08 -6.2034e-06 4.86205e-06 -1.20726e-05 -8.29822e-06 -4.72208e-06 -3.56181e-06 1.56316e-06 2.91498e-05 2.88854e-05 3.3462e-06 4.90584e-06 9.15737e-06 1.24237e-05 -4.6826e-05 2.01123e-05 1.11763e-05 -2.30715e-06 -1.52518e-06 3.51568e-06 -1.06202e-05 1.63314e-05 -3.8022e-06 -2.34383e-06 5.42349e-05 -3.55233e-07 -5.2435e-06 2.33934e-05 -2.35725e-05 1.97634e-05 -2.13559e-06 1.94654e-05 3.24901e-05 -4.02005e-06 2.0702e-05 5.00913e-06 -3.65262e-06 2.37578e-05 3.555e-05 1.45298e-05 -2.76401e-05 -6.5546e-06 -1.11881e-05 -5.50194e-06 -5.82589e-06 1.98885e-05 1.7017e-05 -5.57662e-06 2.09778e-05 -2.01767e-05 8.03808e-06 8.39421e-06 1.0477e-05 1.4782e-05 2.68405e-06 -1.6827e-05 -2.36316e-05 -6.64485e-06 2.743e-06 1.64236e-05 2.23765e-05 2.77686e-05 -2.22148e-06 1.23981e-05 -1.20329e-05 8.20071e-06 -8.27838e-07 -1.01026e-05 4.86404e-06 -2.54836e-06 -5.89902e-06 2.03105e-05 -9.19767e-06 1.39511e-06 1.30606e-05 -2.9108e-05 -6.32368e-06 9.51614e-06 -1.77274e-06 -1.10671e-05 -1.72644e-05 6.65093e-06 -1.43089e-05 -9.37623e-06 -2.43106e-06 -3.67262e-05 6.40774e-06 2.58212e-05 -1.20819e-06 -1.7591e-06 1.01513e-05 3.65698e-05 1.04021e-05 -3.93101e-05 2.27901e-05 -1.58849e-05 1.15391e-05 -3.30312e-05 -4.35072e-06 -9.48126e-06 -7.29869e-06 -2.27702e-05 1.77341e-05 -1.38706e-05 6.53069e-06 9.08361e-07 -1.8532e-06 3.95271e-07 9.13898e-06 -1.60511e-05 8.62e-06 4.7493e-06 -1.15073e-05 -1.04971e-05 2.94702e-05 1.17181e-05 -9.26287e-06 3.20847e-05 1.01559e-05 -2.25572e-05 2.5301e-05 -5.57645e-06 -2.83799e-06 3.37979e-05 3.44654e-06 3.79167e-06 2.09524e-05 2.01244e-05 -6.37484e-06 -2.39756e-05 2.43045e-05 -9.89996e-06 -1.5685e-05 -1.66616e-05 1.76037e-05 2.93438e-05 -2.25401e-05 -8.09486e-07 0 -1.90377e-05 -3.8429e-05 2.54892e-05 -6.70809e-06 -1.039e-05 -4.2581e-05 2.2253e-05 -7.24569e-07 -2.21877e-06 2.22245e-05 9.78277e-07 -6.76177e-06 -1.17474e-05 1.64767e-05 -1.24891e-05 -4.6687e-06 1.90968e-06 5.46001e-07 -1.21184e-05 6.78299e-06 1.89368e-05 2.58717e-06 -2.22638e-05 1.48032e-06 1.8546e-08 2.26944e-05 -1.23104e-05 -4.89086e-06 5.8444e-06 -3.58218e-07 -1.00665e-05 -2.60923e-06 -3.10566e-06 2.65352e-06 2.39125e-06 -6.47584e-07 -6.81925e-06 3.52075e-06 3.42927e-06 2.24863e-06 -1.50737e-06 -1.0791e-05 7.01394e-06 -3.61241e-06 -2.76225e-06 1.85752e-06 2.94429e-06 -4.27049e-06 -2.05192e-06 1.10972e-05 -4.83812e-06 3.40851e-05 3.94837e-05 -1.02509e-05 5.39927e-06 -4.53222e-05 -3.01488e-06 1.48026e-05 -1.96127e-05 -2.9231e-05 1.61945e-05 4.6057e-05 -7.92363e-06 -3.46884e-05 -6.91581e-06 -3.9427e-05 1.48046e-05 1.07581e-05 -1.48544e-05 1.90286e-05 2.26439e-05 -1.98954e-05 -6.18177e-05 1.02228e-05 -2.12182e-05 5.99064e-06 -8.28633e-07 4.84688e-07 7.05537e-06 2.71217e-05 2.75306e-05 -1.26305e-05 -3.17036e-05 1.33103e-05 2.99761e-06 -7.24068e-06 1.34231e-05 4.37843e-05 -1.71205e-08 9.45369e-06 -7.8627e-06 1.12382e-05 2.35987e-05 5.58955e-06 -4.19823e-06 -1.04221e-05 2.30739e-06 -1.63069e-06 2.02921e-06 2.42143e-06 -2.89734e-06 1.02385e-05 1.24976e-06 -2.12222e-05 8.73457e-06 6.11146e-06 -7.90357e-06 -1.08267e-05 4.63607e-05 -4.05358e-06 -1.39146e-05 2.98399e-06 -4.89232e-06 -7.85888e-06 9.13221e-06 -1.74277e-05 1.6748e-06 -1.20259e-06 1.68245e-06 -1.67056e-05 7.89953e-06 -4.08873e-07 -3.47525e-07 -8.58046e-06 1.3661e-05 -1.04749e-05 -1.15781e-08 -8.46071e-06 -2.65632e-07 -4.93578e-07 -2.89548e-05 -2.37412e-05 -6.14099e-06 1.04412e-05 -3.57643e-06 -1.19825e-05 -1.48543e-05 -2.52603e-05 -4.66302e-06 -6.20539e-06 -2.56662e-06 -2.37583e-06 -1.77747e-05 -3.94693e-07 -1.32618e-05 1.58835e-05 -5.45702e-06 1.95825e-05 -1.04412e-06 5.35405e-07 -3.35267e-05 -5.42144e-05 -1.00256e-05 1.39938e-05 1.05995e-05 -1.14452e-05 -1.32154e-05 -1.61141e-05 -1.47969e-05 -3.2674e-05 3.83619e-05 7.2328e-06 2.95013e-06 2.46732e-05 -3.18187e-05 -1.95338e-05 4.29421e-06 -4.266e-06 2.11561e-05 -1.92235e-05 2.51499e-06 4.39839e-06 5.25819e-06 4.81862e-05 1.02329e-05 6.27701e-06 -1.53739e-05 4.67701e-06 -1.56186e-05 -1.24401e-06 1.39607e-07 -1.06586e-06 4.72483e-07 -3.03335e-05 -1.86511e-05 1.4863e-05 2.26086e-06 -2.68394e-05 -4.81039e-06 -2.11395e-06 1.73483e-05 -6.37331e-06 -6.29362e-06 3.24792e-06 1.64116e-06 -2.85959e-05 6.81016e-06 1.82695e-06 0 1.3193e-06 5.84529e-06 -9.59983e-06 -6.32926e-06 5.72158e-06 -1.57348e-06 2.74142e-06 4.21683e-06 -2.56685e-06 -3.81805e-06 1.83599e-07 2.38415e-06 -2.95835e-06 -1.75688e-06 4.94379e-06 -1.35435e-08 -3.08839e-06 2.46581e-06 -3.59144e-06 -3.31159e-06 2.23965e-06 4.60114e-06 3.87523e-06 -6.89968e-06 5.68726e-06 8.21788e-06 -2.81029e-07 -5.20344e-06 -7.30083e-06 3.51296e-05 -1.08982e-05 -7.29052e-07 -4.87377e-06 -6.36204e-07 4.21199e-06 4.50262e-06 1.38541e-06 7.40744e-06 2.47696e-06 7.15977e-06 -4.71533e-06 -1.65727e-05 1.40546e-05 6.47215e-06 -1.84407e-06 -6.10244e-06 3.53891e-06 -7.98154e-08 -4.00306e-06 -4.43023e-07 -3.04865e-06 4.22175e-06 3.28421e-05 -1.74764e-05 -7.61512e-06 -5.60321e-06 -1.07387e-05 -1.58456e-05 -4.37862e-06 -3.14507e-06 -1.6139e-05 -3.11186e-06 -1.50193e-05 2.42109e-05 7.17134e-06 -4.11917e-06 -8.91469e-06 2.36359e-06 -2.43301e-06 5.06706e-06 -3.28747e-06 -1.47269e-05 -2.22994e-05 -9.75348e-06 2.01356e-06 4.69337e-06 -7.44918e-06 3.50803e-06 2.77412e-05 2.3066e-05 4.43079e-06 1.12156e-05 2.64357e-06 1.53765e-05 -2.51857e-05 -3.59104e-05 -1.29418e-06 1.80571e-06 1.7259e-05 7.79191e-06 -1.28681e-05 -1.3089e-06 5.45487e-06 -3.85502e-05 8.6644e-06 2.48894e-05 -1.89559e-05 1.86928e-05 2.09294e-05 -4.30516e-06 -1.07418e-05 -6.51144e-06 1.56266e-05 -7.60163e-06 -1.81928e-05 1.85512e-05 4.676e-06 -8.09187e-06 2.93668e-05 -2.58456e-05 -3.54714e-06 2.64532e-05 -1.48124e-06 2.1764e-05 -1.3621e-05 -3.08809e-06 9.81556e-06 -2.07741e-05 -2.37517e-05 -2.08623e-06 2.91784e-05 1.555e-05 5.13078e-07 9.86605e-06 -4.66932e-06 -6.18374e-07 -2.93824e-06 -1.18336e-05 2.67743e-06 2.0406e-05 -2.62105e-06 -6.47651e-06 9.23837e-06 -3.70541e-06 -9.53187e-06 -6.44585e-06 -2.63792e-06 -1.19205e-05 -2.25855e-05 1.5657e-05 1.86995e-05 -1.06438e-06 -7.44168e-06 -8.01681e-07 -3.19348e-05 -9.17867e-06 -1.20856e-05 1.18028e-05 2.64561e-05 3.93459e-05 2.3622e-06 -6.80453e-06 -1.79887e-06 2.33753e-05 -2.32287e-06 -1.7332e-05 -1.47498e-05 2.99994e-05 -4.18605e-06 -1.60467e-05 7.20421e-06 -8.85596e-06 -1.73811e-06 5.98084e-06 -1.41899e-05 -3.04871e-05 8.39036e-07 -3.55602e-06 -8.66247e-06 -9.7145e-06 -3.20152e-06 3.45945e-06 -5.40219e-06 1.55007e-05 2.07665e-05 7.9649e-06 1.41463e-05 -3.37712e-06 3.7748e-06 1.34047e-05 -8.887e-07 -2.10325e-06 -1.19756e-05 -5.43802e-06 1.78505e-06 7.29246e-06 -2.61698e-05 -3.52581e-06 6.29526e-06 1.76786e-05 -2.1444e-05 -2.6458e-05 -1.69163e-05 -3.23905e-05 -2.03766e-06 4.42253e-07 2.2577e-05 -1.06572e-05 0 -7.39129e-07 -1.66785e-06 -6.39345e-06 -2.03291e-06 1.61593e-05 -4.60813e-06 -6.12929e-06 1.0762e-06 -3.2322e-06 2.46141e-08 -8.0222e-06 -3.87694e-05 -4.18848e-06 -6.20982e-06 -1.56026e-05 5.01902e-06 -7.26446e-06 8.98933e-07 -7.63252e-06 -1.05746e-05 -9.68828e-06 8.78253e-06 -6.5661e-06 1.12225e-05 5.35928e-05 -7.16182e-06 1.14648e-05 7.83957e-06 -1.34424e-05 1.93226e-05 -1.12206e-05 -4.00653e-06 -1.7717e-05 -3.03411e-05 -3.51777e-06 -3.10394e-06 -5.12781e-06 8.11128e-06 -1.03856e-05 -1.20318e-05 -1.21251e-05 -1.15927e-05 5.40918e-05 2.37077e-05 2.13649e-06 3.75112e-06 -8.57464e-07 -5.22546e-06 7.47388e-06 6.52041e-08 -8.28242e-06 -1.61511e-06 -8.05905e-06 4.86255e-06 1.43521e-05 1.26995e-05 -1.1258e-06 -8.16078e-06 1.01391e-05 -3.31354e-05 -5.45427e-06 9.93531e-06 1.38621e-05 1.02145e-06 -8.59182e-07 -6.93357e-08 -1.09677e-06 -1.52897e-05 1.11569e-05 -6.88052e-06 -1.78462e-06 -4.87951e-06 -1.10637e-06 4.16779e-07 -3.5185e-06 -9.0892e-09 -8.50437e-07 1.00798e-05 5.80455e-08 -6.88029e-06 -4.88018e-06 -2.79658e-05 -1.56501e-05 2.31757e-05 -1.87115e-06 6.17594e-06 -9.96027e-06 8.27741e-06 3.1488e-05 1.35794e-05 -9.03638e-06 -2.43474e-05 -3.15862e-06 -9.57562e-06 1.5788e-05 1.86508e-05 2.32938e-05 3.22071e-05 -3.24616e-06 -1.10589e-05 -1.54674e-05 8.73493e-06 -1.8819e-06 2.87341e-05 -1.28227e-05 2.21935e-06 1.01207e-06 -1.02184e-05 1.9341e-05 1.56655e-06 -1.18055e-06 8.0377e-06 2.89704e-05 -3.36156e-06 6.40507e-06 -2.2097e-05 1.62322e-05 3.63788e-06 -8.78376e-08 4.95901e-06 -1.93923e-05 -1.23285e-05 9.99335e-06 -6.78177e-06 1.0902e-05 2.49956e-05 -1.5931e-05 8.66701e-06 6.23009e-06 -5.64261e-06 -5.23259e-06 -1.02147e-05 -1.37122e-06 1.63543e-05 8.64655e-08 8.91616e-07 -1.26746e-05 1.84579e-06 2.10269e-05 -3.31527e-07 -8.7556e-06 7.95693e-06 -2.50096e-06 -1.5565e-06 -1.89561e-05 -1.23984e-05 -1.38992e-05 -1.76657e-06 -9.73724e-06 9.69709e-06 -4.65776e-06 1.26792e-05 1.9735e-05 -7.01036e-07 -1.06051e-05 -2.57933e-05 7.16036e-06 2.03806e-05 -3.13682e-05 -2.09824e-05 1.36134e-05 -2.75462e-05 2.66011e-06 3.59719e-06 3.6545e-05 9.92838e-06 1.66536e-05 -9.83851e-07 4.81284e-06 -2.29206e-05 3.21348e-05 -1.60395e-05 -2.66579e-05 -4.05259e-06 -7.78695e-06 1.20048e-05 2.34811e-05 2.09045e-05 -2.71625e-05 1.14836e-05 5.19261e-06 7.87813e-06 1.98777e-05 1.72542e-05 -1.24616e-06 2.84807e-05 1.01561e-05 -1.20365e-05 8.66702e-06 3.16021e-05 -2.94231e-06 -2.81906e-06 -8.90931e-06 -1.56886e-05 -7.40005e-08 -1.97001e-06 3.25187e-06 1.32766e-06 2.27964e-05 1.16576e-06 2.31386e-06 -1.28862e-06 -1.78902e-05 -1.95465e-06 -6.29006e-06 1.62501e-05 7.89146e-06 -3.12361e-06 6.7024e-07 2.44846e-05 4.63569e-06 1.83243e-05 5.84703e-07 -1.57777e-06 8.45481e-05 3.45398e-05 2.6718e-07 -3.72802e-05 3.06635e-05 -2.05908e-05 -2.66558e-05 -7.6642e-06 -9.1347e-06 2.79132e-05 -1.49002e-06 9.9548e-06 -2.75257e-05 4.60824e-05 2.13556e-06 -5.13305e-06 9.00664e-06 -9.66766e-06 -4.48881e-06 -9.86779e-07 7.51426e-06 1.1809e-05 -1.09094e-05 9.67568e-06 -2.65524e-05 1.12893e-05 -1.67961e-06 2.89173e-06 2.78662e-06 5.29058e-06 9.47314e-06 8.66844e-06 -1.68657e-06 6.87544e-06 9.52227e-05 -3.86258e-05 -2.32437e-05 -5.73623e-05 -2.66356e-05 -1.96457e-05 -3.73788e-05 4.41104e-07 1.62256e-06 -2.10239e-06 -5.51192e-06 -1.192e-05 1.31429e-05 2.47905e-05 3.54762e-06 2.75169e-05 3.81124e-06 1.4998e-06 1.0508e-05 2.95943e-05 9.49757e-06 -2.64563e-05 -7.93042e-06 -1.2009e-05 -2.08774e-05 5.2047e-06 -4.89942e-06 -1.07258e-06 -2.96782e-06 8.39756e-06 1.43378e-05 8.32458e-06 8.12188e-06 -1.05794e-06 5.77895e-07 -9.56059e-06 9.76474e-06 -2.35439e-05 2.2827e-05 -2.98255e-06 -5.77902e-06 -3.8924e-05 -1.1376e-05 -2.11061e-06 4.83508e-06 -2.69218e-05 -1.62084e-05 1.49578e-05 1.43169e-06 3.95015e-05 1.80357e-05 6.24681e-06 -4.74837e-06 3.80561e-05 -2.82461e-05 -1.84911e-05 -7.5229e-06 1.41425e-05 1.67554e-06 2.48474e-05 4.0066e-05 -9.46767e-05 -7.85395e-06 -3.03608e-05 6.84386e-06 6.56547e-06 1.1741e-05 -7.83375e-06 -2.01726e-05 1.67039e-05 2.8778e-07 4.79969e-05 4.83262e-05 -2.46183e-06 2.2382e-05 -4.66219e-06 -1.92508e-06 1.29577e-06 2.49748e-05 -3.62229e-06 3.29601e-05 5.69108e-05 4.46675e-05 -4.72972e-06 2.01595e-05 5.47834e-05 -3.06054e-06 -3.35092e-05 -4.7945e-05 2.28678e-05 -2.81899e-05 -1.75199e-05 2.1374e-05 1.79333e-05 1.96846e-05 -1.02876e-06 2.36481e-05 4.23017e-06 -2.94042e-05 -3.14898e-05 -8.42955e-06 2.03811e-05 -2.41573e-05 3.4184e-06 -1.8297e-05 -2.14834e-05 5.86516e-06 -1.58155e-06 1.1229e-05 -1.62527e-05 -3.34362e-08 1.14115e-05 -2.05512e-05 -1.14089e-05 3.11545e-05 -4.47416e-05 -1.91903e-06 -1.86926e-05 2.07989e-05 -2.34329e-05 -2.74788e-05 1.76534e-05 6.22891e-06 1.72417e-06 -1.45009e-05 8.53094e-06 -8.71855e-06 9.20864e-06 -1.08714e-05 8.02318e-06 -1.79428e-05 -2.42633e-05 -1.72264e-05 -1.99739e-06 9.87495e-06 -2.24491e-05 -1.13484e-05 -5.31124e-06 6.02759e-06 -3.74071e-06 -2.16444e-06 -4.85974e-06 -7.09006e-06 -3.90505e-06 -1.20351e-05 9.14336e-06 -1.8206e-05 -1.41768e-05 3.2787e-05 -1.37366e-05 -8.64852e-06 1.40995e-05 -4.03659e-06 -1.17409e-05 9.15413e-06 -6.17861e-06 -1.19965e-05 1.02529e-05 -5.91976e-06 -1.12072e-05 3.03581e-05 -4.12617e-06 -4.5967e-05 4.02532e-05 -1.12759e-05 -9.19227e-06 -8.1363e-07 -4.72155e-06 3.99177e-06 9.77666e-06 -5.26171e-06 1.25586e-05 6.13168e-06 -2.22268e-05 3.35241e-06 -5.86773e-06 1.56171e-05 -3.88994e-06 -2.72307e-06 3.40845e-06 -1.79711e-06 -1.17838e-05 3.56958e-06 1.38136e-05 -6.68442e-06 3.33751e-06 -4.12393e-06 -5.63674e-06 -7.53955e-06 9.45048e-06 -1.05928e-05 -8.78553e-06 8.22975e-06 -1.84926e-05 -6.75641e-07 1.82607e-05 -9.39116e-06 -9.69999e-06 2.38918e-05 -1.4403e-05 5.51873e-06 1.17623e-05 -1.69221e-05 2.53996e-06 1.19438e-05 -2.20898e-06 -2.58871e-06 1.43517e-05 3.92341e-05 -1.66562e-05 5.01688e-08 1.07671e-05 -1.97393e-06 1.51588e-06 -1.89811e-06 2.30417e-05 -4.72731e-06 1.85763e-05 1.45178e-06 4.153e-05 9.62303e-06 8.83161e-07 -9.86617e-06 6.51101e-05 1.20645e-06 9.94578e-07 5.65592e-06 8.81195e-08 1.20829e-05 -5.05774e-09 -5.71041e-06 -1.94346e-05 -1.02401e-05 -6.82975e-06 -2.17462e-06 9.13261e-09 -2.58175e-05 1.07894e-06 -1.41874e-05 -5.47098e-06 1.65007e-05 -5.79878e-07 -3.33026e-05 -1.21e-05 -1.85641e-09 -2.00998e-06 1.11989e-05 3.27944e-10 2.35064e-06 -1.18759e-05 4.47883e-07 6.08776e-06 -1.39082e-05 3.52318e-07 3.57386e-07 1.13522e-05 -8.82196e-07 -1.46034e-05 1.70187e-06 1.29218e-05 3.68238e-07 8.96715e-06 1.86913e-06 -1.46493e-05 9.24867e-07 6.76092e-06 8.34865e-07 -3.4517e-06 -7.28743e-06 -1.31739e-05 1.93953e-06 -4.26127e-06 7.18685e-06 -6.09811e-06 -1.97966e-05 -2.86058e-06 8.27452e-07 7.60287e-06 2.34684e-06 -2.52553e-05 1.82362e-06 -1.45493e-05 2.33883e-06 -9.1269e-06 5.93251e-06 -1.91783e-05 6.3984e-06 -7.79365e-06 -1.04452e-06 -1.81721e-06 2.96989e-06 -7.85661e-06 4.18745e-06 8.94824e-06 -5.68838e-06 -9.65562e-06 9.53199e-07 1.06806e-05 -9.60299e-06 6.58267e-06 1.50243e-05 3.59506e-06 -1.43925e-05 2.47809e-07 -1.32607e-06 5.74886e-06 5.01736e-06 -1.8661e-06 4.82039e-06 -5.17407e-06 -7.28842e-06 -9.12203e-06 -1.71764e-06 -4.2054e-06 2.2492e-05 -5.91693e-06 -1.70017e-05 -1.12804e-05 2.44063e-05 6.31639e-06 -2.90312e-06 2.3187e-05 -2.44925e-06 -1.74306e-05 -1.11378e-05 -2.87646e-05 2.65432e-06 -2.16376e-05 -1.02899e-05 -1.78353e-06 9.97295e-06 6.01055e-07 -1.66077e-05 1.87631e-05 7.5023e-06 -4.76263e-06 1.65729e-05 4.61507e-06 6.70249e-07 -1.82765e-06 6.53405e-06 -1.87479e-06 -4.01052e-06 -1.35094e-06 3.48877e-06 5.03177e-06 -2.4834e-05 1.80519e-05 -9.49036e-06 3.07582e-05 -8.15962e-07 -1.68474e-05 -3.83094e-06 7.62636e-06 -7.91916e-06 1.56684e-06 -9.85845e-07 -4.34247e-05 5.97144e-06 4.54983e-05 5.66734e-05 -5.94861e-06 -8.53311e-05 4.03004e-05 2.07692e-05 -5.22904e-06 -7.29251e-06 -8.00893e-06 -8.11199e-06 8.5925e-06 -1.47063e-05 2.96986e-06 4.00835e-05 1.0911e-05 -5.03739e-05 -4.40481e-06 2.54537e-06 -9.08118e-06 7.27804e-06 -1.20127e-06 1.87725e-06 6.09899e-06 -5.11864e-07 1.27787e-05 -4.71437e-05 0.000121519 1.80899e-05 -0.000103693 -6.78965e-06 6.31126e-06 -3.27765e-05 1.72244e-05 4.54788e-06 -1.32244e-05 -1.06039e-05 2.72784e-05 4.05343e-05 -0.000587666 -0.000352077 -7.97481e-05 -2.94711e-05 -1.14001e-05 2.11136e-05 0.00018926 8.9669e-05 -1.38839e-05 -1.25311e-05

         1  1.03473e-05
         2 -9.04828e-06
         3  -5.4394e-06
         4  1.63365e-05
         5 -6.66064e-06
         6  4.60717e-05
         7 -7.43014e-09
         8 -1.42894e-05
         9 -1.00032e-06
        10  1.55862e-05
        11 -1.08145e-05
        12  2.52006e-05
        13  1.28269e-05
        14 -2.20556e-06
        15  -1.6185e-05
        16 -8.16683e-06
        17 -5.35784e-06
        18 -2.99148e-10
        19  -1.2213e-05
        20  7.52645e-06
        21  6.18575e-06
        22  -1.4141e-06
        23 -5.55341e-09
        24 -1.22257e-05
        25 -3.22257e-09
        26  4.83179e-09
        27  5.84565e-06
        28 -5.06082e-06
        29 -1.06906e-05
        30  1.21626e-10
        31  4.05166e-06
        32  1.34844e-05
        33 -8.91779e-09
        34 -2.69809e-06
        35  -4.4465e-06
        36 -1.02628e-07
        37 -5.31008e-06
        38 -7.57166e-09
        39 -1.84607e-08
        40 -2.64755e-06
        41  1.02559e-05
        42 -2.77808e-09
        43  -5.3394e-09
        44  1.92472e-05
        45  1.48369e-09
        46 -2.78218e-06
        47  8.01135e-07
        48  3.43495e-06
        49  2.33002e-05
        50  2.70489e-05
        51  4.02595e-06
        52 -8.03811e-06
        53  -1.4187e-05
        54 -6.67987e-09
        55 -9.16276e-09
        56  -2.5564e-08
        57  1.61727e-08
        58  9.96348e-06
        59 -2.08928e-06
        60  4.27373e-08
        61 -5.06516e-09
        62 -1.90458e-08
        63 -4.08759e-09
        64 -1.41093e-05
        65 -2.29958e-05
        66 -6.34637e-09
        67 -1.12462e-09
        68  3.72926e-08
        69 -7.57343e-06
        70  3.89377e-09
        71  2.01487e-08
        72 -2.47504e-05
        73  1.17958e-05
        74  1.53141e-08
        75 -1.87185e-07
        76 -1.05314e-05
        77 -5.18989e-09
        78   6.6774e-07
        79 -9.90842e-06
        80  -1.5101e-08
        81  1.80451e-09
        82 -2.81801e-06
        83 -9.77375e-06
        84  3.70273e-06
        85  5.80124e-06
        86  6.03783e-06
        87 -2.48164e-05
        88  1.10456e-05
        89  -1.4061e-05
        90  6.60743e-09
        91  1.82487e-08
        92  8.39036e-09
        93  2.25628e-07
        94  1.62447e-05
        95  4.65346e-09
        96   2.7982e-05
        97            0
        98 -1.88061e-06
        99  5.60123e-07
       100 -7.47258e-06
       101  6.10949e-06
       102 -6.88179e-06
       103  7.72599e-07
       104  3.10329e-05
       105  1.27339e-06
       106  1.18227e-05
       107  9.54633e-06
       108  1.03062e-05
       109  2.55802e-06
       110  1.42457e-05
       111 -1.02599e-05
       112  2.20071e-07
       113 -4.00471e-06
       114 -1.13535e-06
       115     2.14e-07
       116  9.60101e-06
       117 -2.81895e-06
       118 -1.25118e-05
       119  1.17895e-07
       120  3.55747e-06
       121   2.7412e-06
       122   8.1385e-06
       123  5.33436e-06
       124  -1.2283e-05
       125  3.51098e-06
       126  3.34674e-06
       127  2.43816e-06
       128  4.62129e-06
       129 -5.66906e-06
       130  1.48516e-06
       131  2.74056e-07
       132  1.22312e-05
       133 -2.04355e-06
       134 -3.16017e-06
       135  7.31861e-07
       136  5.20646e-06
       137 -2.11308e-06
       138 -3.52008e-06
       139 -2.13661e-06
       140 -3.41319e-05
       141  8.47425e-07
       142 -3.65087e-06
       143  2.71447e-06
       144  1.35337e-05
       145  1.37162e-08
       146 -1.04741e-06
       147 -8.49226e-06
       148  1.90542e-05
       149 -2.21202e-06
       150  -2.3251e-07
       151  1.06159e-06
       152 -2.75671e-05
       153 -1.07398e-06
       154 -1.25345e-06
       155  1.40784e-08
       156 -1.65074e-05
       157  9.72135e-07
       158 -7.08775e-06
       159 -5.25488e-06
       160  9.44125e-06
       161  5.19117e-06
       162 -1.99573e-06
       163 -8.71471e-07
       164 -8.44036e-06
       165  1.45814e-06
       166  1.29572e-05
       167  1.26555e-07
       168 -1.56166e-05
       169  3.79179e-05
       170  3.25968e-05
       171  1.06407e-06
       172  1.29109e-05
       173 -4.36818e-07
       174  -1.5982e-05
       175  7.87125e-07
       176  1.33366e-05
       177 -1.94512e-05
       178 -6.82871e-06
       179 -1.77786e-06
       180 -1.56734e-05
       181  5.65987e-06
       182  6.95195e-06
       183  1.58163e-06
       184  -4.8791e-06
       185  1.67353e-06
       186  2.11849e-06
       187  1.64224e-06
       188  8.79276e-07
       189  2.18531e-06
       190  1.42574e-05
       191     4.39e-06
       192 -1.93199e-05
       193 -4.43047e-06
       194  2.46242e-06
       195  1.38406e-06
       196  1.63662e-06
       197  2.62779e-05
       198   5.7939e-07
       199  1.94723e-06
       200 -2.17438e-07
       201 -2.53832e-06
       202 -1.55021e-05
       203   1.0345e-05
       204   6.6176e-06
       205 -3.77993e-07
       206 -1.43975e-05
       207  2.43348e-06
       208 -3.57625e-06
       209  1.18989e-06
       210 -2.74921e-05
       211 -1.29688e-06
       212  1.90631e-05
       213  4.97889e-06
       214  1.65303e-05
       215 -3.89311e-06
       216 -7.12137e-07
       217 -3.82931e-06
       218 -5.29811e-06
       219  1.09502e-05
       220 -7.67477e-06
       221 -1.03959e-07
       222 -9.65723e-06
       223 -1.89057e-05
       224 -3.67686e-06
       225  4.58024e-06
       226 -1.83388e-05
       227  2.52655e-05
       228  9.00479e-06
       229 -3.95784e-06
       230  6.73676e-06
       231  1.80039e-05
       232  1.67168e-07
       233  -3.9409e-06
       234  3.24221e-06
       235 -2.18956e-05
       236 -4.42098e-06
       237 -6.99446e-06
       238 -5.38045e-06
       239 -9.97572e-06
       240    1.598e-05
       241  2.61438e-06
       242   1.6321e-06
       243  1.15594e-05
       244  1.85422e-05
       245  1.55406e-06
       246 -6.22252e-09
       247 -7.07201e-06
       248 -3.89115e-06
       249 -6.30743e-06
       250 -2.00217e-05
       251 -4.84497e-06
       252 -7.20955e-06
       253  3.69088e-06
       254 -1.75347e-05
       255  1.65721e-06
       256 -8.26269e-06
       257  5.26296e-06
       258  5.63389e-06
       259   1.2061e-05
       260  -3.3999e-06
       261 -3.67765e-06
       262  1.66794e-05
       263  6.97159e-06
       264 -8.99121e-06
       265   2.3042e-06
       266  9.56431e-06
       267  -3.9429e-06
       268  1.97581e-06
       269  1.97055e-06
       270  8.72045e-07
       271  1.50427e-06
       272 -3.86312e-05
       273  5.10827e-06
       274  2.00518e-05
       275  -4.6555e-06
       276  1.16775e-06
       277  1.87543e-07
       278 -1.00211e-05
       279  -5.7167e-07
       280  1.85262e-06
       281  3.03801e-07
       282 -1.10295e-05
       283  1.73495e-06
       284 -2.15525e-06
       285 -4.28815e-06
       286  -1.8118e-06
       287 -6.37376e-06
       288 -5.01152e-06
       289  5.77784e-06
       290 -8.65061e-07
       291   1.3577e-06
       292 -4.58336e-06
       293  2.00842e-06
       294   1.0613e-06
       295 -5.81649e-06
       296            0
       297 -3.50661e-05
       298 -4.70547e-06
       299  7.83454e-07
       300  2.97519e-05
       301  9.79615e-06
       302 -1.54395e-05
       303   8.6951e-06
       304  1.59823e-05
       305  2.60783e-05
       306 -1.03844e-06
       307 -1.16839e-06
       308  4.06213e-06
       309 -5.86759e-06
       310 -1.30915e-06
       311  9.82311e-06
       312  3.78258e-06
       313 -4.14981e-06
       314 -1.28171e-05
       315  5.58853e-06
       316  1.74652e-05
       317  -4.0663e-06
       318  8.37217e-06
       319  1.41005e-05
       320  6.67257e-06
       321  4.55046e-05
       322 -1.87476e-05
       323 -1.00075e-06
       324  1.51879e-05
       325  1.17522e-05
       326  8.08492e-06
       327  1.34448e-05
       328  -5.8564e-05
       329  2.99375e-06
       330  9.31498e-07
       331  4.43358e-06
       332 -3.62881e-05
       333 -6.05276e-06
       334 -4.72873e-06
       335  3.43395e-06
       336  7.57858e-06
       337 -1.62572e-06
       338  1.33529e-06
       339  -1.0058e-05
       340  1.44354e-05
       341  4.18587e-05
       342 -1.15388e-06
       343  1.25372e-05
       344 -4.42021e-05
       345 -1.39863e-06
       346 -6.05993e-06
       347 -5.90088e-06
       348  3.39588e-05
       349 -5.52938e-06
       350 -1.16774e-05
       351  1.83782e-06
       352  1.78169e-05
       353 -1.17103e-05
       354  2.55318e-05
       355  3.30398e-05
       356  1.88769e-05
       357 -1.17998e-05
       358 -6.98764e-06
       359  3.23206e-05
       360 -3.98264e-05
       361 -5.79993e-05
       362 -1.71439e-06
       363  6.43288e-06
       364  8.44089e-06
       365   7.8491e-06
       366  6.16127e-07
       367 -3.03715e-05
       368  9.66714e-06
       369 -7.46633e-06
       370 -9.78823e-07
       371  2.70982e-05
       372  0.000120149
       373 -2.13082e-05
       374  5.84311e-06
       375  1.68008e-05
       376 -2.65733e-06
       377  2.60729e-05
       378   9.5907e-07
       379 -2.74097e-05
       380  4.39154e-05
       381 -4.83677e-06
       382  4.64536e-06
       383  1.09507e-06
       384 -1.43509e-05
       385  1.50597e-05
       386 -1.29905e-07
       387 -4.35743e-05
       388   6.6766e-07
       389  5.60046e-06
       390  1.23291e-06
       391  5.36852e-06
       392 -1.33246e-05
       393 -1.59944e-05
       394  3.96629e-06
       395  1.68713e-06
       396 -9.14558e-06
       397 -1.13168e-05
       398  1.13941e-05
       399 -1.95494e-05
       400 -3.13102e-06
       401  1.39174e-06
       402  1.93304e-05
       403 -1.19151e-05
       404  1.62279e-06
       405 -1.31581e-06
       406  8.71647e-06
       407 -3.21671e-07
       408 -2.84004e-05
       409  3.34234e-06
       410 -2.10612e-06
       411 -6.53446e-06
       412  8.71085e-06
       413  6.56641e-06
       414 -4.94247e-06
       415 -1.65234e-06
       416 -7.37711e-06
       417 -6.47518e-08
       418 -3.09321e-06
       419 -1.16935e-06
       420  7.62498e-06
       421  3.39581e-06
       422 -3.38544e-06
       423 -1.91552e-05
       424  -3.5128e-06
       425  1.84163e-05
       426  2.93749e-08
       427  2.27551e-05
       428 -9.17414e-06
       429  5.44036e-06
       430  3.84587e-06
       431  3.91899e-05
       432  2.37478e-06
       433 -8.01788e-06
       434  4.20248e-06
       435 -7.31733e-06
       436  3.81207e-06
       437  3.19685e-06
       438 -1.61539e-09
       439  1.15822e-05
       440   1.0022e-05
       441 -1.48799e-05
       442  1.20312e-05
       443 -1.30978e-05
       444 -1.71653e-05
       445 -5.54738e-06
       446    3.107e-07
       447  2.29144e-05
       448  1.90267e-05
       449 -2.10438e-05
       450 -6.70214e-10
       451 -1.66532e-05
       452 -1.92669e-05
       453   1.8109e-05
       454 -9.78986e-06
       455  1.78675e-05
       456  2.16553e-05
       457 -2.50909e-05
       458  1.58919e-05
       459  6.79809e-06
       460 -7.21775e-06
       461 -3.92179e-08
       462 -1.72954e-05
       463 -2.61701e-06
       464 -1.18987e-05
       465  1.54728e-05
       466 -1.47907e-09
       467  3.08016e-06
       468 -1.36471e-05
       469 -5.03331e-06
       470 -8.90845e-06
       471 -4.04474e-05
       472  1.09813e-05
       473 -5.41204e-06
       474 -3.71556e-09
       475 -1.03143e-05
       476  1.79796e-05
       477  2.01716e-06
       478 -1.13087e-05
       479  2.82867e-05
       480  2.08057e-06
       481 -5.93682e-06
       482  7.29794e-06
       483  2.11049e-05
       484  9.00694e-06
       485 -4.47925e-06
       486  3.09793e-05
       487  5.33871e-06
       488 -1.18724e-05
       489  1.74231e-05
       490  5.81401e-06
       491  5.84303e-06
       492  2.81644e-05
       493 -8.79324e-07
       494  9.60715e-07
       495            0
       496    4.923e-06
       497  1.18197e-05
       498 -3.22199e-06
       499 -6.74749e-06
       500 -6.55094e-06
       501    1.361e-06
       502 -3.39882e-06
       503 -6.80182e-06
       504 -1.79928e-06
       505  1.28394e-06
       506  4.05466e-06
       507  -4.4268e-06
       508  -2.7449e-06
       509 -1.67152e-05
       510    1.815e-06
       511  -7.7003e-07
       512 -4.15959e-07
       513 -8.97652e-06
       514 -3.91886e-08
       515 -4.36065e-06
       516 -3.29195e-06
       517  7.88787e-06
       518  4.17912e-06
       519  -2.0133e-06
       520 -1.36442e-05
       521 -2.55659e-07
       522  1.73991e-06
       523  6.48761e-07
       524   9.2316e-06
       525  4.23283e-06
       526 -1.56479e-06
       527  1.72819e-06
       528 -1.27291e-05
       529 -5.36132e-06
       530 -4.55825e-06
       531 -1.85456e-05
       532 -2.14381e-06
       533 -3.07739e-06
       534 -1.98715e-06
       535  1.40332e-06
       536 -5.98654e-06
       537 -1.78258e-06
       538 -1.65316e-05
       539  8.74757e-06
       540 -2.14793e-06
       541   -2.267e-05
       542 -1.25476e-06
       543 -9.70359e-06
       544  1.42512e-05
       545 -1.97281e-05
       546 -3.26559e-06
       547  6.56148e-07
       548  7.05872e-06
       549  4.18943e-07
       550 -3.87966e-05
       551  -7.6207e-06
       552 -2.92984e-06
       553 -1.75851e-06
       554 -2.52583e-05
       555 -6.11653e-06
       556  -5.0185e-06
       557 -5.58587e-07
       558  2.12931e-06
       559  3.69194e-06
       560  1.11742e-05
       561  4.93489e-06
       562  -9.2091e-08
       563  6.75219e-06
       564   6.1899e-06
       565  1.11222e-05
       566  5.30199e-06
       567 -1.43672e-05
       568  1.01523e-05
       569  1.25801e-05
       570 -4.48184e-07
       571  4.64731e-07
       572 -9.61047e-06
       573  1.46903e-05
       574  1.09471e-05
       575 -6.83267e-06
       576 -7.47708e-06
       577 -5.39194e-06
       578 -1.26798e-06
       579 -1.41191e-06
       580  1.52449e-05
       581  6.47739e-06
       582 -2.58108e-06
       583 -2.56468e-06
       584  -6.7322e-06
       585  1.29879e-06
       586 -4.18846e-06
       587 -1.15342e-05
       588  2.20424e-05
       589  4.76283e-06
       590  5.24816e-06
       591 -1.09519e-05
       592   4.3769e-06
       593  9.16464e-06
       594  3.62001e-06
       595  1.53515e-05
       596 -1.27787e-05
       597 -2.14495e-06
       598 -6.08466e-06
       599  4.51842e-06
       600 -9.09357e-06
       601  4.55087e-08
       602 -1.61661e-06
       603 -7.02241e-07
       604  9.98559e-07
       605 -3.23853e-06
       606  1.79381e-06
       607  8.55416e-06
       608  7.71577e-06
       609 -6.03193e-06
       610  1.31052e-05
       611  7.57135e-06
       612   1.4414e-06
       613 -2.07152e-06
       614 -1.20428e-06
       615 -9.53213e-06
       616  6.59784e-06
       617  1.67947e-06
       618  -8.2869e-07
       619 -1.57028e-06
       620 -1.33185e-05
       621 -1.66361e-05
       622 -8.51357e-08
       623 -4.44196e-06
       624  4.34463e-06
       625  3.13545e-05
       626  4.33195e-08
       627 -6.54393e-06
       628  7.61626e-07
       629 -3.97197e-07
       630  -1.3708e-06
       631 -2.12612e-06
       632 -8.83044e-06
       633  2.75732e-06
       634 -6.42164e-07
       635 -2.16145e-05
       636  4.55673e-06
       637  5.21899e-06
       638  6.50311e-07
       639  1.11012e-05
       640  -3.5921e-07
       641  4.04525e-06
       642  7.80705e-06
       643  4.80292e-06
       644  2.58215e-06
       645  2.89888e-06
       646  2.20119e-06
       647  7.37293e-07
       648  1.03481e-06
       649 -5.48009e-06
       650  7.90156e-06
       651 -4.37906e-06
       652  2.71372e-06
       653  2.53243e-06
       654 -2.61194e-06
       655  4.74604e-06
       656  6.64719e-06
       657  1.06728e-06
       658  1.16944e-05
       659    -1.96e-06
       660 -1.52639e-06
       661  6.76313e-06
       662 -2.51352e-06
       663 -3.88222e-06
       664 -1.36632e-05
       665  3.80545e-06
       666 -3.19777e-06
       667   5.2841e-06
       668 -3.68372e-06
       669  2.59613e-05
       670 -1.04631e-05
       671  2.16177e-07
       672   1.0677e-05
       673 -1.13667e-05
       674  1.03107e-05
       675  1.58221e-06
       676  1.93344e-05
       677  6.98739e-06
       678 -1.25645e-05
       679  -2.1794e-06
       680  1.19562e-06
       681 -2.91097e-06
       682  4.65915e-06
       683  5.31738e-06
       684 -9.87668e-07
       685  3.88438e-06
       686  1.35176e-05
       687  5.44881e-06
       688 -2.67125e-05
       689  3.94464e-06
       690  2.65371e-06
       691  1.37432e-06
       692  4.78887e-06
       693  5.08045e-07
       694            0
       695  3.33522e-07
       696 -1.57044e-06
       697 -6.58834e-06
       698 -2.24102e-06
       699 -4.18999e-06
       700 -9.93486e-07
       701 -4.35932e-06
       702 -1.26814e-06
       703 -2.39095e-06
       704  2.26226e-09
       705  2.29787e-06
       706 -3.34458e-06
       707 -2.84382e-06
       708 -1.95968e-06
       709  1.06696e-06
       710 -7.62354e-07
       711 -4.68092e-06
       712  -1.8514e-06
       713 -1.13445e-07
       714 -2.67382e-06
       715 -1.70438e-06
       716  3.56555e-06
       717   4.2182e-06
       718 -6.82034e-06
       719  3.34574e-06
       720 -1.70612e-06
       721 -3.83761e-07
       722 -1.63729e-06
       723 -5.64841e-06
       724  6.37385e-07
       725  1.77764e-06
       726 -2.13646e-06
       727 -2.25857e-06
       728 -7.11469e-06
       729  7.55385e-07
       730  -1.9933e-06
       731 -2.09959e-06
       732 -8.72269e-07
       733 -3.18046e-07
       734  5.76902e-07
       735 -5.55684e-07
       736 -2.33697e-05
       737 -5.39094e-07
       738  1.68464e-06
       739 -8.43163e-07
       740  -1.5641e-06
       741 -6.40859e-06
       742 -1.42307e-06
       743  2.15358e-06
       744 -1.71142e-06
       745 -9.90669e-06
       746 -3.25132e-06
       747 -1.09754e-06
       748  -5.7967e-06
       749 -6.65292e-06
       750  6.46792e-07
       751   1.4097e-06
       752 -2.48071e-06
       753 -8.61383e-06
       754 -2.95653e-06
       755 -4.69575e-06
       756  5.31688e-06
       757 -2.63711e-06
       758 -2.38919e-06
       759 -6.69669e-08
       760 -5.67277e-07
       761 -7.15737e-06
       762 -1.89635e-08
       763   4.9676e-07
       764  2.05825e-05
       765 -9.80041e-07
       766 -1.33293e-06
       767 -1.81075e-06
       768 -2.26386e-06
       769  2.72556e-06
       770  2.12471e-07
       771 -9.81875e-07
       772  4.67954e-06
       773  -5.2303e-06
       774 -5.07874e-06
       775 -1.10591e-05
       776  6.03576e-06
       777 -4.37912e-06
       778   2.3648e-05
       779  8.18973e-09
       780  2.93236e-07
       781 -2.53966e-06
       782  -1.6695e-06
       783  1.99522e-06
       784  1.61635e-06
       785 -3.93139e-06
       786 -1.86599e-06
       787  1.98564e-06
       788 -9.14653e-07
       789  1.03601e-05
       790 -2.13109e-06
       791  2.50715e-07
       792 -4.20954e-07
       793 -1.96963e-06
       794 -1.11709e-06
       795  1.16436e-06
       796  3.53422e-06
       797 -2.60267e-06
       798  1.08734e-07
       799  8.65853e-07
       800 -8.52549e-07
       801 -2.91205e-06
       802 -8.06575e-07
       803   1.7965e-06
       804  2.58767e-06
       805 -6.40532e-06
       806 -1.64139e-06
       807  2.59377e-06
       808  1.03464e-06
       809  -1.6728e-05
       810  1.33305e-05
       811  2.80144e-06
       812 -2.83681e-06
       813 -2.18753e-06
       814  -4.2664e-06
       815 -9.07232e-08
       816  2.43042e-05
       817 -3.42991e-07
       818  2.01138e-05
       819 -5.92457e-06
       820 -6.72997e-07
       821 -1.23444e-05
       822 -2.90517e-06
       823   4.0168e-06
       824  1.28003e-05
       825  -1.5429e-06
       826   -2.705e-06
       827 -1.33292e-06
       828 -1.81856e-06
       829   7.7203e-06
       830 -8.90579e-06
       831 -2.83365e-06
       832 -1.58381e-06
       833 -1.97466e-06
       834 -6.65396e-06
       835  -1.4307e-06
       836  1.88281e-06
       837 -1.28746e-07
       838  -3.2544e-07
       839 -1.26865e-05
       840   2.9047e-06
       841 -6.24701e-06
       842  7.92918e-06
       843 -7.80698e-07
       844 -7.94513e-06
       845 -1.14464e-06
       846 -1.56533e-06
       847 -8.80452e-07
       848 -8.89067e-06
       849  5.59433e-07
       850 -2.65168e-06
       851  2.09364e-05
       852  4.79239e-06
       853  7.48626e-08
       854 -4.73812e-06
       855 -9.31469e-06
       856 -2.72303e-06
       857 -4.85449e-06
       858  -6.3201e-06
       859  9.41916e-06
       860 -3.23243e-06
       861  3.64151e-06
       862 -1.74056e-06
       863 -2.97421e-07
       864 -1.26479e-06
       865 -7.05021e-07
       866  -7.5366e-06
       867  3.92158e-06
       868 -3.76753e-07
       869 -7.14382e-06
       870  -5.4465e-06
       871  3.04082e-06
       872 -3.68152e-06
       873  1.20105e-05
       874  -2.7436e-06
       875  3.05792e-06
       876 -8.93212e-06
       877  7.41294e-06
       878 -2.05005e-06
       879  1.57322e-06
       880  4.48978e-06
       881 -8.74208e-06
       882 -6.27511e-06
       883 -1.66202e-06
       884 -3.22552e-06
       885  2.06286e-05
       886   -1.269e-05
       887 -1.98536e-06
       888 -6.49161e-06
       889  1.30185e-06
       890  4.29129e-06
       891  1.88121e-06
       892  1.13739e-07
       893            0
       894   9.1661e-06
       895  -6.1016e-07
       896   8.1335e-06
       897  1.46799e-06
       898 -3.31704e-06
       899 -9.14023e-06
       900 -3.84965e-08
       901 -1.38314e-05
       902   6.3465e-06
       903  7.56471e-06
       904  1.16903e-05
       905 -3.51604e-05
       906 -5.91082e-06
       907  8.33696e-06
       908 -1.31523e-05
       909  5.04815e-06
       910 -1.93284e-05
       911 -1.27043e-05
       912 -5.98779e-06
       913 -4.44713e-06
       914 -1.56209e-06
       915  9.94845e-06
       916  2.51714e-05
       917  3.14414e-06
       918  1.24215e-05
       919  7.68282e-06
       920   2.1386e-05
       921  1.65274e-05
       922  7.02346e-06
       923 -7.45546e-06
       924 -3.99963e-09
       925 -2.04089e-05
       926 -1.45872e-05
       927  1.20165e-05
       928   -2.918e-05
       929  2.36741e-05
       930 -7.59131e-06
       931 -1.46956e-06
       932  1.22767e-05
       933 -1.66466e-05
       934  4.06206e-05
       935    1.262e-05
       936 -1.03646e-05
       937  1.86443e-05
       938  1.20778e-05
       939  1.56061e-05
       940 -1.17086e-05
       941  2.65566e-05
       942 -3.15278e-05
       943  3.42202e-07
       944 -5.05068e-06
       945  1.60787e-07
       946  2.39185e-07
       947  3.07886e-05
       948 -1.01951e-06
       949 -7.81754e-07
       950 -4.28267e-07
       951 -3.35189e-06
       952  2.31159e-05
       953 -1.04201e-05
       954 -1.17285e-08
       955  -6.2034e-06
       956  4.86205e-06
       957 -1.20726e-05
       958 -8.29822e-06
       959 -4.72208e-06
       960 -3.56181e-06
       961  1.56316e-06
       962  2.91498e-05
       963  2.88854e-05
       964   3.3462e-06
       965  4.90584e-06
       966  9.15737e-06
       967  1.24237e-05
       968  -4.6826e-05
       969  2.01123e-05
       970  1.11763e-05
       971 -2.30715e-06
       972 -1.52518e-06
       973  3.51568e-06
       974 -1.06202e-05
       975  1.63314e-05
       976  -3.8022e-06
       977 -2.34383e-06
       978  5.42349e-05
       979 -3.55233e-07
       980  -5.2435e-06
       981  2.33934e-05
       982 -2.35725e-05
       983  1.97634e-05
       984 -2.13559e-06
       985  1.94654e-05
       986  3.24901e-05
       987 -4.02005e-06
       988   2.0702e-05
       989  5.00913e-06
       990 -3.65262e-06
       991  2.37578e-05
       992    3.555e-05
       993  1.45298e-05
       994 -2.76401e-05
       995  -6.5546e-06
       996 -1.11881e-05
       997 -5.50194e-06
       998 -5.82589e-06
       999  1.98885e-05
      1000   1.7017e-05
      1001 -5.57662e-06
      1002  2.09778e-05
      1003 -2.01767e-05
      1004  8.03808e-06
      1005  8.39421e-06
      1006   1.0477e-05
      1007   1.4782e-05
      1008  2.68405e-06
      1009  -1.6827e-05
      1010 -2.36316e-05
      1011 -6.64485e-06
      1012    2.743e-06
      1013  1.64236e-05
      1014  2.23765e-05
      1015  2.77686e-05
      1016 -2.22148e-06
      1017  1.23981e-05
      1018 -1.20329e-05
      1019  8.20071e-06
      1020 -8.27838e-07
      1021 -1.01026e-05
      1022  4.86404e-06
      1023 -2.54836e-06
      1024 -5.89902e-06
      1025  2.03105e-05
      1026 -9.19767e-06
      1027  1.39511e-06
      1028  1.30606e-05
      1029  -2.9108e-05
      1030 -6.32368e-06
      1031  9.51614e-06
      1032 -1.77274e-06
      1033 -1.10671e-05
      1034 -1.72644e-05
      1035  6.65093e-06
      1036 -1.43089e-05
      1037 -9.37623e-06
      1038 -2.43106e-06
      1039 -3.67262e-05
      1040  6.40774e-06
      1041  2.58212e-05
      1042 -1.20819e-06
      1043  -1.7591e-06
      1044  1.01513e-05
      1045  3.65698e-05
      1046  1.04021e-05
      1047 -3.93101e-05
      1048  2.27901e-05
      1049 -1.58849e-05
      1050  1.15391e-05
      1051 -3.30312e-05
      1052 -4.35072e-06
      1053 -9.48126e-06
      1054 -7.29869e-06
      1055 -2.27702e-05
      1056  1.77341e-05
      1057 -1.38706e-05
      1058  6.53069e-06
      1059  9.08361e-07
      1060  -1.8532e-06
      1061  3.95271e-07
      1062  9.13898e-06
      1063 -1.60511e-05
      1064     8.62e-06
      1065   4.7493e-06
      1066 -1.15073e-05
      1067 -1.04971e-05
      1068  2.94702e-05
      1069  1.17181e-05
      1070 -9.26287e-06
      1071  3.20847e-05
      1072  1.01559e-05
      1073 -2.25572e-05
      1074   2.5301e-05
      1075 -5.57645e-06
      1076 -2.83799e-06
      1077  3.37979e-05
      1078  3.44654e-06
      1079  3.79167e-06
      1080  2.09524e-05
      1081  2.01244e-05
      1082 -6.37484e-06
      1083 -2.39756e-05
      1084  2.43045e-05
      1085 -9.89996e-06
      1086  -1.5685e-05
      1087 -1.66616e-05
      1088  1.76037e-05
      1089  2.93438e-05
      1090 -2.25401e-05
      1091 -8.09486e-07
      1092            0
      1093 -1.90377e-05
      1094  -3.8429e-05
      1095  2.54892e-05
      1096 -6.70809e-06
      1097   -1.039e-05
      1098  -4.2581e-05
      1099   2.2253e-05
      1100 -7.24569e-07
      1101 -2.21877e-06
      1102  2.22245e-05
      1103  9.78277e-07
      1104 -6.76177e-06
      1105 -1.17474e-05
      1106  1.64767e-05
      1107 -1.24891e-05
      1108  -4.6687e-06
      1109  1.90968e-06
      1110  5.46001e-07
      1111 -1.21184e-05
      1112  6.78299e-06
      1113  1.89368e-05
      1114  2.58717e-06
      1115 -2.22638e-05
      1116  1.48032e-06
      1117   1.8546e-08
      1118  2.26944e-05
      1119 -1.23104e-05
      1120 -4.89086e-06
      1121   5.8444e-06
      1122 -3.58218e-07
      1123 -1.00665e-05
      1124 -2.60923e-06
      1125 -3.10566e-06
      1126  2.65352e-06
      1127  2.39125e-06
      1128 -6.47584e-07
      1129 -6.81925e-06
      1130  3.52075e-06
      1131  3.42927e-06
      1132  2.24863e-06
      1133 -1.50737e-06
      1134  -1.0791e-05
      1135  7.01394e-06
      1136 -3.61241e-06
      1137 -2.76225e-06
      1138  1.85752e-06
      1139  2.94429e-06
      1140 -4.27049e-06
      1141 -2.05192e-06
      1142  1.10972e-05
      1143 -4.83812e-06
      1144  3.40851e-05
      1145  3.94837e-05
      1146 -1.02509e-05
      1147  5.39927e-06
      1148 -4.53222e-05
      1149 -3.01488e-06
      1150  1.48026e-05
      1151 -1.96127e-05
      1152  -2.9231e-05
      1153  1.61945e-05
      1154   4.6057e-05
      1155 -7.92363e-06
      1156 -3.46884e-05
      1157 -6.91581e-06
      1158  -3.9427e-05
      1159  1.48046e-05
      1160  1.07581e-05
      1161 -1.48544e-05
      1162  1.90286e-05
      1163  2.26439e-05
      1164 -1.98954e-05
      1165 -6.18177e-05
      1166  1.02228e-05
      1167 -2.12182e-05
      1168  5.99064e-06
      1169 -8.28633e-07
      1170  4.84688e-07
      1171  7.05537e-06
      1172  2.71217e-05
      1173  2.75306e-05
      1174 -1.26305e-05
      1175 -3.17036e-05
      1176  1.33103e-05
      1177  2.99761e-06
      1178 -7.24068e-06
      1179  1.34231e-05
      1180  4.37843e-05
      1181 -1.71205e-08
      1182  9.45369e-06
      1183  -7.8627e-06
      1184  1.12382e-05
      1185  2.35987e-05
      1186  5.58955e-06
      1187 -4.19823e-06
      1188 -1.04221e-05
      1189  2.30739e-06
      1190 -1.63069e-06
      1191  2.02921e-06
      1192  2.42143e-06
      1193 -2.89734e-06
      1194  1.02385e-05
      1195  1.24976e-06
      1196 -2.12222e-05
      1197  8.73457e-06
      1198  6.11146e-06
      1199 -7.90357e-06
      1200 -1.08267e-05
      1201  4.63607e-05
      1202 -4.05358e-06
      1203 -1.39146e-05
      1204  2.98399e-06
      1205 -4.89232e-06
      1206 -7.85888e-06
      1207  9.13221e-06
      1208 -1.74277e-05
      1209   1.6748e-06
      1210 -1.20259e-06
      1211  1.68245e-06
      1212 -1.67056e-05
      1213  7.89953e-06
      1214 -4.08873e-07
      1215 -3.47525e-07
      1216 -8.58046e-06
      1217   1.3661e-05
      1218 -1.04749e-05
      1219 -1.15781e-08
      1220 -8.46071e-06
      1221 -2.65632e-07
      1222 -4.93578e-07
      1223 -2.89548e-05
      1224 -2.37412e-05
      1225 -6.14099e-06
      1226  1.04412e-05
      1227 -3.57643e-06
      1228 -1.19825e-05
      1229 -1.48543e-05
      1230 -2.52603e-05
      1231 -4.66302e-06
      1232 -6.20539e-06
      1233 -2.56662e-06
      1234 -2.37583e-06
      1235 -1.77747e-05
      1236 -3.94693e-07
      1237 -1.32618e-05
      1238  1.58835e-05
      1239 -5.45702e-06
      1240  1.95825e-05
      1241 -1.04412e-06
      1242  5.35405e-07
      1243 -3.35267e-05
      1244 -5.42144e-05
      1245 -1.00256e-05
      1246  1.39938e-05
      1247  1.05995e-05
      1248 -1.14452e-05
      1249 -1.32154e-05
      1250 -1.61141e-05
      1251 -1.47969e-05
      1252  -3.2674e-05
      1253  3.83619e-05
      1254   7.2328e-06
      1255  2.95013e-06
      1256  2.46732e-05
      1257 -3.18187e-05
      1258 -1.95338e-05
      1259  4.29421e-06
      1260   -4.266e-06
      1261  2.11561e-05
      1262 -1.92235e-05
      1263  2.51499e-06
      1264  4.39839e-06
      1265  5.25819e-06
      1266  4.81862e-05
      1267  1.02329e-05
      1268  6.27701e-06
      1269 -1.53739e-05
      1270  4.67701e-06
      1271 -1.56186e-05
      1272 -1.24401e-06
      1273  1.39607e-07
      1274 -1.06586e-06
      1275  4.72483e-07
      1276 -3.03335e-05
      1277 -1.86511e-05
      1278   1.4863e-05
      1279  2.26086e-06
      1280 -2.68394e-05
      1281 -4.81039e-06
      1282 -2.11395e-06
      1283  1.73483e-05
      1284 -6.37331e-06
      1285 -6.29362e-06
      1286  3.24792e-06
      1287  1.64116e-06
      1288 -2.85959e-05
      1289  6.81016e-06
      1290  1.82695e-06
      1291            0
      1292   1.3193e-06
      1293  5.84529e-06
      1294 -9.59983e-06
      1295 -6.32926e-06
      1296  5.72158e-06
      1297 -1.57348e-06
      1298  2.74142e-06
      1299  4.21683e-06
      1300 -2.56685e-06
      1301 -3.81805e-06
      1302  1.83599e-07
      1303  2.38415e-06
      1304 -2.95835e-06
      1305 -1.75688e-06
      1306  4.94379e-06
      1307 -1.35435e-08
      1308 -3.08839e-06
      1309  2.46581e-06
      1310 -3.59144e-06
      1311 -3.31159e-06
      1312  2.23965e-06
      1313  4.60114e-06
      1314  3.87523e-06
      1315 -6.89968e-06
      1316  5.68726e-06
      1317  8.21788e-06
      1318 -2.81029e-07
      1319 -5.20344e-06
      1320 -7.30083e-06
      1321  3.51296e-05
      1322 -1.08982e-05
      1323 -7.29052e-07
      1324 -4.87377e-06
      1325 -6.36204e-07
      1326  4.21199e-06
      1327  4.50262e-06
      1328  1.38541e-06
      1329  7.40744e-06
      1330  2.47696e-06
      1331  7.15977e-06
      1332 -4.71533e-06
      1333 -1.65727e-05
      1334  1.40546e-05
      1335  6.47215e-06
      1336 -1.84407e-06
      1337 -6.10244e-06
      1338  3.53891e-06
      1339 -7.98154e-08
      1340 -4.00306e-06
      1341 -4.43023e-07
      1342 -3.04865e-06
      1343  4.22175e-06
      1344  3.28421e-05
      1345 -1.74764e-05
      1346 -7.61512e-06
      1347 -5.60321e-06
      1348 -1.07387e-05
      1349 -1.58456e-05
      1350 -4.37862e-06
      1351 -3.14507e-06
      1352  -1.6139e-05
      1353 -3.11186e-06
      1354 -1.50193e-05
      1355  2.42109e-05
      1356  7.17134e-06
      1357 -4.11917e-06
      1358 -8.91469e-06
      1359  2.36359e-06
      1360 -2.43301e-06
      1361  5.06706e-06
      1362 -3.28747e-06
      1363 -1.47269e-05
      1364 -2.22994e-05
      1365 -9.75348e-06
      1366  2.01356e-06
      1367  4.69337e-06
      1368 -7.44918e-06
      1369  3.50803e-06
      1370  2.77412e-05
      1371   2.3066e-05
      1372  4.43079e-06
      1373  1.12156e-05
      1374  2.64357e-06
      1375  1.53765e-05
      1376 -2.51857e-05
      1377 -3.59104e-05
      1378 -1.29418e-06
      1379  1.80571e-06
      1380   1.7259e-05
      1381  7.79191e-06
      1382 -1.28681e-05
      1383  -1.3089e-06
      1384  5.45487e-06
      1385 -3.85502e-05
      1386   8.6644e-06
      1387  2.48894e-05
      1388 -1.89559e-05
      1389  1.86928e-05
      1390  2.09294e-05
      1391 -4.30516e-06
      1392 -1.07418e-05
      1393 -6.51144e-06
      1394  1.56266e-05
      1395 -7.60163e-06
      1396 -1.81928e-05
      1397  1.85512e-05
      1398    4.676e-06
      1399 -8.09187e-06
      1400  2.93668e-05
      1401 -2.58456e-05
      1402 -3.54714e-06
      1403  2.64532e-05
      1404 -1.48124e-06
      1405   2.1764e-05
      1406  -1.3621e-05
      1407 -3.08809e-06
      1408  9.81556e-06
      1409 -2.07741e-05
      1410 -2.37517e-05
      1411 -2.08623e-06
      1412  2.91784e-05
      1413    1.555e-05
      1414  5.13078e-07
      1415  9.86605e-06
      1416 -4.66932e-06
      1417 -6.18374e-07
      1418 -2.93824e-06
      1419 -1.18336e-05
      1420  2.67743e-06
      1421   2.0406e-05
      1422 -2.62105e-06
      1423 -6.47651e-06
      1424  9.23837e-06
      1425 -3.70541e-06
      1426 -9.53187e-06
      1427 -6.44585e-06
      1428 -2.63792e-06
      1429 -1.19205e-05
      1430 -2.25855e-05
      1431   1.5657e-05
      1432  1.86995e-05
      1433 -1.06438e-06
      1434 -7.44168e-06
      1435 -8.01681e-07
      1436 -3.19348e-05
      1437 -9.17867e-06
      1438 -1.20856e-05
      1439  1.18028e-05
      1440  2.64561e-05
      1441  3.93459e-05
      1442   2.3622e-06
      1443 -6.80453e-06
      1444 -1.79887e-06
      1445  2.33753e-05
      1446 -2.32287e-06
      1447  -1.7332e-05
      1448 -1.47498e-05
      1449  2.99994e-05
      1450 -4.18605e-06
      1451 -1.60467e-05
      1452  7.20421e-06
      1453 -8.85596e-06
      1454 -1.73811e-06
      1455  5.98084e-06
      1456 -1.41899e-05
      1457 -3.04871e-05
      1458  8.39036e-07
      1459 -3.55602e-06
      1460 -8.66247e-06
      1461  -9.7145e-06
      1462 -3.20152e-06
      1463  3.45945e-06
      1464 -5.40219e-06
      1465  1.55007e-05
      1466  2.07665e-05
      1467   7.9649e-06
      1468  1.41463e-05
      1469 -3.37712e-06
      1470   3.7748e-06
      1471  1.34047e-05
      1472   -8.887e-07
      1473 -2.10325e-06
      1474 -1.19756e-05
      1475 -5.43802e-06
      1476  1.78505e-06
      1477  7.29246e-06
      1478 -2.61698e-05
      1479 -3.52581e-06
      1480  6.29526e-06
      1481  1.76786e-05
      1482  -2.1444e-05
      1483  -2.6458e-05
      1484 -1.69163e-05
      1485 -3.23905e-05
      1486 -2.03766e-06
      1487  4.42253e-07
      1488   2.2577e-05
      1489 -1.06572e-05
      1490            0
      1491 -7.39129e-07
      1492 -1.66785e-06
      1493 -6.39345e-06
      1494 -2.03291e-06
      1495  1.61593e-05
      1496 -4.60813e-06
      1497 -6.12929e-06
      1498   1.0762e-06
      1499  -3.2322e-06
      1500  2.46141e-08
      1501  -8.0222e-06
      1502 -3.87694e-05
      1503 -4.18848e-06
      1504 -6.20982e-06
      1505 -1.56026e-05
      1506  5.01902e-06
      1507 -7.26446e-06
      1508  8.98933e-07
      1509 -7.63252e-06
      1510 -1.05746e-05
      1511 -9.68828e-06
      1512  8.78253e-06
      1513  -6.5661e-06
      1514  1.12225e-05
      1515  5.35928e-05
      1516 -7.16182e-06
      1517  1.14648e-05
      1518  7.83957e-06
      1519 -1.34424e-05
      1520  1.93226e-05
      1521 -1.12206e-05
      1522 -4.00653e-06
      1523  -1.7717e-05
      1524 -3.03411e-05
      1525 -3.51777e-06
      1526 -3.10394e-06
      1527 -5.12781e-06
      1528  8.11128e-06
      1529 -1.03856e-05
      1530 -1.20318e-05
      1531 -1.21251e-05
      1532 -1.15927e-05
      1533  5.40918e-05
      1534  2.37077e-05
      1535  2.13649e-06
      1536  3.75112e-06
      1537 -8.57464e-07
      1538 -5.22546e-06
      1539  7.47388e-06
      1540  6.52041e-08
      1541 -8.28242e-06
      1542 -1.61511e-06
      1543 -8.05905e-06
      1544  4.86255e-06
      1545  1.43521e-05
      1546  1.26995e-05
      1547  -1.1258e-06
      1548 -8.16078e-06
      1549  1.01391e-05
      1550 -3.31354e-05
      1551 -5.45427e-06
      1552  9.93531e-06
      1553  1.38621e-05
      1554  1.02145e-06
      1555 -8.59182e-07
      1556 -6.93357e-08
      1557 -1.09677e-06
      1558 -1.52897e-05
      1559  1.11569e-05
      1560 -6.88052e-06
      1561 -1.78462e-06
      1562 -4.87951e-06
      1563 -1.10637e-06
      1564  4.16779e-07
      1565  -3.5185e-06
      1566  -9.0892e-09
      1567 -8.50437e-07
      1568  1.00798e-05
      1569  5.80455e-08
      1570 -6.88029e-06
      1571 -4.88018e-06
      1572 -2.79658e-05
      1573 -1.56501e-05
      1574  2.31757e-05
      1575 -1.87115e-06
      1576  6.17594e-06
      1577 -9.96027e-06
      1578  8.27741e-06
      1579   3.1488e-05
      1580  1.35794e-05
      1581 -9.03638e-06
      1582 -2.43474e-05
      1583 -3.15862e-06
      1584 -9.57562e-06
      1585   1.5788e-05
      1586  1.86508e-05
      1587  2.32938e-05
      1588  3.22071e-05
      1589 -3.24616e-06
      1590 -1.10589e-05
      1591 -1.54674e-05
      1592  8.73493e-06
      1593  -1.8819e-06
      1594  2.87341e-05
      1595 -1.28227e-05
      1596  2.21935e-06
      1597  1.01207e-06
      1598 -1.02184e-05
      1599   1.9341e-05
      1600  1.56655e-06
      1601 -1.18055e-06
      1602   8.0377e-06
      1603  2.89704e-05
      1604 -3.36156e-06
      1605  6.40507e-06
      1606  -2.2097e-05
      1607  1.62322e-05
      1608  3.63788e-06
      1609 -8.78376e-08
      1610  4.95901e-06
      1611 -1.93923e-05
      1612 -1.23285e-05
      1613  9.99335e-06
      1614 -6.78177e-06
      1615   1.0902e-05
      1616  2.49956e-05
      1617  -1.5931e-05
      1618  8.66701e-06
      1619  6.23009e-06
      1620 -5.64261e-06
      1621 -5.23259e-06
      1622 -1.02147e-05
      1623 -1.37122e-06
      1624  1.63543e-05
      1625  8.64655e-08
      1626  8.91616e-07
      1627 -1.26746e-05
      1628  1.84579e-06
      1629  2.10269e-05
      1630 -3.31527e-07
      1631  -8.7556e-06
      1632  7.95693e-06
      1633 -2.50096e-06
      1634  -1.5565e-06
      1635 -1.89561e-05
      1636 -1.23984e-05
      1637 -1.38992e-05
      1638 -1.76657e-06
      1639 -9.73724e-06
      1640  9.69709e-06
      1641 -4.65776e-06
      1642  1.26792e-05
      1643   1.9735e-05
      1644 -7.01036e-07
      1645 -1.06051e-05
      1646 -2.57933e-05
      1647  7.16036e-06
      1648  2.03806e-05
      1649 -3.13682e-05
      1650 -2.09824e-05
      1651  1.36134e-05
      1652 -2.75462e-05
      1653  2.66011e-06
      1654  3.59719e-06
      1655   3.6545e-05
      1656  9.92838e-06
      1657  1.66536e-05
      1658 -9.83851e-07
      1659  4.81284e-06
      1660 -2.29206e-05
      1661  3.21348e-05
      1662 -1.60395e-05
      1663 -2.66579e-05
      1664 -4.05259e-06
      1665 -7.78695e-06
      1666  1.20048e-05
      1667  2.34811e-05
      1668  2.09045e-05
      1669 -2.71625e-05
      1670  1.14836e-05
      1671  5.19261e-06
      1672  7.87813e-06
      1673  1.98777e-05
      1674  1.72542e-05
      1675 -1.24616e-06
      1676  2.84807e-05
      1677  1.01561e-05
      1678 -1.20365e-05
      1679  8.66702e-06
      1680  3.16021e-05
      1681 -2.94231e-06
      1682 -2.81906e-06
      1683 -8.90931e-06
      1684 -1.56886e-05
      1685 -7.40005e-08
      1686 -1.97001e-06
      1687  3.25187e-06
      1688  1.32766e-06
      1689  2.27964e-05
      1690  1.16576e-06
      1691  2.31386e-06
      1692 -1.28862e-06
      1693 -1.78902e-05
      1694 -1.95465e-06
      1695 -6.29006e-06
      1696  1.62501e-05
      1697  7.89146e-06
      1698 -3.12361e-06
      1699   6.7024e-07
      1700  2.44846e-05
      1701  4.63569e-06
      1702  1.83243e-05
      1703  5.84703e-07
      1704 -1.57777e-06
      1705  8.45481e-05
      1706  3.45398e-05
      1707   2.6718e-07
      1708 -3.72802e-05
      1709  3.06635e-05
      1710 -2.05908e-05
      1711 -2.66558e-05
      1712  -7.6642e-06
      1713  -9.1347e-06
      1714  2.79132e-05
      1715 -1.49002e-06
      1716   9.9548e-06
      1717 -2.75257e-05
      1718  4.60824e-05
      1719  2.13556e-06
      1720 -5.13305e-06
      1721  9.00664e-06
      1722 -9.66766e-06
      1723 -4.48881e-06
      1724 -9.86779e-07
      1725  7.51426e-06
      1726   1.1809e-05
      1727 -1.09094e-05
      1728  9.67568e-06
      1729 -2.65524e-05
      1730  1.12893e-05
      1731 -1.67961e-06
      1732  2.89173e-06
      1733  2.78662e-06
      1734  5.29058e-06
      1735  9.47314e-06
      1736  8.66844e-06
      1737 -1.68657e-06
      1738  6.87544e-06
      1739  9.52227e-05
      1740 -3.86258e-05
      1741 -2.32437e-05
      1742 -5.73623e-05
      1743 -2.66356e-05
      1744 -1.96457e-05
      1745 -3.73788e-05
      1746  4.41104e-07
      1747  1.62256e-06
      1748 -2.10239e-06
      1749 -5.51192e-06
      1750   -1.192e-05
      1751  1.31429e-05
      1752  2.47905e-05
      1753  3.54762e-06
      1754  2.75169e-05
      1755  3.81124e-06
      1756   1.4998e-06
      1757   1.0508e-05
      1758  2.95943e-05
      1759  9.49757e-06
      1760 -2.64563e-05
      1761 -7.93042e-06
      1762  -1.2009e-05
      1763 -2.08774e-05
      1764   5.2047e-06
      1765 -4.89942e-06
      1766 -1.07258e-06
      1767 -2.96782e-06
      1768  8.39756e-06
      1769  1.43378e-05
      1770  8.32458e-06
      1771  8.12188e-06
      1772 -1.05794e-06
      1773  5.77895e-07
      1774 -9.56059e-06
      1775  9.76474e-06
      1776 -2.35439e-05
      1777   2.2827e-05
      1778 -2.98255e-06
      1779 -5.77902e-06
      1780  -3.8924e-05
      1781  -1.1376e-05
      1782 -2.11061e-06
      1783  4.83508e-06
      1784 -2.69218e-05
      1785 -1.62084e-05
      1786  1.49578e-05
      1787  1.43169e-06
      1788  3.95015e-05
      1789  1.80357e-05
      1790  6.24681e-06
      1791 -4.74837e-06
      1792  3.80561e-05
      1793 -2.82461e-05
      1794 -1.84911e-05
      1795  -7.5229e-06
      1796  1.41425e-05
      1797  1.67554e-06
      1798  2.48474e-05
      1799   4.0066e-05
      1800 -9.46767e-05
      1801 -7.85395e-06
      1802 -3.03608e-05
      1803  6.84386e-06
      1804  6.56547e-06
      1805   1.1741e-05
      1806 -7.83375e-06
      1807 -2.01726e-05
      1808  1.67039e-05
      1809   2.8778e-07
      1810  4.79969e-05
      1811  4.83262e-05
      1812 -2.46183e-06
      1813   2.2382e-05
      1814 -4.66219e-06
      1815 -1.92508e-06
      1816  1.29577e-06
      1817  2.49748e-05
      1818 -3.62229e-06
      1819  3.29601e-05
      1820  5.69108e-05
      1821  4.46675e-05
      1822 -4.72972e-06
      1823  2.01595e-05
      1824  5.47834e-05
      1825 -3.06054e-06
      1826 -3.35092e-05
      1827  -4.7945e-05
      1828  2.28678e-05
      1829 -2.81899e-05
      1830 -1.75199e-05
      1831   2.1374e-05
      1832  1.79333e-05
      1833  1.96846e-05
      1834 -1.02876e-06
      1835  2.36481e-05
      1836  4.23017e-06
      1837 -2.94042e-05
      1838 -3.14898e-05
      1839 -8.42955e-06
      1840  2.03811e-05
      1841 -2.41573e-05
      1842   3.4184e-06
      1843  -1.8297e-05
      1844 -2.14834e-05
      1845  5.86516e-06
      1846 -1.58155e-06
      1847   1.1229e-05
      1848 -1.62527e-05
      1849 -3.34362e-08
      1850  1.14115e-05
      1851 -2.05512e-05
      1852 -1.14089e-05
      1853  3.11545e-05
      1854 -4.47416e-05
      1855 -1.91903e-06
      1856 -1.86926e-05
      1857  2.07989e-05
      1858 -2.34329e-05
      1859 -2.74788e-05
      1860  1.76534e-05
      1861  6.22891e-06
      1862  1.72417e-06
      1863 -1.45009e-05
      1864  8.53094e-06
      1865 -8.71855e-06
      1866  9.20864e-06
      1867 -1.08714e-05
      1868  8.02318e-06
      1869 -1.79428e-05
      1870 -2.42633e-05
      1871 -1.72264e-05
      1872 -1.99739e-06
      1873  9.87495e-06
      1874 -2.24491e-05
      1875 -1.13484e-05
      1876 -5.31124e-06
      1877  6.02759e-06
      1878 -3.74071e-06
      1879 -2.16444e-06
      1880 -4.85974e-06
      1881 -7.09006e-06
      1882 -3.90505e-06
      1883 -1.20351e-05
      1884  9.14336e-06
      1885  -1.8206e-05
      1886 -1.41768e-05
      1887   3.2787e-05
      1888 -1.37366e-05
      1889 -8.64852e-06
      1890  1.40995e-05
      1891 -4.03659e-06
      1892 -1.17409e-05
      1893  9.15413e-06
      1894 -6.17861e-06
      1895 -1.19965e-05
      1896  1.02529e-05
      1897 -5.91976e-06
      1898 -1.12072e-05
      1899  3.03581e-05
      1900 -4.12617e-06
      1901  -4.5967e-05
      1902  4.02532e-05
      1903 -1.12759e-05
      1904 -9.19227e-06
      1905  -8.1363e-07
      1906 -4.72155e-06
      1907  3.99177e-06
      1908  9.77666e-06
      1909 -5.26171e-06
      1910  1.25586e-05
      1911  6.13168e-06
      1912 -2.22268e-05
      1913  3.35241e-06
      1914 -5.86773e-06
      1915  1.56171e-05
      1916 -3.88994e-06
      1917 -2.72307e-06
      1918  3.40845e-06
      1919 -1.79711e-06
      1920 -1.17838e-05
      1921  3.56958e-06
      1922  1.38136e-05
      1923 -6.68442e-06
      1924  3.33751e-06
      1925 -4.12393e-06
      1926 -5.63674e-06
      1927 -7.53955e-06
      1928  9.45048e-06
      1929 -1.05928e-05
      1930 -8.78553e-06
      1931  8.22975e-06
      1932 -1.84926e-05
      1933 -6.75641e-07
      1934  1.82607e-05
      1935 -9.39116e-06
      1936 -9.69999e-06
      1937  2.38918e-05
      1938  -1.4403e-05
      1939  5.51873e-06
      1940  1.17623e-05
      1941 -1.69221e-05
      1942  2.53996e-06
      1943  1.19438e-05
      1944 -2.20898e-06
      1945 -2.58871e-06
      1946  1.43517e-05
      1947  3.92341e-05
      1948 -1.66562e-05
      1949  5.01688e-08
      1950  1.07671e-05
      1951 -1.97393e-06
      1952  1.51588e-06
      1953 -1.89811e-06
      1954  2.30417e-05
      1955 -4.72731e-06
      1956  1.85763e-05
      1957  1.45178e-06
      1958    4.153e-05
      1959  9.62303e-06
      1960  8.83161e-07
      1961 -9.86617e-06
      1962  6.51101e-05
      1963  1.20645e-06
      1964  9.94578e-07
      1965  5.65592e-06
      1966  8.81195e-08
      1967  1.20829e-05
      1968 -5.05774e-09
      1969 -5.71041e-06
      1970 -1.94346e-05
      1971 -1.02401e-05
      1972 -6.82975e-06
      1973 -2.17462e-06
      1974  9.13261e-09
      1975 -2.58175e-05
      1976  1.07894e-06
      1977 -1.41874e-05
      1978 -5.47098e-06
      1979  1.65007e-05
      1980 -5.79878e-07
      1981 -3.33026e-05
      1982    -1.21e-05
      1983 -1.85641e-09
      1984 -2.00998e-06
      1985  1.11989e-05
      1986  3.27944e-10
      1987  2.35064e-06
      1988 -1.18759e-05
      1989  4.47883e-07
      1990  6.08776e-06
      1991 -1.39082e-05
      1992  3.52318e-07
      1993  3.57386e-07
      1994  1.13522e-05
      1995 -8.82196e-07
      1996 -1.46034e-05
      1997  1.70187e-06
      1998  1.29218e-05
      1999  3.68238e-07
      2000  8.96715e-06
      2001  1.86913e-06
      2002 -1.46493e-05
      2003  9.24867e-07
      2004  6.76092e-06
      2005  8.34865e-07
      2006  -3.4517e-06
      2007 -7.28743e-06
      2008 -1.31739e-05
      2009  1.93953e-06
      2010 -4.26127e-06
      2011  7.18685e-06
      2012 -6.09811e-06
      2013 -1.97966e-05
      2014 -2.86058e-06
      2015  8.27452e-07
      2016  7.60287e-06
      2017  2.34684e-06
      2018 -2.52553e-05
      2019  1.82362e-06
      2020 -1.45493e-05
      2021  2.33883e-06
      2022  -9.1269e-06
      2023  5.93251e-06
      2024 -1.91783e-05
      2025   6.3984e-06
      2026 -7.79365e-06
      2027 -1.04452e-06
      2028 -1.81721e-06
      2029  2.96989e-06
      2030 -7.85661e-06
      2031  4.18745e-06
      2032  8.94824e-06
      2033 -5.68838e-06
      2034 -9.65562e-06
      2035  9.53199e-07
      2036  1.06806e-05
      2037 -9.60299e-06
      2038  6.58267e-06
      2039  1.50243e-05
      2040  3.59506e-06
      2041 -1.43925e-05
      2042  2.47809e-07
      2043 -1.32607e-06
      2044  5.74886e-06
      2045  5.01736e-06
      2046  -1.8661e-06
      2047  4.82039e-06
      2048 -5.17407e-06
      2049 -7.28842e-06
      2050 -9.12203e-06
      2051 -1.71764e-06
      2052  -4.2054e-06
      2053   2.2492e-05
      2054 -5.91693e-06
      2055 -1.70017e-05
      2056 -1.12804e-05
      2057  2.44063e-05
      2058  6.31639e-06
      2059 -2.90312e-06
      2060   2.3187e-05
      2061 -2.44925e-06
      2062 -1.74306e-05
      2063 -1.11378e-05
      2064 -2.87646e-05
      2065  2.65432e-06
      2066 -2.16376e-05
      2067 -1.02899e-05
      2068 -1.78353e-06
      2069  9.97295e-06
      2070  6.01055e-07
      2071 -1.66077e-05
      2072  1.87631e-05
      2073   7.5023e-06
      2074 -4.76263e-06
      2075  1.65729e-05
      2076  4.61507e-06
      2077  6.70249e-07
      2078 -1.82765e-06
      2079  6.53405e-06
      2080 -1.87479e-06
      2081 -4.01052e-06
      2082 -1.35094e-06
      2083  3.48877e-06
      2084  5.03177e-06
      2085  -2.4834e-05
      2086  1.80519e-05
      2087 -9.49036e-06
      2088  3.07582e-05
      2089 -8.15962e-07
      2090 -1.68474e-05
      2091 -3.83094e-06
      2092  7.62636e-06
      2093 -7.91916e-06
      2094  1.56684e-06
      2095 -9.85845e-07
      2096 -4.34247e-05
      2097  5.97144e-06
      2098  4.54983e-05
      2099  5.66734e-05
      2100 -5.94861e-06
      2101 -8.53311e-05
      2102  4.03004e-05
      2103  2.07692e-05
      2104 -5.22904e-06
      2105 -7.29251e-06
      2106 -8.00893e-06
      2107 -8.11199e-06
      2108   8.5925e-06
      2109 -1.47063e-05
      2110  2.96986e-06
      2111  4.00835e-05
      2112   1.0911e-05
      2113 -5.03739e-05
      2114 -4.40481e-06
      2115  2.54537e-06
      2116 -9.08118e-06
      2117  7.27804e-06
      2118 -1.20127e-06
      2119  1.87725e-06
      2120  6.09899e-06
      2121 -5.11864e-07
      2122  1.27787e-05
      2123 -4.71437e-05
      2124  0.000121519
      2125  1.80899e-05
      2126 -0.000103693
      2127 -6.78965e-06
      2128  6.31126e-06
      2129 -3.27765e-05
      2130  1.72244e-05
      2131  4.54788e-06
      2132 -1.32244e-05
      2133 -1.06039e-05
      2134  2.72784e-05
      2135  4.05343e-05
      2136 -0.000587666
      2137 -0.000352077
      2138 -7.97481e-05
      2139 -2.94711e-05
      2140 -1.14001e-05
      2141  2.11136e-05
      2142   0.00018926
      2143   8.9669e-05
      2144 -1.38839e-05
      2145 -1.25311e-05
