 Actual and kludged survival report
  Actual/Kludged Season  Mvmnt_period  Region  Survival 
Actual  1   1   1 0.63725 0.644429 0.639644 0.652791 0.671604 0.671016 0.657277 0.640186 0.629022 0.628664 0.638869 0.65841 0.684951 0.711857 0.732011 0.739907
Kludge  1   1   1 0.573228 0.580312 0.596996 0.616538 0.632781 0.640222 0.63544 0.622542 0.607667 0.597508 0.599114 0.616549 0.643151 0.670314 0.690909 0.699043
Actual  1   1   2 0.637481 0.647129 0.66759 0.687117 0.69551 0.68867 0.672653 0.654964 0.643981 0.644198 0.655171 0.675589 0.703059 0.730795 0.751519 0.759625
Kludge  1   1   2 0.616303 0.622848 0.638081 0.655545 0.669416 0.674495 0.66754 0.65278 0.636648 0.626351 0.629495 0.650145 0.680356 0.71038 0.732656 0.741336
Actual  1   1   3 0.636993 0.639856 0.589475 0.605368 0.646567 0.652683 0.637909 0.617989 0.603752 0.60047 0.608009 0.625112 0.649416 0.674489 0.693468 0.700948
Kludge  1   1   3 0.630996 0.633175 0.638015 0.642998 0.645693 0.643695 0.6356 0.624376 0.614331 0.610067 0.616191 0.634855 0.660154 0.684957 0.70341 0.710627
Actual  1   1   4 0.637459 0.646795 0.663807 0.683154 0.693198 0.686991 0.67104 0.653248 0.642111 0.642161 0.65297 0.67323 0.70055 0.72816 0.748803 0.75688
Kludge  1   1   4 0.644641 0.649424 0.660441 0.672802 0.682016 0.683926 0.675942 0.661957 0.647888 0.640322 0.646046 0.668308 0.699074 0.728916 0.750739 0.759173
Actual  1   1   5 0.625247 0.554398 0.565733 0.641447 0.665026 0.667115 0.65539 0.638833 0.625881 0.62208 0.62824 0.644039 0.667639 0.692619 0.711884 0.719562
Kludge  1   1   5 0.594966 0.602304 0.61963 0.640034 0.657286 0.665942 0.662688 0.651547 0.638467 0.629922 0.632713 0.65064 0.677032 0.703512 0.723352 0.731134
Actual  1   1   6 0.637341 0.645261 0.639486 0.635156 0.656419 0.665557 0.658691 0.6456 0.636899 0.638236 0.649725 0.670313 0.697748 0.725357 0.745948 0.753994
Kludge  1   1   6 0.628729 0.63193 0.639389 0.64794 0.654574 0.65643 0.651842 0.643953 0.637271 0.636519 0.646303 0.668489 0.69655 0.723055 0.742283 0.749692
Actual  1   1   7 0.637218 0.643429 0.627823 0.645428 0.670728 0.670524 0.655223 0.636481 0.623908 0.622395 0.631661 0.650426 0.676317 0.702725 0.722579 0.730373
Kludge  1   1   7 0.639067 0.642533 0.650444 0.65913 0.665133 0.665139 0.657117 0.644508 0.632451 0.626544 0.63247 0.652932 0.680993 0.708386 0.728607 0.736473
Actual  1   1   8 0.637463 0.646852 0.664449 0.683827 0.693591 0.687277 0.671319 0.653547 0.642439 0.64252 0.653358 0.673645 0.700992 0.728625 0.749282 0.757364
Kludge  1   1   8 0.64381 0.648769 0.660199 0.673044 0.682673 0.684819 0.676814 0.662595 0.648157 0.640192 0.645621 0.667794 0.698625 0.728591 0.750523 0.759003
Actual  2   1   1 0.636058 0.627515 0.478639 0.482656 0.561704 0.58836 0.578652 0.558118 0.541092 0.53411 0.537609 0.550504 0.570553 0.591912 0.608387 0.614949
Kludge  2   1   1 0.642884 0.640109 0.632772 0.622339 0.610327 0.598378 0.588186 0.581239 0.578962 0.582716 0.593694 0.611829 0.633086 0.65291 0.667376 0.672978
Actual  2   1   2 0.637082 0.641902 0.612513 0.624752 0.654953 0.658821 0.645529 0.627689 0.615413 0.613849 0.62287 0.64127 0.666727 0.692724 0.712286 0.719969
Kludge  2   1   2 0.64338 0.645379 0.649786 0.654247 0.656478 0.654219 0.646183 0.635379 0.626151 0.623123 0.630867 0.651338 0.67822 0.704121 0.72316 0.730553
Actual  2   1   3 0.637089 0.641283 0.604113 0.620667 0.655928 0.659624 0.64462 0.625121 0.611495 0.608868 0.617052 0.634779 0.659682 0.685261 0.704573 0.712173
Kludge  2   1   3 0.625142 0.628151 0.634999 0.642461 0.647465 0.647035 0.639363 0.627634 0.616545 0.611151 0.616565 0.635293 0.661168 0.686682 0.705701 0.713146
Actual  2   1   4 0.637463 0.64686 0.664545 0.683928 0.69365 0.687321 0.671359 0.653588 0.642483 0.642566 0.653408 0.673698 0.701048 0.728684 0.749343 0.757425
Kludge  2   1   4 0.644506 0.649333 0.66045 0.672926 0.682231 0.68418 0.676161 0.662082 0.64789 0.640209 0.645872 0.668154 0.698993 0.728915 0.750798 0.759256
Actual  2   1   5 0.626884 0.572532 0.586107 0.654618 0.675088 0.673203 0.659486 0.642138 0.629035 0.62538 0.63181 0.647915 0.671808 0.697025 0.716435 0.724162
Kludge  2   1   5 0.598053 0.60556 0.623214 0.64385 0.661042 0.669181 0.664825 0.652114 0.637226 0.626979 0.628617 0.646272 0.673037 0.700145 0.72054 0.728556
Actual  2   1   6 0.63734 0.645137 0.636442 0.628976 0.651633 0.662771 0.657115 0.64465 0.636269 0.637773 0.649348 0.669978 0.697428 0.725037 0.745623 0.753666
Kludge  2   1   6 0.629554 0.63235 0.638866 0.646322 0.652063 0.653545 0.64932 0.64237 0.636927 0.637377 0.647954 0.67027 0.698006 0.724033 0.742858 0.750101
Actual  2   1   7 0.637367 0.645494 0.649588 0.668251 0.684403 0.680564 0.664859 0.646683 0.634973 0.634399 0.644595 0.664262 0.691017 0.718153 0.738485 0.746451
Kludge  2   1   7 0.629622 0.63457 0.646014 0.658957 0.668795 0.671272 0.663729 0.650001 0.635892 0.627823 0.632445 0.65312 0.682365 0.711148 0.732436 0.74072
Actual  2   1   8 0.637467 0.646919 0.665208 0.684622 0.694055 0.687615 0.671645 0.653895 0.642819 0.642933 0.653805 0.674125 0.701502 0.72916 0.749834 0.757922
Kludge  2   1   8 0.64332 0.648355 0.659964 0.673024 0.682845 0.685113 0.677134 0.662863 0.648327 0.640259 0.64563 0.667823 0.69872 0.728759 0.750744 0.759245
Actual  3   1   1 0.636833 0.638389 0.577021 0.586894 0.630996 0.640939 0.628527 0.609912 0.596326 0.593287 0.60082 0.617752 0.64178 0.66656 0.685316 0.692708
Kludge  3   1   1 0.604632 0.606837 0.611831 0.617204 0.620623 0.619792 0.613379 0.604093 0.595815 0.592622 0.598582 0.615663 0.638732 0.661466 0.678497 0.68519
Actual  3   1   2 0.63692 0.63928 0.584966 0.597491 0.639332 0.647253 0.633839 0.614781 0.601054 0.598048 0.605713 0.622843 0.647108 0.672115 0.691034 0.698487
Kludge  3   1   2 0.653742 0.654467 0.655754 0.656284 0.654736 0.649755 0.640719 0.630325 0.622337 0.620711 0.629287 0.649533 0.675523 0.700397 0.718648 0.72573
Actual  3   1   3 0.637219 0.643218 0.624488 0.641979 0.668807 0.669125 0.653794 0.634875 0.622096 0.62038 0.629458 0.64805 0.673782 0.700059 0.719829 0.727594
Kludge  3   1   3 0.618577 0.622615 0.631927 0.642384 0.650108 0.65143 0.644071 0.631502 0.618917 0.611957 0.616412 0.635252 0.661947 0.68846 0.708269 0.716029
Actual  3   1   4 0.637423 0.64626 0.657781 0.676842 0.689502 0.684296 0.66844 0.650476 0.639088 0.638867 0.649411 0.669416 0.696494 0.723901 0.744412 0.752441
Kludge  3   1   4 0.648666 0.652881 0.662542 0.673263 0.680977 0.681866 0.673558 0.659812 0.646327 0.639415 0.645535 0.667714 0.698102 0.727518 0.749027 0.75734
Actual  3   1   5 0.629433 0.597879 0.612491 0.666375 0.683395 0.678843 0.663698 0.645734 0.632735 0.629631 0.636795 0.653632 0.678155 0.703831 0.723492 0.731296
Kludge  3   1   5 0.602335 0.609751 0.62712 0.647269 0.663769 0.670991 0.665443 0.651324 0.634973 0.623465 0.62437 0.642041 0.669335 0.69713 0.718088 0.726334
Actual  3   1   6 0.63731 0.644718 0.629957 0.617076 0.642465 0.657245 0.653766 0.64242 0.634602 0.636386 0.648093 0.66877 0.696217 0.723799 0.744356 0.752385
Kludge  3   1   6 0.631194 0.633246 0.638012 0.643422 0.647478 0.648234 0.64466 0.639433 0.636254 0.638896 0.650916 0.673477 0.700636 0.725805 0.743906 0.750848
Actual  3   1   7 0.637326 0.644945 0.643837 0.662216 0.680794 0.677918 0.662326 0.644007 0.632074 0.631257 0.641211 0.660642 0.687171 0.714117 0.734324 0.742245
Kludge  3   1   7 0.631924 0.636522 0.647131 0.65907 0.668002 0.669885 0.662201 0.648693 0.635021 0.627422 0.632331 0.652961 0.681948 0.71043 0.731487 0.739682
Actual  3   1   8 0.63744 0.646512 0.660612 0.679807 0.69124 0.685563 0.669664 0.651783 0.640515 0.640423 0.651092 0.671217 0.69841 0.725913 0.746486 0.754538
Kludge  3   1   8 0.645526 0.650214 0.661002 0.673081 0.682028 0.683737 0.675648 0.661627 0.647553 0.63997 0.64562 0.667733 0.698332 0.728038 0.749778 0.758185
Actual  4   1   1 0.636953 0.640056 0.593566 0.604653 0.642374 0.649366 0.636377 0.617982 0.604906 0.602486 0.610662 0.628238 0.652898 0.678217 0.697329 0.704851
Kludge  4   1   1 0.588486 0.592956 0.603425 0.615543 0.625218 0.628609 0.623335 0.612739 0.601762 0.595674 0.599865 0.617218 0.64192 0.666656 0.68529 0.69263
Actual  4   1   2 0.637433 0.646403 0.659396 0.678531 0.690487 0.685004 0.669111 0.651181 0.639852 0.639699 0.650309 0.670378 0.697518 0.724977 0.74552 0.753562
Kludge  4   1   2 0.620238 0.626213 0.640094 0.655947 0.668378 0.67251 0.665292 0.650808 0.63527 0.625611 0.629104 0.649589 0.679323 0.708832 0.73073 0.739266
Actual  4   1   3 0.637085 0.641219 0.603457 0.61996 0.655478 0.659283 0.644287 0.624766 0.611111 0.608453 0.616606 0.634304 0.659178 0.684732 0.704029 0.711622
Kludge  4   1   3 0.628268 0.630959 0.637019 0.643475 0.647473 0.646228 0.638063 0.626121 0.615022 0.609736 0.615281 0.634086 0.659988 0.685507 0.704523 0.711966
Actual  4   1   4 0.637469 0.646951 0.665574 0.685005 0.694279 0.687779 0.6718 0.654059 0.642996 0.643125 0.654012 0.674346 0.701737 0.729407 0.750089 0.758179
Kludge  4   1   4 0.644747 0.649608 0.660796 0.673335 0.682657 0.684541 0.676349 0.662019 0.647551 0.639645 0.64522 0.667602 0.698647 0.728783 0.750821 0.759338
Actual  4   1   5 0.629334 0.591036 0.605223 0.660982 0.678892 0.676376 0.662314 0.644885 0.632234 0.629437 0.636882 0.653949 0.678636 0.70441 0.724109 0.73192
Kludge  4   1   5 0.599318 0.606842 0.624499 0.64506 0.662045 0.669796 0.664827 0.651353 0.635699 0.624882 0.626381 0.644452 0.671945 0.69979 0.720722 0.728944
Actual  4   1   6 0.637291 0.644484 0.626826 0.61165 0.638348 0.654752 0.652217 0.641348 0.633766 0.635664 0.64742 0.668109 0.695547 0.723111 0.74365 0.751671
Kludge  4   1   6 0.632408 0.63405 0.637845 0.642103 0.645182 0.645474 0.642179 0.637807 0.635774 0.639527 0.652273 0.674948 0.701804 0.726529 0.744258 0.751046
Actual  4   1   7 0.63717 0.643012 0.624817 0.642279 0.668703 0.669023 0.653845 0.635097 0.622472 0.620884 0.630065 0.648739 0.674537 0.700862 0.720661 0.728434
Kludge  4   1   7 0.639475 0.642905 0.650723 0.659288 0.665161 0.66505 0.656932 0.644251 0.632149 0.62623 0.632181 0.652701 0.680834 0.708291 0.728556 0.736438
Actual  4   1   8 0.637441 0.646533 0.66085 0.680056 0.691386 0.68567 0.669768 0.651894 0.640635 0.640554 0.651234 0.671369 0.698571 0.726083 0.746661 0.754714
Kludge  4   1   8 0.645285 0.650006 0.660872 0.673045 0.682077 0.683844 0.675774 0.66174 0.647635 0.640018 0.64565 0.667775 0.698402 0.728137 0.749898 0.758313
