2253
 5.3932e-06 9.62659e-06 -1.84483e-08 3.20288e-09 -1.34704e-05 -2.21689e-05 -4.15059e-06 -6.4228e-06 -8.80177e-07 -1.51537e-05 -1.73912e-07 -1.69844e-06 1.44438e-05 2.90304e-08 -1.12625e-05 1.93863e-07 -4.7861e-09 -2.03211e-08 -1.17446e-05 9.41931e-09 -3.75435e-06 4.39148e-06 1.35668e-05 -1.38058e-05 -2.16219e-08 -1.54262e-08 2.60853e-08 -1.868e-05 -1.0893e-05 6.30504e-09 8.657e-09 1.01099e-08 -2.03724e-10 1.27832e-06 -3.02535e-06 1.68244e-08 -4.98745e-06 1.16698e-08 1.07002e-07 -3.72974e-06 3.11984e-06 2.29809e-08 -4.70712e-09 -3.29195e-08 -2.20429e-08 8.43151e-10 -2.2043e-06 -2.95945e-06 1.49401e-05 6.1802e-09 -5.49762e-09 6.53843e-06 -1.46948e-05 3.62755e-09 1.73732e-06 -1.37779e-09 -4.17953e-09 6.22294e-06 -2.76753e-08 -1.61902e-08 -8.52841e-08 -1.80881e-06 -2.73931e-08 1.10899e-07 3.35659e-06 2.23152e-08 -1.3888e-08 1.28073e-07 -1.21121e-05 -3.45789e-06 -4.12034e-08 2.40662e-08 -2.24975e-05 -7.97057e-09 6.76475e-09 4.16885e-06 1.12797e-05 3.46561e-08 4.02569e-06 1.2463e-08 3.66671e-09 -1.18184e-08 -3.2804e-08 1.54235e-05 7.55071e-08 1.06659e-05 -3.20008e-07 -2.2875e-08 1.54672e-06 2.21344e-08 -7.35301e-09 4.84662e-09 -3.31314e-08 -1.24e-06 -2.06039e-08 1.99e-06 -2.87261e-09 -3.21961e-06 -8.28532e-06 -8.94542e-06 2.55027e-06 -7.05438e-06 1.62469e-06 8.85677e-06 -6.77939e-07 -9.66257e-06 -6.13772e-06 -1.03093e-05 -1.47977e-08 -1.17264e-06 -9.26488e-06 -1.35173e-05 -9.14944e-06 -1.04206e-05 -1.24653e-06 -1.58573e-05 1.91387e-07 -1.20066e-05 -6.32893e-06 1.01952e-05 1.9052e-05 5.25069e-06 1.08635e-05 -5.20189e-06 7.24168e-06 3.18421e-06 8.51722e-06 -5.74768e-06 -9.91249e-06 -4.9235e-06 -2.75827e-06 -2.22183e-06 3.75249e-06 6.19276e-06 -6.48637e-06 1.53448e-05 2.67724e-07 -1.64754e-06 -1.6132e-06 -2.74142e-06 1.6218e-05 5.56478e-06 -3.81448e-07 4.98712e-06 9.66757e-06 -5.07841e-07 -7.87682e-06 -2.62736e-07 1.57644e-06 8.43838e-06 2.42251e-06 1.03747e-05 -3.14177e-07 2.81102e-06 -1.94912e-06 -2.98356e-07 3.81988e-08 -7.94728e-06 6.38869e-06 1.48142e-05 1.05408e-06 -4.69688e-06 -2.75e-07 1.61902e-05 9.17174e-07 3.42598e-07 -5.10663e-06 -9.64756e-06 -6.03393e-06 -1.49819e-05 -4.56231e-06 -1.39014e-06 -9.70059e-06 8.47145e-06 -1.33806e-06 -3.02603e-06 -2.11062e-05 -3.5558e-06 -7.15967e-07 5.94548e-06 6.95265e-07 -5.87003e-06 -6.42237e-06 1.83394e-06 -1.60378e-06 -1.81797e-05 -7.95859e-07 1.21834e-06 -3.16199e-06 -9.16481e-07 4.65407e-06 -5.97431e-06 -1.54585e-05 -7.90082e-06 2.83563e-06 6.77822e-06 4.76681e-06 6.39661e-06 3.00026e-06 1.44064e-05 -2.60347e-06 -1.08827e-05 3.60163e-06 3.69627e-06 -2.07771e-06 7.84723e-06 -2.652e-06 -3.2906e-06 2.05389e-06 1.80645e-06 -4.91547e-08 1.76371e-06 1.96153e-05 -2.6935e-06 -4.79198e-06 5.02966e-07 9.55672e-07 -8.96473e-06 7.26858e-06 -1.64427e-06 -1.47896e-05 7.39545e-06 -1.27344e-06 -6.49052e-06 -5.04138e-06 -1.84072e-05 3.89891e-06 1.94771e-05 1.23804e-05 5.75898e-06 3.53644e-06 -4.34587e-06 -7.48481e-06 -3.7857e-06 1.45553e-05 -1.04036e-06 -9.09306e-06 5.6429e-06 2.05721e-05 -4.63685e-06 -2.54591e-06 -1.34237e-05 2.29155e-07 -1.97535e-06 -2.85064e-06 6.65744e-06 1.20151e-05 -4.86837e-06 -2.02196e-06 -3.83886e-06 2.57146e-06 2.26336e-05 6.15333e-07 3.2058e-08 -2.78168e-07 2.77508e-06 -1.82555e-06 -9.6896e-06 4.55856e-06 -1.14964e-05 1.1977e-05 5.12012e-06 3.19339e-06 1.01542e-06 -5.42126e-06 -7.42861e-06 2.88222e-06 -1.87724e-05 7.4295e-06 -8.751e-07 2.80114e-06 1.37144e-05 -3.94738e-06 -9.28284e-06 4.62808e-06 1.00062e-06 9.50775e-06 1.07225e-05 -1.00838e-05 -2.86623e-05 -4.47773e-06 1.1851e-06 -9.23632e-06 -1.10377e-05 1.23965e-08 8.72043e-06 1.18954e-06 -8.42967e-06 1.12688e-05 1.60877e-05 1.12003e-05 8.45188e-06 2.90791e-06 4.56582e-06 -3.87172e-06 7.35332e-08 -4.10976e-06 2.01201e-05 -8.65732e-06 7.65144e-06 2.36046e-06 -2.13818e-06 -4.53577e-06 2.3174e-07 -2.34233e-06 3.59296e-06 -1.93519e-05 -4.64455e-06 -4.7656e-06 -1.29897e-05 2.74291e-05 1.60083e-06 -1.92172e-06 2.47026e-06 3.54504e-08 1.09712e-05 -2.56797e-05 -1.82705e-05 -3.10485e-06 1.09921e-06 3.54662e-06 7.56296e-06 -6.97967e-06 1.1713e-06 1.43597e-06 2.34313e-06 2.17169e-06 3.89388e-06 -4.63347e-06 3.38742e-06 3.18545e-07 1.18046e-05 6.11304e-07 -5.02648e-06 6.39178e-06 2.9847e-08 2.30786e-06 -1.54305e-05 1.2665e-05 7.40822e-06 1.02161e-06 1.67985e-06 -1.48428e-05 2.0535e-06 -6.81522e-06 -4.18736e-06 7.31509e-06 9.40108e-06 -5.88059e-06 -1.29682e-05 -3.96876e-06 -1.82518e-06 2.56468e-07 -1.95577e-06 1.37734e-06 -1.42764e-06 6.67528e-06 1.49054e-06 -8.45925e-06 -1.34165e-06 -2.68323e-06 5.11016e-06 -3.38546e-06 2.81065e-06 4.25245e-06 -1.52083e-06 -3.23778e-06 1.13022e-06 1.17314e-06 -2.51902e-06 -1.01754e-05 3.73496e-06 1.51784e-05 2.08836e-06 -1.03642e-06 4.06631e-06 -5.06e-06 -1.06394e-06 2.14647e-07 1.62484e-06 -6.52391e-06 -1.95094e-06 -5.38022e-08 1.28904e-05 -4.18879e-06 1.82927e-05 -3.19442e-06 9.57622e-06 8.94401e-06 -1.24927e-06 1.61436e-05 1.23073e-05 -1.29819e-07 8.1258e-06 1.25838e-06 -7.2698e-06 7.21411e-06 -3.0852e-06 2.26088e-06 5.70737e-06 -3.50382e-06 -1.87279e-06 7.49691e-06 -1.15743e-06 8.73653e-07 -8.00116e-06 9.71859e-07 -4.86931e-06 3.26618e-07 2.2156e-06 -3.25854e-06 -1.5274e-06 1.95789e-06 1.49941e-06 1.84286e-06 6.97376e-07 7.46744e-06 4.39602e-06 3.92266e-06 2.17035e-06 -2.51031e-06 -2.75708e-06 3.06673e-05 2.34056e-05 -1.17673e-06 -2.46022e-06 -1.23478e-05 -9.87313e-06 -2.41813e-06 4.82231e-06 -1.00026e-05 3.1703e-06 -5.85774e-06 1.45506e-05 1.02024e-05 -9.09026e-07 3.61929e-06 1.84347e-06 -4.76887e-07 -2.44151e-05 -4.77299e-06 9.47985e-06 -4.6259e-06 2.86907e-07 -2.85637e-06 -1.53854e-05 8.69493e-07 -1.87619e-07 -9.81957e-06 5.7842e-10 -3.15263e-07 -1.52066e-06 -2.1039e-06 -4.46195e-07 -2.52068e-06 -2.0956e-06 1.66936e-05 4.82211e-06 -3.90599e-06 1.71511e-05 -4.04731e-06 -1.48491e-05 -3.53524e-06 9.15801e-06 -2.83813e-05 -7.31362e-09 -6.08272e-07 2.61083e-06 2.15697e-05 -8.78931e-06 4.54026e-06 -2.19128e-06 -5.13006e-06 -1.35518e-05 1.82899e-07 2.2954e-06 9.09253e-06 5.59169e-06 4.44247e-06 -5.11786e-06 -5.87074e-06 -1.95954e-05 -2.39715e-07 -1.17295e-05 -4.64793e-07 -7.65162e-06 -1.64384e-06 -1.0681e-05 -2.46383e-05 7.83722e-06 -7.20803e-06 7.456e-07 4.95668e-06 -4.02054e-06 -1.94282e-09 -1.95887e-06 4.35087e-06 -6.71526e-07 2.25385e-05 -4.18615e-06 -1.51111e-06 -6.82218e-06 1.2078e-06 5.77696e-06 5.59882e-06 -4.52404e-07 -1.39861e-06 9.15264e-06 1.08284e-06 7.93825e-06 6.74653e-06 1.28552e-05 -1.02779e-05 -4.5506e-06 9.30214e-06 -1.15698e-05 -9.52693e-06 -1.18381e-05 -1.82193e-06 -2.34752e-06 3.43918e-06 -1.54638e-05 1.07544e-07 -2.54224e-06 9.6343e-07 2.7774e-06 1.08396e-06 4.04953e-06 7.36023e-07 -3.55623e-06 9.67867e-06 -6.82476e-07 -8.74525e-06 -8.45139e-06 -3.24769e-06 1.53217e-06 4.00613e-06 5.62947e-06 1.38723e-05 2.03605e-06 -4.23607e-06 1.69857e-05 3.84666e-06 1.47407e-05 6.13698e-06 -1.5891e-06 3.28745e-06 -1.75848e-06 7.07629e-07 -7.61543e-08 -6.53182e-06 6.14631e-06 1.01028e-06 -1.56223e-05 -2.86871e-06 3.333e-06 -1.92391e-06 2.53409e-06 -4.85273e-07 -1.0635e-05 3.5226e-06 -7.84331e-06 -3.31154e-07 5.77039e-06 -1.23994e-05 2.85616e-06 1.59156e-06 -2.67399e-07 -5.27824e-06 4.112e-06 1.06638e-05 5.42466e-06 -6.63969e-06 9.38928e-07 4.17399e-06 -1.62672e-06 -3.91679e-06 5.3403e-06 7.61292e-07 -6.93121e-06 1.21783e-05 3.94552e-06 2.04596e-06 2.63117e-06 2.65586e-06 -6.79446e-06 6.66891e-06 4.62664e-06 9.40282e-06 -1.02359e-05 9.63991e-06 2.03214e-05 -2.7061e-06 1.42463e-07 2.49485e-06 1.65276e-06 6.95198e-06 1.46849e-05 -2.80744e-07 -1.75265e-07 3.75877e-06 2.53832e-06 6.37229e-07 -3.43073e-06 -1.19718e-06 -3.53346e-07 3.4161e-06 -5.11303e-06 -4.51292e-06 1.70543e-06 4.28524e-06 3.03902e-06 -1.59637e-07 -3.01838e-06 8.66453e-06 1.59483e-06 -1.99437e-07 -1.79718e-05 -4.5784e-06 -5.71962e-06 3.25816e-06 9.1923e-06 6.31893e-06 -1.37641e-05 -1.10614e-05 8.70842e-07 5.0398e-06 4.38969e-06 -7.28957e-06 -2.36934e-06 4.75661e-06 7.81485e-06 -3.15635e-06 4.3393e-06 -1.29213e-05 7.55343e-06 -5.05795e-06 4.84487e-06 6.35871e-07 -6.35129e-06 -5.11473e-06 -9.01344e-06 -2.51299e-06 5.16724e-06 7.11364e-06 1.43398e-06 1.13279e-06 -3.26697e-06 -3.52619e-07 -1.03207e-05 1.0456e-05 -3.97073e-06 1.42337e-05 3.72949e-06 2.88399e-07 -9.91331e-07 -3.86968e-06 3.72898e-06 7.75516e-06 5.98371e-06 1.85868e-06 -4.74955e-06 3.11606e-06 -1.46251e-06 9.15033e-07 5.11496e-07 -1.29703e-06 3.88316e-06 2.96915e-06 -2.39731e-06 -1.69381e-06 -1.04434e-05 3.7841e-06 -6.76954e-06 -1.58758e-06 1.74613e-05 -3.97668e-07 1.31019e-06 4.28501e-06 8.05926e-06 5.01063e-06 1.3456e-05 9.04992e-06 1.78454e-06 4.50073e-06 -3.35089e-06 3.11873e-06 3.12396e-05 2.56107e-07 -5.36317e-06 -5.93484e-06 2.31184e-06 -3.97604e-06 -6.10392e-11 3.72549e-08 2.45363e-06 1.31417e-07 2.02484e-07 5.96986e-07 -2.11071e-08 7.01956e-07 -2.07567e-06 -1.99224e-07 7.69776e-07 4.49915e-07 -1.68188e-06 2.25086e-07 -7.01855e-08 3.96978e-07 -2.00646e-06 -1.85485e-08 1.04483e-07 2.9623e-07 1.38495e-07 -7.01422e-08 -2.37587e-07 6.46546e-09 -3.45208e-08 -2.05439e-08 -3.71443e-07 -2.52384e-07 -3.45066e-08 7.308e-08 -2.96408e-07 9.71445e-07 2.33033e-08 -1.3508e-07 -1.63127e-07 -1.37334e-07 1.25154e-07 3.07127e-07 -6.58606e-08 -1.6613e-07 3.72283e-07 -1.27727e-07 1.2459e-06 2.01035e-06 1.32489e-07 8.15484e-08 -2.40413e-08 -3.44128e-07 2.97586e-07 -3.53251e-08 -2.35577e-07 3.11941e-08 7.69256e-08 -1.25018e-07 -4.85997e-07 6.38825e-06 -9.63144e-07 -1.18279e-07 -1.02352e-06 8.73365e-07 -2.15555e-07 -1.79931e-07 -2.97237e-07 2.79758e-06 -3.59221e-08 -9.07944e-08 -1.8827e-07 3.77166e-07 4.70264e-08 -4.04238e-07 1.25608e-07 3.15369e-06 -2.5527e-08 -1.48968e-07 1.27879e-06 -4.44031e-07 4.18991e-08 2.60338e-07 -8.44328e-08 7.38362e-08 1.84692e-06 1.01201e-07 -4.00277e-08 1.0941e-07 9.72168e-08 -3.34398e-07 -2.73098e-07 6.09026e-08 -1.13725e-08 -1.07164e-07 -4.54195e-08 -1.2102e-07 5.82902e-07 2.93919e-08 1.85501e-07 7.46603e-07 -1.60184e-07 -1.73227e-07 -1.68223e-07 2.6039e-07 -4.95581e-10 -1.09946e-07 5.36457e-07 -8.24814e-07 4.60839e-07 7.00449e-07 -1.78597e-07 -1.11215e-07 1.60751e-07 2.85616e-09 -8.89379e-08 5.00633e-07 1.71858e-07 7.18756e-08 2.07946e-07 1.5776e-08 1.12212e-07 -3.76909e-07 -9.62367e-07 -4.04177e-07 1.37684e-07 1.19196e-07 6.73605e-07 -3.48991e-07 1.35976e-07 2.64125e-08 -1.45221e-07 4.86843e-07 1.60863e-06 7.96309e-08 5.84495e-07 -3.9948e-07 2.47783e-07 -5.49392e-07 2.27403e-06 3.2661e-06 4.73634e-08 -5.37952e-08 -3.41234e-07 -1.61234e-07 6.95982e-08 -1.82823e-07 -2.82095e-07 1.14343e-07 8.88301e-09 -5.31307e-07 2.53273e-08 1.04717e-06 -6.78095e-08 -6.06077e-08 4.0224e-07 2.40756e-07 1.27671e-06 2.70998e-07 1.23099e-07 2.0327e-07 5.31886e-08 -1.0149e-07 7.50982e-08 -7.54346e-08 3.99877e-07 -1.6341e-07 7.65115e-08 3.45128e-07 -1.59685e-07 5.51708e-07 2.66571e-07 1.87765e-07 4.75278e-07 -2.17273e-07 -1.43053e-06 -2.14264e-07 8.98983e-07 2.19287e-07 2.44652e-08 -1.10342e-07 8.04044e-07 8.83743e-08 -7.17403e-07 1.70992e-07 1.50104e-07 1.24049e-07 6.65849e-07 1.09561e-07 5.13124e-07 -3.93185e-07 -6.60274e-07 5.44824e-08 5.32344e-07 -6.08068e-08 -2.19021e-07 2.4424e-07 3.68997e-07 1.1176e-06 1.97868e-07 3.22602e-07 -1.05256e-08 -2.16845e-09 7.89738e-08 -2.61731e-09 -1.73585e-06 4.02221e-06 -3.41055e-06 4.99999e-06 -1.12628e-07 1.09928e-05 -3.11224e-07 -1.23607e-05 -1.86053e-06 7.13931e-06 -2.51135e-07 -7.85682e-06 -9.92129e-06 1.65958e-06 1.80119e-06 7.34893e-06 -3.18884e-06 -9.9831e-06 4.61524e-06 -3.64482e-06 -1.26327e-05 -2.99171e-06 2.31838e-06 -3.14091e-06 4.49767e-06 9.48114e-06 8.06625e-07 3.47837e-06 1.55863e-06 3.93902e-06 1.00447e-07 6.84494e-06 -5.70743e-06 1.82685e-06 1.9465e-06 -1.04068e-05 -3.61682e-07 5.65679e-06 3.23637e-06 -9.77014e-07 5.0768e-06 1.56409e-06 1.70432e-06 8.12149e-06 1.46214e-05 -1.7035e-06 8.78774e-06 6.93691e-06 -2.24415e-05 2.05884e-06 1.82971e-06 4.64244e-06 -6.9585e-06 -1.23645e-05 -8.41642e-07 -3.37836e-06 4.17011e-06 -6.26191e-06 -2.74926e-06 -1.35806e-05 9.04723e-07 6.48592e-06 -8.0072e-07 1.04334e-05 -1.11151e-06 -3.34155e-06 -8.90407e-07 3.48784e-07 3.15264e-06 1.22947e-05 1.2329e-06 -5.47395e-07 5.92862e-06 -6.03113e-06 1.4813e-05 -1.95761e-05 -2.88446e-06 5.87737e-11 -3.52945e-06 1.813e-06 -8.8791e-06 -3.06656e-06 -5.27467e-06 -6.54994e-06 3.32808e-06 1.05274e-05 2.86967e-07 2.45055e-06 1.93653e-06 1.7471e-05 -7.99532e-06 1.51967e-06 -1.25659e-06 -6.12935e-06 -5.43936e-08 1.72461e-05 2.00568e-05 1.21145e-05 2.14173e-05 -1.05396e-05 -1.80463e-06 -2.53077e-06 8.60398e-06 7.14572e-06 -1.75935e-05 -1.2241e-05 9.22935e-06 -2.75426e-06 -2.11831e-06 -4.12066e-06 2.24834e-05 -1.05427e-06 1.52597e-05 1.72231e-06 -1.78986e-05 5.94431e-07 2.62525e-06 2.81938e-06 -7.2373e-06 -4.2184e-06 6.29391e-06 -2.12862e-05 1.17446e-07 -1.79975e-06 -5.12217e-06 8.3034e-07 1.82499e-05 2.88703e-06 8.65551e-07 -2.60819e-05 -1.80412e-05 -6.82914e-06 7.02381e-06 3.21992e-07 -8.71943e-06 1.54998e-05 -5.71562e-06 2.01564e-05 1.9754e-05 7.18035e-06 1.01318e-05 1.31048e-06 1.04735e-05 1.49267e-05 1.42561e-05 1.25785e-05 7.30987e-06 -1.13745e-05 1.27922e-05 -9.40451e-06 -1.83148e-05 -5.46941e-06 -1.29962e-05 -9.1904e-06 6.691e-06 -7.38768e-06 -3.21635e-06 -1.63145e-05 -6.70407e-06 -4.70742e-07 1.72795e-05 -6.20556e-06 -6.93774e-07 -3.00608e-06 -9.53834e-06 3.95315e-06 -8.85248e-06 -5.78389e-06 8.70472e-06 6.68781e-06 3.95343e-06 1.38302e-06 1.7108e-05 1.36586e-05 -1.67871e-06 3.986e-06 1.62843e-06 -1.09332e-05 -4.81042e-06 5.18565e-06 -7.32748e-07 -1.87063e-06 6.80505e-06 1.39014e-05 -1.76469e-06 9.8114e-06 1.35265e-05 -4.62649e-06 -1.00903e-05 4.30998e-06 -2.49813e-06 -8.22816e-06 1.47071e-07 1.7847e-05 -1.01247e-05 1.84157e-05 1.53081e-05 -1.66736e-06 -4.64989e-09 8.4923e-06 8.87274e-06 -6.80824e-06 -1.0583e-05 9.62807e-06 1.44595e-06 -8.36019e-06 -3.35313e-06 4.15934e-06 1.43203e-06 1.0733e-07 -5.83023e-06 6.87525e-06 -1.14216e-05 -3.46089e-06 -1.44046e-05 3.52019e-06 -5.4711e-06 -3.28123e-06 -6.07624e-06 -8.14693e-06 -8.53485e-06 1.23348e-05 -7.59857e-06 1.18416e-05 3.29362e-07 -5.65896e-07 4.08794e-06 -4.43488e-06 1.9463e-06 -1.65252e-06 1.31065e-05 -5.29416e-06 -2.48983e-06 -1.16467e-05 -6.01423e-06 -4.42441e-06 7.19411e-06 2.54444e-06 -4.97389e-06 1.2828e-06 8.85908e-06 -9.98765e-07 -4.95982e-06 1.47086e-05 -1.5333e-05 -1.42127e-05 -5.55447e-06 -1.45467e-06 7.75315e-06 1.00507e-05 4.83188e-06 4.26768e-06 -5.43027e-06 -6.94047e-06 -1.05e-05 4.06492e-07 6.50267e-07 1.05006e-06 1.08964e-05 -9.20021e-06 1.03981e-06 9.36035e-06 9.6951e-06 4.91242e-06 -1.34409e-05 -1.46413e-05 -1.43508e-05 -5.17799e-06 -7.95113e-06 3.5194e-06 -3.64424e-06 -4.88359e-06 -6.86833e-06 5.73306e-06 1.60039e-06 -1.32235e-05 1.08684e-06 1.20168e-07 -1.19293e-05 2.65245e-06 -7.2007e-07 6.72584e-06 9.98369e-06 -1.10331e-06 4.6163e-06 -9.75464e-07 5.54162e-06 8.72344e-06 1.39841e-05 -9.81957e-06 -1.67616e-05 -5.23067e-06 -8.81628e-06 3.56877e-06 2.2136e-06 -5.89137e-06 1.14445e-06 2.01049e-05 -1.5319e-05 -6.04164e-06 -4.4893e-06 -1.50326e-05 -8.78609e-06 -8.63812e-07 2.82991e-06 1.31542e-05 -1.66414e-06 -6.32871e-06 3.18012e-06 2.04307e-07 -7.43923e-06 -3.59375e-07 2.80219e-06 -2.49759e-06 4.2794e-06 -1.09613e-05 6.73805e-06 2.29156e-06 6.16078e-06 8.75691e-06 -1.98375e-05 -1.41683e-06 7.54888e-06 -4.76607e-06 -9.87857e-06 1.27419e-05 -2.71504e-06 -1.23356e-05 -8.30134e-06 -1.70743e-05 -1.96449e-05 -1.08006e-05 1.71935e-05 1.88642e-06 2.84843e-05 8.09664e-06 -4.69801e-06 -1.18055e-06 2.27603e-05 1.54145e-05 9.01417e-06 -2.65979e-06 7.20198e-06 1.89218e-06 1.52055e-05 -9.59087e-06 -1.65202e-05 4.5541e-06 -8.20432e-07 -7.24651e-06 8.51533e-06 -4.48764e-06 -5.30373e-06 7.53787e-06 -4.30028e-06 4.03358e-06 -1.18462e-05 -1.17104e-07 -6.62312e-06 3.39879e-06 -1.00212e-05 -1.4848e-05 4.14333e-06 4.57181e-06 2.37091e-05 -4.71772e-07 -7.36351e-06 5.30819e-06 -1.37862e-05 1.12587e-05 8.25994e-07 2.1692e-05 1.15681e-05 -1.05818e-06 2.00028e-05 -1.74582e-05 -1.11357e-05 -8.19874e-06 9.86045e-06 1.41242e-06 -1.87354e-05 9.28927e-06 1.02768e-05 -2.97597e-06 9.51463e-06 4.38127e-06 -5.58349e-06 -1.12327e-05 -3.57852e-06 1.09202e-05 -7.95494e-06 -1.46095e-05 -1.16938e-05 1.46276e-05 7.05266e-07 2.70545e-05 -1.00124e-05 -3.58746e-09 8.05852e-06 -1.53758e-06 1.31223e-06 -5.75917e-07 -3.80431e-07 2.25781e-06 1.0937e-06 8.78941e-06 3.54845e-06 -4.60938e-06 1.37261e-05 9.92242e-07 -1.27597e-05 -2.99445e-06 -1.61587e-05 4.46794e-09 1.79568e-07 5.08775e-06 9.30198e-06 -1.28663e-05 -1.06086e-06 2.26001e-08 5.48804e-06 -1.20796e-05 2.35463e-06 9.90765e-07 -2.36959e-06 1.76242e-07 -5.11445e-06 1.26197e-06 -7.08006e-07 4.83128e-08 2.23327e-06 -5.71885e-06 3.54104e-06 1.31347e-06 1.87461e-06 -5.11474e-06 1.17103e-05 -5.42936e-06 -8.50263e-06 -9.09301e-06 -8.25996e-06 -8.16855e-06 2.34269e-06 2.67683e-06 2.98825e-06 -7.74604e-07 -2.48616e-06 -2.15986e-06 -8.21277e-06 -1.6644e-05 8.50627e-06 -6.57212e-06 -1.30734e-06 1.26095e-05 -4.04485e-06 -1.30952e-05 -3.65037e-07 1.07236e-05 -2.1044e-06 -4.24319e-08 -2.93669e-07 5.29789e-06 -8.95872e-07 -1.86533e-06 -1.53764e-05 8.28776e-06 1.52604e-05 6.55924e-06 -6.19666e-06 -4.70124e-06 -3.77325e-06 -1.60202e-05 2.09102e-06 -5.3862e-06 -1.29644e-05 1.00098e-05 -6.47919e-06 6.6872e-06 -2.80546e-06 -2.73247e-06 8.19754e-06 -1.08963e-07 6.26465e-06 -1.62993e-05 -5.52617e-06 -1.6428e-05 2.65614e-06 8.24997e-06 1.92342e-06 1.46243e-05 -7.28019e-06 -1.41064e-06 7.35715e-06 4.56281e-06 -9.84694e-06 -4.86813e-06 -6.32453e-07 1.33819e-05 -1.81688e-05 -4.01776e-07 -4.74515e-06 -9.87957e-07 1.25368e-05 -5.71246e-06 -1.31934e-05 -6.05273e-06 8.64048e-06 7.56721e-06 1.18406e-05 1.65045e-05 1.84293e-05 -3.77771e-06 1.32197e-05 -2.10572e-06 -2.5878e-05 -4.15089e-06 -9.1924e-06 7.47531e-06 7.56094e-06 -3.06274e-05 9.86125e-06 -2.58173e-06 -3.87501e-08 2.06725e-06 -7.16368e-06 -2.39626e-05 1.41381e-05 -1.73731e-08 1.60903e-05 3.24684e-06 -6.52037e-06 3.54769e-06 2.10035e-05 1.27413e-05 5.56903e-06 5.15758e-06 -4.80731e-06 8.29811e-06 1.26723e-05 -1.0171e-05 -1.44298e-06 1.68812e-05 -2.88992e-05 7.31451e-06 -6.39226e-06 -9.85556e-06 4.81698e-06 -7.05481e-06 6.08856e-06 1.19022e-05 -9.99725e-06 -3.12999e-06 8.79569e-06 2.57646e-06 -4.94217e-06 4.60691e-06 -7.0492e-06 4.65862e-06 2.43412e-06 2.06629e-06 2.02388e-06 -1.17723e-05 -1.24913e-05 -4.28081e-06 5.49706e-06 3.0237e-06 1.52739e-05 -1.1729e-05 2.98808e-06 8.90421e-06 -5.61746e-06 2.26557e-05 1.30912e-05 -5.2165e-06 -1.27633e-06 -1.23558e-06 -6.39776e-06 1.00939e-05 -4.65735e-07 -4.05901e-06 6.61473e-06 -8.85871e-06 -2.02642e-06 -1.21442e-05 -9.3467e-07 7.31133e-06 3.80511e-06 3.05829e-07 -3.49848e-06 -1.20153e-05 -3.38782e-06 2.00778e-06 -5.97903e-06 -4.16406e-06 1.60065e-05 -5.6629e-07 -2.93485e-09 1.22718e-05 3.75459e-06 5.87048e-06 4.34794e-06 -1.46153e-05 -3.3484e-06 1.21439e-05 -2.48777e-06 -1.92991e-07 -2.63915e-06 3.30623e-06 9.49272e-06 3.40492e-06 6.06331e-07 4.12392e-06 9.74813e-07 1.14084e-06 8.02097e-06 7.37861e-06 7.21252e-06 -5.35545e-06 1.06036e-05 -2.87416e-07 4.38333e-06 6.40139e-06 -1.04042e-05 -5.06054e-06 -4.03437e-07 8.29365e-06 -1.00689e-06 9.98322e-06 2.81579e-06 -2.11466e-07 -3.03886e-06 -1.73334e-05 -3.5509e-06 -4.77032e-06 6.41882e-06 1.4062e-05 3.17114e-06 -1.0729e-06 2.56248e-07 -6.65221e-06 1.15957e-06 -7.43819e-06 6.62854e-08 3.48768e-07 1.63862e-06 -6.47892e-07 3.64212e-07 4.04405e-06 5.62552e-07 -1.8093e-06 -7.40529e-06 -4.00781e-06 -1.21724e-06 9.84798e-07 -3.36551e-06 6.79135e-07 1.23595e-05 4.96259e-07 4.04463e-06 -1.14743e-05 -5.83653e-07 4.89997e-07 -3.98612e-06 3.02038e-06 -6.23787e-06 1.67927e-05 -7.77484e-06 3.50886e-07 -1.0279e-05 -1.87918e-06 -4.87592e-06 7.76781e-06 1.68197e-06 8.48658e-06 -2.65487e-06 2.37992e-05 -3.12271e-06 -1.01538e-05 -2.09433e-05 2.51791e-07 -6.32636e-06 -9.51919e-06 1.49464e-05 -1.14609e-07 -3.48866e-06 1.97123e-06 1.50992e-05 1.11077e-05 -8.56615e-06 -3.63868e-06 1.41439e-05 -5.67929e-06 -1.71663e-05 -4.04203e-06 1.12664e-05 5.09225e-06 5.66157e-06 -6.739e-06 -3.45339e-06 -3.85867e-06 -4.8783e-06 -3.18187e-06 2.66527e-06 8.59069e-06 8.98914e-07 -5.28547e-06 -6.51895e-06 2.38347e-06 4.3336e-06 1.3067e-05 -1.25082e-05 2.96524e-06 -4.04169e-06 -2.06739e-06 3.13692e-06 1.06105e-06 -4.09931e-06 -6.379e-06 -1.65858e-05 5.42964e-06 2.81338e-06 -1.29075e-05 4.73926e-06 -2.02431e-05 -3.98006e-05 -8.81122e-06 -1.85641e-05 -6.49402e-06 -1.10458e-05 -9.72092e-06 -3.02298e-05 5.28279e-06 -9.44918e-06 3.24943e-06 6.91052e-06 -1.59598e-06 6.27954e-06 -9.6611e-06 5.26899e-06 -4.44564e-07 -3.15115e-06 1.59775e-06 -4.02426e-06 1.5042e-05 4.00458e-06 6.35741e-06 5.09419e-06 2.56821e-06 8.72345e-06 8.61621e-06 2.12622e-06 -2.29619e-08 6.32421e-07 -2.14762e-06 1.54351e-06 -4.55538e-07 -4.01059e-06 6.99682e-06 -1.1501e-05 -1.40717e-05 5.84872e-06 2.55156e-06 7.16727e-06 -1.88366e-05 1.20259e-06 2.36738e-05 1.37067e-06 3.02422e-05 8.7026e-06 9.86123e-06 1.77704e-05 3.703e-06 3.9282e-07 1.39513e-05 3.37654e-06 8.06317e-06 -1.15153e-05 1.57281e-05 1.27575e-05 -2.65522e-06 1.70234e-05 4.18926e-06 8.97934e-06 -9.7314e-06 7.09459e-06 -4.31026e-06 -1.14102e-06 -6.71193e-06 -1.31934e-05 -3.39115e-06 -7.13886e-06 -4.46629e-08 -1.96355e-05 -1.0134e-07 2.75654e-06 1.63922e-05 8.2458e-06 -1.27914e-06 -5.96964e-06 1.8979e-06 -1.68402e-05 5.59596e-06 -1.05686e-05 -7.46968e-06 1.42295e-06 -3.55147e-06 1.25554e-06 4.04498e-07 1.30981e-06 5.07192e-07 8.1405e-07 -4.78516e-06 8.29212e-07 1.08193e-06 -1.80808e-06 -1.78501e-05 -8.1279e-06 -6.90292e-06 -1.18379e-05 8.21898e-07 -1.61661e-05 -2.44364e-05 6.26701e-06 -9.62574e-06 1.3617e-05 -2.73962e-06 -8.87242e-06 3.75716e-06 5.43321e-08 6.68045e-06 -4.9187e-07 -5.51763e-06 -3.92793e-07 7.11178e-06 -3.23222e-06 -2.87939e-06 -1.61736e-05 -2.72376e-05 1.57014e-06 2.7353e-06 1.59032e-07 5.88719e-06 -4.61994e-06 2.24682e-06 7.61362e-06 1.075e-05 -3.77366e-07 9.38736e-06 -1.69453e-05 2.52216e-06 -6.07768e-06 7.72526e-06 5.26288e-06 -3.10758e-06 -2.11417e-06 5.57552e-06 -6.87622e-07 3.60185e-06 3.08796e-06 2.58961e-06 2.55375e-06 5.2521e-06 1.14655e-06 -1.54724e-06 2.93434e-05 1.95931e-05 -5.66115e-06 -2.45977e-06 1.66011e-05 -1.09764e-05 -8.2636e-06 1.0372e-05 -3.52054e-06 1.27646e-05 4.30204e-06 -1.6922e-05 -1.97972e-06 6.69414e-06 -1.01275e-05 -7.62705e-06 -1.62781e-05 2.83231e-06 1.35429e-05 6.86401e-07 -2.65794e-06 5.1158e-07 1.03787e-08 -2.37074e-06 1.19452e-05 6.70153e-07 -4.94294e-06 1.19305e-05 1.60073e-05 1.56307e-06 5.16595e-07 -4.10789e-06 1.77036e-07 -1.46554e-05 -2.01969e-05 6.02491e-06 1.69498e-05 -2.62455e-06 7.69009e-06 9.97853e-06 1.80584e-07 -1.40325e-05 -1.68576e-06 3.47016e-06 2.38529e-06 1.16959e-05 -8.34256e-06 9.37987e-06 -2.53659e-05 7.7231e-06 2.31538e-06 2.23012e-05 -1.88844e-06 -1.86245e-05 4.56432e-06 5.83743e-06 -1.07394e-06 2.79932e-06 9.63224e-06 -9.31869e-06 -3.13658e-06 8.94257e-06 -8.79827e-06 5.91586e-06 5.97849e-07 -6.0304e-06 6.74145e-06 8.00265e-06 2.928e-07 2.80561e-06 6.76029e-06 -1.66228e-05 1.60691e-05 1.33605e-05 -1.63607e-05 1.07961e-05 -2.16297e-06 8.00069e-06 -2.00784e-05 1.65132e-05 -2.82517e-05 -1.63101e-05 5.16158e-06 -5.56619e-06 -7.27444e-06 -5.98134e-06 -5.12269e-06 1.19422e-06 -1.94733e-05 1.37679e-05 -1.57006e-05 1.3444e-05 1.44385e-05 -3.28581e-05 -1.01338e-06 -3.37395e-05 -7.82755e-06 -2.86855e-05 1.75092e-06 -9.0663e-06 7.08395e-06 -1.17165e-05 -1.82515e-06 -1.24921e-05 9.97311e-07 4.97401e-06 6.53371e-06 -4.71656e-06 2.33468e-06 -7.50783e-06 3.07431e-07 -7.92075e-06 7.63071e-07 -3.17995e-06 1.73933e-07 -2.25065e-06 -5.70591e-06 3.20963e-06 -3.71956e-07 -4.87432e-06 1.23235e-06 -9.73106e-06 2.98637e-06 -5.78793e-06 -5.92903e-06 1.0512e-06 8.9887e-06 9.68103e-06 1.11911e-05 1.8046e-05 9.53076e-06 2.48976e-05 -4.1121e-06 2.15573e-05 1.37033e-05 -3.54325e-06 1.23778e-05 4.58812e-06 -1.89815e-06 3.34223e-06 2.41818e-06 5.78255e-06 4.55425e-06 -1.24379e-05 2.42019e-06 -5.97442e-06 -2.87402e-06 7.5362e-06 -8.42506e-06 -2.8414e-06 4.89435e-06 -9.88772e-06 -6.94211e-06 -1.87762e-06 -7.9714e-06 3.06684e-06 -5.6724e-06 3.9354e-06 1.84431e-06 4.7392e-06 5.38165e-07 7.60926e-06 3.31107e-06 1.86568e-06 1.29396e-06 2.50651e-06 -3.48143e-06 5.75599e-06 -1.19518e-05 -1.1091e-05 -5.37728e-06 -6.05937e-07 -9.10012e-06 -1.49916e-06 1.14195e-06 -1.63747e-05 -7.66826e-07 2.07828e-06 1.88017e-06 -5.70435e-06 2.7844e-06 -1.00634e-06 2.43309e-06 -8.91975e-06 8.65421e-06 6.28638e-06 1.54685e-05 1.17573e-05 1.31012e-05 4.91605e-06 7.56237e-06 9.26439e-06 5.54649e-06 -5.09728e-06 -8.21199e-07 -5.37402e-06 4.76182e-06 1.43708e-05 -2.87815e-05 -1.7704e-05 8.41599e-06 6.65496e-05 -6.7515e-06 -6.78177e-05 7.00833e-10 -4.72398e-08 -3.02554e-09 7.25173e-07 -2.10302e-07 -1.33002e-05 -1.67186e-06 -8.93827e-06 -1.20157e-05 -1.18502e-06 9.44231e-09 1.9435e-08 6.95233e-09 -2.91345e-06 5.33661e-11 -4.02213e-07 -3.30734e-06 -2.29526e-06 7.06878e-08 1.22173e-07 1.22655e-08 -3.7229e-06 -1.33371e-06 -3.49795e-06 -1.69272e-06 -2.65522e-06 4.42111e-06 -1.12263e-05 -1.29926e-05 1.68468e-06 -3.80463e-07 8.60908e-06 -2.7091e-06 2.31365e-06 -5.12385e-06 2.08187e-06 -1.78279e-07 -1.155e-06 1.30327e-06 -5.03294e-06 5.08092e-06 1.66736e-06 -8.75016e-08 -5.90047e-06 2.08985e-07 -1.56236e-06 -2.415e-06 9.10207e-07 -2.27263e-06 -1.18951e-07 4.25387e-06 -6.655e-06 -1.03962e-07 -1.0086e-05 -1.50498e-06 -7.18113e-07 6.07712e-06 1.16138e-05 -6.78223e-06 6.57704e-06 -3.47929e-06 -1.57671e-05 -7.40165e-06 -1.05662e-05 -1.34899e-06 -8.23394e-06 -3.19083e-06 -6.79979e-06 4.78193e-07 -4.14097e-07 -2.65876e-06 4.44598e-06 -1.59595e-06 -8.41796e-06 -3.80794e-06 -6.27421e-06 1.66571e-05 3.85299e-05 6.00601e-06 5.74911e-05 -1.04367e-06 -5.82579e-06 -1.60538e-06 -5.91943e-06 -2.87372e-06 -7.10306e-06 -2.853e-06 -3.8757e-06 -2.51808e-07 -1.30162e-06 -2.71459e-06 2.42693e-06 -3.73071e-06 -2.61517e-06 -1.2845e-06 -1.81067e-06 -3.17806e-06 -6.84904e-06 -2.70618e-06 -7.00545e-06 -3.85023e-06 -7.47454e-06 -1.7732e-06 -8.0769e-06 -1.25143e-06 -8.43286e-06 -4.90922e-06 -1.25958e-06 -1.87223e-06 -7.12567e-06 -4.42301e-06 1.59387e-06 -6.54588e-06 -2.58631e-05 -6.00154e-06 -3.07366e-05 5.7789e-07 3.84221e-06 -1.02987e-06 5.90278e-06 -3.8898e-07 -2.18696e-06 -3.11441e-06 1.92916e-06 8.46234e-06 1.5521e-05 -2.49549e-07 1.92644e-05 -1.04289e-05 -1.85144e-05 -3.46047e-06 -2.02113e-05 1.64511e-06 7.34918e-06 -8.99824e-07 1.14092e-05 -9.64146e-07 -5.36925e-06 -3.96292e-06 5.86598e-07 -1.72395e-06 -8.31613e-06 -4.77339e-06 5.97544e-07 -2.39507e-06 -8.22927e-06 -9.17511e-07 -7.92465e-06 2.48808e-06 1.09207e-05 1.00115e-06 1.14045e-05 -1.29747e-07 2.32057e-07 -1.52681e-06 1.1266e-06 -4.5311e-06 -7.3882e-06 -4.14062e-06 -4.54435e-06 1.62277e-06 1.501e-05 2.3845e-06 1.455e-05 1.28203e-06 2.58703e-06 -2.18404e-06 3.96187e-06 -8.96254e-07 -5.67895e-06 -3.70254e-06 -2.07453e-06 3.30801e-06 2.07422e-05 3.50228e-06 3.08113e-05 -1.61438e-06 -8.59293e-06 -1.92747e-06 -1.04094e-05 -3.06415e-06 -9.62706e-06 -4.12197e-06 -6.66837e-06 -9.58484e-07 -6.06754e-06 -4.11195e-06 -7.13384e-07 1.52095e-05 -1.99036e-06 4.07143e-07 -8.85124e-06 3.21704e-05 -2.6278e-05 -9.49134e-06 -9.09986e-07 5.97468e-06 8.27819e-06 2.64109e-06 -5.34072e-06 3.01333e-06 1.76884e-06 1.75095e-06 3.36207e-06 -1.42042e-06 -4.1911e-06 6.22152e-06 -3.13559e-06 -4.43424e-08 1.06741e-05 4.10707e-06 -8.57339e-06 -2.95147e-06 -6.26005e-06 -1.36755e-05 4.46138e-06 -6.82667e-06 -1.53147e-07 -7.05007e-06 -2.93207e-06 2.6887e-06 4.89569e-06 5.24017e-06 5.02088e-06 9.82459e-06 -1.19444e-05 1.50005e-06 8.57675e-08 8.12101e-07 -1.66257e-06 -3.27134e-06 -2.22926e-06 9.23006e-06 -1.16755e-05 1.608e-06 -7.01147e-06 8.06882e-06 1.12269e-05 -1.8814e-05 2.87066e-06 -2.0181e-05 -3.61597e-06 1.38497e-05 -9.54778e-06 -8.26765e-06 6.35178e-06 -4.44097e-06 -6.50437e-07 -2.29451e-06 3.15062e-06 -6.76388e-06 1.48464e-05 -9.17225e-06 6.29429e-06 7.13747e-06 2.80864e-06 2.2254e-06 -6.04604e-06 4.86114e-07 -2.45626e-05 -1.88533e-05 2.86651e-05 7.81894e-06 -6.95188e-06 2.65805e-06 -1.18363e-05 1.06997e-05 1.63173e-05 -5.18893e-06 -1.1122e-06 2.54521e-06 -1.22023e-05 5.8536e-06 1.10114e-05 -7.1057e-06 -3.85802e-06 -9.04096e-06 -2.94798e-05 2.81265e-05 1.37491e-06 -2.06821e-06 -5.94987e-07 -9.40595e-05 -4.23955e-05 6.44064e-05 3.81332e-05 4.62972e-05 1.7421e-05 -5.12876e-06 -2.76051e-06 3.5189e-06 -5.07464e-06

         1   5.3932e-06
         2  9.62659e-06
         3 -1.84483e-08
         4  3.20288e-09
         5 -1.34704e-05
         6 -2.21689e-05
         7 -4.15059e-06
         8  -6.4228e-06
         9 -8.80177e-07
        10 -1.51537e-05
        11 -1.73912e-07
        12 -1.69844e-06
        13  1.44438e-05
        14  2.90304e-08
        15 -1.12625e-05
        16  1.93863e-07
        17  -4.7861e-09
        18 -2.03211e-08
        19 -1.17446e-05
        20  9.41931e-09
        21 -3.75435e-06
        22  4.39148e-06
        23  1.35668e-05
        24 -1.38058e-05
        25 -2.16219e-08
        26 -1.54262e-08
        27  2.60853e-08
        28   -1.868e-05
        29  -1.0893e-05
        30  6.30504e-09
        31    8.657e-09
        32  1.01099e-08
        33 -2.03724e-10
        34  1.27832e-06
        35 -3.02535e-06
        36  1.68244e-08
        37 -4.98745e-06
        38  1.16698e-08
        39  1.07002e-07
        40 -3.72974e-06
        41  3.11984e-06
        42  2.29809e-08
        43 -4.70712e-09
        44 -3.29195e-08
        45 -2.20429e-08
        46  8.43151e-10
        47  -2.2043e-06
        48 -2.95945e-06
        49  1.49401e-05
        50   6.1802e-09
        51 -5.49762e-09
        52  6.53843e-06
        53 -1.46948e-05
        54  3.62755e-09
        55  1.73732e-06
        56 -1.37779e-09
        57 -4.17953e-09
        58  6.22294e-06
        59 -2.76753e-08
        60 -1.61902e-08
        61 -8.52841e-08
        62 -1.80881e-06
        63 -2.73931e-08
        64  1.10899e-07
        65  3.35659e-06
        66  2.23152e-08
        67  -1.3888e-08
        68  1.28073e-07
        69 -1.21121e-05
        70 -3.45789e-06
        71 -4.12034e-08
        72  2.40662e-08
        73 -2.24975e-05
        74 -7.97057e-09
        75  6.76475e-09
        76  4.16885e-06
        77  1.12797e-05
        78  3.46561e-08
        79  4.02569e-06
        80   1.2463e-08
        81  3.66671e-09
        82 -1.18184e-08
        83  -3.2804e-08
        84  1.54235e-05
        85  7.55071e-08
        86  1.06659e-05
        87 -3.20008e-07
        88  -2.2875e-08
        89  1.54672e-06
        90  2.21344e-08
        91 -7.35301e-09
        92  4.84662e-09
        93 -3.31314e-08
        94    -1.24e-06
        95 -2.06039e-08
        96     1.99e-06
        97 -2.87261e-09
        98 -3.21961e-06
        99 -8.28532e-06
       100 -8.94542e-06
       101  2.55027e-06
       102 -7.05438e-06
       103  1.62469e-06
       104  8.85677e-06
       105 -6.77939e-07
       106 -9.66257e-06
       107 -6.13772e-06
       108 -1.03093e-05
       109 -1.47977e-08
       110 -1.17264e-06
       111 -9.26488e-06
       112 -1.35173e-05
       113 -9.14944e-06
       114 -1.04206e-05
       115 -1.24653e-06
       116 -1.58573e-05
       117  1.91387e-07
       118 -1.20066e-05
       119 -6.32893e-06
       120  1.01952e-05
       121   1.9052e-05
       122  5.25069e-06
       123  1.08635e-05
       124 -5.20189e-06
       125  7.24168e-06
       126  3.18421e-06
       127  8.51722e-06
       128 -5.74768e-06
       129 -9.91249e-06
       130  -4.9235e-06
       131 -2.75827e-06
       132 -2.22183e-06
       133  3.75249e-06
       134  6.19276e-06
       135 -6.48637e-06
       136  1.53448e-05
       137  2.67724e-07
       138 -1.64754e-06
       139  -1.6132e-06
       140 -2.74142e-06
       141   1.6218e-05
       142  5.56478e-06
       143 -3.81448e-07
       144  4.98712e-06
       145  9.66757e-06
       146 -5.07841e-07
       147 -7.87682e-06
       148 -2.62736e-07
       149  1.57644e-06
       150  8.43838e-06
       151  2.42251e-06
       152  1.03747e-05
       153 -3.14177e-07
       154  2.81102e-06
       155 -1.94912e-06
       156 -2.98356e-07
       157  3.81988e-08
       158 -7.94728e-06
       159  6.38869e-06
       160  1.48142e-05
       161  1.05408e-06
       162 -4.69688e-06
       163    -2.75e-07
       164  1.61902e-05
       165  9.17174e-07
       166  3.42598e-07
       167 -5.10663e-06
       168 -9.64756e-06
       169 -6.03393e-06
       170 -1.49819e-05
       171 -4.56231e-06
       172 -1.39014e-06
       173 -9.70059e-06
       174  8.47145e-06
       175 -1.33806e-06
       176 -3.02603e-06
       177 -2.11062e-05
       178  -3.5558e-06
       179 -7.15967e-07
       180  5.94548e-06
       181  6.95265e-07
       182 -5.87003e-06
       183 -6.42237e-06
       184  1.83394e-06
       185 -1.60378e-06
       186 -1.81797e-05
       187 -7.95859e-07
       188  1.21834e-06
       189 -3.16199e-06
       190 -9.16481e-07
       191  4.65407e-06
       192 -5.97431e-06
       193 -1.54585e-05
       194 -7.90082e-06
       195  2.83563e-06
       196  6.77822e-06
       197  4.76681e-06
       198  6.39661e-06
       199  3.00026e-06
       200  1.44064e-05
       201 -2.60347e-06
       202 -1.08827e-05
       203  3.60163e-06
       204  3.69627e-06
       205 -2.07771e-06
       206  7.84723e-06
       207   -2.652e-06
       208  -3.2906e-06
       209  2.05389e-06
       210  1.80645e-06
       211 -4.91547e-08
       212  1.76371e-06
       213  1.96153e-05
       214  -2.6935e-06
       215 -4.79198e-06
       216  5.02966e-07
       217  9.55672e-07
       218 -8.96473e-06
       219  7.26858e-06
       220 -1.64427e-06
       221 -1.47896e-05
       222  7.39545e-06
       223 -1.27344e-06
       224 -6.49052e-06
       225 -5.04138e-06
       226 -1.84072e-05
       227  3.89891e-06
       228  1.94771e-05
       229  1.23804e-05
       230  5.75898e-06
       231  3.53644e-06
       232 -4.34587e-06
       233 -7.48481e-06
       234  -3.7857e-06
       235  1.45553e-05
       236 -1.04036e-06
       237 -9.09306e-06
       238   5.6429e-06
       239  2.05721e-05
       240 -4.63685e-06
       241 -2.54591e-06
       242 -1.34237e-05
       243  2.29155e-07
       244 -1.97535e-06
       245 -2.85064e-06
       246  6.65744e-06
       247  1.20151e-05
       248 -4.86837e-06
       249 -2.02196e-06
       250 -3.83886e-06
       251  2.57146e-06
       252  2.26336e-05
       253  6.15333e-07
       254   3.2058e-08
       255 -2.78168e-07
       256  2.77508e-06
       257 -1.82555e-06
       258  -9.6896e-06
       259  4.55856e-06
       260 -1.14964e-05
       261   1.1977e-05
       262  5.12012e-06
       263  3.19339e-06
       264  1.01542e-06
       265 -5.42126e-06
       266 -7.42861e-06
       267  2.88222e-06
       268 -1.87724e-05
       269   7.4295e-06
       270   -8.751e-07
       271  2.80114e-06
       272  1.37144e-05
       273 -3.94738e-06
       274 -9.28284e-06
       275  4.62808e-06
       276  1.00062e-06
       277  9.50775e-06
       278  1.07225e-05
       279 -1.00838e-05
       280 -2.86623e-05
       281 -4.47773e-06
       282   1.1851e-06
       283 -9.23632e-06
       284 -1.10377e-05
       285  1.23965e-08
       286  8.72043e-06
       287  1.18954e-06
       288 -8.42967e-06
       289  1.12688e-05
       290  1.60877e-05
       291  1.12003e-05
       292  8.45188e-06
       293  2.90791e-06
       294  4.56582e-06
       295 -3.87172e-06
       296  7.35332e-08
       297 -4.10976e-06
       298  2.01201e-05
       299 -8.65732e-06
       300  7.65144e-06
       301  2.36046e-06
       302 -2.13818e-06
       303 -4.53577e-06
       304   2.3174e-07
       305 -2.34233e-06
       306  3.59296e-06
       307 -1.93519e-05
       308 -4.64455e-06
       309  -4.7656e-06
       310 -1.29897e-05
       311  2.74291e-05
       312  1.60083e-06
       313 -1.92172e-06
       314  2.47026e-06
       315  3.54504e-08
       316  1.09712e-05
       317 -2.56797e-05
       318 -1.82705e-05
       319 -3.10485e-06
       320  1.09921e-06
       321  3.54662e-06
       322  7.56296e-06
       323 -6.97967e-06
       324   1.1713e-06
       325  1.43597e-06
       326  2.34313e-06
       327  2.17169e-06
       328  3.89388e-06
       329 -4.63347e-06
       330  3.38742e-06
       331  3.18545e-07
       332  1.18046e-05
       333  6.11304e-07
       334 -5.02648e-06
       335  6.39178e-06
       336   2.9847e-08
       337  2.30786e-06
       338 -1.54305e-05
       339   1.2665e-05
       340  7.40822e-06
       341  1.02161e-06
       342  1.67985e-06
       343 -1.48428e-05
       344   2.0535e-06
       345 -6.81522e-06
       346 -4.18736e-06
       347  7.31509e-06
       348  9.40108e-06
       349 -5.88059e-06
       350 -1.29682e-05
       351 -3.96876e-06
       352 -1.82518e-06
       353  2.56468e-07
       354 -1.95577e-06
       355  1.37734e-06
       356 -1.42764e-06
       357  6.67528e-06
       358  1.49054e-06
       359 -8.45925e-06
       360 -1.34165e-06
       361 -2.68323e-06
       362  5.11016e-06
       363 -3.38546e-06
       364  2.81065e-06
       365  4.25245e-06
       366 -1.52083e-06
       367 -3.23778e-06
       368  1.13022e-06
       369  1.17314e-06
       370 -2.51902e-06
       371 -1.01754e-05
       372  3.73496e-06
       373  1.51784e-05
       374  2.08836e-06
       375 -1.03642e-06
       376  4.06631e-06
       377    -5.06e-06
       378 -1.06394e-06
       379  2.14647e-07
       380  1.62484e-06
       381 -6.52391e-06
       382 -1.95094e-06
       383 -5.38022e-08
       384  1.28904e-05
       385 -4.18879e-06
       386  1.82927e-05
       387 -3.19442e-06
       388  9.57622e-06
       389  8.94401e-06
       390 -1.24927e-06
       391  1.61436e-05
       392  1.23073e-05
       393 -1.29819e-07
       394   8.1258e-06
       395  1.25838e-06
       396  -7.2698e-06
       397  7.21411e-06
       398  -3.0852e-06
       399  2.26088e-06
       400  5.70737e-06
       401 -3.50382e-06
       402 -1.87279e-06
       403  7.49691e-06
       404 -1.15743e-06
       405  8.73653e-07
       406 -8.00116e-06
       407  9.71859e-07
       408 -4.86931e-06
       409  3.26618e-07
       410   2.2156e-06
       411 -3.25854e-06
       412  -1.5274e-06
       413  1.95789e-06
       414  1.49941e-06
       415  1.84286e-06
       416  6.97376e-07
       417  7.46744e-06
       418  4.39602e-06
       419  3.92266e-06
       420  2.17035e-06
       421 -2.51031e-06
       422 -2.75708e-06
       423  3.06673e-05
       424  2.34056e-05
       425 -1.17673e-06
       426 -2.46022e-06
       427 -1.23478e-05
       428 -9.87313e-06
       429 -2.41813e-06
       430  4.82231e-06
       431 -1.00026e-05
       432   3.1703e-06
       433 -5.85774e-06
       434  1.45506e-05
       435  1.02024e-05
       436 -9.09026e-07
       437  3.61929e-06
       438  1.84347e-06
       439 -4.76887e-07
       440 -2.44151e-05
       441 -4.77299e-06
       442  9.47985e-06
       443  -4.6259e-06
       444  2.86907e-07
       445 -2.85637e-06
       446 -1.53854e-05
       447  8.69493e-07
       448 -1.87619e-07
       449 -9.81957e-06
       450   5.7842e-10
       451 -3.15263e-07
       452 -1.52066e-06
       453  -2.1039e-06
       454 -4.46195e-07
       455 -2.52068e-06
       456  -2.0956e-06
       457  1.66936e-05
       458  4.82211e-06
       459 -3.90599e-06
       460  1.71511e-05
       461 -4.04731e-06
       462 -1.48491e-05
       463 -3.53524e-06
       464  9.15801e-06
       465 -2.83813e-05
       466 -7.31362e-09
       467 -6.08272e-07
       468  2.61083e-06
       469  2.15697e-05
       470 -8.78931e-06
       471  4.54026e-06
       472 -2.19128e-06
       473 -5.13006e-06
       474 -1.35518e-05
       475  1.82899e-07
       476   2.2954e-06
       477  9.09253e-06
       478  5.59169e-06
       479  4.44247e-06
       480 -5.11786e-06
       481 -5.87074e-06
       482 -1.95954e-05
       483 -2.39715e-07
       484 -1.17295e-05
       485 -4.64793e-07
       486 -7.65162e-06
       487 -1.64384e-06
       488  -1.0681e-05
       489 -2.46383e-05
       490  7.83722e-06
       491 -7.20803e-06
       492    7.456e-07
       493  4.95668e-06
       494 -4.02054e-06
       495 -1.94282e-09
       496 -1.95887e-06
       497  4.35087e-06
       498 -6.71526e-07
       499  2.25385e-05
       500 -4.18615e-06
       501 -1.51111e-06
       502 -6.82218e-06
       503   1.2078e-06
       504  5.77696e-06
       505  5.59882e-06
       506 -4.52404e-07
       507 -1.39861e-06
       508  9.15264e-06
       509  1.08284e-06
       510  7.93825e-06
       511  6.74653e-06
       512  1.28552e-05
       513 -1.02779e-05
       514  -4.5506e-06
       515  9.30214e-06
       516 -1.15698e-05
       517 -9.52693e-06
       518 -1.18381e-05
       519 -1.82193e-06
       520 -2.34752e-06
       521  3.43918e-06
       522 -1.54638e-05
       523  1.07544e-07
       524 -2.54224e-06
       525   9.6343e-07
       526   2.7774e-06
       527  1.08396e-06
       528  4.04953e-06
       529  7.36023e-07
       530 -3.55623e-06
       531  9.67867e-06
       532 -6.82476e-07
       533 -8.74525e-06
       534 -8.45139e-06
       535 -3.24769e-06
       536  1.53217e-06
       537  4.00613e-06
       538  5.62947e-06
       539  1.38723e-05
       540  2.03605e-06
       541 -4.23607e-06
       542  1.69857e-05
       543  3.84666e-06
       544  1.47407e-05
       545  6.13698e-06
       546  -1.5891e-06
       547  3.28745e-06
       548 -1.75848e-06
       549  7.07629e-07
       550 -7.61543e-08
       551 -6.53182e-06
       552  6.14631e-06
       553  1.01028e-06
       554 -1.56223e-05
       555 -2.86871e-06
       556    3.333e-06
       557 -1.92391e-06
       558  2.53409e-06
       559 -4.85273e-07
       560  -1.0635e-05
       561   3.5226e-06
       562 -7.84331e-06
       563 -3.31154e-07
       564  5.77039e-06
       565 -1.23994e-05
       566  2.85616e-06
       567  1.59156e-06
       568 -2.67399e-07
       569 -5.27824e-06
       570    4.112e-06
       571  1.06638e-05
       572  5.42466e-06
       573 -6.63969e-06
       574  9.38928e-07
       575  4.17399e-06
       576 -1.62672e-06
       577 -3.91679e-06
       578   5.3403e-06
       579  7.61292e-07
       580 -6.93121e-06
       581  1.21783e-05
       582  3.94552e-06
       583  2.04596e-06
       584  2.63117e-06
       585  2.65586e-06
       586 -6.79446e-06
       587  6.66891e-06
       588  4.62664e-06
       589  9.40282e-06
       590 -1.02359e-05
       591  9.63991e-06
       592  2.03214e-05
       593  -2.7061e-06
       594  1.42463e-07
       595  2.49485e-06
       596  1.65276e-06
       597  6.95198e-06
       598  1.46849e-05
       599 -2.80744e-07
       600 -1.75265e-07
       601  3.75877e-06
       602  2.53832e-06
       603  6.37229e-07
       604 -3.43073e-06
       605 -1.19718e-06
       606 -3.53346e-07
       607   3.4161e-06
       608 -5.11303e-06
       609 -4.51292e-06
       610  1.70543e-06
       611  4.28524e-06
       612  3.03902e-06
       613 -1.59637e-07
       614 -3.01838e-06
       615  8.66453e-06
       616  1.59483e-06
       617 -1.99437e-07
       618 -1.79718e-05
       619  -4.5784e-06
       620 -5.71962e-06
       621  3.25816e-06
       622   9.1923e-06
       623  6.31893e-06
       624 -1.37641e-05
       625 -1.10614e-05
       626  8.70842e-07
       627   5.0398e-06
       628  4.38969e-06
       629 -7.28957e-06
       630 -2.36934e-06
       631  4.75661e-06
       632  7.81485e-06
       633 -3.15635e-06
       634   4.3393e-06
       635 -1.29213e-05
       636  7.55343e-06
       637 -5.05795e-06
       638  4.84487e-06
       639  6.35871e-07
       640 -6.35129e-06
       641 -5.11473e-06
       642 -9.01344e-06
       643 -2.51299e-06
       644  5.16724e-06
       645  7.11364e-06
       646  1.43398e-06
       647  1.13279e-06
       648 -3.26697e-06
       649 -3.52619e-07
       650 -1.03207e-05
       651   1.0456e-05
       652 -3.97073e-06
       653  1.42337e-05
       654  3.72949e-06
       655  2.88399e-07
       656 -9.91331e-07
       657 -3.86968e-06
       658  3.72898e-06
       659  7.75516e-06
       660  5.98371e-06
       661  1.85868e-06
       662 -4.74955e-06
       663  3.11606e-06
       664 -1.46251e-06
       665  9.15033e-07
       666  5.11496e-07
       667 -1.29703e-06
       668  3.88316e-06
       669  2.96915e-06
       670 -2.39731e-06
       671 -1.69381e-06
       672 -1.04434e-05
       673   3.7841e-06
       674 -6.76954e-06
       675 -1.58758e-06
       676  1.74613e-05
       677 -3.97668e-07
       678  1.31019e-06
       679  4.28501e-06
       680  8.05926e-06
       681  5.01063e-06
       682   1.3456e-05
       683  9.04992e-06
       684  1.78454e-06
       685  4.50073e-06
       686 -3.35089e-06
       687  3.11873e-06
       688  3.12396e-05
       689  2.56107e-07
       690 -5.36317e-06
       691 -5.93484e-06
       692  2.31184e-06
       693 -3.97604e-06
       694 -6.10392e-11
       695  3.72549e-08
       696  2.45363e-06
       697  1.31417e-07
       698  2.02484e-07
       699  5.96986e-07
       700 -2.11071e-08
       701  7.01956e-07
       702 -2.07567e-06
       703 -1.99224e-07
       704  7.69776e-07
       705  4.49915e-07
       706 -1.68188e-06
       707  2.25086e-07
       708 -7.01855e-08
       709  3.96978e-07
       710 -2.00646e-06
       711 -1.85485e-08
       712  1.04483e-07
       713   2.9623e-07
       714  1.38495e-07
       715 -7.01422e-08
       716 -2.37587e-07
       717  6.46546e-09
       718 -3.45208e-08
       719 -2.05439e-08
       720 -3.71443e-07
       721 -2.52384e-07
       722 -3.45066e-08
       723    7.308e-08
       724 -2.96408e-07
       725  9.71445e-07
       726  2.33033e-08
       727  -1.3508e-07
       728 -1.63127e-07
       729 -1.37334e-07
       730  1.25154e-07
       731  3.07127e-07
       732 -6.58606e-08
       733  -1.6613e-07
       734  3.72283e-07
       735 -1.27727e-07
       736   1.2459e-06
       737  2.01035e-06
       738  1.32489e-07
       739  8.15484e-08
       740 -2.40413e-08
       741 -3.44128e-07
       742  2.97586e-07
       743 -3.53251e-08
       744 -2.35577e-07
       745  3.11941e-08
       746  7.69256e-08
       747 -1.25018e-07
       748 -4.85997e-07
       749  6.38825e-06
       750 -9.63144e-07
       751 -1.18279e-07
       752 -1.02352e-06
       753  8.73365e-07
       754 -2.15555e-07
       755 -1.79931e-07
       756 -2.97237e-07
       757  2.79758e-06
       758 -3.59221e-08
       759 -9.07944e-08
       760  -1.8827e-07
       761  3.77166e-07
       762  4.70264e-08
       763 -4.04238e-07
       764  1.25608e-07
       765  3.15369e-06
       766  -2.5527e-08
       767 -1.48968e-07
       768  1.27879e-06
       769 -4.44031e-07
       770  4.18991e-08
       771  2.60338e-07
       772 -8.44328e-08
       773  7.38362e-08
       774  1.84692e-06
       775  1.01201e-07
       776 -4.00277e-08
       777   1.0941e-07
       778  9.72168e-08
       779 -3.34398e-07
       780 -2.73098e-07
       781  6.09026e-08
       782 -1.13725e-08
       783 -1.07164e-07
       784 -4.54195e-08
       785  -1.2102e-07
       786  5.82902e-07
       787  2.93919e-08
       788  1.85501e-07
       789  7.46603e-07
       790 -1.60184e-07
       791 -1.73227e-07
       792 -1.68223e-07
       793   2.6039e-07
       794 -4.95581e-10
       795 -1.09946e-07
       796  5.36457e-07
       797 -8.24814e-07
       798  4.60839e-07
       799  7.00449e-07
       800 -1.78597e-07
       801 -1.11215e-07
       802  1.60751e-07
       803  2.85616e-09
       804 -8.89379e-08
       805  5.00633e-07
       806  1.71858e-07
       807  7.18756e-08
       808  2.07946e-07
       809   1.5776e-08
       810  1.12212e-07
       811 -3.76909e-07
       812 -9.62367e-07
       813 -4.04177e-07
       814  1.37684e-07
       815  1.19196e-07
       816  6.73605e-07
       817 -3.48991e-07
       818  1.35976e-07
       819  2.64125e-08
       820 -1.45221e-07
       821  4.86843e-07
       822  1.60863e-06
       823  7.96309e-08
       824  5.84495e-07
       825  -3.9948e-07
       826  2.47783e-07
       827 -5.49392e-07
       828  2.27403e-06
       829   3.2661e-06
       830  4.73634e-08
       831 -5.37952e-08
       832 -3.41234e-07
       833 -1.61234e-07
       834  6.95982e-08
       835 -1.82823e-07
       836 -2.82095e-07
       837  1.14343e-07
       838  8.88301e-09
       839 -5.31307e-07
       840  2.53273e-08
       841  1.04717e-06
       842 -6.78095e-08
       843 -6.06077e-08
       844   4.0224e-07
       845  2.40756e-07
       846  1.27671e-06
       847  2.70998e-07
       848  1.23099e-07
       849   2.0327e-07
       850  5.31886e-08
       851  -1.0149e-07
       852  7.50982e-08
       853 -7.54346e-08
       854  3.99877e-07
       855  -1.6341e-07
       856  7.65115e-08
       857  3.45128e-07
       858 -1.59685e-07
       859  5.51708e-07
       860  2.66571e-07
       861  1.87765e-07
       862  4.75278e-07
       863 -2.17273e-07
       864 -1.43053e-06
       865 -2.14264e-07
       866  8.98983e-07
       867  2.19287e-07
       868  2.44652e-08
       869 -1.10342e-07
       870  8.04044e-07
       871  8.83743e-08
       872 -7.17403e-07
       873  1.70992e-07
       874  1.50104e-07
       875  1.24049e-07
       876  6.65849e-07
       877  1.09561e-07
       878  5.13124e-07
       879 -3.93185e-07
       880 -6.60274e-07
       881  5.44824e-08
       882  5.32344e-07
       883 -6.08068e-08
       884 -2.19021e-07
       885   2.4424e-07
       886  3.68997e-07
       887   1.1176e-06
       888  1.97868e-07
       889  3.22602e-07
       890 -1.05256e-08
       891 -2.16845e-09
       892  7.89738e-08
       893 -2.61731e-09
       894 -1.73585e-06
       895  4.02221e-06
       896 -3.41055e-06
       897  4.99999e-06
       898 -1.12628e-07
       899  1.09928e-05
       900 -3.11224e-07
       901 -1.23607e-05
       902 -1.86053e-06
       903  7.13931e-06
       904 -2.51135e-07
       905 -7.85682e-06
       906 -9.92129e-06
       907  1.65958e-06
       908  1.80119e-06
       909  7.34893e-06
       910 -3.18884e-06
       911  -9.9831e-06
       912  4.61524e-06
       913 -3.64482e-06
       914 -1.26327e-05
       915 -2.99171e-06
       916  2.31838e-06
       917 -3.14091e-06
       918  4.49767e-06
       919  9.48114e-06
       920  8.06625e-07
       921  3.47837e-06
       922  1.55863e-06
       923  3.93902e-06
       924  1.00447e-07
       925  6.84494e-06
       926 -5.70743e-06
       927  1.82685e-06
       928   1.9465e-06
       929 -1.04068e-05
       930 -3.61682e-07
       931  5.65679e-06
       932  3.23637e-06
       933 -9.77014e-07
       934   5.0768e-06
       935  1.56409e-06
       936  1.70432e-06
       937  8.12149e-06
       938  1.46214e-05
       939  -1.7035e-06
       940  8.78774e-06
       941  6.93691e-06
       942 -2.24415e-05
       943  2.05884e-06
       944  1.82971e-06
       945  4.64244e-06
       946  -6.9585e-06
       947 -1.23645e-05
       948 -8.41642e-07
       949 -3.37836e-06
       950  4.17011e-06
       951 -6.26191e-06
       952 -2.74926e-06
       953 -1.35806e-05
       954  9.04723e-07
       955  6.48592e-06
       956  -8.0072e-07
       957  1.04334e-05
       958 -1.11151e-06
       959 -3.34155e-06
       960 -8.90407e-07
       961  3.48784e-07
       962  3.15264e-06
       963  1.22947e-05
       964   1.2329e-06
       965 -5.47395e-07
       966  5.92862e-06
       967 -6.03113e-06
       968   1.4813e-05
       969 -1.95761e-05
       970 -2.88446e-06
       971  5.87737e-11
       972 -3.52945e-06
       973    1.813e-06
       974  -8.8791e-06
       975 -3.06656e-06
       976 -5.27467e-06
       977 -6.54994e-06
       978  3.32808e-06
       979  1.05274e-05
       980  2.86967e-07
       981  2.45055e-06
       982  1.93653e-06
       983   1.7471e-05
       984 -7.99532e-06
       985  1.51967e-06
       986 -1.25659e-06
       987 -6.12935e-06
       988 -5.43936e-08
       989  1.72461e-05
       990  2.00568e-05
       991  1.21145e-05
       992  2.14173e-05
       993 -1.05396e-05
       994 -1.80463e-06
       995 -2.53077e-06
       996  8.60398e-06
       997  7.14572e-06
       998 -1.75935e-05
       999  -1.2241e-05
      1000  9.22935e-06
      1001 -2.75426e-06
      1002 -2.11831e-06
      1003 -4.12066e-06
      1004  2.24834e-05
      1005 -1.05427e-06
      1006  1.52597e-05
      1007  1.72231e-06
      1008 -1.78986e-05
      1009  5.94431e-07
      1010  2.62525e-06
      1011  2.81938e-06
      1012  -7.2373e-06
      1013  -4.2184e-06
      1014  6.29391e-06
      1015 -2.12862e-05
      1016  1.17446e-07
      1017 -1.79975e-06
      1018 -5.12217e-06
      1019   8.3034e-07
      1020  1.82499e-05
      1021  2.88703e-06
      1022  8.65551e-07
      1023 -2.60819e-05
      1024 -1.80412e-05
      1025 -6.82914e-06
      1026  7.02381e-06
      1027  3.21992e-07
      1028 -8.71943e-06
      1029  1.54998e-05
      1030 -5.71562e-06
      1031  2.01564e-05
      1032   1.9754e-05
      1033  7.18035e-06
      1034  1.01318e-05
      1035  1.31048e-06
      1036  1.04735e-05
      1037  1.49267e-05
      1038  1.42561e-05
      1039  1.25785e-05
      1040  7.30987e-06
      1041 -1.13745e-05
      1042  1.27922e-05
      1043 -9.40451e-06
      1044 -1.83148e-05
      1045 -5.46941e-06
      1046 -1.29962e-05
      1047  -9.1904e-06
      1048    6.691e-06
      1049 -7.38768e-06
      1050 -3.21635e-06
      1051 -1.63145e-05
      1052 -6.70407e-06
      1053 -4.70742e-07
      1054  1.72795e-05
      1055 -6.20556e-06
      1056 -6.93774e-07
      1057 -3.00608e-06
      1058 -9.53834e-06
      1059  3.95315e-06
      1060 -8.85248e-06
      1061 -5.78389e-06
      1062  8.70472e-06
      1063  6.68781e-06
      1064  3.95343e-06
      1065  1.38302e-06
      1066   1.7108e-05
      1067  1.36586e-05
      1068 -1.67871e-06
      1069    3.986e-06
      1070  1.62843e-06
      1071 -1.09332e-05
      1072 -4.81042e-06
      1073  5.18565e-06
      1074 -7.32748e-07
      1075 -1.87063e-06
      1076  6.80505e-06
      1077  1.39014e-05
      1078 -1.76469e-06
      1079   9.8114e-06
      1080  1.35265e-05
      1081 -4.62649e-06
      1082 -1.00903e-05
      1083  4.30998e-06
      1084 -2.49813e-06
      1085 -8.22816e-06
      1086  1.47071e-07
      1087   1.7847e-05
      1088 -1.01247e-05
      1089  1.84157e-05
      1090  1.53081e-05
      1091 -1.66736e-06
      1092 -4.64989e-09
      1093   8.4923e-06
      1094  8.87274e-06
      1095 -6.80824e-06
      1096  -1.0583e-05
      1097  9.62807e-06
      1098  1.44595e-06
      1099 -8.36019e-06
      1100 -3.35313e-06
      1101  4.15934e-06
      1102  1.43203e-06
      1103   1.0733e-07
      1104 -5.83023e-06
      1105  6.87525e-06
      1106 -1.14216e-05
      1107 -3.46089e-06
      1108 -1.44046e-05
      1109  3.52019e-06
      1110  -5.4711e-06
      1111 -3.28123e-06
      1112 -6.07624e-06
      1113 -8.14693e-06
      1114 -8.53485e-06
      1115  1.23348e-05
      1116 -7.59857e-06
      1117  1.18416e-05
      1118  3.29362e-07
      1119 -5.65896e-07
      1120  4.08794e-06
      1121 -4.43488e-06
      1122   1.9463e-06
      1123 -1.65252e-06
      1124  1.31065e-05
      1125 -5.29416e-06
      1126 -2.48983e-06
      1127 -1.16467e-05
      1128 -6.01423e-06
      1129 -4.42441e-06
      1130  7.19411e-06
      1131  2.54444e-06
      1132 -4.97389e-06
      1133   1.2828e-06
      1134  8.85908e-06
      1135 -9.98765e-07
      1136 -4.95982e-06
      1137  1.47086e-05
      1138  -1.5333e-05
      1139 -1.42127e-05
      1140 -5.55447e-06
      1141 -1.45467e-06
      1142  7.75315e-06
      1143  1.00507e-05
      1144  4.83188e-06
      1145  4.26768e-06
      1146 -5.43027e-06
      1147 -6.94047e-06
      1148    -1.05e-05
      1149  4.06492e-07
      1150  6.50267e-07
      1151  1.05006e-06
      1152  1.08964e-05
      1153 -9.20021e-06
      1154  1.03981e-06
      1155  9.36035e-06
      1156   9.6951e-06
      1157  4.91242e-06
      1158 -1.34409e-05
      1159 -1.46413e-05
      1160 -1.43508e-05
      1161 -5.17799e-06
      1162 -7.95113e-06
      1163   3.5194e-06
      1164 -3.64424e-06
      1165 -4.88359e-06
      1166 -6.86833e-06
      1167  5.73306e-06
      1168  1.60039e-06
      1169 -1.32235e-05
      1170  1.08684e-06
      1171  1.20168e-07
      1172 -1.19293e-05
      1173  2.65245e-06
      1174  -7.2007e-07
      1175  6.72584e-06
      1176  9.98369e-06
      1177 -1.10331e-06
      1178   4.6163e-06
      1179 -9.75464e-07
      1180  5.54162e-06
      1181  8.72344e-06
      1182  1.39841e-05
      1183 -9.81957e-06
      1184 -1.67616e-05
      1185 -5.23067e-06
      1186 -8.81628e-06
      1187  3.56877e-06
      1188   2.2136e-06
      1189 -5.89137e-06
      1190  1.14445e-06
      1191  2.01049e-05
      1192  -1.5319e-05
      1193 -6.04164e-06
      1194  -4.4893e-06
      1195 -1.50326e-05
      1196 -8.78609e-06
      1197 -8.63812e-07
      1198  2.82991e-06
      1199  1.31542e-05
      1200 -1.66414e-06
      1201 -6.32871e-06
      1202  3.18012e-06
      1203  2.04307e-07
      1204 -7.43923e-06
      1205 -3.59375e-07
      1206  2.80219e-06
      1207 -2.49759e-06
      1208   4.2794e-06
      1209 -1.09613e-05
      1210  6.73805e-06
      1211  2.29156e-06
      1212  6.16078e-06
      1213  8.75691e-06
      1214 -1.98375e-05
      1215 -1.41683e-06
      1216  7.54888e-06
      1217 -4.76607e-06
      1218 -9.87857e-06
      1219  1.27419e-05
      1220 -2.71504e-06
      1221 -1.23356e-05
      1222 -8.30134e-06
      1223 -1.70743e-05
      1224 -1.96449e-05
      1225 -1.08006e-05
      1226  1.71935e-05
      1227  1.88642e-06
      1228  2.84843e-05
      1229  8.09664e-06
      1230 -4.69801e-06
      1231 -1.18055e-06
      1232  2.27603e-05
      1233  1.54145e-05
      1234  9.01417e-06
      1235 -2.65979e-06
      1236  7.20198e-06
      1237  1.89218e-06
      1238  1.52055e-05
      1239 -9.59087e-06
      1240 -1.65202e-05
      1241   4.5541e-06
      1242 -8.20432e-07
      1243 -7.24651e-06
      1244  8.51533e-06
      1245 -4.48764e-06
      1246 -5.30373e-06
      1247  7.53787e-06
      1248 -4.30028e-06
      1249  4.03358e-06
      1250 -1.18462e-05
      1251 -1.17104e-07
      1252 -6.62312e-06
      1253  3.39879e-06
      1254 -1.00212e-05
      1255  -1.4848e-05
      1256  4.14333e-06
      1257  4.57181e-06
      1258  2.37091e-05
      1259 -4.71772e-07
      1260 -7.36351e-06
      1261  5.30819e-06
      1262 -1.37862e-05
      1263  1.12587e-05
      1264  8.25994e-07
      1265   2.1692e-05
      1266  1.15681e-05
      1267 -1.05818e-06
      1268  2.00028e-05
      1269 -1.74582e-05
      1270 -1.11357e-05
      1271 -8.19874e-06
      1272  9.86045e-06
      1273  1.41242e-06
      1274 -1.87354e-05
      1275  9.28927e-06
      1276  1.02768e-05
      1277 -2.97597e-06
      1278  9.51463e-06
      1279  4.38127e-06
      1280 -5.58349e-06
      1281 -1.12327e-05
      1282 -3.57852e-06
      1283  1.09202e-05
      1284 -7.95494e-06
      1285 -1.46095e-05
      1286 -1.16938e-05
      1287  1.46276e-05
      1288  7.05266e-07
      1289  2.70545e-05
      1290 -1.00124e-05
      1291 -3.58746e-09
      1292  8.05852e-06
      1293 -1.53758e-06
      1294  1.31223e-06
      1295 -5.75917e-07
      1296 -3.80431e-07
      1297  2.25781e-06
      1298   1.0937e-06
      1299  8.78941e-06
      1300  3.54845e-06
      1301 -4.60938e-06
      1302  1.37261e-05
      1303  9.92242e-07
      1304 -1.27597e-05
      1305 -2.99445e-06
      1306 -1.61587e-05
      1307  4.46794e-09
      1308  1.79568e-07
      1309  5.08775e-06
      1310  9.30198e-06
      1311 -1.28663e-05
      1312 -1.06086e-06
      1313  2.26001e-08
      1314  5.48804e-06
      1315 -1.20796e-05
      1316  2.35463e-06
      1317  9.90765e-07
      1318 -2.36959e-06
      1319  1.76242e-07
      1320 -5.11445e-06
      1321  1.26197e-06
      1322 -7.08006e-07
      1323  4.83128e-08
      1324  2.23327e-06
      1325 -5.71885e-06
      1326  3.54104e-06
      1327  1.31347e-06
      1328  1.87461e-06
      1329 -5.11474e-06
      1330  1.17103e-05
      1331 -5.42936e-06
      1332 -8.50263e-06
      1333 -9.09301e-06
      1334 -8.25996e-06
      1335 -8.16855e-06
      1336  2.34269e-06
      1337  2.67683e-06
      1338  2.98825e-06
      1339 -7.74604e-07
      1340 -2.48616e-06
      1341 -2.15986e-06
      1342 -8.21277e-06
      1343  -1.6644e-05
      1344  8.50627e-06
      1345 -6.57212e-06
      1346 -1.30734e-06
      1347  1.26095e-05
      1348 -4.04485e-06
      1349 -1.30952e-05
      1350 -3.65037e-07
      1351  1.07236e-05
      1352  -2.1044e-06
      1353 -4.24319e-08
      1354 -2.93669e-07
      1355  5.29789e-06
      1356 -8.95872e-07
      1357 -1.86533e-06
      1358 -1.53764e-05
      1359  8.28776e-06
      1360  1.52604e-05
      1361  6.55924e-06
      1362 -6.19666e-06
      1363 -4.70124e-06
      1364 -3.77325e-06
      1365 -1.60202e-05
      1366  2.09102e-06
      1367  -5.3862e-06
      1368 -1.29644e-05
      1369  1.00098e-05
      1370 -6.47919e-06
      1371   6.6872e-06
      1372 -2.80546e-06
      1373 -2.73247e-06
      1374  8.19754e-06
      1375 -1.08963e-07
      1376  6.26465e-06
      1377 -1.62993e-05
      1378 -5.52617e-06
      1379  -1.6428e-05
      1380  2.65614e-06
      1381  8.24997e-06
      1382  1.92342e-06
      1383  1.46243e-05
      1384 -7.28019e-06
      1385 -1.41064e-06
      1386  7.35715e-06
      1387  4.56281e-06
      1388 -9.84694e-06
      1389 -4.86813e-06
      1390 -6.32453e-07
      1391  1.33819e-05
      1392 -1.81688e-05
      1393 -4.01776e-07
      1394 -4.74515e-06
      1395 -9.87957e-07
      1396  1.25368e-05
      1397 -5.71246e-06
      1398 -1.31934e-05
      1399 -6.05273e-06
      1400  8.64048e-06
      1401  7.56721e-06
      1402  1.18406e-05
      1403  1.65045e-05
      1404  1.84293e-05
      1405 -3.77771e-06
      1406  1.32197e-05
      1407 -2.10572e-06
      1408  -2.5878e-05
      1409 -4.15089e-06
      1410  -9.1924e-06
      1411  7.47531e-06
      1412  7.56094e-06
      1413 -3.06274e-05
      1414  9.86125e-06
      1415 -2.58173e-06
      1416 -3.87501e-08
      1417  2.06725e-06
      1418 -7.16368e-06
      1419 -2.39626e-05
      1420  1.41381e-05
      1421 -1.73731e-08
      1422  1.60903e-05
      1423  3.24684e-06
      1424 -6.52037e-06
      1425  3.54769e-06
      1426  2.10035e-05
      1427  1.27413e-05
      1428  5.56903e-06
      1429  5.15758e-06
      1430 -4.80731e-06
      1431  8.29811e-06
      1432  1.26723e-05
      1433  -1.0171e-05
      1434 -1.44298e-06
      1435  1.68812e-05
      1436 -2.88992e-05
      1437  7.31451e-06
      1438 -6.39226e-06
      1439 -9.85556e-06
      1440  4.81698e-06
      1441 -7.05481e-06
      1442  6.08856e-06
      1443  1.19022e-05
      1444 -9.99725e-06
      1445 -3.12999e-06
      1446  8.79569e-06
      1447  2.57646e-06
      1448 -4.94217e-06
      1449  4.60691e-06
      1450  -7.0492e-06
      1451  4.65862e-06
      1452  2.43412e-06
      1453  2.06629e-06
      1454  2.02388e-06
      1455 -1.17723e-05
      1456 -1.24913e-05
      1457 -4.28081e-06
      1458  5.49706e-06
      1459   3.0237e-06
      1460  1.52739e-05
      1461  -1.1729e-05
      1462  2.98808e-06
      1463  8.90421e-06
      1464 -5.61746e-06
      1465  2.26557e-05
      1466  1.30912e-05
      1467  -5.2165e-06
      1468 -1.27633e-06
      1469 -1.23558e-06
      1470 -6.39776e-06
      1471  1.00939e-05
      1472 -4.65735e-07
      1473 -4.05901e-06
      1474  6.61473e-06
      1475 -8.85871e-06
      1476 -2.02642e-06
      1477 -1.21442e-05
      1478  -9.3467e-07
      1479  7.31133e-06
      1480  3.80511e-06
      1481  3.05829e-07
      1482 -3.49848e-06
      1483 -1.20153e-05
      1484 -3.38782e-06
      1485  2.00778e-06
      1486 -5.97903e-06
      1487 -4.16406e-06
      1488  1.60065e-05
      1489  -5.6629e-07
      1490 -2.93485e-09
      1491  1.22718e-05
      1492  3.75459e-06
      1493  5.87048e-06
      1494  4.34794e-06
      1495 -1.46153e-05
      1496  -3.3484e-06
      1497  1.21439e-05
      1498 -2.48777e-06
      1499 -1.92991e-07
      1500 -2.63915e-06
      1501  3.30623e-06
      1502  9.49272e-06
      1503  3.40492e-06
      1504  6.06331e-07
      1505  4.12392e-06
      1506  9.74813e-07
      1507  1.14084e-06
      1508  8.02097e-06
      1509  7.37861e-06
      1510  7.21252e-06
      1511 -5.35545e-06
      1512  1.06036e-05
      1513 -2.87416e-07
      1514  4.38333e-06
      1515  6.40139e-06
      1516 -1.04042e-05
      1517 -5.06054e-06
      1518 -4.03437e-07
      1519  8.29365e-06
      1520 -1.00689e-06
      1521  9.98322e-06
      1522  2.81579e-06
      1523 -2.11466e-07
      1524 -3.03886e-06
      1525 -1.73334e-05
      1526  -3.5509e-06
      1527 -4.77032e-06
      1528  6.41882e-06
      1529   1.4062e-05
      1530  3.17114e-06
      1531  -1.0729e-06
      1532  2.56248e-07
      1533 -6.65221e-06
      1534  1.15957e-06
      1535 -7.43819e-06
      1536  6.62854e-08
      1537  3.48768e-07
      1538  1.63862e-06
      1539 -6.47892e-07
      1540  3.64212e-07
      1541  4.04405e-06
      1542  5.62552e-07
      1543  -1.8093e-06
      1544 -7.40529e-06
      1545 -4.00781e-06
      1546 -1.21724e-06
      1547  9.84798e-07
      1548 -3.36551e-06
      1549  6.79135e-07
      1550  1.23595e-05
      1551  4.96259e-07
      1552  4.04463e-06
      1553 -1.14743e-05
      1554 -5.83653e-07
      1555  4.89997e-07
      1556 -3.98612e-06
      1557  3.02038e-06
      1558 -6.23787e-06
      1559  1.67927e-05
      1560 -7.77484e-06
      1561  3.50886e-07
      1562  -1.0279e-05
      1563 -1.87918e-06
      1564 -4.87592e-06
      1565  7.76781e-06
      1566  1.68197e-06
      1567  8.48658e-06
      1568 -2.65487e-06
      1569  2.37992e-05
      1570 -3.12271e-06
      1571 -1.01538e-05
      1572 -2.09433e-05
      1573  2.51791e-07
      1574 -6.32636e-06
      1575 -9.51919e-06
      1576  1.49464e-05
      1577 -1.14609e-07
      1578 -3.48866e-06
      1579  1.97123e-06
      1580  1.50992e-05
      1581  1.11077e-05
      1582 -8.56615e-06
      1583 -3.63868e-06
      1584  1.41439e-05
      1585 -5.67929e-06
      1586 -1.71663e-05
      1587 -4.04203e-06
      1588  1.12664e-05
      1589  5.09225e-06
      1590  5.66157e-06
      1591   -6.739e-06
      1592 -3.45339e-06
      1593 -3.85867e-06
      1594  -4.8783e-06
      1595 -3.18187e-06
      1596  2.66527e-06
      1597  8.59069e-06
      1598  8.98914e-07
      1599 -5.28547e-06
      1600 -6.51895e-06
      1601  2.38347e-06
      1602   4.3336e-06
      1603   1.3067e-05
      1604 -1.25082e-05
      1605  2.96524e-06
      1606 -4.04169e-06
      1607 -2.06739e-06
      1608  3.13692e-06
      1609  1.06105e-06
      1610 -4.09931e-06
      1611   -6.379e-06
      1612 -1.65858e-05
      1613  5.42964e-06
      1614  2.81338e-06
      1615 -1.29075e-05
      1616  4.73926e-06
      1617 -2.02431e-05
      1618 -3.98006e-05
      1619 -8.81122e-06
      1620 -1.85641e-05
      1621 -6.49402e-06
      1622 -1.10458e-05
      1623 -9.72092e-06
      1624 -3.02298e-05
      1625  5.28279e-06
      1626 -9.44918e-06
      1627  3.24943e-06
      1628  6.91052e-06
      1629 -1.59598e-06
      1630  6.27954e-06
      1631  -9.6611e-06
      1632  5.26899e-06
      1633 -4.44564e-07
      1634 -3.15115e-06
      1635  1.59775e-06
      1636 -4.02426e-06
      1637   1.5042e-05
      1638  4.00458e-06
      1639  6.35741e-06
      1640  5.09419e-06
      1641  2.56821e-06
      1642  8.72345e-06
      1643  8.61621e-06
      1644  2.12622e-06
      1645 -2.29619e-08
      1646  6.32421e-07
      1647 -2.14762e-06
      1648  1.54351e-06
      1649 -4.55538e-07
      1650 -4.01059e-06
      1651  6.99682e-06
      1652  -1.1501e-05
      1653 -1.40717e-05
      1654  5.84872e-06
      1655  2.55156e-06
      1656  7.16727e-06
      1657 -1.88366e-05
      1658  1.20259e-06
      1659  2.36738e-05
      1660  1.37067e-06
      1661  3.02422e-05
      1662   8.7026e-06
      1663  9.86123e-06
      1664  1.77704e-05
      1665    3.703e-06
      1666   3.9282e-07
      1667  1.39513e-05
      1668  3.37654e-06
      1669  8.06317e-06
      1670 -1.15153e-05
      1671  1.57281e-05
      1672  1.27575e-05
      1673 -2.65522e-06
      1674  1.70234e-05
      1675  4.18926e-06
      1676  8.97934e-06
      1677  -9.7314e-06
      1678  7.09459e-06
      1679 -4.31026e-06
      1680 -1.14102e-06
      1681 -6.71193e-06
      1682 -1.31934e-05
      1683 -3.39115e-06
      1684 -7.13886e-06
      1685 -4.46629e-08
      1686 -1.96355e-05
      1687  -1.0134e-07
      1688  2.75654e-06
      1689  1.63922e-05
      1690   8.2458e-06
      1691 -1.27914e-06
      1692 -5.96964e-06
      1693   1.8979e-06
      1694 -1.68402e-05
      1695  5.59596e-06
      1696 -1.05686e-05
      1697 -7.46968e-06
      1698  1.42295e-06
      1699 -3.55147e-06
      1700  1.25554e-06
      1701  4.04498e-07
      1702  1.30981e-06
      1703  5.07192e-07
      1704   8.1405e-07
      1705 -4.78516e-06
      1706  8.29212e-07
      1707  1.08193e-06
      1708 -1.80808e-06
      1709 -1.78501e-05
      1710  -8.1279e-06
      1711 -6.90292e-06
      1712 -1.18379e-05
      1713  8.21898e-07
      1714 -1.61661e-05
      1715 -2.44364e-05
      1716  6.26701e-06
      1717 -9.62574e-06
      1718   1.3617e-05
      1719 -2.73962e-06
      1720 -8.87242e-06
      1721  3.75716e-06
      1722  5.43321e-08
      1723  6.68045e-06
      1724  -4.9187e-07
      1725 -5.51763e-06
      1726 -3.92793e-07
      1727  7.11178e-06
      1728 -3.23222e-06
      1729 -2.87939e-06
      1730 -1.61736e-05
      1731 -2.72376e-05
      1732  1.57014e-06
      1733   2.7353e-06
      1734  1.59032e-07
      1735  5.88719e-06
      1736 -4.61994e-06
      1737  2.24682e-06
      1738  7.61362e-06
      1739    1.075e-05
      1740 -3.77366e-07
      1741  9.38736e-06
      1742 -1.69453e-05
      1743  2.52216e-06
      1744 -6.07768e-06
      1745  7.72526e-06
      1746  5.26288e-06
      1747 -3.10758e-06
      1748 -2.11417e-06
      1749  5.57552e-06
      1750 -6.87622e-07
      1751  3.60185e-06
      1752  3.08796e-06
      1753  2.58961e-06
      1754  2.55375e-06
      1755   5.2521e-06
      1756  1.14655e-06
      1757 -1.54724e-06
      1758  2.93434e-05
      1759  1.95931e-05
      1760 -5.66115e-06
      1761 -2.45977e-06
      1762  1.66011e-05
      1763 -1.09764e-05
      1764  -8.2636e-06
      1765   1.0372e-05
      1766 -3.52054e-06
      1767  1.27646e-05
      1768  4.30204e-06
      1769  -1.6922e-05
      1770 -1.97972e-06
      1771  6.69414e-06
      1772 -1.01275e-05
      1773 -7.62705e-06
      1774 -1.62781e-05
      1775  2.83231e-06
      1776  1.35429e-05
      1777  6.86401e-07
      1778 -2.65794e-06
      1779   5.1158e-07
      1780  1.03787e-08
      1781 -2.37074e-06
      1782  1.19452e-05
      1783  6.70153e-07
      1784 -4.94294e-06
      1785  1.19305e-05
      1786  1.60073e-05
      1787  1.56307e-06
      1788  5.16595e-07
      1789 -4.10789e-06
      1790  1.77036e-07
      1791 -1.46554e-05
      1792 -2.01969e-05
      1793  6.02491e-06
      1794  1.69498e-05
      1795 -2.62455e-06
      1796  7.69009e-06
      1797  9.97853e-06
      1798  1.80584e-07
      1799 -1.40325e-05
      1800 -1.68576e-06
      1801  3.47016e-06
      1802  2.38529e-06
      1803  1.16959e-05
      1804 -8.34256e-06
      1805  9.37987e-06
      1806 -2.53659e-05
      1807   7.7231e-06
      1808  2.31538e-06
      1809  2.23012e-05
      1810 -1.88844e-06
      1811 -1.86245e-05
      1812  4.56432e-06
      1813  5.83743e-06
      1814 -1.07394e-06
      1815  2.79932e-06
      1816  9.63224e-06
      1817 -9.31869e-06
      1818 -3.13658e-06
      1819  8.94257e-06
      1820 -8.79827e-06
      1821  5.91586e-06
      1822  5.97849e-07
      1823  -6.0304e-06
      1824  6.74145e-06
      1825  8.00265e-06
      1826    2.928e-07
      1827  2.80561e-06
      1828  6.76029e-06
      1829 -1.66228e-05
      1830  1.60691e-05
      1831  1.33605e-05
      1832 -1.63607e-05
      1833  1.07961e-05
      1834 -2.16297e-06
      1835  8.00069e-06
      1836 -2.00784e-05
      1837  1.65132e-05
      1838 -2.82517e-05
      1839 -1.63101e-05
      1840  5.16158e-06
      1841 -5.56619e-06
      1842 -7.27444e-06
      1843 -5.98134e-06
      1844 -5.12269e-06
      1845  1.19422e-06
      1846 -1.94733e-05
      1847  1.37679e-05
      1848 -1.57006e-05
      1849   1.3444e-05
      1850  1.44385e-05
      1851 -3.28581e-05
      1852 -1.01338e-06
      1853 -3.37395e-05
      1854 -7.82755e-06
      1855 -2.86855e-05
      1856  1.75092e-06
      1857  -9.0663e-06
      1858  7.08395e-06
      1859 -1.17165e-05
      1860 -1.82515e-06
      1861 -1.24921e-05
      1862  9.97311e-07
      1863  4.97401e-06
      1864  6.53371e-06
      1865 -4.71656e-06
      1866  2.33468e-06
      1867 -7.50783e-06
      1868  3.07431e-07
      1869 -7.92075e-06
      1870  7.63071e-07
      1871 -3.17995e-06
      1872  1.73933e-07
      1873 -2.25065e-06
      1874 -5.70591e-06
      1875  3.20963e-06
      1876 -3.71956e-07
      1877 -4.87432e-06
      1878  1.23235e-06
      1879 -9.73106e-06
      1880  2.98637e-06
      1881 -5.78793e-06
      1882 -5.92903e-06
      1883   1.0512e-06
      1884   8.9887e-06
      1885  9.68103e-06
      1886  1.11911e-05
      1887   1.8046e-05
      1888  9.53076e-06
      1889  2.48976e-05
      1890  -4.1121e-06
      1891  2.15573e-05
      1892  1.37033e-05
      1893 -3.54325e-06
      1894  1.23778e-05
      1895  4.58812e-06
      1896 -1.89815e-06
      1897  3.34223e-06
      1898  2.41818e-06
      1899  5.78255e-06
      1900  4.55425e-06
      1901 -1.24379e-05
      1902  2.42019e-06
      1903 -5.97442e-06
      1904 -2.87402e-06
      1905   7.5362e-06
      1906 -8.42506e-06
      1907  -2.8414e-06
      1908  4.89435e-06
      1909 -9.88772e-06
      1910 -6.94211e-06
      1911 -1.87762e-06
      1912  -7.9714e-06
      1913  3.06684e-06
      1914  -5.6724e-06
      1915   3.9354e-06
      1916  1.84431e-06
      1917   4.7392e-06
      1918  5.38165e-07
      1919  7.60926e-06
      1920  3.31107e-06
      1921  1.86568e-06
      1922  1.29396e-06
      1923  2.50651e-06
      1924 -3.48143e-06
      1925  5.75599e-06
      1926 -1.19518e-05
      1927  -1.1091e-05
      1928 -5.37728e-06
      1929 -6.05937e-07
      1930 -9.10012e-06
      1931 -1.49916e-06
      1932  1.14195e-06
      1933 -1.63747e-05
      1934 -7.66826e-07
      1935  2.07828e-06
      1936  1.88017e-06
      1937 -5.70435e-06
      1938   2.7844e-06
      1939 -1.00634e-06
      1940  2.43309e-06
      1941 -8.91975e-06
      1942  8.65421e-06
      1943  6.28638e-06
      1944  1.54685e-05
      1945  1.17573e-05
      1946  1.31012e-05
      1947  4.91605e-06
      1948  7.56237e-06
      1949  9.26439e-06
      1950  5.54649e-06
      1951 -5.09728e-06
      1952 -8.21199e-07
      1953 -5.37402e-06
      1954  4.76182e-06
      1955  1.43708e-05
      1956 -2.87815e-05
      1957  -1.7704e-05
      1958  8.41599e-06
      1959  6.65496e-05
      1960  -6.7515e-06
      1961 -6.78177e-05
      1962  7.00833e-10
      1963 -4.72398e-08
      1964 -3.02554e-09
      1965  7.25173e-07
      1966 -2.10302e-07
      1967 -1.33002e-05
      1968 -1.67186e-06
      1969 -8.93827e-06
      1970 -1.20157e-05
      1971 -1.18502e-06
      1972  9.44231e-09
      1973   1.9435e-08
      1974  6.95233e-09
      1975 -2.91345e-06
      1976  5.33661e-11
      1977 -4.02213e-07
      1978 -3.30734e-06
      1979 -2.29526e-06
      1980  7.06878e-08
      1981  1.22173e-07
      1982  1.22655e-08
      1983  -3.7229e-06
      1984 -1.33371e-06
      1985 -3.49795e-06
      1986 -1.69272e-06
      1987 -2.65522e-06
      1988  4.42111e-06
      1989 -1.12263e-05
      1990 -1.29926e-05
      1991  1.68468e-06
      1992 -3.80463e-07
      1993  8.60908e-06
      1994  -2.7091e-06
      1995  2.31365e-06
      1996 -5.12385e-06
      1997  2.08187e-06
      1998 -1.78279e-07
      1999   -1.155e-06
      2000  1.30327e-06
      2001 -5.03294e-06
      2002  5.08092e-06
      2003  1.66736e-06
      2004 -8.75016e-08
      2005 -5.90047e-06
      2006  2.08985e-07
      2007 -1.56236e-06
      2008   -2.415e-06
      2009  9.10207e-07
      2010 -2.27263e-06
      2011 -1.18951e-07
      2012  4.25387e-06
      2013   -6.655e-06
      2014 -1.03962e-07
      2015  -1.0086e-05
      2016 -1.50498e-06
      2017 -7.18113e-07
      2018  6.07712e-06
      2019  1.16138e-05
      2020 -6.78223e-06
      2021  6.57704e-06
      2022 -3.47929e-06
      2023 -1.57671e-05
      2024 -7.40165e-06
      2025 -1.05662e-05
      2026 -1.34899e-06
      2027 -8.23394e-06
      2028 -3.19083e-06
      2029 -6.79979e-06
      2030  4.78193e-07
      2031 -4.14097e-07
      2032 -2.65876e-06
      2033  4.44598e-06
      2034 -1.59595e-06
      2035 -8.41796e-06
      2036 -3.80794e-06
      2037 -6.27421e-06
      2038  1.66571e-05
      2039  3.85299e-05
      2040  6.00601e-06
      2041  5.74911e-05
      2042 -1.04367e-06
      2043 -5.82579e-06
      2044 -1.60538e-06
      2045 -5.91943e-06
      2046 -2.87372e-06
      2047 -7.10306e-06
      2048   -2.853e-06
      2049  -3.8757e-06
      2050 -2.51808e-07
      2051 -1.30162e-06
      2052 -2.71459e-06
      2053  2.42693e-06
      2054 -3.73071e-06
      2055 -2.61517e-06
      2056  -1.2845e-06
      2057 -1.81067e-06
      2058 -3.17806e-06
      2059 -6.84904e-06
      2060 -2.70618e-06
      2061 -7.00545e-06
      2062 -3.85023e-06
      2063 -7.47454e-06
      2064  -1.7732e-06
      2065  -8.0769e-06
      2066 -1.25143e-06
      2067 -8.43286e-06
      2068 -4.90922e-06
      2069 -1.25958e-06
      2070 -1.87223e-06
      2071 -7.12567e-06
      2072 -4.42301e-06
      2073  1.59387e-06
      2074 -6.54588e-06
      2075 -2.58631e-05
      2076 -6.00154e-06
      2077 -3.07366e-05
      2078   5.7789e-07
      2079  3.84221e-06
      2080 -1.02987e-06
      2081  5.90278e-06
      2082  -3.8898e-07
      2083 -2.18696e-06
      2084 -3.11441e-06
      2085  1.92916e-06
      2086  8.46234e-06
      2087   1.5521e-05
      2088 -2.49549e-07
      2089  1.92644e-05
      2090 -1.04289e-05
      2091 -1.85144e-05
      2092 -3.46047e-06
      2093 -2.02113e-05
      2094  1.64511e-06
      2095  7.34918e-06
      2096 -8.99824e-07
      2097  1.14092e-05
      2098 -9.64146e-07
      2099 -5.36925e-06
      2100 -3.96292e-06
      2101  5.86598e-07
      2102 -1.72395e-06
      2103 -8.31613e-06
      2104 -4.77339e-06
      2105  5.97544e-07
      2106 -2.39507e-06
      2107 -8.22927e-06
      2108 -9.17511e-07
      2109 -7.92465e-06
      2110  2.48808e-06
      2111  1.09207e-05
      2112  1.00115e-06
      2113  1.14045e-05
      2114 -1.29747e-07
      2115  2.32057e-07
      2116 -1.52681e-06
      2117   1.1266e-06
      2118  -4.5311e-06
      2119  -7.3882e-06
      2120 -4.14062e-06
      2121 -4.54435e-06
      2122  1.62277e-06
      2123    1.501e-05
      2124   2.3845e-06
      2125    1.455e-05
      2126  1.28203e-06
      2127  2.58703e-06
      2128 -2.18404e-06
      2129  3.96187e-06
      2130 -8.96254e-07
      2131 -5.67895e-06
      2132 -3.70254e-06
      2133 -2.07453e-06
      2134  3.30801e-06
      2135  2.07422e-05
      2136  3.50228e-06
      2137  3.08113e-05
      2138 -1.61438e-06
      2139 -8.59293e-06
      2140 -1.92747e-06
      2141 -1.04094e-05
      2142 -3.06415e-06
      2143 -9.62706e-06
      2144 -4.12197e-06
      2145 -6.66837e-06
      2146 -9.58484e-07
      2147 -6.06754e-06
      2148 -4.11195e-06
      2149 -7.13384e-07
      2150  1.52095e-05
      2151 -1.99036e-06
      2152  4.07143e-07
      2153 -8.85124e-06
      2154  3.21704e-05
      2155  -2.6278e-05
      2156 -9.49134e-06
      2157 -9.09986e-07
      2158  5.97468e-06
      2159  8.27819e-06
      2160  2.64109e-06
      2161 -5.34072e-06
      2162  3.01333e-06
      2163  1.76884e-06
      2164  1.75095e-06
      2165  3.36207e-06
      2166 -1.42042e-06
      2167  -4.1911e-06
      2168  6.22152e-06
      2169 -3.13559e-06
      2170 -4.43424e-08
      2171  1.06741e-05
      2172  4.10707e-06
      2173 -8.57339e-06
      2174 -2.95147e-06
      2175 -6.26005e-06
      2176 -1.36755e-05
      2177  4.46138e-06
      2178 -6.82667e-06
      2179 -1.53147e-07
      2180 -7.05007e-06
      2181 -2.93207e-06
      2182   2.6887e-06
      2183  4.89569e-06
      2184  5.24017e-06
      2185  5.02088e-06
      2186  9.82459e-06
      2187 -1.19444e-05
      2188  1.50005e-06
      2189  8.57675e-08
      2190  8.12101e-07
      2191 -1.66257e-06
      2192 -3.27134e-06
      2193 -2.22926e-06
      2194  9.23006e-06
      2195 -1.16755e-05
      2196    1.608e-06
      2197 -7.01147e-06
      2198  8.06882e-06
      2199  1.12269e-05
      2200  -1.8814e-05
      2201  2.87066e-06
      2202  -2.0181e-05
      2203 -3.61597e-06
      2204  1.38497e-05
      2205 -9.54778e-06
      2206 -8.26765e-06
      2207  6.35178e-06
      2208 -4.44097e-06
      2209 -6.50437e-07
      2210 -2.29451e-06
      2211  3.15062e-06
      2212 -6.76388e-06
      2213  1.48464e-05
      2214 -9.17225e-06
      2215  6.29429e-06
      2216  7.13747e-06
      2217  2.80864e-06
      2218   2.2254e-06
      2219 -6.04604e-06
      2220  4.86114e-07
      2221 -2.45626e-05
      2222 -1.88533e-05
      2223  2.86651e-05
      2224  7.81894e-06
      2225 -6.95188e-06
      2226  2.65805e-06
      2227 -1.18363e-05
      2228  1.06997e-05
      2229  1.63173e-05
      2230 -5.18893e-06
      2231  -1.1122e-06
      2232  2.54521e-06
      2233 -1.22023e-05
      2234   5.8536e-06
      2235  1.10114e-05
      2236  -7.1057e-06
      2237 -3.85802e-06
      2238 -9.04096e-06
      2239 -2.94798e-05
      2240  2.81265e-05
      2241  1.37491e-06
      2242 -2.06821e-06
      2243 -5.94987e-07
      2244 -9.40595e-05
      2245 -4.23955e-05
      2246  6.44064e-05
      2247  3.81332e-05
      2248  4.62972e-05
      2249   1.7421e-05
      2250 -5.12876e-06
      2251 -2.76051e-06
      2252   3.5189e-06
      2253 -5.07464e-06
