 Actual and kludged survival report
  Actual/Kludged Season  Mvmnt_period  Region  Survival 
Actual  1   1   1 0.282341 0.359035 0.524596 0.691282 0.797526 0.844582 0.8579 0.8505 0.827281 0.792484 0.755644 0.732993 0.740655 0.76863 0.795952 0.807734
Kludge  1   1   1 0.257343 0.324498 0.492236 0.674579 0.799404 0.859519 0.873231 0.859148 0.824713 0.77778 0.737067 0.725659 0.739828 0.764705 0.786808 0.796121
Actual  1   1   2 0.282356 0.35965 0.539477 0.712624 0.813741 0.854942 0.865339 0.856718 0.832927 0.797776 0.760671 0.737877 0.745602 0.773774 0.801285 0.813147
Kludge  1   1   2 0.292546 0.360243 0.524147 0.696892 0.813101 0.868569 0.880769 0.866848 0.833559 0.788256 0.748964 0.738112 0.75208 0.77633 0.797769 0.806776
Actual  1   1   3 0.282346 0.358598 0.512638 0.686744 0.798712 0.843326 0.85463 0.846287 0.822716 0.787892 0.751166 0.728607 0.736207 0.764011 0.791173 0.802884
Kludge  1   1   3 0.298889 0.36165 0.514072 0.678668 0.794154 0.85187 0.865886 0.853335 0.822086 0.780184 0.744491 0.73484 0.747605 0.769786 0.78956 0.797925
Actual  1   1   4 0.282355 0.3596 0.538177 0.711378 0.813024 0.854389 0.86483 0.856226 0.832451 0.797322 0.76024 0.737461 0.745184 0.773341 0.800838 0.812692
Kludge  1   1   4 0.29586 0.362907 0.524986 0.696041 0.811643 0.867144 0.87953 0.865886 0.833104 0.78862 0.750219 0.739825 0.753762 0.777732 0.798883 0.807765
Actual  1   1   5 0.279163 0.323886 0.467354 0.650734 0.773402 0.83477 0.854004 0.848108 0.824653 0.789112 0.75161 0.728505 0.735783 0.763419 0.790521 0.802223
Kludge  1   1   5 0.27315 0.333305 0.483186 0.651147 0.773446 0.836996 0.854913 0.845669 0.818375 0.781248 0.749396 0.740077 0.750272 0.769016 0.786103 0.793425
Actual  1   1   6 0.282313 0.358838 0.517501 0.628763 0.732889 0.816476 0.84834 0.84782 0.827302 0.79366 0.757322 0.734901 0.742724 0.770841 0.798263 0.810079
Kludge  1   1   6 0.295572 0.350924 0.487536 0.642287 0.759015 0.822629 0.84256 0.836271 0.813425 0.782339 0.756279 0.749443 0.758865 0.775297 0.790174 0.796546
Actual  1   1   7 0.282349 0.359104 0.525738 0.699114 0.805777 0.848874 0.859841 0.851421 0.827776 0.792811 0.755909 0.733241 0.740908 0.768898 0.796236 0.808023
Kludge  1   1   7 0.296374 0.36155 0.519515 0.688008 0.803787 0.860335 0.873368 0.860017 0.827593 0.78382 0.74618 0.73583 0.749151 0.772368 0.793002 0.801705
Actual  1   1   8 0.282355 0.359615 0.538565 0.711749 0.813238 0.854553 0.864982 0.856374 0.832597 0.797464 0.760377 0.737596 0.74532 0.773483 0.800985 0.812842
Kludge  1   1   8 0.294565 0.362042 0.525218 0.697162 0.812977 0.868372 0.880646 0.866903 0.833941 0.789116 0.750292 0.73963 0.753515 0.777556 0.798799 0.807723
Actual  2   1   1 0.282262 0.352783 0.387857 0.543672 0.699497 0.771264 0.793949 0.790145 0.769121 0.736633 0.702157 0.680934 0.687946 0.71388 0.739244 0.750187
Kludge  2   1   1 0.316313 0.359119 0.465103 0.591228 0.696056 0.760161 0.784045 0.782024 0.764409 0.739897 0.719625 0.714164 0.721026 0.733471 0.745056 0.750111
Actual  2   1   2 0.282342 0.358827 0.519009 0.688343 0.797138 0.84353 0.856201 0.848501 0.825192 0.790427 0.753667 0.731075 0.738721 0.766628 0.793884 0.805636
Kludge  2   1   2 0.302383 0.365016 0.516764 0.680321 0.795035 0.852401 0.86636 0.853925 0.822924 0.781346 0.7459 0.736246 0.748815 0.770744 0.790318 0.798604
Actual  2   1   3 0.282347 0.358791 0.517463 0.691419 0.801444 0.845444 0.856585 0.848193 0.824584 0.789703 0.752909 0.730308 0.737932 0.765804 0.79303 0.804769
Kludge  2   1   3 0.297182 0.360836 0.515397 0.681645 0.797433 0.854812 0.868473 0.855585 0.823832 0.781178 0.744768 0.734953 0.748062 0.770753 0.790928 0.799448
Actual  2   1   4 0.282355 0.359615 0.538569 0.711754 0.81324 0.854556 0.864984 0.856376 0.832598 0.797464 0.760377 0.737595 0.745319 0.773481 0.800983 0.81284
Kludge  2   1   4 0.295603 0.362844 0.525372 0.696731 0.812344 0.867745 0.880048 0.866329 0.833431 0.788764 0.750177 0.739722 0.753722 0.777799 0.799038 0.807954
Actual  2   1   5 0.279437 0.328103 0.475714 0.6672 0.786065 0.840436 0.856955 0.850111 0.82628 0.790568 0.752976 0.729829 0.737125 0.764815 0.791966 0.80369
Kludge  2   1   5 0.270456 0.332949 0.488434 0.660617 0.783367 0.845565 0.862029 0.851277 0.8219 0.781961 0.747523 0.737448 0.748576 0.768907 0.787332 0.795193
Actual  2   1   6 0.282315 0.35888 0.518069 0.629837 0.73379 0.81702 0.848668 0.848043 0.827471 0.7938 0.757444 0.735014 0.742835 0.770956 0.798381 0.810199
Kludge  2   1   6 0.295222 0.350708 0.487658 0.642718 0.759556 0.823148 0.843027 0.836681 0.81376 0.782576 0.756428 0.749569 0.759026 0.775515 0.79044 0.796832
Actual  2   1   7 0.282354 0.359461 0.534668 0.707928 0.810994 0.852844 0.863433 0.854879 0.831141 0.796058 0.759027 0.736279 0.743986 0.772097 0.799549 0.811385
Kludge  2   1   7 0.292372 0.359677 0.522749 0.69503 0.811338 0.867039 0.879335 0.865383 0.83202 0.786681 0.747403 0.736535 0.750447 0.774648 0.79607 0.805077
Actual  2   1   8 0.282356 0.359624 0.538794 0.711969 0.813364 0.854651 0.865072 0.856461 0.832682 0.797547 0.760457 0.737674 0.745399 0.773565 0.80107 0.812928
Kludge  2   1   8 0.294522 0.362012 0.52522 0.697193 0.813015 0.868407 0.880678 0.866935 0.83397 0.789142 0.750316 0.73966 0.753556 0.777606 0.798855 0.807781
Actual  3   1   1 0.282329 0.357746 0.492734 0.660846 0.779778 0.830667 0.844945 0.837833 0.814872 0.780481 0.744114 0.721758 0.729276 0.75681 0.783711 0.795312
Kludge  3   1   1 0.269462 0.330664 0.483155 0.653158 0.775614 0.838093 0.854132 0.842025 0.810541 0.7683 0.732357 0.722378 0.734738 0.756656 0.77638 0.78477
Actual  3   1   2 0.282339 0.358336 0.506579 0.677814 0.791779 0.838904 0.851477 0.843673 0.820362 0.785705 0.749104 0.726613 0.734194 0.761922 0.789008 0.800688
Kludge  3   1   2 0.306737 0.367372 0.514284 0.673944 0.787726 0.845674 0.860321 0.848532 0.818498 0.7784 0.744424 0.73521 0.747233 0.76826 0.787103 0.795102
Actual  3   1   3 0.28235 0.359009 0.52298 0.696751 0.804551 0.847849 0.858804 0.850356 0.826702 0.791753 0.754882 0.732233 0.739883 0.767832 0.79513 0.806901
Kludge  3   1   3 0.297198 0.361527 0.517524 0.684608 0.80023 0.857094 0.870281 0.856879 0.824363 0.780637 0.743201 0.73302 0.746394 0.769613 0.79025 0.798959
Actual  3   1   4 0.282355 0.359528 0.536298 0.709577 0.811986 0.853588 0.864093 0.855507 0.831747 0.796641 0.759585 0.736822 0.744536 0.772668 0.80014 0.811985
Kludge  3   1   4 0.296809 0.363698 0.525304 0.695873 0.81125 0.866688 0.87902 0.865277 0.83235 0.787703 0.749167 0.738704 0.752634 0.776638 0.797835 0.80674
Actual  3   1   5 0.279449 0.331281 0.480055 0.6745 0.791916 0.842943 0.858064 0.850693 0.826615 0.790764 0.753089 0.729897 0.737172 0.764853 0.792004 0.803728
Kludge  3   1   5 0.269631 0.333234 0.491306 0.665291 0.788055 0.849514 0.865253 0.853754 0.823318 0.781916 0.746095 0.735563 0.747112 0.768216 0.787306 0.795438
Actual  3   1   6 0.28232 0.358977 0.520691 0.639487 0.743136 0.821551 0.850679 0.849094 0.828136 0.794287 0.757841 0.735367 0.743178 0.771305 0.798741 0.810565
Kludge  3   1   6 0.292753 0.349768 0.490387 0.648482 0.766047  0.829 0.84795 0.840563 0.816275 0.783381 0.755762 0.74855 0.758632 0.776107 0.791857 0.798581
Actual  3   1   7 0.282352 0.359312 0.530958 0.704246 0.808811 0.85119 0.861943 0.853449 0.829752 0.794718 0.757741 0.735027 0.742717 0.770778 0.798183 0.809999
Kludge  3   1   7 0.292822 0.35969 0.521767 0.693396 0.809712 0.86566 0.878158 0.864393 0.831319 0.786438 0.747635 0.736952 0.750753 0.774722 0.795943 0.804869
Actual  3   1   8 0.282355 0.359578 0.537606 0.710831 0.812709 0.854145 0.864606 0.856007 0.832238 0.797116 0.760043 0.73727 0.74499 0.773139 0.800629 0.812481
Kludge  3   1   8 0.295119 0.362312 0.524803 0.696244 0.811992 0.867496 0.879859 0.866181 0.833321 0.788681 0.75006 0.739471 0.753295 0.777225 0.798379 0.807268
Actual  4   1   1 0.282335 0.358178 0.503041 0.671878 0.786889 0.835887 0.849448 0.842044 0.818884 0.784285 0.747714 0.725231 0.732771 0.760428 0.787451 0.799108
Kludge  4   1   1 0.262455 0.326327 0.485868 0.662012 0.786151 0.847926 0.86311 0.850305 0.817795 0.773906 0.736343 0.726077 0.739377 0.762595 0.783306 0.792066
Actual  4   1   2 0.282354 0.359514 0.535944 0.709236 0.811788 0.853436 0.863951 0.855365 0.831599 0.796486 0.759426 0.73666 0.744367 0.772489 0.799954 0.811796
Kludge  4   1   2 0.293111 0.360515 0.52371 0.695932 0.812069 0.867647 0.87993 0.86606 0.832857 0.787728 0.748652 0.737915 0.751875 0.776057 0.797432 0.806413
Actual  4   1   3 0.282347 0.358747 0.516377 0.690349 0.800809 0.844958 0.856142 0.847763 0.824162 0.789292 0.752512 0.72992 0.737538 0.765393 0.792604 0.804337
Kludge  4   1   3 0.298653 0.362325 0.51671 0.682506 0.797834 0.854872 0.868217 0.854912 0.822567 0.779202 0.742239 0.732362 0.7458 0.76895 0.789498 0.798166
Actual  4   1   4 0.282356 0.359627 0.538862 0.712035 0.813402 0.854681 0.865099 0.856488 0.832708 0.79757 0.760479 0.737694 0.74542 0.773586 0.801092 0.812951
Kludge  4   1   4 0.295346 0.362962 0.526316 0.698179 0.813738 0.868901 0.881003 0.867088 0.833887 0.788766 0.74973 0.739128 0.753275 0.777609 0.799062 0.808063
Actual  4   1   5 0.279789 0.331961 0.482879 0.670282 0.787518 0.841353 0.857504 0.85058 0.826819 0.791213 0.753701 0.730609 0.737958 0.7657 0.792888 0.804625
Kludge  4   1   5 0.269613 0.332812 0.489992 0.663427 0.78628 0.848063 0.8641 0.852912 0.822923 0.78215 0.746955 0.736705 0.748182 0.769046 0.787904 0.795937
Actual  4   1   6 0.282315 0.358877 0.518194 0.630633 0.734589 0.81736 0.848784 0.848085 0.827488 0.793808 0.757448 0.735016 0.742837 0.770958 0.798383 0.810201
Kludge  4   1   6 0.29518 0.350483 0.487036 0.641828 0.75868 0.822431 0.8425 0.836375 0.813742 0.782899 0.757036 0.750251 0.759597 0.775904 0.790672 0.796999
Actual  4   1   7 0.282346 0.358979 0.523125 0.69613 0.803845 0.847507 0.858718 0.850408 0.826827 0.791914 0.755058 0.732416 0.740074 0.768033 0.79534 0.807113
Kludge  4   1   7 0.294355 0.359976 0.519181 0.688848 0.805093 0.861697 0.874764 0.861527 0.829263 0.785632 0.748094 0.737845 0.751261 0.774531 0.79517 0.803865
Actual  4   1   8 0.282355 0.359566 0.537275 0.710514 0.812526 0.854004 0.864476 0.855881 0.832114 0.796996 0.759928 0.737157 0.744876 0.773021 0.800507 0.812356
Kludge  4   1   8 0.295186 0.362354 0.524783 0.696177 0.811916 0.86743 0.879804 0.866139 0.833297 0.788678 0.750065 0.739456 0.753239 0.77713 0.798259 0.807141
