2253
 -2.8925e-06 1.82737e-08 7.01483e-09 1.1337e-09 8.117e-08 2.11328e-09 -9.65471e-07 2.84511e-09 -3.50772e-09 -4.73857e-06 9.8584e-10 -1.96783e-06 1.16384e-07 2.23273e-06 3.85704e-06 3.92738e-07 2.87453e-06 6.56219e-07 -1.47318e-06 2.84362e-06 -3.73479e-06 -2.03048e-06 1.44821e-09 2.84888e-06 1.633e-09 3.21449e-10 -1.55094e-08 -1.1808e-07 -1.8437e-06 1.41257e-09 3.35973e-06 4.11248e-09 6.22804e-09 -7.16372e-06 -4.77426e-08 1.79441e-09 -6.76794e-09 -2.59548e-09 -2.29845e-09 -4.99243e-08 -4.9285e-06 -1.09726e-08 1.846e-08 -1.70827e-06 -6.6894e-09 -9.11969e-08 -3.81227e-09 3.77088e-06 3.20313e-06 -2.29601e-09 9.53136e-09 4.85509e-07 5.50163e-06 3.89622e-09 1.32334e-06 -1.80224e-09 3.83919e-09 -2.59925e-06 1.89006e-09 -1.25435e-08 -3.57946e-08 -3.78412e-09 -3.15741e-09 2.03878e-06 3.26528e-06 -1.09241e-08 -1.15211e-09 1.94838e-06 1.81329e-06 -2.32962e-06 -1.80103e-10 -1.66054e-06 -5.16706e-06 -9.3523e-10 -3.80015e-09 -4.9093e-07 -8.49497e-08 2.50957e-11 -2.37503e-07 -1.63641e-09 6.76544e-09 4.53298e-08 -3.41442e-08 9.46307e-07 -4.05572e-06 -2.50655e-06 -2.47376e-06 1.75275e-06 2.20825e-08 -3.34684e-09 1.66117e-06 3.50292e-08 -4.75591e-06 -7.83201e-07 1.47387e-09 2.12453e-07 -6.12925e-16 -8.02461e-07 1.77233e-06 -2.8692e-06 3.67387e-06 -1.99797e-06 -2.95399e-06 5.00112e-07 -2.98762e-09 2.19264e-06 3.75703e-06 4.02626e-06 3.70186e-09 -1.81264e-06 7.30532e-06 -5.64977e-06 -4.87844e-06 -1.07166e-06 -3.72283e-07 3.17346e-06 5.51526e-07 3.09305e-08 -7.04847e-07 -4.97832e-06 -4.66388e-06 -1.62417e-06 -4.61114e-06 -5.39802e-07 -4.13757e-06 -8.87737e-08 -1.55419e-06 -5.46955e-06 4.22694e-06 -3.41168e-07 -4.19194e-06 -3.60275e-06 7.26814e-07 -1.48123e-06 -3.01895e-06 5.18166e-06 -3.35263e-06 2.70607e-07 -4.28266e-07 -7.31411e-07 -7.92577e-07 1.00197e-06 1.08018e-06 -1.28958e-06 -3.65697e-07 -1.37064e-07 4.50652e-06 -4.02798e-06 -2.34863e-06 -2.75111e-06 2.08664e-07 -4.59954e-07 7.10067e-07 3.27656e-07 6.32105e-08 2.82437e-06 8.36679e-07 -1.72187e-06 1.53101e-06 -8.82095e-06 7.17257e-07 5.51892e-07 -5.77379e-07 -4.9211e-06 9.30206e-08 -8.79981e-07 1.52539e-07 -2.6906e-06 8.14198e-07 3.08829e-06 1.78132e-06 1.81997e-06 1.8394e-06 -4.65389e-06 -1.99607e-06 1.62729e-06 8.4812e-06 -5.51327e-06 6.84451e-07 -2.09052e-06 2.65379e-06 3.76251e-06 5.03067e-07 -5.10702e-06 1.12797e-06 -2.95983e-07 -4.2116e-07 2.42532e-06 -1.10969e-06 -1.71573e-06 -1.03031e-06 2.99455e-08 -2.16583e-06 3.82593e-06 4.64241e-06 4.10343e-06 -3.70338e-08 1.64843e-06 1.19591e-06 -2.70147e-06 -1.71477e-06 -2.10176e-06 -1.48474e-06 -4.20712e-06 8.90527e-06 -2.378e-06 1.32594e-06 4.07038e-06 1.72292e-06 2.27126e-06 2.47097e-06 2.51599e-06 8.26922e-07 -4.20485e-06 -1.07784e-06 8.72282e-07 -7.27159e-06 -4.45951e-06 -3.55962e-07 -3.59029e-06 1.29715e-07 1.8844e-06 -5.45039e-07 -4.33972e-06 1.38419e-07 4.31825e-06 2.4331e-06 3.35181e-06 5.42893e-07 -5.297e-06 2.43541e-06 -2.58772e-06 -1.18737e-06 3.55358e-06 8.90812e-06 4.05115e-06 1.58681e-06 2.90129e-06 4.13598e-06 9.63624e-07 -9.2594e-07 4.1923e-06 6.91936e-06 -7.9354e-06 -1.35227e-06 -5.24034e-06 9.45903e-10 3.02714e-06 -2.9955e-06 -2.89585e-06 6.05249e-06 1.52942e-06 -8.92763e-07 1.16451e-06 -1.18619e-06 5.08757e-06 -6.28226e-06 -7.21927e-07 -1.04273e-05 2.0586e-06 -3.16798e-06 7.9761e-06 2.35387e-06 9.74801e-06 -2.76916e-06 1.11933e-06 -4.63011e-06 -1.02833e-06 1.04654e-06 3.08434e-07 7.1467e-07 -2.30999e-06 -4.1256e-07 5.76389e-06 6.82733e-07 2.40182e-06 -1.52624e-06 -2.90185e-06 3.74293e-06 4.28471e-06 -4.4008e-07 -2.27861e-06 1.08576e-06 6.04398e-06 1.50178e-06 -6.55605e-07 7.58728e-07 2.36035e-06 -1.91469e-06 2.84687e-06 -5.4951e-06 2.99309e-06 -7.19134e-07 3.24897e-06 -2.61039e-06 -9.99549e-15 -2.64356e-06 -3.75783e-06 -6.30992e-07 6.51505e-06 3.87354e-06 -1.6435e-06 9.02518e-06 2.08103e-06 -4.13926e-07 -2.32924e-06 5.7919e-06 1.37331e-07 3.12525e-06 6.32285e-07 -1.73705e-06 -1.70005e-06 3.51097e-06 -2.69938e-06 -6.88591e-06 -3.13607e-06 3.61799e-06 2.12598e-07 -6.27199e-06 -5.99393e-07 -1.58269e-06 -1.29482e-06 -2.66432e-06 9.97634e-07 -1.82792e-06 -6.15233e-06 1.91218e-06 -2.0624e-06 -1.9009e-06 1.38913e-06 -1.46371e-06 -1.94389e-06 6.98695e-07 -8.62998e-06 -3.32705e-06 5.9775e-06 1.91913e-06 -4.85967e-07 3.71684e-06 -5.31995e-06 -7.81134e-07 2.25047e-06 4.23526e-06 -1.40194e-06 1.70229e-06 -4.96945e-06 -4.44704e-08 -6.80987e-06 2.51626e-06 6.44023e-06 4.46206e-06 3.37447e-06 -3.4909e-07 -1.92296e-06 4.79158e-07 -5.78292e-06 5.841e-06 3.6153e-06 -4.38612e-06 1.86349e-06 -4.03139e-06 -9.32472e-07 1.22818e-06 -9.252e-07 5.75787e-07 -3.42106e-06 3.80383e-06 -1.4576e-06 -3.42071e-06 3.71051e-06 7.30134e-06 1.29821e-06 -1.58094e-05 3.70454e-06 -7.46866e-08 -6.7882e-07 5.85571e-06 -1.28425e-06 4.94615e-06 3.42176e-06 3.42167e-06 8.84608e-06 -5.06304e-06 -5.99e-07 -2.7437e-06 -8.1067e-08 6.5095e-06 -1.15397e-07 2.16947e-06 -2.5465e-06 -5.55724e-06 5.3703e-06 2.30555e-06 -5.59516e-06 -3.46196e-07 -3.89475e-06 -3.6662e-06 8.24545e-06 -9.47859e-06 -9.32847e-07 -8.52568e-07 -2.34003e-06 8.10097e-06 6.04527e-06 8.60697e-07 -5.72223e-07 -7.13074e-06 6.6421e-06 -5.09968e-06 3.71713e-06 -4.23907e-06 -9.43058e-07 -5.32608e-06 2.07982e-06 5.44463e-06 2.84875e-06 2.43946e-07 3.73446e-06 -1.90517e-06 -1.02262e-06 -6.47342e-07 -6.81182e-07 2.04389e-07 1.19705e-06 1.59999e-05 1.64173e-06 -1.45915e-06 1.4366e-06 -2.12767e-06 -8.19984e-08 -2.07749e-06 2.89422e-06 5.8431e-06 4.79156e-06 -2.70084e-06 -1.18212e-05 3.43317e-06 -1.95754e-06 -1.02897e-06 5.59014e-06 1.81392e-06 2.54346e-06 3.55106e-06 -1.03976e-05 -4.37474e-06 6.05559e-06 9.6049e-08 1.90302e-05 3.98815e-06 8.8267e-09 4.18837e-06 1.70147e-06 -3.2038e-06 8.32935e-06 -2.08099e-06 -6.24583e-06 3.88245e-06 -6.81507e-06 -5.63097e-06 9.20979e-07 -2.94774e-06 -3.76047e-06 -6.49207e-06 -6.6788e-06 -1.47985e-05 -2.48952e-07 -9.25005e-06 -3.6282e-06 1.67957e-06 4.93709e-06 3.26956e-06 -8.3439e-06 -6.43765e-06 -1.21411e-06 -3.35936e-07 -6.76037e-06 6.5779e-07 4.16554e-06 2.22965e-06 -4.47244e-07 2.48835e-06 -4.88923e-06 9.81628e-07 -2.93146e-06 -8.54741e-06 8.73706e-07 -6.1843e-07 2.50519e-07 6.68925e-06 -1.65349e-06 -1.90386e-06 -2.67684e-06 3.74484e-07 1.6472e-06 -3.23944e-16 -1.67842e-07 5.83022e-06 8.54743e-06 4.502e-06 -1.78665e-06 -1.72327e-07 -4.52375e-06 2.72225e-07 -1.29945e-07 -6.19742e-07 1.89736e-06 1.02406e-06 4.00384e-07 1.33624e-06 2.06577e-06 2.27439e-06 -1.01319e-06 3.98076e-06 -1.11111e-06 -1.39051e-07 -3.68085e-06 -4.01878e-06 1.06784e-06 3.37476e-06 -2.66972e-08 -9.77826e-07 -2.74961e-07 1.22453e-06 3.6615e-07 -6.16279e-07 1.31546e-06 9.08724e-07 -6.85319e-06 -2.72178e-07 1.50146e-07 -4.84098e-06 -9.5385e-07 -5.23879e-06 2.45483e-07 -7.18989e-07 -3.79024e-06 4.55444e-06 -4.94562e-06 6.42292e-07 -1.86817e-07 -2.59036e-06 -1.13938e-06 9.90322e-07 3.45547e-06 -1.04164e-06 2.4471e-06 -4.78734e-06 -4.30541e-06 -2.21816e-07 8.02018e-06 4.07877e-06 2.50707e-06 -1.73048e-06 -8.26568e-07 -6.30639e-06 -4.37867e-06 6.63637e-06 4.82891e-06 6.48491e-07 -5.46466e-07 -2.41475e-06 6.30646e-06 -4.4478e-07 -2.23926e-06 8.79314e-06 1.05757e-06 5.06252e-06 1.31397e-06 -2.54829e-06 -4.12749e-07 -1.68428e-06 -2.40397e-06 -1.0066e-06 6.87224e-08 5.02224e-07 -8.97374e-08 -5.4983e-06 -1.06545e-06 -1.09917e-06 1.29876e-07 5.95346e-06 -3.32206e-06 -2.05009e-06 1.00591e-06 2.12765e-06 -5.64975e-06 5.2716e-07 -4.81451e-09 -3.1483e-07 4.45368e-07 -2.70833e-06 2.69059e-06 1.65924e-06 -5.80391e-07 -5.77253e-06 -2.07975e-07 -5.50939e-08 -7.46137e-06 -5.36809e-07 8.78525e-07 4.60253e-06 8.62004e-07 5.6495e-07 -7.6666e-06 -3.18738e-07 -2.0573e-06 -2.36261e-06 1.36798e-06 8.51828e-07 -4.62427e-06 1.29829e-06 2.08199e-06 3.5071e-06 2.63152e-06 3.05121e-06 -5.37437e-07 -3.25802e-06 3.36612e-07 -1.00722e-06 1.21109e-06 -1.26486e-06 -3.52473e-06 -2.1426e-06 2.41986e-06 4.1757e-06 -2.79952e-06 2.17754e-07 -3.47806e-06 1.63166e-06 -4.03801e-06 -1.66229e-07 -2.1501e-08 1.15278e-06 -1.05442e-06 1.52556e-06 1.02194e-06 -3.27684e-06 -9.19629e-07 1.55268e-06 -6.05267e-07 5.60923e-07 -2.20671e-06 -6.26277e-07 9.76107e-07 -1.49329e-06 -3.87142e-06 3.89733e-07 -7.08575e-08 -2.97857e-08 -3.58014e-06 2.098e-06 5.34631e-07 -5.87441e-06 -2.01866e-06 3.50224e-06 3.20041e-06 -3.26272e-06 -2.67052e-06 -1.15905e-06 -5.14674e-07 2.13326e-06 -9.12563e-07 -3.76125e-07 2.63482e-06 -7.95931e-07 9.97089e-07 7.32074e-07 4.31095e-07 -2.49487e-06 4.47376e-06 3.37643e-07 1.07858e-07 6.84202e-07 1.18598e-06 -1.58121e-06 2.96895e-06 5.44551e-07 -1.83449e-06 -1.27419e-06 -6.37279e-07 1.5093e-08 1.71528e-06 -2.34249e-07 8.93996e-08 -2.98599e-06 3.71351e-06 -2.20472e-06 4.53854e-06 -1.19194e-06 3.63655e-08 -2.80866e-06 4.55319e-06 1.248e-06 -7.88819e-16 1.07613e-06 1.12271e-06 1.31434e-06 6.41847e-07 -1.11076e-06 -3.02866e-06 1.40584e-06 -9.3093e-07 1.33078e-08 -2.0849e-06 3.47036e-06 6.08764e-07 2.35519e-07 1.3163e-06 3.09244e-06 5.69051e-07 3.98764e-06 -1.71705e-06 -1.24278e-06 -7.41293e-09 4.43373e-06 -7.93688e-07 5.81686e-07 -1.19829e-06 4.60017e-07 3.40741e-07 5.11347e-07 2.5478e-08 -1.04811e-06 -7.12013e-07 -5.06152e-06 9.64645e-07 1.69439e-06 -7.83042e-07 -1.30571e-06 -3.93231e-07 -3.02331e-07 -7.59583e-08 7.05211e-07 -7.06119e-07 -1.4909e-07 3.43349e-06 1.33657e-06 -3.29945e-07 4.34428e-07 -2.92303e-07 -3.14496e-06 2.4992e-07 2.59192e-08 -3.9526e-06 5.62505e-06 -4.39188e-06 3.15787e-07 1.26465e-06 3.77848e-06 6.27624e-07 2.73582e-07 5.61245e-07 2.34075e-06 -1.92676e-07 1.4649e-06 3.72258e-06 -3.0473e-06 2.99324e-07 2.9871e-07 -8.09376e-08 2.28975e-07 -4.53546e-07 1.30922e-08 -2.37719e-06 4.11262e-06 8.17611e-07 6.39591e-07 7.44714e-06 2.53331e-07 -2.46384e-07 -1.10599e-06 7.1182e-07 5.0584e-07 4.4915e-07 1.74754e-06 -2.08973e-06 2.52719e-07 -1.49848e-06 1.28399e-07 4.34794e-07 -9.44531e-07 -1.59675e-07 5.9195e-07 -3.87997e-07 -6.18347e-08 -7.64078e-08 7.09315e-07 -2.2788e-06 -3.98108e-06 5.42792e-07 3.60692e-07 9.51705e-08 3.80207e-07 1.57699e-07 6.39807e-08 6.58559e-06 4.86731e-07 -2.05348e-09 1.18738e-07 7.37551e-07 1.47939e-06 8.95074e-08 3.6634e-07 6.20147e-07 -5.32018e-09 1.68655e-06 -4.29578e-07 -9.46472e-07 -7.74855e-07 4.73905e-07 8.96983e-07 9.16727e-07 9.52409e-07 -3.22083e-06 1.83483e-07 -3.58137e-06 9.37327e-07 -2.17425e-06 1.87427e-06 -2.29388e-07 2.16651e-07 3.21242e-06 -4.2493e-07 1.70707e-07 4.2864e-07 1.21275e-08 -1.32298e-07 -3.90381e-06 5.10152e-06 5.12524e-07 2.57859e-07 5.56007e-07 1.0238e-07 2.3113e-06 3.82309e-07 4.21343e-07 6.85821e-07 8.14532e-08 -1.31018e-06 3.68152e-06 -7.04991e-06 5.37278e-06 4.95624e-07 6.23819e-08 -6.51669e-07 1.48504e-06 5.22079e-07 -3.81751e-06 1.71119e-06 9.56706e-07 -1.33342e-06 1.63206e-06 2.6711e-07 -2.29478e-07 -1.73227e-06 -1.86483e-06 5.02328e-07 -1.31453e-06 -2.13031e-07 -3.16431e-07 -1.38061e-07 -1.32003e-08 -3.73979e-07 1.10281e-07 2.4676e-06 8.70647e-07 1.77895e-06 -2.14049e-06 7.28608e-07 -1.31532e-06 -2.73218e-07 1.73692e-07 4.64699e-07 8.87385e-07 -7.75753e-07 -5.67697e-06 7.94223e-08 9.6596e-07 1.53847e-06 2.35325e-07 3.55439e-06 1.26518e-06 1.17862e-06 -6.40859e-07 8.65514e-07 -4.05656e-06 8.93816e-07 -2.81381e-07 -1.91281e-07 8.28747e-07 1.8769e-06 3.2459e-06 -8.52863e-16 1.31745e-06 -1.96252e-06 6.01025e-07 2.54771e-09 -4.17274e-06 -6.00818e-06 -1.9745e-09 6.3228e-06 1.13036e-06 -3.53322e-08 2.16681e-07 2.13806e-06 2.41061e-06 -2.10764e-06 -1.71005e-06 -3.5107e-06 -1.42833e-06 3.73507e-06 -1.38407e-06 3.44759e-06 -1.54156e-06 -2.05945e-06 -5.27555e-07 -5.91398e-08 -5.08381e-07 -4.88864e-07 -2.13321e-06 1.70984e-07 4.12871e-07 7.94537e-07 -6.38517e-08 3.45362e-06 -2.59444e-06 3.98167e-06 -2.52834e-06 2.83602e-06 4.04728e-07 -1.69169e-06 4.28025e-06 -1.29917e-06 5.87696e-07 7.38657e-07 2.1055e-06 8.11565e-07 -1.38762e-06 -7.91149e-06 3.53776e-06 3.01927e-06 3.66125e-06 -8.97739e-06 4.67176e-06 2.94716e-06 -1.08658e-06 3.85031e-06 -3.32911e-06 -1.16176e-06 -1.94573e-06 1.86733e-06 -6.05733e-07 -2.81348e-06 3.38496e-06 -1.58467e-06 -5.189e-06 4.15075e-06 -5.09381e-07 -1.37489e-08 6.8815e-07 1.26081e-08 2.04986e-06 -2.1927e-06 -1.2137e-06 4.60508e-07 -2.44119e-07 -2.03241e-06 4.98564e-06 -8.25285e-06 9.92119e-07 -4.06207e-09 -2.99243e-06 2.4879e-06 -6.7533e-07 -4.19493e-06 -8.62856e-07 3.46577e-06 -2.86827e-06 4.27297e-06 -3.5181e-07 3.48229e-06 -1.90742e-07 -3.27649e-07 -2.03265e-06 -2.27447e-06 7.4986e-06 -2.66071e-07 -2.81513e-07 2.75228e-06 8.12463e-07 -5.58946e-06 -4.09283e-06 -1.76937e-06 1.06898e-06 -1.69715e-06 4.33674e-06 -3.76152e-06 -2.44793e-06 -5.39602e-06 5.97418e-06 -3.26758e-06 -3.79591e-08 -3.46419e-08 -1.00075e-10 1.92523e-06 3.58206e-06 1.02155e-05 -1.5386e-06 -3.23547e-06 9.18163e-07 6.23748e-06 -1.0047e-06 -3.5502e-06 -1.84799e-06 -4.28405e-06 1.27217e-06 9.97172e-06 -6.25446e-08 4.92573e-06 3.29086e-07 -1.04227e-06 6.58495e-06 -1.51475e-06 5.78977e-06 -3.4508e-06 1.27772e-06 -4.7904e-06 1.68145e-06 5.78926e-06 -9.56527e-06 -2.43405e-06 -4.57984e-07 -2.0302e-06 -2.42397e-06 -1.32868e-06 -2.62611e-06 9.89376e-06 -7.10922e-06 -4.59691e-06 4.90668e-06 7.85799e-06 2.22738e-06 -7.71077e-06 -1.68731e-06 -2.23358e-06 2.48395e-07 -2.08266e-06 -3.74845e-06 -4.09099e-06 2.36661e-06 1.01862e-05 9.08424e-06 4.2116e-06 1.562e-06 5.11118e-06 -1.49127e-06 -1.44824e-06 2.63347e-06 7.54996e-07 -3.24379e-06 -6.4922e-06 -4.05568e-06 6.40985e-06 -1.59102e-05 -8.45818e-06 5.10944e-06 2.26239e-06 4.55249e-06 -1.03814e-05 -1.05913e-06 8.74209e-06 -5.13882e-06 -3.69301e-06 -1.79836e-06 -8.09372e-06 -1.69062e-06 3.20601e-06 -9.09432e-06 -1.37392e-06 -4.54798e-06 -2.18647e-06 6.02398e-06 1.76987e-06 3.39771e-06 -2.70074e-06 -6.28083e-07 -6.34362e-06 -4.69487e-08 -2.23195e-06 5.51098e-06 -5.55867e-06 -1.08901e-15 3.77773e-06 -2.41271e-06 -5.22196e-06 -2.35228e-06 -2.80358e-06 5.37018e-06 -1.94825e-06 -1.1063e-06 -1.07316e-06 -1.40652e-06 3.0178e-07 -8.00959e-07 -1.42461e-07 8.34546e-06 -9.57259e-07 -1.90349e-06 -3.26572e-06 -6.51971e-07 -8.82341e-06 -1.89535e-06 7.67088e-07 -1.94933e-06 -7.16386e-08 -1.38552e-06 2.40252e-06 1.06379e-05 -8.66449e-07 -3.96617e-06 9.5089e-07 -4.63489e-06 6.87753e-06 -4.60018e-06 2.70326e-07 -8.83251e-07 -1.30261e-06 3.8706e-06 1.80639e-06 -1.84982e-06 2.23882e-06 6.50867e-06 1.60545e-06 8.51854e-07 3.6127e-06 1.3781e-06 1.42809e-06 -1.44503e-07 -2.24362e-06 3.06135e-06 4.67981e-07 6.57448e-07 -3.41713e-06 1.79054e-06 -1.50272e-06 3.7132e-06 -6.5448e-07 3.51548e-06 7.32163e-07 4.84948e-07 3.92386e-06 1.23626e-08 1.6966e-06 -4.12675e-06 -1.03629e-06 7.22849e-07 -8.72107e-06 4.8059e-06 1.78156e-06 7.0337e-07 1.93353e-06 -2.24022e-06 -3.49525e-06 2.1065e-06 -3.08973e-06 -4.58008e-06 4.32352e-06 7.04316e-06 -5.24223e-06 -2.4147e-06 -2.19644e-06 -2.87531e-06 2.05324e-06 2.62958e-08 -8.09396e-07 -5.77741e-06 -1.5046e-06 2.20517e-07 -3.216e-06 6.43921e-06 -5.03245e-07 -3.39033e-06 6.04632e-06 2.84649e-06 2.95515e-06 1.73929e-06 3.14564e-06 1.56122e-06 -6.83044e-06 -3.45384e-07 8.28841e-07 1.32267e-06 1.81465e-06 3.07575e-06 2.54644e-06 -1.80219e-06 4.39156e-07 -5.99576e-06 1.92825e-06 3.50798e-06 8.5593e-07 9.00243e-08 -3.75755e-06 4.02682e-06 2.85331e-06 -6.30723e-07 2.09627e-08 -2.93023e-06 -2.7016e-06 1.03755e-06 1.75124e-06 1.08407e-05 -4.16632e-06 -4.37494e-06 6.89723e-06 2.87275e-07 5.74726e-06 4.27793e-06 -2.58518e-06 -1.66628e-06 1.46853e-06 6.50497e-06 -1.74393e-06 -5.10664e-06 3.38946e-06 1.91692e-06 -4.1132e-06 -2.59803e-06 7.80187e-06 -2.72126e-06 -3.54415e-06 2.62611e-06 -1.15015e-06 4.31902e-07 -1.2904e-07 -4.5575e-06 -5.48055e-06 -5.45451e-06 -4.67405e-06 1.79425e-06 1.63629e-06 1.26637e-06 7.30354e-06 5.81969e-06 3.77642e-06 -9.44791e-06 -5.51747e-06 -3.15116e-06 -1.23306e-06 -1.7373e-06 -1.20432e-05 -1.8298e-06 7.94715e-07 -6.85033e-07 6.21505e-06 8.01904e-06 -1.05091e-05 -1.61006e-06 -5.11643e-06 2.5805e-06 -6.55194e-06 -4.30956e-06 2.21297e-06 2.21053e-06 2.05994e-06 -3.46875e-06 1.85605e-06 4.4371e-06 -2.12027e-07 8.33371e-07 -3.91173e-06 1.25061e-05 4.19305e-06 1.37312e-06 1.0176e-06 8.8265e-07 -5.90009e-06 -9.50383e-06 -1.20605e-05 -5.42177e-06 1.03841e-05 4.91747e-06 5.74336e-06 1.09564e-06 -7.1066e-06 -1.80448e-06 -4.86096e-06 1.17701e-06 2.20453e-06 6.7112e-06 -1.61244e-15 5.83718e-06 -7.64047e-07 -1.35172e-06 -2.95074e-06 -3.22413e-07 2.35406e-06 1.66249e-06 -1.06685e-06 -2.84309e-06 -2.8322e-06 1.94414e-06 -1.17478e-06 -5.09836e-06 3.64228e-06 1.94434e-06 -6.85314e-08 -2.83518e-06 -1.06236e-06 -2.85791e-06 -6.97676e-06 -3.96474e-06 1.04365e-06 -2.87885e-06 -5.87864e-07 7.44255e-07 2.24036e-06 -2.15566e-06 -1.27492e-06 4.18273e-06 -3.75491e-06 -5.19193e-07 -1.21719e-06 1.72826e-06 1.75551e-06 1.25667e-06 4.60518e-10 2.93612e-07 -3.93116e-07 2.06084e-06 2.07624e-08 4.42813e-07 -1.35537e-06 2.78453e-06 -3.28985e-06 -1.33969e-06 3.24224e-06 -1.69816e-06 1.18266e-06 3.61171e-06 5.20987e-07 1.14759e-06 5.10593e-07 1.25741e-06 8.82115e-06 1.53089e-06 2.4771e-06 3.11995e-06 1.94594e-06 -3.5339e-07 -2.50142e-06 4.99068e-06 -2.25935e-06 -3.72484e-06 -3.60723e-06 1.58288e-06 -3.90412e-07 1.96578e-06 3.54855e-07 -1.93914e-06 4.09194e-06 2.78273e-06 -2.27364e-06 4.98114e-06 -1.96636e-07 2.55493e-07 -7.90051e-07 -4.66533e-06 6.5528e-06 -5.33766e-06 -1.22351e-06 1.79892e-06 3.52743e-07 -1.67367e-06 6.19127e-07 -3.70194e-06 5.25002e-06 -5.20598e-06 5.52239e-06 3.1281e-06 3.28477e-06 3.46596e-06 2.43751e-06 -1.18493e-06 6.04432e-06 1.30204e-06 -4.769e-06 -3.8287e-06 -1.09478e-06 -1.87145e-06 -6.57549e-06 -4.06027e-06 7.21511e-07 -6.23868e-06 9.84133e-07 -7.65767e-06 2.45771e-06 6.37921e-06 -7.95585e-07 6.02291e-06 5.56985e-07 9.09774e-07 2.04387e-07 1.49348e-06 -4.45417e-07 -3.22197e-06 -2.59824e-06 7.24529e-07 -5.40616e-06 5.53279e-06 -2.56163e-06 5.44922e-06 -1.92969e-06 1.65199e-07 -6.41484e-07 1.65053e-06 -7.89341e-06 -6.19375e-06 3.50541e-06 -7.16863e-07 -2.32303e-06 1.36953e-06 2.37779e-06 5.28046e-06 -2.0761e-06 3.47581e-06 2.45299e-06 4.36925e-07 1.01682e-06 -8.16839e-06 -4.1098e-06 -1.07889e-06 -6.14059e-06 1.99579e-06 5.12451e-07 -4.97247e-06 7.8039e-06 8.4676e-06 -2.91615e-06 -9.2718e-07 6.33299e-06 6.73471e-07 -1.4823e-06 -6.27008e-07 -9.07221e-06 -2.48874e-06 9.27328e-06 3.72203e-06 1.6011e-06 -6.94979e-06 -1.80186e-06 1.13879e-05 -7.05051e-07 -5.25961e-06 6.04986e-07 -9.74732e-07 6.63751e-06 1.02493e-07 -1.11727e-06 -4.18276e-06 -7.13788e-07 4.34421e-06 -2.90027e-06 6.63992e-06 5.1992e-06 5.97782e-06 -3.45283e-06 7.8528e-06 -3.77568e-08 -3.82601e-07 -7.17073e-06 -1.16178e-05 -6.48962e-06 -1.65075e-06 -7.28305e-07 -5.1735e-06 -1.07992e-05 -8.14456e-06 3.64863e-06 5.46199e-06 -4.16614e-06 -4.50069e-07 -6.04869e-06 -2.30362e-06 6.41861e-07 4.16209e-07 7.07554e-07 1.29726e-06 2.47997e-07 -1.51232e-15 7.84585e-07 1.38999e-06 -3.09917e-06 -1.47131e-06 7.32529e-06 -2.56858e-06 -1.62528e-06 -2.27831e-07 -7.61719e-07 -3.26577e-06 -3.51541e-06 2.34383e-06 7.88081e-06 3.15915e-06 4.19015e-07 -1.57787e-06 -3.19127e-07 1.51628e-06 -1.0332e-06 -6.11011e-07 -2.99593e-06 -1.95762e-07 -4.68216e-07 -5.80782e-06 -5.3097e-06 6.02728e-06 -6.8465e-06 -1.39294e-06 3.431e-06 -2.93147e-06 5.30739e-06 1.05997e-06 2.49635e-06 4.1914e-07 6.10107e-07 -7.90567e-07 7.71489e-07 -2.73206e-06 5.66047e-07 -2.33959e-06 -5.04257e-06 -1.50681e-06 -3.19829e-06 -5.10186e-06 -2.62599e-07 7.98416e-06 4.43134e-06 2.92553e-07 5.0163e-07 6.41043e-07 -3.16027e-07 1.01089e-06 -8.39824e-07 -4.43565e-06 3.07575e-06 -3.10232e-07 1.35966e-06 1.90136e-06 9.76256e-07 2.71743e-06 2.24115e-06 2.66302e-06 -1.99215e-06 -4.47538e-07 1.17615e-07 -3.47155e-06 -6.87067e-08 -3.56121e-06 -5.06654e-06 -8.85537e-06 1.27277e-06 8.77737e-06 -1.18924e-06 1.95338e-06 1.65699e-06 7.52019e-08 -9.14337e-07 -1.23824e-06 3.18833e-07 2.23696e-06 4.40966e-06 -1.37991e-06 -2.91172e-06 -3.9914e-06 1.91633e-06 4.10406e-06 -7.34836e-07 1.90096e-06 1.22419e-06 -6.45641e-06 -3.2786e-06 4.56873e-06 3.4619e-07 -5.33825e-08 -2.16395e-06 -2.85917e-06 -7.15418e-07 8.63901e-07 -1.16219e-06 -2.81503e-07 -1.87028e-06 -6.37445e-07 -2.90567e-06 -6.2104e-06 -1.18448e-06 1.81497e-06 1.14755e-06 -2.15042e-07 6.38579e-06 1.29167e-06 -7.2838e-07 1.95947e-07 -4.55142e-06 -3.37462e-06 4.41366e-07 -4.05103e-07 -6.13519e-06 1.97296e-06 -1.06033e-06 -4.75147e-06 -1.12685e-06 2.08321e-06 -5.29934e-06 -1.92025e-06 -2.109e-06 3.18661e-07 4.63102e-06 6.13914e-06 8.9244e-07 6.27713e-06 -2.49901e-06 1.32076e-07 8.55945e-07 1.19153e-06 4.41561e-06 1.10793e-06 -6.31282e-08 3.09703e-06 -2.79442e-06 1.40885e-06 -7.03449e-06 -3.43218e-07 1.14144e-05 -6.75173e-06 -9.52856e-06 1.71878e-06 8.98048e-07 -4.62032e-06 4.3127e-06 -2.15755e-06 -6.01988e-07 1.31699e-06 -1.10603e-05 -1.12486e-06 -1.54441e-06 4.01496e-07 -7.39755e-06 9.32698e-07 6.29905e-06 4.62871e-06 1.49899e-06 2.41386e-07 2.76885e-06 -8.47153e-07 -6.16535e-07 2.38361e-06 -8.56365e-07 5.44776e-07 -2.23435e-06 4.35867e-06 5.45652e-06 3.19077e-06 -4.49258e-07 -4.67568e-06 9.41242e-07 2.39168e-06 -9.22404e-06 3.16265e-07 2.82757e-06 7.39726e-06 8.49262e-07 1.60657e-07 -5.68513e-06 -5.4006e-06 7.32878e-06 1.72243e-06 -1.63586e-06 4.13118e-07 5.8753e-06 -2.66958e-07 -6.22348e-07 1.07304e-06 4.29125e-06 -1.20036e-06 -1.21551e-05 -2.24181e-06 9.7124e-07 -1.29681e-06 1.21187e-05 3.31485e-06 8.9386e-07 2.27329e-08 4.15186e-06 5.06609e-06 2.03515e-06 8.57616e-07 3.21747e-05 -4.37391e-05 3.33072e-06 -4.59731e-06 -4.23977e-07 1.41186e-06 5.97339e-06 -6.08004e-06 -4.62878e-06 -1.74679e-06 -3.74327e-07 3.81594e-06 3.37416e-06 4.1034e-07 2.34894e-06 4.87507e-06 -1.97362e-06 3.79492e-06 -1.77611e-06 1.27582e-06 -4.38772e-06 5.50843e-06 -2.41698e-06 -9.99974e-07 -4.77597e-06 1.68922e-07 7.75231e-06 -4.49212e-06 -3.19997e-07 2.23743e-06 1.83893e-06 -6.54688e-07 -1.7901e-07 4.52566e-08 -3.50594e-06 4.29178e-07 1.66083e-06 -2.93459e-06 -1.10701e-06 2.82467e-06 1.31347e-06 1.57704e-06 -4.47958e-06 1.07559e-06 -4.5864e-06 3.28985e-06 -8.75594e-07 5.11357e-06 7.63486e-06 5.26375e-06 9.29414e-06 6.06805e-06 -2.27051e-07 3.94157e-06 1.48513e-06 -3.70956e-06 2.10537e-06 -5.99554e-06 -5.49079e-06 3.68739e-06 -1.4239e-06 -4.42297e-06 3.20901e-06 1.1285e-05 -8.01473e-06 6.03337e-06 6.66253e-06 -1.39983e-06 -1.87456e-06 3.34838e-06 5.21269e-07 2.40049e-06 -5.94661e-06 5.58014e-06 4.24769e-06 -5.00913e-06 -9.66735e-06 -9.19642e-06 2.48209e-06 4.01212e-06 -4.92989e-06 -4.66728e-06 -3.06623e-06 6.50439e-06 3.06234e-06 5.47769e-06 3.73933e-06 8.26009e-06 8.13146e-07 1.75668e-06 -8.51863e-06 5.54235e-08 5.06722e-06 5.06202e-07 5.06387e-06 -2.43971e-06 6.92812e-06 -5.04827e-07 6.96124e-06 4.04256e-06 -1.65794e-06 3.436e-06 1.49409e-06 -7.30311e-06 5.04049e-06 1.59844e-06 -6.28294e-06 1.04987e-06 7.39695e-06 6.1239e-06 -2.28901e-06 9.76133e-07 -7.2631e-06 -2.7313e-06 -7.20812e-06 7.03304e-06 -6.97299e-07 -3.33785e-07 5.04118e-06 3.43147e-06 -9.67829e-06 -8.72739e-06 3.11882e-06 3.44066e-06 -1.08822e-06 1.34336e-06 3.46935e-06 2.32862e-06 -2.59549e-06 -5.40963e-06 1.14135e-05 -9.6753e-08 -3.56919e-06 3.4574e-07 3.07648e-06 -4.00251e-06 2.18639e-06 4.72424e-06 -3.10361e-06 -1.56264e-06 3.03512e-06 3.2571e-06 -6.30734e-06 -8.20552e-07 1.07037e-06 -1.13807e-06 2.32445e-06 -7.29194e-06 1.01237e-06 -3.16639e-06 -4.88059e-06 6.05869e-06 -5.67143e-06 1.08664e-06 -1.24247e-06 -1.74462e-06 -6.44765e-06 7.3003e-06 4.27268e-06 -9.37302e-06 3.31412e-06 1.88886e-06 -3.39538e-06 -9.27165e-06 -3.20559e-06 -4.07939e-06 -6.31799e-06 1.47949e-05 7.9764e-06 -6.37257e-06 -3.786e-06 -3.0411e-06 -3.76376e-06 9.33014e-06 -5.85274e-06 -2.55027e-06 3.4482e-06 2.68326e-06 -7.50076e-06 1.68617e-06 -3.34079e-06 -8.77432e-06 9.47453e-06 -2.51779e-06 -2.75547e-07 -7.90063e-06 3.1043e-06 -3.37302e-06 -7.58089e-06 4.80333e-06 2.26314e-06 1.31104e-06 -1.70575e-06 -6.43184e-06 1.51291e-06 1.5225e-06 9.03118e-06 5.95599e-06 6.18628e-06 3.33059e-06 2.31423e-06 4.30105e-06 9.11804e-07 1.49221e-06 -3.35424e-07 2.31605e-06 1.99026e-06 2.62954e-06 -4.9165e-06 -9.31549e-07 3.2924e-06 -7.88603e-07 1.14089e-05 -9.46314e-06 2.39626e-06 -1.23056e-06 1.02416e-06 7.81338e-07 -1.14798e-06 -4.00276e-06 4.68097e-06 5.03757e-06 -8.42286e-06 -1.12248e-06 1.59221e-06 4.99809e-07 -1.4733e-06 5.24001e-07 2.99507e-06 -6.4371e-06 4.01958e-06 -3.79816e-06 1.04664e-05 -1.67393e-07 1.20794e-06 -1.85313e-06 -1.05013e-05 -3.85789e-06 2.97412e-06 6.54306e-07 1.71529e-06 4.8507e-06 8.30634e-06 -1.46651e-06 1.6088e-06 7.44832e-07 3.18267e-06 -9.88553e-08 -7.31777e-07 1.49166e-06 -3.51253e-06 2.01565e-06 8.06556e-06 7.74098e-06 8.03256e-06 -3.67802e-06 -2.08581e-06 -3.96779e-06 -6.89436e-06 1.20344e-05 -1.43585e-05 -2.42361e-05 -4.04054e-05 8.20079e-05 1.32214e-05 2.75238e-06 -1.66203e-07 9.76465e-08 4.42268e-07 3.90119e-09 5.0498e-06 2.32766e-10 4.80592e-10 -2.21997e-09 2.37311e-06 -2.05707e-09 -1.69629e-08 -3.93023e-09 1.84856e-06 -8.01357e-08 4.89266e-08 7.7591e-07 2.28785e-08 -2.4583e-09 -2.16389e-06 -9.58814e-06 -2.63727e-06 -4.3208e-06 -1.47352e-06 -1.97454e-06 -1.66959e-06 -4.28461e-06 -1.2494e-05 -7.71733e-05 3.84837e-06 -5.1633e-06 9.28935e-06 -8.27168e-06 1.50687e-05 -3.63298e-07 3.3557e-07 1.32928e-07 1.35872e-06 -3.76084e-06 6.46462e-06 4.73533e-06 4.94967e-06 9.66723e-06 3.06171e-06 4.61546e-06 -1.80239e-06 -3.305e-06 4.77638e-06 1.14556e-05 -6.35828e-07 -5.59283e-06 1.59405e-05 -3.03073e-06 6.1523e-07 1.26606e-06 1.24248e-06 -1.71207e-06 -1.11626e-05 3.80498e-06 2.89241e-07 -8.62884e-06 7.8947e-06 1.15863e-05 -7.12604e-06 -6.55233e-06 2.27724e-07 1.22633e-05 -3.58031e-06 1.37485e-06 -4.36896e-06 -5.48954e-07 3.04643e-06 1.65281e-05 2.29427e-05 -3.37706e-05 -1.1194e-05 3.89439e-06 -1.02661e-05 -8.93908e-06 1.4197e-05 -7.09282e-06 9.88712e-06 4.97679e-06 -4.08368e-06 -9.31173e-07 -4.13608e-06 5.08149e-06 -5.76075e-08 6.77565e-06 -1.10182e-05 -6.63663e-06 8.23891e-06 8.19103e-09 -4.31195e-06 4.86542e-06 -8.79503e-07 6.88483e-08 -3.98178e-06 4.16715e-06 -6.9977e-07 -1.11158e-05 1.40482e-05 9.02873e-06 -7.779e-06 -1.10159e-06 -3.40221e-06 3.86232e-06 8.54365e-07 5.22764e-06 -7.4777e-06 2.24251e-06 -3.08649e-06 1.30781e-06 -9.00403e-06 -2.80127e-06 1.04927e-05 -2.87437e-06 1.11521e-06 5.03169e-06 -2.37828e-06 -1.04366e-05 -2.02182e-06 1.06086e-05 6.30587e-06 -9.90821e-06 1.973e-06 7.95767e-06 4.9432e-06 -3.62335e-06 -7.67166e-06 1.57865e-05 -4.29369e-06 -9.84621e-07 9.47797e-07 7.94349e-07 -3.68908e-07 -5.96198e-06 -1.44226e-05 1.30269e-05 9.43304e-06 -4.31e-08 -3.44432e-06 -1.23253e-06 4.99312e-06 4.81513e-06 2.64466e-05 -2.23868e-05 -1.02637e-05 -2.43165e-06 9.84347e-07 3.23707e-06 -8.86472e-07 -5.51129e-06 2.22913e-06 3.06917e-06 2.76849e-06 3.17102e-06 -4.28001e-06 -4.4575e-06 3.91619e-06 6.90474e-07 -5.70814e-06 2.56931e-06 1.59673e-06 -2.90518e-06 1.90189e-06 -2.93274e-07 2.8411e-06 -7.30225e-06 1.2276e-05 3.53639e-06 -3.09368e-06 4.27987e-07 8.93864e-07 3.7967e-06 -6.68779e-06 2.55717e-06 -1.17284e-05 -1.10064e-07 8.34307e-06 9.40093e-06 1.50616e-05 -2.49032e-05 -2.04052e-06 -5.00537e-06 -1.44653e-05 1.10357e-05 1.01762e-05 2.63754e-06 -7.07376e-06 -1.05365e-06 -1.84094e-06 3.82359e-06 8.18525e-06 5.32935e-06 -3.69772e-06 2.5779e-06 2.90904e-06 1.28486e-06 -1.38965e-06 -3.89077e-06 4.96904e-08 1.51078e-06 7.38144e-08 1.85874e-07 -7.26198e-07 -5.49815e-07 6.06715e-07 -1.14424e-06 1.01735e-06 -4.42428e-06 2.10883e-06 5.46134e-07 -3.38362e-06 2.06055e-06 1.14775e-06 -4.9624e-06 -2.32701e-06 -2.19915e-06 4.82288e-06 -2.38096e-06 2.04633e-06 -1.79944e-07 -1.45233e-06 -2.3912e-06 2.89367e-07 -5.82402e-06 -2.74583e-06 -4.52524e-06 7.07026e-07 1.03961e-06 -2.09549e-06 -5.501e-07 -3.65124e-06 -8.31768e-06 -1.24252e-06 -2.746e-06 5.19267e-06 4.22647e-06 1.27971e-06 4.39036e-07 3.29654e-06 3.57664e-06 4.01763e-06 9.44754e-07 4.92595e-07 -4.45487e-06 -2.46447e-06 7.57952e-07 2.23753e-06 2.35978e-06 3.01e-06 9.88636e-07 -2.97977e-06 4.93841e-06 6.11957e-06 2.61441e-06 1.84983e-06 -1.95399e-06 -7.23823e-06 1.04389e-06 3.21846e-06 -3.77835e-06 -5.62912e-06 5.03484e-06 -3.25824e-06 1.63764e-06 -8.11921e-07 -5.99899e-06 2.54011e-07 -2.19461e-06 6.31143e-07 -3.11555e-06 1.23836e-06 3.14002e-06 -2.76968e-06 1.8032e-06 6.63794e-06 -1.14717e-05 1.96198e-06 1.30313e-06 -1.32712e-07 6.5542e-05 -7.33568e-06 -5.33768e-05 -1.14444e-05 -5.04409e-05 -5.63014e-06 2.30151e-05 -1.35333e-06 9.11619e-06 -1.1367e-05

         1  -2.8925e-06
         2  1.82737e-08
         3  7.01483e-09
         4   1.1337e-09
         5    8.117e-08
         6  2.11328e-09
         7 -9.65471e-07
         8  2.84511e-09
         9 -3.50772e-09
        10 -4.73857e-06
        11   9.8584e-10
        12 -1.96783e-06
        13  1.16384e-07
        14  2.23273e-06
        15  3.85704e-06
        16  3.92738e-07
        17  2.87453e-06
        18  6.56219e-07
        19 -1.47318e-06
        20  2.84362e-06
        21 -3.73479e-06
        22 -2.03048e-06
        23  1.44821e-09
        24  2.84888e-06
        25    1.633e-09
        26  3.21449e-10
        27 -1.55094e-08
        28  -1.1808e-07
        29  -1.8437e-06
        30  1.41257e-09
        31  3.35973e-06
        32  4.11248e-09
        33  6.22804e-09
        34 -7.16372e-06
        35 -4.77426e-08
        36  1.79441e-09
        37 -6.76794e-09
        38 -2.59548e-09
        39 -2.29845e-09
        40 -4.99243e-08
        41  -4.9285e-06
        42 -1.09726e-08
        43    1.846e-08
        44 -1.70827e-06
        45  -6.6894e-09
        46 -9.11969e-08
        47 -3.81227e-09
        48  3.77088e-06
        49  3.20313e-06
        50 -2.29601e-09
        51  9.53136e-09
        52  4.85509e-07
        53  5.50163e-06
        54  3.89622e-09
        55  1.32334e-06
        56 -1.80224e-09
        57  3.83919e-09
        58 -2.59925e-06
        59  1.89006e-09
        60 -1.25435e-08
        61 -3.57946e-08
        62 -3.78412e-09
        63 -3.15741e-09
        64  2.03878e-06
        65  3.26528e-06
        66 -1.09241e-08
        67 -1.15211e-09
        68  1.94838e-06
        69  1.81329e-06
        70 -2.32962e-06
        71 -1.80103e-10
        72 -1.66054e-06
        73 -5.16706e-06
        74  -9.3523e-10
        75 -3.80015e-09
        76  -4.9093e-07
        77 -8.49497e-08
        78  2.50957e-11
        79 -2.37503e-07
        80 -1.63641e-09
        81  6.76544e-09
        82  4.53298e-08
        83 -3.41442e-08
        84  9.46307e-07
        85 -4.05572e-06
        86 -2.50655e-06
        87 -2.47376e-06
        88  1.75275e-06
        89  2.20825e-08
        90 -3.34684e-09
        91  1.66117e-06
        92  3.50292e-08
        93 -4.75591e-06
        94 -7.83201e-07
        95  1.47387e-09
        96  2.12453e-07
        97 -6.12925e-16
        98 -8.02461e-07
        99  1.77233e-06
       100  -2.8692e-06
       101  3.67387e-06
       102 -1.99797e-06
       103 -2.95399e-06
       104  5.00112e-07
       105 -2.98762e-09
       106  2.19264e-06
       107  3.75703e-06
       108  4.02626e-06
       109  3.70186e-09
       110 -1.81264e-06
       111  7.30532e-06
       112 -5.64977e-06
       113 -4.87844e-06
       114 -1.07166e-06
       115 -3.72283e-07
       116  3.17346e-06
       117  5.51526e-07
       118  3.09305e-08
       119 -7.04847e-07
       120 -4.97832e-06
       121 -4.66388e-06
       122 -1.62417e-06
       123 -4.61114e-06
       124 -5.39802e-07
       125 -4.13757e-06
       126 -8.87737e-08
       127 -1.55419e-06
       128 -5.46955e-06
       129  4.22694e-06
       130 -3.41168e-07
       131 -4.19194e-06
       132 -3.60275e-06
       133  7.26814e-07
       134 -1.48123e-06
       135 -3.01895e-06
       136  5.18166e-06
       137 -3.35263e-06
       138  2.70607e-07
       139 -4.28266e-07
       140 -7.31411e-07
       141 -7.92577e-07
       142  1.00197e-06
       143  1.08018e-06
       144 -1.28958e-06
       145 -3.65697e-07
       146 -1.37064e-07
       147  4.50652e-06
       148 -4.02798e-06
       149 -2.34863e-06
       150 -2.75111e-06
       151  2.08664e-07
       152 -4.59954e-07
       153  7.10067e-07
       154  3.27656e-07
       155  6.32105e-08
       156  2.82437e-06
       157  8.36679e-07
       158 -1.72187e-06
       159  1.53101e-06
       160 -8.82095e-06
       161  7.17257e-07
       162  5.51892e-07
       163 -5.77379e-07
       164  -4.9211e-06
       165  9.30206e-08
       166 -8.79981e-07
       167  1.52539e-07
       168  -2.6906e-06
       169  8.14198e-07
       170  3.08829e-06
       171  1.78132e-06
       172  1.81997e-06
       173   1.8394e-06
       174 -4.65389e-06
       175 -1.99607e-06
       176  1.62729e-06
       177   8.4812e-06
       178 -5.51327e-06
       179  6.84451e-07
       180 -2.09052e-06
       181  2.65379e-06
       182  3.76251e-06
       183  5.03067e-07
       184 -5.10702e-06
       185  1.12797e-06
       186 -2.95983e-07
       187  -4.2116e-07
       188  2.42532e-06
       189 -1.10969e-06
       190 -1.71573e-06
       191 -1.03031e-06
       192  2.99455e-08
       193 -2.16583e-06
       194  3.82593e-06
       195  4.64241e-06
       196  4.10343e-06
       197 -3.70338e-08
       198  1.64843e-06
       199  1.19591e-06
       200 -2.70147e-06
       201 -1.71477e-06
       202 -2.10176e-06
       203 -1.48474e-06
       204 -4.20712e-06
       205  8.90527e-06
       206   -2.378e-06
       207  1.32594e-06
       208  4.07038e-06
       209  1.72292e-06
       210  2.27126e-06
       211  2.47097e-06
       212  2.51599e-06
       213  8.26922e-07
       214 -4.20485e-06
       215 -1.07784e-06
       216  8.72282e-07
       217 -7.27159e-06
       218 -4.45951e-06
       219 -3.55962e-07
       220 -3.59029e-06
       221  1.29715e-07
       222   1.8844e-06
       223 -5.45039e-07
       224 -4.33972e-06
       225  1.38419e-07
       226  4.31825e-06
       227   2.4331e-06
       228  3.35181e-06
       229  5.42893e-07
       230   -5.297e-06
       231  2.43541e-06
       232 -2.58772e-06
       233 -1.18737e-06
       234  3.55358e-06
       235  8.90812e-06
       236  4.05115e-06
       237  1.58681e-06
       238  2.90129e-06
       239  4.13598e-06
       240  9.63624e-07
       241  -9.2594e-07
       242   4.1923e-06
       243  6.91936e-06
       244  -7.9354e-06
       245 -1.35227e-06
       246 -5.24034e-06
       247  9.45903e-10
       248  3.02714e-06
       249  -2.9955e-06
       250 -2.89585e-06
       251  6.05249e-06
       252  1.52942e-06
       253 -8.92763e-07
       254  1.16451e-06
       255 -1.18619e-06
       256  5.08757e-06
       257 -6.28226e-06
       258 -7.21927e-07
       259 -1.04273e-05
       260   2.0586e-06
       261 -3.16798e-06
       262   7.9761e-06
       263  2.35387e-06
       264  9.74801e-06
       265 -2.76916e-06
       266  1.11933e-06
       267 -4.63011e-06
       268 -1.02833e-06
       269  1.04654e-06
       270  3.08434e-07
       271   7.1467e-07
       272 -2.30999e-06
       273  -4.1256e-07
       274  5.76389e-06
       275  6.82733e-07
       276  2.40182e-06
       277 -1.52624e-06
       278 -2.90185e-06
       279  3.74293e-06
       280  4.28471e-06
       281  -4.4008e-07
       282 -2.27861e-06
       283  1.08576e-06
       284  6.04398e-06
       285  1.50178e-06
       286 -6.55605e-07
       287  7.58728e-07
       288  2.36035e-06
       289 -1.91469e-06
       290  2.84687e-06
       291  -5.4951e-06
       292  2.99309e-06
       293 -7.19134e-07
       294  3.24897e-06
       295 -2.61039e-06
       296 -9.99549e-15
       297 -2.64356e-06
       298 -3.75783e-06
       299 -6.30992e-07
       300  6.51505e-06
       301  3.87354e-06
       302  -1.6435e-06
       303  9.02518e-06
       304  2.08103e-06
       305 -4.13926e-07
       306 -2.32924e-06
       307   5.7919e-06
       308  1.37331e-07
       309  3.12525e-06
       310  6.32285e-07
       311 -1.73705e-06
       312 -1.70005e-06
       313  3.51097e-06
       314 -2.69938e-06
       315 -6.88591e-06
       316 -3.13607e-06
       317  3.61799e-06
       318  2.12598e-07
       319 -6.27199e-06
       320 -5.99393e-07
       321 -1.58269e-06
       322 -1.29482e-06
       323 -2.66432e-06
       324  9.97634e-07
       325 -1.82792e-06
       326 -6.15233e-06
       327  1.91218e-06
       328  -2.0624e-06
       329  -1.9009e-06
       330  1.38913e-06
       331 -1.46371e-06
       332 -1.94389e-06
       333  6.98695e-07
       334 -8.62998e-06
       335 -3.32705e-06
       336   5.9775e-06
       337  1.91913e-06
       338 -4.85967e-07
       339  3.71684e-06
       340 -5.31995e-06
       341 -7.81134e-07
       342  2.25047e-06
       343  4.23526e-06
       344 -1.40194e-06
       345  1.70229e-06
       346 -4.96945e-06
       347 -4.44704e-08
       348 -6.80987e-06
       349  2.51626e-06
       350  6.44023e-06
       351  4.46206e-06
       352  3.37447e-06
       353  -3.4909e-07
       354 -1.92296e-06
       355  4.79158e-07
       356 -5.78292e-06
       357    5.841e-06
       358   3.6153e-06
       359 -4.38612e-06
       360  1.86349e-06
       361 -4.03139e-06
       362 -9.32472e-07
       363  1.22818e-06
       364   -9.252e-07
       365  5.75787e-07
       366 -3.42106e-06
       367  3.80383e-06
       368  -1.4576e-06
       369 -3.42071e-06
       370  3.71051e-06
       371  7.30134e-06
       372  1.29821e-06
       373 -1.58094e-05
       374  3.70454e-06
       375 -7.46866e-08
       376  -6.7882e-07
       377  5.85571e-06
       378 -1.28425e-06
       379  4.94615e-06
       380  3.42176e-06
       381  3.42167e-06
       382  8.84608e-06
       383 -5.06304e-06
       384    -5.99e-07
       385  -2.7437e-06
       386  -8.1067e-08
       387   6.5095e-06
       388 -1.15397e-07
       389  2.16947e-06
       390  -2.5465e-06
       391 -5.55724e-06
       392   5.3703e-06
       393  2.30555e-06
       394 -5.59516e-06
       395 -3.46196e-07
       396 -3.89475e-06
       397  -3.6662e-06
       398  8.24545e-06
       399 -9.47859e-06
       400 -9.32847e-07
       401 -8.52568e-07
       402 -2.34003e-06
       403  8.10097e-06
       404  6.04527e-06
       405  8.60697e-07
       406 -5.72223e-07
       407 -7.13074e-06
       408   6.6421e-06
       409 -5.09968e-06
       410  3.71713e-06
       411 -4.23907e-06
       412 -9.43058e-07
       413 -5.32608e-06
       414  2.07982e-06
       415  5.44463e-06
       416  2.84875e-06
       417  2.43946e-07
       418  3.73446e-06
       419 -1.90517e-06
       420 -1.02262e-06
       421 -6.47342e-07
       422 -6.81182e-07
       423  2.04389e-07
       424  1.19705e-06
       425  1.59999e-05
       426  1.64173e-06
       427 -1.45915e-06
       428   1.4366e-06
       429 -2.12767e-06
       430 -8.19984e-08
       431 -2.07749e-06
       432  2.89422e-06
       433   5.8431e-06
       434  4.79156e-06
       435 -2.70084e-06
       436 -1.18212e-05
       437  3.43317e-06
       438 -1.95754e-06
       439 -1.02897e-06
       440  5.59014e-06
       441  1.81392e-06
       442  2.54346e-06
       443  3.55106e-06
       444 -1.03976e-05
       445 -4.37474e-06
       446  6.05559e-06
       447   9.6049e-08
       448  1.90302e-05
       449  3.98815e-06
       450   8.8267e-09
       451  4.18837e-06
       452  1.70147e-06
       453  -3.2038e-06
       454  8.32935e-06
       455 -2.08099e-06
       456 -6.24583e-06
       457  3.88245e-06
       458 -6.81507e-06
       459 -5.63097e-06
       460  9.20979e-07
       461 -2.94774e-06
       462 -3.76047e-06
       463 -6.49207e-06
       464  -6.6788e-06
       465 -1.47985e-05
       466 -2.48952e-07
       467 -9.25005e-06
       468  -3.6282e-06
       469  1.67957e-06
       470  4.93709e-06
       471  3.26956e-06
       472  -8.3439e-06
       473 -6.43765e-06
       474 -1.21411e-06
       475 -3.35936e-07
       476 -6.76037e-06
       477   6.5779e-07
       478  4.16554e-06
       479  2.22965e-06
       480 -4.47244e-07
       481  2.48835e-06
       482 -4.88923e-06
       483  9.81628e-07
       484 -2.93146e-06
       485 -8.54741e-06
       486  8.73706e-07
       487  -6.1843e-07
       488  2.50519e-07
       489  6.68925e-06
       490 -1.65349e-06
       491 -1.90386e-06
       492 -2.67684e-06
       493  3.74484e-07
       494   1.6472e-06
       495 -3.23944e-16
       496 -1.67842e-07
       497  5.83022e-06
       498  8.54743e-06
       499    4.502e-06
       500 -1.78665e-06
       501 -1.72327e-07
       502 -4.52375e-06
       503  2.72225e-07
       504 -1.29945e-07
       505 -6.19742e-07
       506  1.89736e-06
       507  1.02406e-06
       508  4.00384e-07
       509  1.33624e-06
       510  2.06577e-06
       511  2.27439e-06
       512 -1.01319e-06
       513  3.98076e-06
       514 -1.11111e-06
       515 -1.39051e-07
       516 -3.68085e-06
       517 -4.01878e-06
       518  1.06784e-06
       519  3.37476e-06
       520 -2.66972e-08
       521 -9.77826e-07
       522 -2.74961e-07
       523  1.22453e-06
       524   3.6615e-07
       525 -6.16279e-07
       526  1.31546e-06
       527  9.08724e-07
       528 -6.85319e-06
       529 -2.72178e-07
       530  1.50146e-07
       531 -4.84098e-06
       532  -9.5385e-07
       533 -5.23879e-06
       534  2.45483e-07
       535 -7.18989e-07
       536 -3.79024e-06
       537  4.55444e-06
       538 -4.94562e-06
       539  6.42292e-07
       540 -1.86817e-07
       541 -2.59036e-06
       542 -1.13938e-06
       543  9.90322e-07
       544  3.45547e-06
       545 -1.04164e-06
       546   2.4471e-06
       547 -4.78734e-06
       548 -4.30541e-06
       549 -2.21816e-07
       550  8.02018e-06
       551  4.07877e-06
       552  2.50707e-06
       553 -1.73048e-06
       554 -8.26568e-07
       555 -6.30639e-06
       556 -4.37867e-06
       557  6.63637e-06
       558  4.82891e-06
       559  6.48491e-07
       560 -5.46466e-07
       561 -2.41475e-06
       562  6.30646e-06
       563  -4.4478e-07
       564 -2.23926e-06
       565  8.79314e-06
       566  1.05757e-06
       567  5.06252e-06
       568  1.31397e-06
       569 -2.54829e-06
       570 -4.12749e-07
       571 -1.68428e-06
       572 -2.40397e-06
       573  -1.0066e-06
       574  6.87224e-08
       575  5.02224e-07
       576 -8.97374e-08
       577  -5.4983e-06
       578 -1.06545e-06
       579 -1.09917e-06
       580  1.29876e-07
       581  5.95346e-06
       582 -3.32206e-06
       583 -2.05009e-06
       584  1.00591e-06
       585  2.12765e-06
       586 -5.64975e-06
       587   5.2716e-07
       588 -4.81451e-09
       589  -3.1483e-07
       590  4.45368e-07
       591 -2.70833e-06
       592  2.69059e-06
       593  1.65924e-06
       594 -5.80391e-07
       595 -5.77253e-06
       596 -2.07975e-07
       597 -5.50939e-08
       598 -7.46137e-06
       599 -5.36809e-07
       600  8.78525e-07
       601  4.60253e-06
       602  8.62004e-07
       603   5.6495e-07
       604  -7.6666e-06
       605 -3.18738e-07
       606  -2.0573e-06
       607 -2.36261e-06
       608  1.36798e-06
       609  8.51828e-07
       610 -4.62427e-06
       611  1.29829e-06
       612  2.08199e-06
       613   3.5071e-06
       614  2.63152e-06
       615  3.05121e-06
       616 -5.37437e-07
       617 -3.25802e-06
       618  3.36612e-07
       619 -1.00722e-06
       620  1.21109e-06
       621 -1.26486e-06
       622 -3.52473e-06
       623  -2.1426e-06
       624  2.41986e-06
       625   4.1757e-06
       626 -2.79952e-06
       627  2.17754e-07
       628 -3.47806e-06
       629  1.63166e-06
       630 -4.03801e-06
       631 -1.66229e-07
       632  -2.1501e-08
       633  1.15278e-06
       634 -1.05442e-06
       635  1.52556e-06
       636  1.02194e-06
       637 -3.27684e-06
       638 -9.19629e-07
       639  1.55268e-06
       640 -6.05267e-07
       641  5.60923e-07
       642 -2.20671e-06
       643 -6.26277e-07
       644  9.76107e-07
       645 -1.49329e-06
       646 -3.87142e-06
       647  3.89733e-07
       648 -7.08575e-08
       649 -2.97857e-08
       650 -3.58014e-06
       651    2.098e-06
       652  5.34631e-07
       653 -5.87441e-06
       654 -2.01866e-06
       655  3.50224e-06
       656  3.20041e-06
       657 -3.26272e-06
       658 -2.67052e-06
       659 -1.15905e-06
       660 -5.14674e-07
       661  2.13326e-06
       662 -9.12563e-07
       663 -3.76125e-07
       664  2.63482e-06
       665 -7.95931e-07
       666  9.97089e-07
       667  7.32074e-07
       668  4.31095e-07
       669 -2.49487e-06
       670  4.47376e-06
       671  3.37643e-07
       672  1.07858e-07
       673  6.84202e-07
       674  1.18598e-06
       675 -1.58121e-06
       676  2.96895e-06
       677  5.44551e-07
       678 -1.83449e-06
       679 -1.27419e-06
       680 -6.37279e-07
       681   1.5093e-08
       682  1.71528e-06
       683 -2.34249e-07
       684  8.93996e-08
       685 -2.98599e-06
       686  3.71351e-06
       687 -2.20472e-06
       688  4.53854e-06
       689 -1.19194e-06
       690  3.63655e-08
       691 -2.80866e-06
       692  4.55319e-06
       693    1.248e-06
       694 -7.88819e-16
       695  1.07613e-06
       696  1.12271e-06
       697  1.31434e-06
       698  6.41847e-07
       699 -1.11076e-06
       700 -3.02866e-06
       701  1.40584e-06
       702  -9.3093e-07
       703  1.33078e-08
       704  -2.0849e-06
       705  3.47036e-06
       706  6.08764e-07
       707  2.35519e-07
       708   1.3163e-06
       709  3.09244e-06
       710  5.69051e-07
       711  3.98764e-06
       712 -1.71705e-06
       713 -1.24278e-06
       714 -7.41293e-09
       715  4.43373e-06
       716 -7.93688e-07
       717  5.81686e-07
       718 -1.19829e-06
       719  4.60017e-07
       720  3.40741e-07
       721  5.11347e-07
       722   2.5478e-08
       723 -1.04811e-06
       724 -7.12013e-07
       725 -5.06152e-06
       726  9.64645e-07
       727  1.69439e-06
       728 -7.83042e-07
       729 -1.30571e-06
       730 -3.93231e-07
       731 -3.02331e-07
       732 -7.59583e-08
       733  7.05211e-07
       734 -7.06119e-07
       735  -1.4909e-07
       736  3.43349e-06
       737  1.33657e-06
       738 -3.29945e-07
       739  4.34428e-07
       740 -2.92303e-07
       741 -3.14496e-06
       742   2.4992e-07
       743  2.59192e-08
       744  -3.9526e-06
       745  5.62505e-06
       746 -4.39188e-06
       747  3.15787e-07
       748  1.26465e-06
       749  3.77848e-06
       750  6.27624e-07
       751  2.73582e-07
       752  5.61245e-07
       753  2.34075e-06
       754 -1.92676e-07
       755   1.4649e-06
       756  3.72258e-06
       757  -3.0473e-06
       758  2.99324e-07
       759   2.9871e-07
       760 -8.09376e-08
       761  2.28975e-07
       762 -4.53546e-07
       763  1.30922e-08
       764 -2.37719e-06
       765  4.11262e-06
       766  8.17611e-07
       767  6.39591e-07
       768  7.44714e-06
       769  2.53331e-07
       770 -2.46384e-07
       771 -1.10599e-06
       772   7.1182e-07
       773   5.0584e-07
       774   4.4915e-07
       775  1.74754e-06
       776 -2.08973e-06
       777  2.52719e-07
       778 -1.49848e-06
       779  1.28399e-07
       780  4.34794e-07
       781 -9.44531e-07
       782 -1.59675e-07
       783   5.9195e-07
       784 -3.87997e-07
       785 -6.18347e-08
       786 -7.64078e-08
       787  7.09315e-07
       788  -2.2788e-06
       789 -3.98108e-06
       790  5.42792e-07
       791  3.60692e-07
       792  9.51705e-08
       793  3.80207e-07
       794  1.57699e-07
       795  6.39807e-08
       796  6.58559e-06
       797  4.86731e-07
       798 -2.05348e-09
       799  1.18738e-07
       800  7.37551e-07
       801  1.47939e-06
       802  8.95074e-08
       803   3.6634e-07
       804  6.20147e-07
       805 -5.32018e-09
       806  1.68655e-06
       807 -4.29578e-07
       808 -9.46472e-07
       809 -7.74855e-07
       810  4.73905e-07
       811  8.96983e-07
       812  9.16727e-07
       813  9.52409e-07
       814 -3.22083e-06
       815  1.83483e-07
       816 -3.58137e-06
       817  9.37327e-07
       818 -2.17425e-06
       819  1.87427e-06
       820 -2.29388e-07
       821  2.16651e-07
       822  3.21242e-06
       823  -4.2493e-07
       824  1.70707e-07
       825   4.2864e-07
       826  1.21275e-08
       827 -1.32298e-07
       828 -3.90381e-06
       829  5.10152e-06
       830  5.12524e-07
       831  2.57859e-07
       832  5.56007e-07
       833   1.0238e-07
       834   2.3113e-06
       835  3.82309e-07
       836  4.21343e-07
       837  6.85821e-07
       838  8.14532e-08
       839 -1.31018e-06
       840  3.68152e-06
       841 -7.04991e-06
       842  5.37278e-06
       843  4.95624e-07
       844  6.23819e-08
       845 -6.51669e-07
       846  1.48504e-06
       847  5.22079e-07
       848 -3.81751e-06
       849  1.71119e-06
       850  9.56706e-07
       851 -1.33342e-06
       852  1.63206e-06
       853   2.6711e-07
       854 -2.29478e-07
       855 -1.73227e-06
       856 -1.86483e-06
       857  5.02328e-07
       858 -1.31453e-06
       859 -2.13031e-07
       860 -3.16431e-07
       861 -1.38061e-07
       862 -1.32003e-08
       863 -3.73979e-07
       864  1.10281e-07
       865   2.4676e-06
       866  8.70647e-07
       867  1.77895e-06
       868 -2.14049e-06
       869  7.28608e-07
       870 -1.31532e-06
       871 -2.73218e-07
       872  1.73692e-07
       873  4.64699e-07
       874  8.87385e-07
       875 -7.75753e-07
       876 -5.67697e-06
       877  7.94223e-08
       878   9.6596e-07
       879  1.53847e-06
       880  2.35325e-07
       881  3.55439e-06
       882  1.26518e-06
       883  1.17862e-06
       884 -6.40859e-07
       885  8.65514e-07
       886 -4.05656e-06
       887  8.93816e-07
       888 -2.81381e-07
       889 -1.91281e-07
       890  8.28747e-07
       891   1.8769e-06
       892   3.2459e-06
       893 -8.52863e-16
       894  1.31745e-06
       895 -1.96252e-06
       896  6.01025e-07
       897  2.54771e-09
       898 -4.17274e-06
       899 -6.00818e-06
       900  -1.9745e-09
       901   6.3228e-06
       902  1.13036e-06
       903 -3.53322e-08
       904  2.16681e-07
       905  2.13806e-06
       906  2.41061e-06
       907 -2.10764e-06
       908 -1.71005e-06
       909  -3.5107e-06
       910 -1.42833e-06
       911  3.73507e-06
       912 -1.38407e-06
       913  3.44759e-06
       914 -1.54156e-06
       915 -2.05945e-06
       916 -5.27555e-07
       917 -5.91398e-08
       918 -5.08381e-07
       919 -4.88864e-07
       920 -2.13321e-06
       921  1.70984e-07
       922  4.12871e-07
       923  7.94537e-07
       924 -6.38517e-08
       925  3.45362e-06
       926 -2.59444e-06
       927  3.98167e-06
       928 -2.52834e-06
       929  2.83602e-06
       930  4.04728e-07
       931 -1.69169e-06
       932  4.28025e-06
       933 -1.29917e-06
       934  5.87696e-07
       935  7.38657e-07
       936   2.1055e-06
       937  8.11565e-07
       938 -1.38762e-06
       939 -7.91149e-06
       940  3.53776e-06
       941  3.01927e-06
       942  3.66125e-06
       943 -8.97739e-06
       944  4.67176e-06
       945  2.94716e-06
       946 -1.08658e-06
       947  3.85031e-06
       948 -3.32911e-06
       949 -1.16176e-06
       950 -1.94573e-06
       951  1.86733e-06
       952 -6.05733e-07
       953 -2.81348e-06
       954  3.38496e-06
       955 -1.58467e-06
       956   -5.189e-06
       957  4.15075e-06
       958 -5.09381e-07
       959 -1.37489e-08
       960   6.8815e-07
       961  1.26081e-08
       962  2.04986e-06
       963  -2.1927e-06
       964  -1.2137e-06
       965  4.60508e-07
       966 -2.44119e-07
       967 -2.03241e-06
       968  4.98564e-06
       969 -8.25285e-06
       970  9.92119e-07
       971 -4.06207e-09
       972 -2.99243e-06
       973   2.4879e-06
       974  -6.7533e-07
       975 -4.19493e-06
       976 -8.62856e-07
       977  3.46577e-06
       978 -2.86827e-06
       979  4.27297e-06
       980  -3.5181e-07
       981  3.48229e-06
       982 -1.90742e-07
       983 -3.27649e-07
       984 -2.03265e-06
       985 -2.27447e-06
       986   7.4986e-06
       987 -2.66071e-07
       988 -2.81513e-07
       989  2.75228e-06
       990  8.12463e-07
       991 -5.58946e-06
       992 -4.09283e-06
       993 -1.76937e-06
       994  1.06898e-06
       995 -1.69715e-06
       996  4.33674e-06
       997 -3.76152e-06
       998 -2.44793e-06
       999 -5.39602e-06
      1000  5.97418e-06
      1001 -3.26758e-06
      1002 -3.79591e-08
      1003 -3.46419e-08
      1004 -1.00075e-10
      1005  1.92523e-06
      1006  3.58206e-06
      1007  1.02155e-05
      1008  -1.5386e-06
      1009 -3.23547e-06
      1010  9.18163e-07
      1011  6.23748e-06
      1012  -1.0047e-06
      1013  -3.5502e-06
      1014 -1.84799e-06
      1015 -4.28405e-06
      1016  1.27217e-06
      1017  9.97172e-06
      1018 -6.25446e-08
      1019  4.92573e-06
      1020  3.29086e-07
      1021 -1.04227e-06
      1022  6.58495e-06
      1023 -1.51475e-06
      1024  5.78977e-06
      1025  -3.4508e-06
      1026  1.27772e-06
      1027  -4.7904e-06
      1028  1.68145e-06
      1029  5.78926e-06
      1030 -9.56527e-06
      1031 -2.43405e-06
      1032 -4.57984e-07
      1033  -2.0302e-06
      1034 -2.42397e-06
      1035 -1.32868e-06
      1036 -2.62611e-06
      1037  9.89376e-06
      1038 -7.10922e-06
      1039 -4.59691e-06
      1040  4.90668e-06
      1041  7.85799e-06
      1042  2.22738e-06
      1043 -7.71077e-06
      1044 -1.68731e-06
      1045 -2.23358e-06
      1046  2.48395e-07
      1047 -2.08266e-06
      1048 -3.74845e-06
      1049 -4.09099e-06
      1050  2.36661e-06
      1051  1.01862e-05
      1052  9.08424e-06
      1053   4.2116e-06
      1054    1.562e-06
      1055  5.11118e-06
      1056 -1.49127e-06
      1057 -1.44824e-06
      1058  2.63347e-06
      1059  7.54996e-07
      1060 -3.24379e-06
      1061  -6.4922e-06
      1062 -4.05568e-06
      1063  6.40985e-06
      1064 -1.59102e-05
      1065 -8.45818e-06
      1066  5.10944e-06
      1067  2.26239e-06
      1068  4.55249e-06
      1069 -1.03814e-05
      1070 -1.05913e-06
      1071  8.74209e-06
      1072 -5.13882e-06
      1073 -3.69301e-06
      1074 -1.79836e-06
      1075 -8.09372e-06
      1076 -1.69062e-06
      1077  3.20601e-06
      1078 -9.09432e-06
      1079 -1.37392e-06
      1080 -4.54798e-06
      1081 -2.18647e-06
      1082  6.02398e-06
      1083  1.76987e-06
      1084  3.39771e-06
      1085 -2.70074e-06
      1086 -6.28083e-07
      1087 -6.34362e-06
      1088 -4.69487e-08
      1089 -2.23195e-06
      1090  5.51098e-06
      1091 -5.55867e-06
      1092 -1.08901e-15
      1093  3.77773e-06
      1094 -2.41271e-06
      1095 -5.22196e-06
      1096 -2.35228e-06
      1097 -2.80358e-06
      1098  5.37018e-06
      1099 -1.94825e-06
      1100  -1.1063e-06
      1101 -1.07316e-06
      1102 -1.40652e-06
      1103   3.0178e-07
      1104 -8.00959e-07
      1105 -1.42461e-07
      1106  8.34546e-06
      1107 -9.57259e-07
      1108 -1.90349e-06
      1109 -3.26572e-06
      1110 -6.51971e-07
      1111 -8.82341e-06
      1112 -1.89535e-06
      1113  7.67088e-07
      1114 -1.94933e-06
      1115 -7.16386e-08
      1116 -1.38552e-06
      1117  2.40252e-06
      1118  1.06379e-05
      1119 -8.66449e-07
      1120 -3.96617e-06
      1121   9.5089e-07
      1122 -4.63489e-06
      1123  6.87753e-06
      1124 -4.60018e-06
      1125  2.70326e-07
      1126 -8.83251e-07
      1127 -1.30261e-06
      1128   3.8706e-06
      1129  1.80639e-06
      1130 -1.84982e-06
      1131  2.23882e-06
      1132  6.50867e-06
      1133  1.60545e-06
      1134  8.51854e-07
      1135   3.6127e-06
      1136   1.3781e-06
      1137  1.42809e-06
      1138 -1.44503e-07
      1139 -2.24362e-06
      1140  3.06135e-06
      1141  4.67981e-07
      1142  6.57448e-07
      1143 -3.41713e-06
      1144  1.79054e-06
      1145 -1.50272e-06
      1146   3.7132e-06
      1147  -6.5448e-07
      1148  3.51548e-06
      1149  7.32163e-07
      1150  4.84948e-07
      1151  3.92386e-06
      1152  1.23626e-08
      1153   1.6966e-06
      1154 -4.12675e-06
      1155 -1.03629e-06
      1156  7.22849e-07
      1157 -8.72107e-06
      1158   4.8059e-06
      1159  1.78156e-06
      1160   7.0337e-07
      1161  1.93353e-06
      1162 -2.24022e-06
      1163 -3.49525e-06
      1164   2.1065e-06
      1165 -3.08973e-06
      1166 -4.58008e-06
      1167  4.32352e-06
      1168  7.04316e-06
      1169 -5.24223e-06
      1170  -2.4147e-06
      1171 -2.19644e-06
      1172 -2.87531e-06
      1173  2.05324e-06
      1174  2.62958e-08
      1175 -8.09396e-07
      1176 -5.77741e-06
      1177  -1.5046e-06
      1178  2.20517e-07
      1179   -3.216e-06
      1180  6.43921e-06
      1181 -5.03245e-07
      1182 -3.39033e-06
      1183  6.04632e-06
      1184  2.84649e-06
      1185  2.95515e-06
      1186  1.73929e-06
      1187  3.14564e-06
      1188  1.56122e-06
      1189 -6.83044e-06
      1190 -3.45384e-07
      1191  8.28841e-07
      1192  1.32267e-06
      1193  1.81465e-06
      1194  3.07575e-06
      1195  2.54644e-06
      1196 -1.80219e-06
      1197  4.39156e-07
      1198 -5.99576e-06
      1199  1.92825e-06
      1200  3.50798e-06
      1201   8.5593e-07
      1202  9.00243e-08
      1203 -3.75755e-06
      1204  4.02682e-06
      1205  2.85331e-06
      1206 -6.30723e-07
      1207  2.09627e-08
      1208 -2.93023e-06
      1209  -2.7016e-06
      1210  1.03755e-06
      1211  1.75124e-06
      1212  1.08407e-05
      1213 -4.16632e-06
      1214 -4.37494e-06
      1215  6.89723e-06
      1216  2.87275e-07
      1217  5.74726e-06
      1218  4.27793e-06
      1219 -2.58518e-06
      1220 -1.66628e-06
      1221  1.46853e-06
      1222  6.50497e-06
      1223 -1.74393e-06
      1224 -5.10664e-06
      1225  3.38946e-06
      1226  1.91692e-06
      1227  -4.1132e-06
      1228 -2.59803e-06
      1229  7.80187e-06
      1230 -2.72126e-06
      1231 -3.54415e-06
      1232  2.62611e-06
      1233 -1.15015e-06
      1234  4.31902e-07
      1235  -1.2904e-07
      1236  -4.5575e-06
      1237 -5.48055e-06
      1238 -5.45451e-06
      1239 -4.67405e-06
      1240  1.79425e-06
      1241  1.63629e-06
      1242  1.26637e-06
      1243  7.30354e-06
      1244  5.81969e-06
      1245  3.77642e-06
      1246 -9.44791e-06
      1247 -5.51747e-06
      1248 -3.15116e-06
      1249 -1.23306e-06
      1250  -1.7373e-06
      1251 -1.20432e-05
      1252  -1.8298e-06
      1253  7.94715e-07
      1254 -6.85033e-07
      1255  6.21505e-06
      1256  8.01904e-06
      1257 -1.05091e-05
      1258 -1.61006e-06
      1259 -5.11643e-06
      1260   2.5805e-06
      1261 -6.55194e-06
      1262 -4.30956e-06
      1263  2.21297e-06
      1264  2.21053e-06
      1265  2.05994e-06
      1266 -3.46875e-06
      1267  1.85605e-06
      1268   4.4371e-06
      1269 -2.12027e-07
      1270  8.33371e-07
      1271 -3.91173e-06
      1272  1.25061e-05
      1273  4.19305e-06
      1274  1.37312e-06
      1275   1.0176e-06
      1276   8.8265e-07
      1277 -5.90009e-06
      1278 -9.50383e-06
      1279 -1.20605e-05
      1280 -5.42177e-06
      1281  1.03841e-05
      1282  4.91747e-06
      1283  5.74336e-06
      1284  1.09564e-06
      1285  -7.1066e-06
      1286 -1.80448e-06
      1287 -4.86096e-06
      1288  1.17701e-06
      1289  2.20453e-06
      1290   6.7112e-06
      1291 -1.61244e-15
      1292  5.83718e-06
      1293 -7.64047e-07
      1294 -1.35172e-06
      1295 -2.95074e-06
      1296 -3.22413e-07
      1297  2.35406e-06
      1298  1.66249e-06
      1299 -1.06685e-06
      1300 -2.84309e-06
      1301  -2.8322e-06
      1302  1.94414e-06
      1303 -1.17478e-06
      1304 -5.09836e-06
      1305  3.64228e-06
      1306  1.94434e-06
      1307 -6.85314e-08
      1308 -2.83518e-06
      1309 -1.06236e-06
      1310 -2.85791e-06
      1311 -6.97676e-06
      1312 -3.96474e-06
      1313  1.04365e-06
      1314 -2.87885e-06
      1315 -5.87864e-07
      1316  7.44255e-07
      1317  2.24036e-06
      1318 -2.15566e-06
      1319 -1.27492e-06
      1320  4.18273e-06
      1321 -3.75491e-06
      1322 -5.19193e-07
      1323 -1.21719e-06
      1324  1.72826e-06
      1325  1.75551e-06
      1326  1.25667e-06
      1327  4.60518e-10
      1328  2.93612e-07
      1329 -3.93116e-07
      1330  2.06084e-06
      1331  2.07624e-08
      1332  4.42813e-07
      1333 -1.35537e-06
      1334  2.78453e-06
      1335 -3.28985e-06
      1336 -1.33969e-06
      1337  3.24224e-06
      1338 -1.69816e-06
      1339  1.18266e-06
      1340  3.61171e-06
      1341  5.20987e-07
      1342  1.14759e-06
      1343  5.10593e-07
      1344  1.25741e-06
      1345  8.82115e-06
      1346  1.53089e-06
      1347   2.4771e-06
      1348  3.11995e-06
      1349  1.94594e-06
      1350  -3.5339e-07
      1351 -2.50142e-06
      1352  4.99068e-06
      1353 -2.25935e-06
      1354 -3.72484e-06
      1355 -3.60723e-06
      1356  1.58288e-06
      1357 -3.90412e-07
      1358  1.96578e-06
      1359  3.54855e-07
      1360 -1.93914e-06
      1361  4.09194e-06
      1362  2.78273e-06
      1363 -2.27364e-06
      1364  4.98114e-06
      1365 -1.96636e-07
      1366  2.55493e-07
      1367 -7.90051e-07
      1368 -4.66533e-06
      1369   6.5528e-06
      1370 -5.33766e-06
      1371 -1.22351e-06
      1372  1.79892e-06
      1373  3.52743e-07
      1374 -1.67367e-06
      1375  6.19127e-07
      1376 -3.70194e-06
      1377  5.25002e-06
      1378 -5.20598e-06
      1379  5.52239e-06
      1380   3.1281e-06
      1381  3.28477e-06
      1382  3.46596e-06
      1383  2.43751e-06
      1384 -1.18493e-06
      1385  6.04432e-06
      1386  1.30204e-06
      1387   -4.769e-06
      1388  -3.8287e-06
      1389 -1.09478e-06
      1390 -1.87145e-06
      1391 -6.57549e-06
      1392 -4.06027e-06
      1393  7.21511e-07
      1394 -6.23868e-06
      1395  9.84133e-07
      1396 -7.65767e-06
      1397  2.45771e-06
      1398  6.37921e-06
      1399 -7.95585e-07
      1400  6.02291e-06
      1401  5.56985e-07
      1402  9.09774e-07
      1403  2.04387e-07
      1404  1.49348e-06
      1405 -4.45417e-07
      1406 -3.22197e-06
      1407 -2.59824e-06
      1408  7.24529e-07
      1409 -5.40616e-06
      1410  5.53279e-06
      1411 -2.56163e-06
      1412  5.44922e-06
      1413 -1.92969e-06
      1414  1.65199e-07
      1415 -6.41484e-07
      1416  1.65053e-06
      1417 -7.89341e-06
      1418 -6.19375e-06
      1419  3.50541e-06
      1420 -7.16863e-07
      1421 -2.32303e-06
      1422  1.36953e-06
      1423  2.37779e-06
      1424  5.28046e-06
      1425  -2.0761e-06
      1426  3.47581e-06
      1427  2.45299e-06
      1428  4.36925e-07
      1429  1.01682e-06
      1430 -8.16839e-06
      1431  -4.1098e-06
      1432 -1.07889e-06
      1433 -6.14059e-06
      1434  1.99579e-06
      1435  5.12451e-07
      1436 -4.97247e-06
      1437   7.8039e-06
      1438   8.4676e-06
      1439 -2.91615e-06
      1440  -9.2718e-07
      1441  6.33299e-06
      1442  6.73471e-07
      1443  -1.4823e-06
      1444 -6.27008e-07
      1445 -9.07221e-06
      1446 -2.48874e-06
      1447  9.27328e-06
      1448  3.72203e-06
      1449   1.6011e-06
      1450 -6.94979e-06
      1451 -1.80186e-06
      1452  1.13879e-05
      1453 -7.05051e-07
      1454 -5.25961e-06
      1455  6.04986e-07
      1456 -9.74732e-07
      1457  6.63751e-06
      1458  1.02493e-07
      1459 -1.11727e-06
      1460 -4.18276e-06
      1461 -7.13788e-07
      1462  4.34421e-06
      1463 -2.90027e-06
      1464  6.63992e-06
      1465   5.1992e-06
      1466  5.97782e-06
      1467 -3.45283e-06
      1468   7.8528e-06
      1469 -3.77568e-08
      1470 -3.82601e-07
      1471 -7.17073e-06
      1472 -1.16178e-05
      1473 -6.48962e-06
      1474 -1.65075e-06
      1475 -7.28305e-07
      1476  -5.1735e-06
      1477 -1.07992e-05
      1478 -8.14456e-06
      1479  3.64863e-06
      1480  5.46199e-06
      1481 -4.16614e-06
      1482 -4.50069e-07
      1483 -6.04869e-06
      1484 -2.30362e-06
      1485  6.41861e-07
      1486  4.16209e-07
      1487  7.07554e-07
      1488  1.29726e-06
      1489  2.47997e-07
      1490 -1.51232e-15
      1491  7.84585e-07
      1492  1.38999e-06
      1493 -3.09917e-06
      1494 -1.47131e-06
      1495  7.32529e-06
      1496 -2.56858e-06
      1497 -1.62528e-06
      1498 -2.27831e-07
      1499 -7.61719e-07
      1500 -3.26577e-06
      1501 -3.51541e-06
      1502  2.34383e-06
      1503  7.88081e-06
      1504  3.15915e-06
      1505  4.19015e-07
      1506 -1.57787e-06
      1507 -3.19127e-07
      1508  1.51628e-06
      1509  -1.0332e-06
      1510 -6.11011e-07
      1511 -2.99593e-06
      1512 -1.95762e-07
      1513 -4.68216e-07
      1514 -5.80782e-06
      1515  -5.3097e-06
      1516  6.02728e-06
      1517  -6.8465e-06
      1518 -1.39294e-06
      1519    3.431e-06
      1520 -2.93147e-06
      1521  5.30739e-06
      1522  1.05997e-06
      1523  2.49635e-06
      1524   4.1914e-07
      1525  6.10107e-07
      1526 -7.90567e-07
      1527  7.71489e-07
      1528 -2.73206e-06
      1529  5.66047e-07
      1530 -2.33959e-06
      1531 -5.04257e-06
      1532 -1.50681e-06
      1533 -3.19829e-06
      1534 -5.10186e-06
      1535 -2.62599e-07
      1536  7.98416e-06
      1537  4.43134e-06
      1538  2.92553e-07
      1539   5.0163e-07
      1540  6.41043e-07
      1541 -3.16027e-07
      1542  1.01089e-06
      1543 -8.39824e-07
      1544 -4.43565e-06
      1545  3.07575e-06
      1546 -3.10232e-07
      1547  1.35966e-06
      1548  1.90136e-06
      1549  9.76256e-07
      1550  2.71743e-06
      1551  2.24115e-06
      1552  2.66302e-06
      1553 -1.99215e-06
      1554 -4.47538e-07
      1555  1.17615e-07
      1556 -3.47155e-06
      1557 -6.87067e-08
      1558 -3.56121e-06
      1559 -5.06654e-06
      1560 -8.85537e-06
      1561  1.27277e-06
      1562  8.77737e-06
      1563 -1.18924e-06
      1564  1.95338e-06
      1565  1.65699e-06
      1566  7.52019e-08
      1567 -9.14337e-07
      1568 -1.23824e-06
      1569  3.18833e-07
      1570  2.23696e-06
      1571  4.40966e-06
      1572 -1.37991e-06
      1573 -2.91172e-06
      1574  -3.9914e-06
      1575  1.91633e-06
      1576  4.10406e-06
      1577 -7.34836e-07
      1578  1.90096e-06
      1579  1.22419e-06
      1580 -6.45641e-06
      1581  -3.2786e-06
      1582  4.56873e-06
      1583   3.4619e-07
      1584 -5.33825e-08
      1585 -2.16395e-06
      1586 -2.85917e-06
      1587 -7.15418e-07
      1588  8.63901e-07
      1589 -1.16219e-06
      1590 -2.81503e-07
      1591 -1.87028e-06
      1592 -6.37445e-07
      1593 -2.90567e-06
      1594  -6.2104e-06
      1595 -1.18448e-06
      1596  1.81497e-06
      1597  1.14755e-06
      1598 -2.15042e-07
      1599  6.38579e-06
      1600  1.29167e-06
      1601  -7.2838e-07
      1602  1.95947e-07
      1603 -4.55142e-06
      1604 -3.37462e-06
      1605  4.41366e-07
      1606 -4.05103e-07
      1607 -6.13519e-06
      1608  1.97296e-06
      1609 -1.06033e-06
      1610 -4.75147e-06
      1611 -1.12685e-06
      1612  2.08321e-06
      1613 -5.29934e-06
      1614 -1.92025e-06
      1615   -2.109e-06
      1616  3.18661e-07
      1617  4.63102e-06
      1618  6.13914e-06
      1619   8.9244e-07
      1620  6.27713e-06
      1621 -2.49901e-06
      1622  1.32076e-07
      1623  8.55945e-07
      1624  1.19153e-06
      1625  4.41561e-06
      1626  1.10793e-06
      1627 -6.31282e-08
      1628  3.09703e-06
      1629 -2.79442e-06
      1630  1.40885e-06
      1631 -7.03449e-06
      1632 -3.43218e-07
      1633  1.14144e-05
      1634 -6.75173e-06
      1635 -9.52856e-06
      1636  1.71878e-06
      1637  8.98048e-07
      1638 -4.62032e-06
      1639   4.3127e-06
      1640 -2.15755e-06
      1641 -6.01988e-07
      1642  1.31699e-06
      1643 -1.10603e-05
      1644 -1.12486e-06
      1645 -1.54441e-06
      1646  4.01496e-07
      1647 -7.39755e-06
      1648  9.32698e-07
      1649  6.29905e-06
      1650  4.62871e-06
      1651  1.49899e-06
      1652  2.41386e-07
      1653  2.76885e-06
      1654 -8.47153e-07
      1655 -6.16535e-07
      1656  2.38361e-06
      1657 -8.56365e-07
      1658  5.44776e-07
      1659 -2.23435e-06
      1660  4.35867e-06
      1661  5.45652e-06
      1662  3.19077e-06
      1663 -4.49258e-07
      1664 -4.67568e-06
      1665  9.41242e-07
      1666  2.39168e-06
      1667 -9.22404e-06
      1668  3.16265e-07
      1669  2.82757e-06
      1670  7.39726e-06
      1671  8.49262e-07
      1672  1.60657e-07
      1673 -5.68513e-06
      1674  -5.4006e-06
      1675  7.32878e-06
      1676  1.72243e-06
      1677 -1.63586e-06
      1678  4.13118e-07
      1679   5.8753e-06
      1680 -2.66958e-07
      1681 -6.22348e-07
      1682  1.07304e-06
      1683  4.29125e-06
      1684 -1.20036e-06
      1685 -1.21551e-05
      1686 -2.24181e-06
      1687   9.7124e-07
      1688 -1.29681e-06
      1689  1.21187e-05
      1690  3.31485e-06
      1691   8.9386e-07
      1692  2.27329e-08
      1693  4.15186e-06
      1694  5.06609e-06
      1695  2.03515e-06
      1696  8.57616e-07
      1697  3.21747e-05
      1698 -4.37391e-05
      1699  3.33072e-06
      1700 -4.59731e-06
      1701 -4.23977e-07
      1702  1.41186e-06
      1703  5.97339e-06
      1704 -6.08004e-06
      1705 -4.62878e-06
      1706 -1.74679e-06
      1707 -3.74327e-07
      1708  3.81594e-06
      1709  3.37416e-06
      1710   4.1034e-07
      1711  2.34894e-06
      1712  4.87507e-06
      1713 -1.97362e-06
      1714  3.79492e-06
      1715 -1.77611e-06
      1716  1.27582e-06
      1717 -4.38772e-06
      1718  5.50843e-06
      1719 -2.41698e-06
      1720 -9.99974e-07
      1721 -4.77597e-06
      1722  1.68922e-07
      1723  7.75231e-06
      1724 -4.49212e-06
      1725 -3.19997e-07
      1726  2.23743e-06
      1727  1.83893e-06
      1728 -6.54688e-07
      1729  -1.7901e-07
      1730  4.52566e-08
      1731 -3.50594e-06
      1732  4.29178e-07
      1733  1.66083e-06
      1734 -2.93459e-06
      1735 -1.10701e-06
      1736  2.82467e-06
      1737  1.31347e-06
      1738  1.57704e-06
      1739 -4.47958e-06
      1740  1.07559e-06
      1741  -4.5864e-06
      1742  3.28985e-06
      1743 -8.75594e-07
      1744  5.11357e-06
      1745  7.63486e-06
      1746  5.26375e-06
      1747  9.29414e-06
      1748  6.06805e-06
      1749 -2.27051e-07
      1750  3.94157e-06
      1751  1.48513e-06
      1752 -3.70956e-06
      1753  2.10537e-06
      1754 -5.99554e-06
      1755 -5.49079e-06
      1756  3.68739e-06
      1757  -1.4239e-06
      1758 -4.42297e-06
      1759  3.20901e-06
      1760   1.1285e-05
      1761 -8.01473e-06
      1762  6.03337e-06
      1763  6.66253e-06
      1764 -1.39983e-06
      1765 -1.87456e-06
      1766  3.34838e-06
      1767  5.21269e-07
      1768  2.40049e-06
      1769 -5.94661e-06
      1770  5.58014e-06
      1771  4.24769e-06
      1772 -5.00913e-06
      1773 -9.66735e-06
      1774 -9.19642e-06
      1775  2.48209e-06
      1776  4.01212e-06
      1777 -4.92989e-06
      1778 -4.66728e-06
      1779 -3.06623e-06
      1780  6.50439e-06
      1781  3.06234e-06
      1782  5.47769e-06
      1783  3.73933e-06
      1784  8.26009e-06
      1785  8.13146e-07
      1786  1.75668e-06
      1787 -8.51863e-06
      1788  5.54235e-08
      1789  5.06722e-06
      1790  5.06202e-07
      1791  5.06387e-06
      1792 -2.43971e-06
      1793  6.92812e-06
      1794 -5.04827e-07
      1795  6.96124e-06
      1796  4.04256e-06
      1797 -1.65794e-06
      1798    3.436e-06
      1799  1.49409e-06
      1800 -7.30311e-06
      1801  5.04049e-06
      1802  1.59844e-06
      1803 -6.28294e-06
      1804  1.04987e-06
      1805  7.39695e-06
      1806   6.1239e-06
      1807 -2.28901e-06
      1808  9.76133e-07
      1809  -7.2631e-06
      1810  -2.7313e-06
      1811 -7.20812e-06
      1812  7.03304e-06
      1813 -6.97299e-07
      1814 -3.33785e-07
      1815  5.04118e-06
      1816  3.43147e-06
      1817 -9.67829e-06
      1818 -8.72739e-06
      1819  3.11882e-06
      1820  3.44066e-06
      1821 -1.08822e-06
      1822  1.34336e-06
      1823  3.46935e-06
      1824  2.32862e-06
      1825 -2.59549e-06
      1826 -5.40963e-06
      1827  1.14135e-05
      1828  -9.6753e-08
      1829 -3.56919e-06
      1830   3.4574e-07
      1831  3.07648e-06
      1832 -4.00251e-06
      1833  2.18639e-06
      1834  4.72424e-06
      1835 -3.10361e-06
      1836 -1.56264e-06
      1837  3.03512e-06
      1838   3.2571e-06
      1839 -6.30734e-06
      1840 -8.20552e-07
      1841  1.07037e-06
      1842 -1.13807e-06
      1843  2.32445e-06
      1844 -7.29194e-06
      1845  1.01237e-06
      1846 -3.16639e-06
      1847 -4.88059e-06
      1848  6.05869e-06
      1849 -5.67143e-06
      1850  1.08664e-06
      1851 -1.24247e-06
      1852 -1.74462e-06
      1853 -6.44765e-06
      1854   7.3003e-06
      1855  4.27268e-06
      1856 -9.37302e-06
      1857  3.31412e-06
      1858  1.88886e-06
      1859 -3.39538e-06
      1860 -9.27165e-06
      1861 -3.20559e-06
      1862 -4.07939e-06
      1863 -6.31799e-06
      1864  1.47949e-05
      1865   7.9764e-06
      1866 -6.37257e-06
      1867   -3.786e-06
      1868  -3.0411e-06
      1869 -3.76376e-06
      1870  9.33014e-06
      1871 -5.85274e-06
      1872 -2.55027e-06
      1873   3.4482e-06
      1874  2.68326e-06
      1875 -7.50076e-06
      1876  1.68617e-06
      1877 -3.34079e-06
      1878 -8.77432e-06
      1879  9.47453e-06
      1880 -2.51779e-06
      1881 -2.75547e-07
      1882 -7.90063e-06
      1883   3.1043e-06
      1884 -3.37302e-06
      1885 -7.58089e-06
      1886  4.80333e-06
      1887  2.26314e-06
      1888  1.31104e-06
      1889 -1.70575e-06
      1890 -6.43184e-06
      1891  1.51291e-06
      1892   1.5225e-06
      1893  9.03118e-06
      1894  5.95599e-06
      1895  6.18628e-06
      1896  3.33059e-06
      1897  2.31423e-06
      1898  4.30105e-06
      1899  9.11804e-07
      1900  1.49221e-06
      1901 -3.35424e-07
      1902  2.31605e-06
      1903  1.99026e-06
      1904  2.62954e-06
      1905  -4.9165e-06
      1906 -9.31549e-07
      1907   3.2924e-06
      1908 -7.88603e-07
      1909  1.14089e-05
      1910 -9.46314e-06
      1911  2.39626e-06
      1912 -1.23056e-06
      1913  1.02416e-06
      1914  7.81338e-07
      1915 -1.14798e-06
      1916 -4.00276e-06
      1917  4.68097e-06
      1918  5.03757e-06
      1919 -8.42286e-06
      1920 -1.12248e-06
      1921  1.59221e-06
      1922  4.99809e-07
      1923  -1.4733e-06
      1924  5.24001e-07
      1925  2.99507e-06
      1926  -6.4371e-06
      1927  4.01958e-06
      1928 -3.79816e-06
      1929  1.04664e-05
      1930 -1.67393e-07
      1931  1.20794e-06
      1932 -1.85313e-06
      1933 -1.05013e-05
      1934 -3.85789e-06
      1935  2.97412e-06
      1936  6.54306e-07
      1937  1.71529e-06
      1938   4.8507e-06
      1939  8.30634e-06
      1940 -1.46651e-06
      1941   1.6088e-06
      1942  7.44832e-07
      1943  3.18267e-06
      1944 -9.88553e-08
      1945 -7.31777e-07
      1946  1.49166e-06
      1947 -3.51253e-06
      1948  2.01565e-06
      1949  8.06556e-06
      1950  7.74098e-06
      1951  8.03256e-06
      1952 -3.67802e-06
      1953 -2.08581e-06
      1954 -3.96779e-06
      1955 -6.89436e-06
      1956  1.20344e-05
      1957 -1.43585e-05
      1958 -2.42361e-05
      1959 -4.04054e-05
      1960  8.20079e-05
      1961  1.32214e-05
      1962  2.75238e-06
      1963 -1.66203e-07
      1964  9.76465e-08
      1965  4.42268e-07
      1966  3.90119e-09
      1967   5.0498e-06
      1968  2.32766e-10
      1969  4.80592e-10
      1970 -2.21997e-09
      1971  2.37311e-06
      1972 -2.05707e-09
      1973 -1.69629e-08
      1974 -3.93023e-09
      1975  1.84856e-06
      1976 -8.01357e-08
      1977  4.89266e-08
      1978   7.7591e-07
      1979  2.28785e-08
      1980  -2.4583e-09
      1981 -2.16389e-06
      1982 -9.58814e-06
      1983 -2.63727e-06
      1984  -4.3208e-06
      1985 -1.47352e-06
      1986 -1.97454e-06
      1987 -1.66959e-06
      1988 -4.28461e-06
      1989  -1.2494e-05
      1990 -7.71733e-05
      1991  3.84837e-06
      1992  -5.1633e-06
      1993  9.28935e-06
      1994 -8.27168e-06
      1995  1.50687e-05
      1996 -3.63298e-07
      1997   3.3557e-07
      1998  1.32928e-07
      1999  1.35872e-06
      2000 -3.76084e-06
      2001  6.46462e-06
      2002  4.73533e-06
      2003  4.94967e-06
      2004  9.66723e-06
      2005  3.06171e-06
      2006  4.61546e-06
      2007 -1.80239e-06
      2008   -3.305e-06
      2009  4.77638e-06
      2010  1.14556e-05
      2011 -6.35828e-07
      2012 -5.59283e-06
      2013  1.59405e-05
      2014 -3.03073e-06
      2015   6.1523e-07
      2016  1.26606e-06
      2017  1.24248e-06
      2018 -1.71207e-06
      2019 -1.11626e-05
      2020  3.80498e-06
      2021  2.89241e-07
      2022 -8.62884e-06
      2023   7.8947e-06
      2024  1.15863e-05
      2025 -7.12604e-06
      2026 -6.55233e-06
      2027  2.27724e-07
      2028  1.22633e-05
      2029 -3.58031e-06
      2030  1.37485e-06
      2031 -4.36896e-06
      2032 -5.48954e-07
      2033  3.04643e-06
      2034  1.65281e-05
      2035  2.29427e-05
      2036 -3.37706e-05
      2037  -1.1194e-05
      2038  3.89439e-06
      2039 -1.02661e-05
      2040 -8.93908e-06
      2041   1.4197e-05
      2042 -7.09282e-06
      2043  9.88712e-06
      2044  4.97679e-06
      2045 -4.08368e-06
      2046 -9.31173e-07
      2047 -4.13608e-06
      2048  5.08149e-06
      2049 -5.76075e-08
      2050  6.77565e-06
      2051 -1.10182e-05
      2052 -6.63663e-06
      2053  8.23891e-06
      2054  8.19103e-09
      2055 -4.31195e-06
      2056  4.86542e-06
      2057 -8.79503e-07
      2058  6.88483e-08
      2059 -3.98178e-06
      2060  4.16715e-06
      2061  -6.9977e-07
      2062 -1.11158e-05
      2063  1.40482e-05
      2064  9.02873e-06
      2065   -7.779e-06
      2066 -1.10159e-06
      2067 -3.40221e-06
      2068  3.86232e-06
      2069  8.54365e-07
      2070  5.22764e-06
      2071  -7.4777e-06
      2072  2.24251e-06
      2073 -3.08649e-06
      2074  1.30781e-06
      2075 -9.00403e-06
      2076 -2.80127e-06
      2077  1.04927e-05
      2078 -2.87437e-06
      2079  1.11521e-06
      2080  5.03169e-06
      2081 -2.37828e-06
      2082 -1.04366e-05
      2083 -2.02182e-06
      2084  1.06086e-05
      2085  6.30587e-06
      2086 -9.90821e-06
      2087    1.973e-06
      2088  7.95767e-06
      2089   4.9432e-06
      2090 -3.62335e-06
      2091 -7.67166e-06
      2092  1.57865e-05
      2093 -4.29369e-06
      2094 -9.84621e-07
      2095  9.47797e-07
      2096  7.94349e-07
      2097 -3.68908e-07
      2098 -5.96198e-06
      2099 -1.44226e-05
      2100  1.30269e-05
      2101  9.43304e-06
      2102    -4.31e-08
      2103 -3.44432e-06
      2104 -1.23253e-06
      2105  4.99312e-06
      2106  4.81513e-06
      2107  2.64466e-05
      2108 -2.23868e-05
      2109 -1.02637e-05
      2110 -2.43165e-06
      2111  9.84347e-07
      2112  3.23707e-06
      2113 -8.86472e-07
      2114 -5.51129e-06
      2115  2.22913e-06
      2116  3.06917e-06
      2117  2.76849e-06
      2118  3.17102e-06
      2119 -4.28001e-06
      2120  -4.4575e-06
      2121  3.91619e-06
      2122  6.90474e-07
      2123 -5.70814e-06
      2124  2.56931e-06
      2125  1.59673e-06
      2126 -2.90518e-06
      2127  1.90189e-06
      2128 -2.93274e-07
      2129   2.8411e-06
      2130 -7.30225e-06
      2131   1.2276e-05
      2132  3.53639e-06
      2133 -3.09368e-06
      2134  4.27987e-07
      2135  8.93864e-07
      2136   3.7967e-06
      2137 -6.68779e-06
      2138  2.55717e-06
      2139 -1.17284e-05
      2140 -1.10064e-07
      2141  8.34307e-06
      2142  9.40093e-06
      2143  1.50616e-05
      2144 -2.49032e-05
      2145 -2.04052e-06
      2146 -5.00537e-06
      2147 -1.44653e-05
      2148  1.10357e-05
      2149  1.01762e-05
      2150  2.63754e-06
      2151 -7.07376e-06
      2152 -1.05365e-06
      2153 -1.84094e-06
      2154  3.82359e-06
      2155  8.18525e-06
      2156  5.32935e-06
      2157 -3.69772e-06
      2158   2.5779e-06
      2159  2.90904e-06
      2160  1.28486e-06
      2161 -1.38965e-06
      2162 -3.89077e-06
      2163  4.96904e-08
      2164  1.51078e-06
      2165  7.38144e-08
      2166  1.85874e-07
      2167 -7.26198e-07
      2168 -5.49815e-07
      2169  6.06715e-07
      2170 -1.14424e-06
      2171  1.01735e-06
      2172 -4.42428e-06
      2173  2.10883e-06
      2174  5.46134e-07
      2175 -3.38362e-06
      2176  2.06055e-06
      2177  1.14775e-06
      2178  -4.9624e-06
      2179 -2.32701e-06
      2180 -2.19915e-06
      2181  4.82288e-06
      2182 -2.38096e-06
      2183  2.04633e-06
      2184 -1.79944e-07
      2185 -1.45233e-06
      2186  -2.3912e-06
      2187  2.89367e-07
      2188 -5.82402e-06
      2189 -2.74583e-06
      2190 -4.52524e-06
      2191  7.07026e-07
      2192  1.03961e-06
      2193 -2.09549e-06
      2194   -5.501e-07
      2195 -3.65124e-06
      2196 -8.31768e-06
      2197 -1.24252e-06
      2198   -2.746e-06
      2199  5.19267e-06
      2200  4.22647e-06
      2201  1.27971e-06
      2202  4.39036e-07
      2203  3.29654e-06
      2204  3.57664e-06
      2205  4.01763e-06
      2206  9.44754e-07
      2207  4.92595e-07
      2208 -4.45487e-06
      2209 -2.46447e-06
      2210  7.57952e-07
      2211  2.23753e-06
      2212  2.35978e-06
      2213     3.01e-06
      2214  9.88636e-07
      2215 -2.97977e-06
      2216  4.93841e-06
      2217  6.11957e-06
      2218  2.61441e-06
      2219  1.84983e-06
      2220 -1.95399e-06
      2221 -7.23823e-06
      2222  1.04389e-06
      2223  3.21846e-06
      2224 -3.77835e-06
      2225 -5.62912e-06
      2226  5.03484e-06
      2227 -3.25824e-06
      2228  1.63764e-06
      2229 -8.11921e-07
      2230 -5.99899e-06
      2231  2.54011e-07
      2232 -2.19461e-06
      2233  6.31143e-07
      2234 -3.11555e-06
      2235  1.23836e-06
      2236  3.14002e-06
      2237 -2.76968e-06
      2238   1.8032e-06
      2239  6.63794e-06
      2240 -1.14717e-05
      2241  1.96198e-06
      2242  1.30313e-06
      2243 -1.32712e-07
      2244   6.5542e-05
      2245 -7.33568e-06
      2246 -5.33768e-05
      2247 -1.14444e-05
      2248 -5.04409e-05
      2249 -5.63014e-06
      2250  2.30151e-05
      2251 -1.35333e-06
      2252  9.11619e-06
      2253  -1.1367e-05
