 Actual and kludged survival report
  Actual/Kludged Season  Mvmnt_period  Region  Survival 
Actual  1   1   1 0.593758 0.618945 0.665735 0.720683 0.761608 0.778149 0.777419 0.765616 0.748159 0.730946 0.720804 0.724893 0.747295 0.777717 0.802524 0.812548
Kludge  1   1   1 0.573238 0.595472 0.646643 0.703942 0.75042 0.776475 0.778609 0.763618 0.739406 0.715533 0.704386 0.71516 0.740001 0.76739 0.788457 0.796798
Actual  1   1   2 0.593801 0.619694 0.675773 0.73228 0.769715 0.783645 0.781598 0.769259 0.751611 0.734341 0.724208 0.728367 0.750912 0.781503 0.80644 0.816513
Kludge  1   1   2 0.59754 0.618485 0.666478 0.719919 0.762995 0.786762 0.787851 0.772675 0.748857 0.725792 0.715692 0.727445 0.752913 0.780488 0.80146 0.809709
Actual  1   1   3 0.593761 0.618384 0.656205 0.715269 0.760841 0.777235 0.775538 0.763033 0.745148 0.727696 0.717415 0.72138 0.74362 0.773871 0.798554 0.808528
Kludge  1   1   3 0.600019 0.619512 0.664398 0.714848 0.756036 0.779156 0.780673 0.766764 0.744904 0.724058 0.715539 0.727413 0.751989 0.778439 0.798567 0.806493
Actual  1   1   4 0.5938 0.61964 0.674962 0.731577 0.769351 0.783383 0.781351 0.769006 0.75135 0.734076 0.72394 0.728093 0.750628 0.781206 0.806134 0.816203
Kludge  1   1   4 0.601561 0.622119 0.669232 0.721727 0.764089 0.787491 0.788578 0.773688 0.750401 0.728026 0.718593 0.730762 0.75636 0.783869 0.804711 0.812891
Actual  1   1   5 0.58648 0.575842 0.620041 0.703886 0.753145 0.774122 0.775274 0.764026 0.746419 0.728759 0.718125 0.721785 0.743826 0.773976 0.798632 0.808607
Kludge  1   1   5  0.569 0.591085 0.642152 0.699776 0.747101 0.774512 0.778657 0.766406 0.745552 0.725101 0.716375 0.727593 0.75138 0.77717 0.796887 0.804673
Actual  1   1   6 0.593669 0.618878 0.667028 0.703127 0.740903 0.77156 0.777572 0.76767 0.750802 0.733828 0.72382 0.728034 0.750597 0.781188 0.806118 0.816187
Kludge  1   1   6 0.594426 0.613386 0.657314 0.707213 0.74861 0.772702 0.775977 0.764579 0.745844 0.728186 0.721858 0.733998 0.75746 0.782381 0.801282 0.808718
Actual  1   1   7 0.593779 0.61913 0.667705 0.72518 0.765959 0.780956 0.7791 0.766724 0.748998 0.731668 0.721483 0.72557 0.747996 0.778453 0.803289 0.813323
Kludge  1   1   7 0.601266 0.621533 0.668033 0.719954 0.761968 0.785247 0.786373 0.771627 0.748547 0.726351 0.716894 0.728733 0.75388 0.781019 0.80165 0.809764
Actual  1   1   8 0.593801 0.619665 0.675327 0.731893 0.769515 0.783501 0.781462 0.769121 0.75147 0.7342 0.724067 0.728224 0.750766 0.781351 0.806283 0.816354
Kludge  1   1   8 0.601534 0.622241 0.669664 0.722444 0.764969 0.788406 0.789414 0.774346 0.750772 0.728035 0.71826 0.730227 0.755764 0.783296 0.804184 0.812389
Actual  2   1   1 0.593487 0.611603 0.566169 0.62798 0.707684 0.739402 0.742669 0.731218 0.713187 0.69539 0.684681 0.687867 0.708719 0.737377 0.760846 0.77035
Kludge  2   1   1 0.60681 0.619808 0.650506 0.686664 0.718168 0.737679 0.741518 0.734367 0.722323 0.711913 0.710379 0.722399 0.742513 0.763428 0.779331 0.785617
Actual  2   1   2 0.593761 0.618794 0.663026 0.719402 0.761707 0.778088 0.776987 0.764939 0.747347 0.730071 0.7199 0.723967 0.746335 0.776719 0.801497 0.811509
Kludge  2   1   2 0.603773 0.622997 0.667245 0.716955 0.757513 0.780212 0.781522 0.767539 0.74569 0.724899 0.716434 0.728315 0.752858 0.779255 0.799335 0.80724
Actual  2   1   3 0.593773 0.618787 0.662163 0.720457 0.763558 0.7792 0.777397 0.764943 0.747132 0.729737 0.719502 0.723528 0.745863 0.776218 0.800979 0.810984
Kludge  2   1   3 0.598261 0.618298 0.664363 0.715977 0.757931 0.781336 0.782702 0.768303 0.745697 0.724027 0.714948 0.72683 0.751799 0.778725 0.79921 0.807272
Actual  2   1   4 0.5938 0.619654 0.675174 0.731761 0.769446 0.783451 0.781416 0.769073 0.75142 0.734148 0.724013 0.728168 0.750706 0.781288 0.806219 0.816289
Kludge  2   1   4 0.601503 0.622122 0.669361 0.721967 0.764386 0.787787 0.788813 0.773816 0.750384 0.72786 0.718336 0.730527 0.756217 0.783828 0.804745 0.812954
Actual  2   1   5 0.585841 0.573877 0.618279 0.706836 0.755883 0.775293 0.77581 0.764343 0.746614 0.728859 0.718153 0.721762 0.743771 0.773904 0.798554 0.808528
Kludge  2   1   5 0.568238 0.590684 0.642524 0.700888 0.748664 0.7762 0.780184 0.76755 0.746129 0.725031 0.715803 0.726886 0.750817 0.776851 0.796773 0.804641
Actual  2   1   6 0.593659 0.618823 0.666179 0.699663 0.737365 0.770116 0.777145 0.767538 0.750758 0.733813 0.723817 0.728036 0.750602 0.781193 0.806124 0.816193
Kludge  2   1   6 0.594422 0.613099 0.656435 0.705797 0.746914 0.771029 0.774626 0.763795 0.745809 0.728934 0.723152 0.735363 0.758556 0.783106 0.80171 0.809027
Actual  2   1   7 0.593792 0.619441 0.67208 0.729048 0.768018 0.782428 0.780461 0.768101 0.750416 0.733119 0.722963 0.72709 0.749582 0.780112 0.805003 0.815058
Kludge  2   1   7 0.599767 0.62057 0.66822 0.721257 0.763982 0.787511 0.788475 0.773243 0.749405 0.72634 0.716245 0.727993 0.753445 0.780996 0.801948 0.810187
Actual  2   1   8 0.593801 0.619673 0.675455 0.732004 0.769572 0.783542 0.781502 0.769162 0.751512 0.734243 0.724111 0.72827 0.750813 0.7814 0.806334 0.816406
Kludge  2   1   8 0.600642 0.621479 0.669197 0.722291 0.765056 0.788637 0.789712 0.774664 0.751086 0.728339 0.718585 0.730622 0.756247 0.783847 0.804774 0.812989
Actual  3   1   1 0.593709 0.617417 0.64335 0.701046 0.751163 0.770599 0.770339 0.758388 0.74069 0.723292 0.712999 0.71688 0.738942 0.768981 0.7935 0.803411
Kludge  3   1   1 0.580515 0.600569 0.646983 0.699551 0.74289 0.767721 0.770338 0.75712 0.735685 0.714948 0.706037 0.71699 0.740554 0.766288 0.786078 0.793922
Actual  3   1   2 0.593738 0.617998 0.651148 0.709411 0.756714 0.774429 0.773402 0.761176 0.743399 0.725989 0.715717 0.719658 0.741834 0.772007 0.796628 0.806579
Kludge  3   1   2 0.60556 0.624124 0.666947 0.71526 0.754912 0.777301 0.77886 0.765568 0.744751 0.725102 0.717449 0.729416 0.753529 0.779359 0.798996 0.806729
Actual  3   1   3 0.593777 0.618914 0.664057 0.722104 0.764417 0.779821 0.777984 0.765548 0.747759 0.730382 0.720162 0.724206 0.74657 0.776959 0.801745 0.811759
Kludge  3   1   3 0.601143 0.62081 0.666017 0.716677 0.757845 0.780704 0.781706 0.767036 0.744226 0.722427 0.713298 0.725199 0.750237 0.777254 0.797817 0.805913
Actual  3   1   4 0.593797 0.61956 0.673751 0.730526 0.768805 0.782989 0.780979 0.768624 0.750954 0.733669 0.723523 0.727664 0.750181 0.780738 0.80565 0.815713
Kludge  3   1   4 0.60268 0.623122 0.669963 0.722146 0.764242 0.787448 0.788387 0.773364 0.749945 0.727445 0.71791 0.730021 0.755606 0.783134 0.804004 0.812198
Actual  3   1   5 0.586792 0.58268 0.628392 0.712795 0.759791 0.777406 0.777083 0.765285 0.747447 0.729673 0.718984 0.722628 0.744684 0.774865 0.799548 0.809535
Kludge  3   1   5 0.569328 0.592085 0.644532 0.703356 0.751238 0.778526 0.781928 0.768402 0.745816 0.723475 0.713335 0.72422 0.748495 0.77506 0.795424 0.803473
Actual  3   1   6 0.593658 0.618815 0.666074 0.699258 0.736939 0.769921 0.777072 0.767507 0.750741 0.733802 0.723808 0.728028 0.750594 0.781185 0.806116 0.816185
Kludge  3   1   6 0.594711 0.613237 0.65625 0.705299 0.746225 0.770298 0.773997 0.763379 0.745686 0.729117 0.723542 0.735763 0.75883 0.783219 0.801697 0.808965
Actual  3   1   7 0.593784 0.619262 0.669565 0.726824 0.766836 0.781583 0.77968 0.767311 0.749603 0.732287 0.722115 0.726218 0.748673 0.779161 0.80402 0.814063
Kludge  3   1   7 0.599004 0.619924 0.66784 0.721161 0.764105 0.787769 0.788803 0.773601 0.749767 0.726687 0.716579 0.728336 0.753808 0.781376 0.802335 0.810577
Actual  3   1   8 0.593799 0.619623 0.674695 0.731345 0.76923 0.783296 0.781269 0.768922 0.751263 0.733988 0.723849 0.728001 0.750532 0.781106 0.80603 0.816098
Kludge  3   1   8 0.601041 0.621785 0.6693 0.722189 0.764811 0.788324 0.789392 0.774383 0.75088 0.728227 0.718541 0.730585 0.756173 0.783727 0.804619 0.812822
Actual  4   1   1 0.593734 0.618089 0.65287 0.709973 0.75633 0.774267 0.773578 0.761557 0.74388 0.726507 0.716241 0.720185 0.742372 0.772559 0.797192 0.807149
Kludge  4   1   1 0.574343 0.59588 0.645572 0.701483 0.747151 0.773047 0.775607 0.76152 0.738613 0.71619 0.706113 0.717077 0.741456 0.76818 0.788712 0.796839
Actual  4   1   2 0.593797 0.619561 0.673757 0.730531 0.768807 0.78299 0.780979 0.768623 0.750949 0.733659 0.723509 0.727647 0.75016 0.780715 0.805625 0.815688
Kludge  4   1   2 0.596042 0.617282 0.66593 0.720042 0.763599 0.787616 0.788764 0.773515 0.749525 0.726247 0.716008 0.727798 0.753411 0.78114 0.802218 0.810504
Actual  4   1   3 0.593772 0.61874 0.66147 0.719847 0.763234 0.778967 0.777178 0.76472 0.7469 0.729498 0.719257 0.723274 0.745597 0.77594 0.800692 0.810693
Kludge  4   1   3 0.60083 0.620623 0.666095 0.717004 0.758314 0.78119 0.782084 0.767211 0.744135 0.722083 0.712844 0.72487 0.750167 0.777441 0.798182 0.806343
Actual  4   1   4 0.593801 0.619666 0.675348 0.731912 0.769524 0.783508 0.781469 0.769128 0.751477 0.734206 0.724073 0.72823 0.750771 0.781356 0.806289 0.81636
Kludge  4   1   4 0.601121 0.62199 0.669756 0.722849 0.765548 0.788998 0.789866 0.774533 0.750617 0.727558 0.717654 0.729805 0.755699 0.78358 0.804704 0.812994
Actual  4   1   5 0.586273 0.576628 0.621113 0.70691 0.755623 0.77526 0.775847 0.764396 0.746689 0.728964 0.718285 0.721918 0.743947 0.774094 0.798751 0.808728
Kludge  4   1   5 0.568041 0.590645 0.64282 0.701493 0.749442  0.777 0.780875 0.768025 0.746298 0.724861 0.71538 0.726408 0.750434 0.776611 0.79665 0.804566
Actual  4   1   6 0.593621 0.618588 0.663741 0.691864 0.72966 0.766804 0.776013 0.767078 0.750516 0.733653 0.723693 0.727926 0.750496 0.781086 0.806014 0.816082
Kludge  4   1   6 0.595281 0.613133 0.654718 0.702419 0.742571 0.766575 0.770897 0.76145 0.745324 0.730394 0.725967 0.73835 0.760876 0.784509 0.802379 0.809403
Actual  4   1   7 0.593762 0.618863 0.664509 0.722235 0.764324 0.779816 0.778096 0.765743 0.74801 0.730669 0.720471 0.724533 0.746917 0.777325 0.802124 0.812143
Kludge  4   1   7 0.5998 0.620372 0.667547 0.720165 0.762685 0.786238 0.787445 0.772646 0.7494 0.726965 0.717299 0.729061 0.754237 0.781441 0.802126 0.810262
Actual  4   1   8 0.593799 0.619614 0.674562 0.73123 0.76917 0.783253 0.781228 0.76888 0.75122 0.733943 0.723803 0.727953 0.750483 0.781054 0.805977 0.816045
Kludge  4   1   8 0.601205 0.621924 0.669385 0.722217 0.764798 0.788289 0.789355 0.774354 0.750864 0.728218 0.718522 0.730531 0.756074 0.783592 0.804462 0.812658
