 Actual and kludged survival report
  Actual/Kludged Season  Mvmnt_period  Region  Survival 
Actual  1   1   1 0.606096 0.62024 0.628539 0.656554 0.687852 0.693511 0.680723 0.660042 0.641628 0.632253 0.634249 0.648836 0.675235 0.705018 0.728281 0.737572
Kludge  1   1   1 0.536093 0.549778 0.58193 0.619378 0.65078 0.667146 0.663269 0.644818 0.620085 0.598632 0.591356 0.60553 0.633316 0.663644 0.687267 0.696719
Actual  1   1   2 0.606339 0.623134 0.659115 0.694564 0.714215 0.712614 0.696955 0.675252 0.656635 0.647469 0.649913 0.66516 0.692413 0.72305 0.746935 0.756464
Kludge  1   1   2 0.584256 0.597061 0.626812 0.660852 0.688587 0.701772 0.695565 0.675441 0.649636 0.62805 0.622149 0.63929 0.670395 0.703245 0.728225 0.738074
Actual  1   1   3 0.605883 0.616226 0.583261 0.614065 0.666035 0.67766 0.663917 0.640924 0.620209 0.608809 0.609009 0.621864 0.646477 0.674653 0.696823 0.705713
Kludge  1   1   3 0.601936 0.609216 0.626219 0.645839 0.661697 0.668167 0.661709 0.646453 0.628701 0.615545 0.614642 0.630566 0.656477 0.683406 0.703961 0.712105
Actual  1   1   4 0.606316 0.62279 0.655139 0.690343 0.711753 0.710851 0.695298 0.673533 0.654809 0.645527 0.647855 0.662979 0.690098 0.72061 0.744409 0.753905
Kludge  1   1   4 0.615432 0.625847 0.649989 0.677523 0.699694 0.709419 0.702396 0.683592 0.660634 0.642629 0.639891 0.658651 0.689887 0.721976 0.746024 0.755431
Actual  1   1   5 0.592951 0.524651 0.547293 0.644074 0.681276 0.689892 0.679469 0.659595 0.6397 0.627277 0.625671 0.636919 0.660637 0.688606  0.711 0.72007
Kludge  1   1   5 0.561587 0.574625 0.605297 0.641144 0.671548 0.688235 0.686547 0.671807 0.651599 0.634525 0.630288 0.64518 0.671788 0.700011 0.72166 0.73025
Actual  1   1   6 0.606228 0.621492 0.63127 0.640556 0.672634 0.687561 0.681586 0.664886 0.648832 0.640974 0.644049 0.659519 0.686732 0.717206 0.740921 0.750373
Kludge  1   1   6 0.601318 0.609599 0.629069 0.651823 0.670865 0.680224 0.676293 0.663451 0.6482 0.637759 0.639831 0.658745 0.687049 0.715429 0.736599 0.744875
Actual  1   1   7 0.606099 0.619673 0.620956 0.653999 0.690117 0.695212 0.680595 0.658319 0.638705 0.628456 0.629804 0.643877 0.669833 0.699261 0.722303 0.731518
Kludge  1   1   7 0.6108 0.619596 0.640066 0.663561 0.682536 0.690601 0.683794 0.666682 0.646271 0.630677 0.628874 0.646248 0.674878 0.704474 0.726863 0.735679
Actual  1   1   8 0.606324 0.622899 0.656393 0.691675 0.712531 0.711411 0.695829 0.674087 0.6554 0.646156 0.648522 0.663686 0.690848 0.721402 0.745228 0.754735
Kludge  1   1   8 0.615175 0.625764 0.650303 0.67827 0.700778 0.710668 0.703599 0.68457 0.661261 0.64287 0.639852 0.658551 0.689883 0.722119 0.746287 0.755742
Actual  2   1   1 0.604815 0.601822 0.453068 0.468477 0.56513 0.602065 0.595444 0.573063 0.550685 0.53673 0.533866 0.543027 0.563233 0.587143 0.606263 0.613997
Kludge  2   1   1 0.613992 0.614237 0.614447 0.61383 0.611589 0.606906 0.599503 0.591457 0.585544 0.584624 0.591486 0.607304 0.627797 0.647768 0.662696 0.668558
Actual  2   1   2 0.605868 0.61687 0.592279 0.617918 0.664277 0.676396 0.664772 0.643669 0.624377 0.614012 0.614984 0.628463 0.653629 0.68226 0.704718 0.713708
Kludge  2   1   2 0.616469 0.622704 0.637237 0.653939 0.667255 0.672198 0.665632 0.651475 0.635684 0.624911 0.626222 0.643608 0.670174 0.697169 0.717523 0.725533
Actual  2   1   3 0.60596 0.617392 0.595485 0.627028 0.673968 0.683468 0.669418 0.646636 0.626261 0.615221 0.615783 0.629028 0.654073 0.682654 0.705107 0.714102
Kludge  2   1   3 0.596978 0.605147 0.624235 0.64629 0.664247 0.671991 0.665702 0.649736 0.630735 0.616229 0.614441 0.630365 0.656884 0.684594 0.705773 0.714168
Actual  2   1   4 0.606321 0.622861 0.655959 0.691214 0.712262 0.711217 0.695644 0.673893 0.655193 0.645935 0.648288 0.663438 0.690584 0.721123 0.744939 0.754443
Kludge  2   1   4 0.615223 0.625699 0.649983 0.677671 0.699959 0.709737 0.702686 0.683788 0.660695 0.642552 0.639732 0.658505 0.689815 0.721992 0.746106 0.755538
Actual  2   1   5 0.596249 0.555427 0.582348 0.663476 0.695262 0.698822 0.685701 0.66466 0.644594 0.632538 0.631535 0.643446 0.667799 0.696282 0.718985 0.728157
Kludge  2   1   5 0.565232 0.57874 0.61036 0.646996 0.677599 0.693651 0.69032 0.67308 0.649852 0.629855 0.623692 0.638357 0.665958 0.695593 0.718417 0.727488
Actual  2   1   6 0.606218 0.621241 0.625941 0.629871 0.664235 0.682489 0.678536 0.662896 0.647391 0.639817 0.643034 0.658562 0.685779 0.71623 0.739918 0.749357
Kludge  2   1   6 0.603162 0.610647 0.628293 0.649015 0.666473 0.675166 0.671768 0.660415 0.647218 0.638861 0.64236 0.661532 0.689261 0.716784 0.737234 0.745214
Actual  2   1   7 0.606245 0.621747 0.643445 0.677916 0.704426 0.70557 0.690328 0.668382 0.649349 0.639733 0.641723 0.656487 0.683209 0.713352 0.736893 0.746293
Kludge  2   1   7 0.600959 0.611703 0.636676 0.66528 0.688491 0.698989 0.692343 0.673569 0.650323 0.631667 0.627873 0.645316 0.675402 0.706792 0.730569 0.73993
Actual  2   1   8 0.606328 0.622964 0.657143 0.692471 0.712996 0.711745 0.696144 0.674415 0.655749 0.646528 0.648916 0.664103 0.691291 0.721868 0.745711 0.755224
Kludge  2   1   8 0.614413 0.625132 0.64997 0.678275 0.701065 0.711127 0.704094 0.684996 0.661549 0.643005 0.639896 0.658623 0.690057 0.722405 0.746654 0.756139
Actual  3   1   1 0.605619 0.613264 0.555727 0.578675 0.639383 0.657993 0.647539 0.625993 0.605815 0.594457 0.594394 0.606735 0.630614 0.65803 0.679633 0.688303
Kludge  3   1   1 0.573556 0.580217 0.595915 0.614315 0.629605 0.636543 0.631832 0.619251 0.604471 0.593665 0.593363 0.607516 0.630396 0.654359 0.672837 0.68021
Actual  3   1   2 0.60577 0.615057 0.572589 0.599391 0.654503 0.669209 0.657156 0.63503 0.614728 0.603477 0.603663 0.61638 0.640755 0.668671 0.69064 0.699451
Kludge  3   1   2 0.623644 0.628868 0.640989 0.654792 0.665483 0.668658 0.661533 0.647777 0.632971 0.623303 0.625285 0.642509 0.668376 0.694562 0.714297 0.722064
Actual  3   1   3 0.606062 0.61893 0.611961 0.644505 0.684552 0.691178 0.676706 0.654203 0.634281 0.623725 0.624775 0.63854 0.664163 0.693283 0.716112 0.725248
Kludge  3   1   3 0.5919 0.601108 0.622613 0.647442 0.667722 0.676781 0.670495 0.653484 0.632791 0.616498 0.613544 0.629466 0.656784 0.68552 0.707518 0.716241
Actual  3   1   4 0.606279 0.622225 0.648644 0.683448 0.707714 0.707945 0.692554 0.670678 0.651775 0.642301 0.644437 0.659358 0.686253 0.716559 0.740213 0.749657
Kludge  3   1   4 0.619827 0.629483 0.651869 0.677402 0.697887 0.706576 0.699319 0.680922 0.658797 0.641734 0.639607 0.65831 0.689052 0.720565 0.744184 0.753427
Actual  3   1   5 0.596818 0.564184 0.592158 0.669376 0.699776 0.701457 0.68733 0.665845 0.645624 0.633545 0.632578 0.644551 0.66898 0.697531 0.72028 0.729469
Kludge  3   1   5 0.567302 0.580926 0.612758 0.649515 0.680038 0.695743 0.691739 0.673529 0.649131 0.627976 0.620991 0.63544 0.663287 0.693355 0.716563 0.725797
Actual  3   1   6 0.606207 0.621067 0.622901 0.624017 0.659599 0.679627 0.676768 0.661708 0.646504 0.639085 0.642377 0.657933 0.685148 0.715581 0.739251 0.748681
Kludge  3   1   6 0.603356 0.61048 0.627308 0.647139 0.663941 0.672443 0.669465 0.65902 0.647009 0.639831 0.644145 0.663496 0.69095 0.71803 0.738099 0.745921
Actual  3   1   7 0.606185 0.620899 0.634198 0.668085 0.698572 0.70134 0.686353 0.664271  0.645 0.635124 0.636851 0.651332 0.67774 0.707591 0.730928 0.740252
Kludge  3   1   7 0.604853 0.614869 0.638158 0.664853 0.686477 0.696044 0.689279 0.671035 0.64874 0.631124 0.627997 0.645383 0.67493 0.705675 0.728962 0.738131
Actual  3   1   8 0.606307 0.622648 0.653498 0.688601 0.710735 0.710119 0.694609 0.672818 0.65405 0.644721 0.647001 0.662075 0.689137 0.719598 0.743361 0.752844
Kludge  3   1   8 0.616241 0.626605 0.65063 0.678021 0.700061 0.709691 0.702616 0.683788 0.660817 0.642792 0.640011 0.6587 0.689858 0.721884 0.745892 0.755285
Actual  4   1   1 0.605767 0.615342 0.576345 0.601257 0.654087 0.668787 0.657365 0.635834 0.616002 0.605107 0.605562 0.618497 0.64306 0.671126 0.693189 0.702032
Kludge  4   1   1 0.554061 0.563858 0.586985 0.614184 0.637201 0.649012 0.645336 0.630801 0.612287 0.597423 0.594522 0.608856 0.633832 0.660437 0.681039 0.68927
Actual  4   1   2 0.606287 0.62234 0.649963 0.684846 0.708529 0.708519 0.693083 0.671219 0.652345 0.642907 0.645079 0.660038 0.686976 0.717321 0.741002 0.750455
Kludge  4   1   2 0.588903 0.600865 0.628676 0.660535 0.686481 0.698617 0.692238 0.672632 0.647798 0.627285 0.622047 0.639054 0.669508 0.701613 0.726041 0.735678
Actual  4   1   3 0.605968 0.617521 0.596854 0.628458 0.67482 0.68408 0.669992 0.647231 0.626892 0.615891 0.616494 0.629781 0.654872 0.683497 0.70598 0.714986
Kludge  4   1   3 0.598723 0.606761 0.625521 0.647152 0.66467 0.672012 0.665374 0.649102 0.629842 0.615151 0.613277 0.629232 0.655858 0.683696 0.704978 0.713415
Actual  4   1   4 0.606327 0.622946 0.656944 0.69226 0.712873 0.711656 0.696058 0.674323 0.65565 0.646422 0.648803 0.663984 0.691164 0.721734 0.745572 0.755084
Kludge  4   1   4 0.615695 0.626199 0.65053 0.678238 0.70049 0.71015 0.702876 0.683669 0.660229 0.64179 0.638843 0.657731 0.689301 0.72175 0.746062 0.755568
Actual  4   1   5 0.596723 0.558536 0.585296 0.663798 0.695255 0.698955 0.685892 0.664883 0.644917 0.633022 0.632201 0.644281 0.668775 0.697357 0.72011 0.729297
Kludge  4   1   5 0.565257 0.578876 0.610739 0.647613 0.678357 0.694398 0.690873 0.673294 0.649645 0.629256 0.622878 0.637616 0.665479 0.695412 0.718464 0.727625
Actual  4   1   6 0.606199 0.620999 0.622268 0.623096 0.658927 0.679198 0.676467 0.66147 0.646297 0.638892 0.642188 0.657742 0.68495 0.715376 0.739038 0.748466
Kludge  4   1   6 0.602621 0.609767 0.626657 0.646582 0.663501 0.672142 0.669326 0.659065 0.64725 0.640257 0.644712 0.664136 0.691602 0.71866 0.7387 0.746508
Actual  4   1   7 0.606044 0.619083 0.615753 0.648456 0.686665 0.6927 0.678291 0.656001 0.636307 0.625955 0.627186 0.641125 0.666923 0.6962 0.719135 0.728309
Kludge  4   1   7 0.611582 0.620273 0.640495 0.663697 0.682408 0.690288 0.683399 0.666284 0.645926 0.630406 0.628656 0.646027 0.674618 0.704168 0.726523 0.735326
Actual  4   1   8 0.606305 0.622615 0.653123 0.688203 0.710501 0.709951 0.694451 0.672653 0.653876 0.644535 0.646804 0.661866 0.688916 0.719365 0.743119 0.752599
Kludge  4   1   8 0.616366 0.626702 0.65066 0.677978 0.699961 0.70956 0.702489 0.683694 0.660773 0.642799 0.640051 0.658736 0.689865 0.721858 0.745841 0.755224
