          495  1.77598e-16
          694  2.10316e-16
           97   2.1664e-16
          893  9.65869e-16
         1291  9.95278e-16
         1490  1.50652e-15
          296  1.96839e-15
         1092  2.37213e-15
         1968  1.13465e-10
           55  1.50789e-09
          924  1.70512e-09
           26  1.94706e-09
           78  2.22652e-09
           92  2.55828e-09
           30  2.75923e-09
           68  3.10911e-09
         1986  3.33493e-09
           71  3.47501e-09
          955  3.67657e-09
           80  3.69923e-09
           77  3.84296e-09
          450  4.04999e-09
           18  5.10074e-09
           57  5.18427e-09
          499  5.21884e-09
           54  5.49407e-09
          466  5.78855e-09
           48  6.56646e-09
           23  6.70308e-09
            7  8.48181e-09
           33  8.74418e-09
           25  8.90684e-09
          898  1.12775e-08
           81  1.13535e-08
           91  1.29585e-08
          474   1.4288e-08
          900  1.56761e-08
         1966   1.7858e-08
           60  1.81871e-08
         1519  1.84789e-08
         1983  1.91586e-08
           95  1.97958e-08
           42  1.99465e-08
          317  2.09529e-08
           67  2.28422e-08
          662  2.44466e-08
           39  2.81362e-08
           66  3.08402e-08
           44  3.51871e-08
           56  3.80417e-08
           74  3.83237e-08
           90  3.83711e-08
          246  4.16224e-08
           43  4.18876e-08
          552  4.31876e-08
           36   4.6063e-08
          950  4.77852e-08
         1459  4.81119e-08
          742  6.03892e-08
           61  6.09055e-08
          701  8.71231e-08
          946  8.75959e-08
          438  1.00245e-07
          117  1.02165e-07
          752  1.33471e-07
          704  1.39672e-07
         1035  1.45497e-07
         1322  1.46476e-07
          799  1.47824e-07
         1553   1.5692e-07
         1234  1.65554e-07
           47   1.7109e-07
          813  1.81776e-07
          892  1.85977e-07
         1177  2.01192e-07
         1301  2.07564e-07
          122  2.11264e-07
          966  2.16999e-07
         1149  2.21154e-07
         1790   2.2628e-07
         1136  2.30898e-07
          171  2.32333e-07
          821  2.46303e-07
          187  2.59715e-07
          506  2.63103e-07
          802  2.70956e-07
          278   2.7257e-07
          831  2.76646e-07
          549  2.81539e-07
         1409   2.8694e-07
         1747  2.94148e-07
          820  2.96796e-07
         1718  3.01279e-07
         1314  3.04801e-07
          516  3.10842e-07
          785  3.16173e-07
          382  3.23404e-07
          759  3.27295e-07
         2055  3.33409e-07
          843  3.33715e-07
         1864  3.43348e-07
          560   3.6649e-07
         1303  3.80989e-07
          597  3.83041e-07
          237  3.87237e-07
          155  3.93963e-07
         1110   4.0395e-07
          675  4.07893e-07
          551   4.1289e-07
         1744   4.1877e-07
          838  4.20433e-07
          422  4.27055e-07
          696  4.38591e-07
         2025  4.43866e-07
          868  4.43971e-07
          485  4.49526e-07
         2011  4.68493e-07
         2049  4.71488e-07
         1132  4.73574e-07
         1365  4.86123e-07
          744     4.87e-07
         1882  4.88443e-07
         1182  4.97925e-07
          806  5.04949e-07
          257  5.14529e-07
         2022  5.29996e-07
          186  5.38422e-07
         1848  5.39123e-07
          683  5.39442e-07
          103  5.41754e-07
          769  5.43806e-07
         1097  5.60383e-07
          603   5.6812e-07
          264  5.68877e-07
         1963  5.75969e-07
          139  5.80245e-07
          793  5.81579e-07
          743  5.81926e-07
         1343  5.95404e-07
         2134  6.06414e-07
         1255  6.06596e-07
          657   6.1776e-07
         1148  6.19153e-07
         2158  6.25401e-07
         1355  6.27161e-07
         2181  6.30633e-07
          570  6.31347e-07
         1226  6.33795e-07
         1324  6.36074e-07
          907  6.38113e-07
          795  6.43854e-07
          575  6.48893e-07
          429  6.53604e-07
          777  6.81022e-07
         1802  6.85957e-07
         1540  6.86423e-07
          801  7.08834e-07
         1896  7.13325e-07
          641  7.22343e-07
         2062  7.24653e-07
          747    7.257e-07
          647  7.30174e-07
          476  7.34143e-07
          695  7.34209e-07
          640  7.39206e-07
         1980  7.44464e-07
         1661  7.45888e-07
          634   7.5695e-07
         1725  7.72833e-07
           62  7.74727e-07
          205  7.75886e-07
          626  7.80188e-07
         2169  7.93348e-07
         1520  7.95883e-07
         1912  8.01714e-07
          710   8.0967e-07
          865  8.15281e-07
           64  8.32672e-07
          510  8.37221e-07
         1359  8.44462e-07
         1219  8.69507e-07
          767  8.80657e-07
          291  8.85273e-07
         1296   8.8819e-07
          782  9.04464e-07
          426  9.06347e-07
         1731  9.06594e-07
          746  9.21835e-07
          391  9.25485e-07
         1746  9.25673e-07
          792   9.5053e-07
          283  9.53546e-07
          276  9.59746e-07
         1922  9.60119e-07
         2148  9.66017e-07
          700  9.66272e-07
         1830  9.90078e-07
          875  1.00142e-06
          442  1.00929e-06
          482  1.02267e-06
          890  1.04716e-06
         1724  1.05292e-06
         1916  1.06295e-06
          503  1.06985e-06
          330  1.09286e-06
         1268  1.11665e-06
          863  1.13442e-06
           52  1.13714e-06
           99  1.13884e-06
          625  1.14298e-06
          815  1.15819e-06
          221  1.15839e-06
          878  1.18506e-06
          379  1.18758e-06
          137  1.19943e-06
          131  1.20188e-06
          864  1.20455e-06
         2086  1.21424e-06
          754  1.21875e-06
         1295  1.23148e-06
         2068  1.24415e-06
         1308  1.25516e-06
          780  1.26522e-06
         1756  1.27142e-06
          738  1.27817e-06
          292  1.29627e-06
         1240  1.29903e-06
         1342  1.31479e-06
         1533  1.31776e-06
          628  1.32355e-06
          825  1.33648e-06
          846  1.34127e-06
          502  1.35008e-06
         1351  1.35641e-06
         1507  1.39107e-06
          599  1.42885e-06
          726  1.43223e-06
         2078  1.43679e-06
         1502  1.44044e-06
          175  1.44418e-06
         1510  1.45314e-06
         1669  1.47292e-06
          181  1.47485e-06
          724  1.48564e-06
          531  1.48939e-06
          201  1.49133e-06
         1828  1.50511e-06
         1599  1.51415e-06
          872  1.52628e-06
          207  1.52946e-06
          661  1.55571e-06
           88  1.56044e-06
         2138  1.56528e-06
         1727  1.57376e-06
          947   1.5742e-06
          671  1.57846e-06
         2094    1.579e-06
          143  1.58135e-06
           45  1.59325e-06
          146  1.60469e-06
         1207  1.60558e-06
         1326  1.61019e-06
          596  1.62067e-06
          740  1.62578e-06
         1723   1.6267e-06
          645  1.63216e-06
         1095  1.63885e-06
          817  1.63994e-06
          306  1.64712e-06
          713  1.68332e-06
          722  1.68488e-06
         1422  1.68595e-06
         2225  1.69573e-06
          269  1.69819e-06
          739   1.7048e-06
         1920  1.71415e-06
          766  1.72613e-06
         2190  1.75012e-06
         1755  1.76326e-06
         1692  1.76834e-06
          811  1.77094e-06
          293  1.78096e-06
         2039  1.78812e-06
          392  1.79199e-06
          755  1.79373e-06
         1964  1.80203e-06
         1480     1.81e-06
         1413  1.81062e-06
         1357  1.82182e-06
         1893  1.83323e-06
          879  1.85338e-06
         1361  1.85737e-06
          717  1.86139e-06
         1366  1.86905e-06
         2170  1.87077e-06
         1838  1.87134e-06
          449  1.87313e-06
            8  1.88359e-06
          223  1.88479e-06
         1373  1.91032e-06
          578  1.91097e-06
          790  1.92017e-06
          618    1.943e-06
          484  1.95639e-06
          827  1.96828e-06
         1358  1.97198e-06
         1155  1.97441e-06
          525  1.98418e-06
         1040  1.98466e-06
         1953  1.98916e-06
          850  2.00284e-06
         2141  2.01659e-06
          779  2.03784e-06
         1494  2.05278e-06
         1493  2.06126e-06
         1103  2.07056e-06
         1072  2.07244e-06
         2118  2.07649e-06
         1589  2.08587e-06
          916  2.12208e-06
         1375  2.14691e-06
          804  2.17499e-06
          349  2.18166e-06
         2154  2.19541e-06
          962  2.21038e-06
          760  2.21209e-06
         1292  2.22104e-06
          834  2.23052e-06
          573  2.24378e-06
         1100  2.24465e-06
         1892  2.25146e-06
         1773  2.25377e-06
          732  2.26318e-06
         1078  2.26466e-06
         1338  2.27968e-06
          612  2.28941e-06
           19  2.29705e-06
         1915  2.30053e-06
          508  2.31828e-06
         2070  2.31843e-06
         1688  2.33434e-06
          665  2.34237e-06
          791  2.34951e-06
         1977  2.35957e-06
         1304  2.36993e-06
          913  2.37161e-06
         1976   2.3759e-06
         2026  2.39382e-06
          310  2.39892e-06
          145  2.42245e-06
         1778  2.42562e-06
          735  2.44686e-06
          346  2.44981e-06
         1534  2.45013e-06
         1713  2.45141e-06
         1701  2.45847e-06
           59    2.467e-06
          590  2.46793e-06
          195  2.47195e-06
          762  2.47287e-06
          748  2.48764e-06
         1686  2.49187e-06
         1376  2.49616e-06
          685  2.50636e-06
          304  2.51928e-06
          912  2.52274e-06
          407  2.52566e-06
           16  2.54139e-06
         1496  2.55152e-06
          970  2.56727e-06
         1545  2.57305e-06
          707  2.57769e-06
         1491  2.57943e-06
         2056  2.57959e-06
          721  2.58652e-06
           22   2.5867e-06
         1792  2.59467e-06
         1094  2.59652e-06
          267  2.59767e-06
         1331  2.62109e-06
         1016  2.64091e-06
          153  2.64499e-06
          856  2.64804e-06
          608  2.65235e-06
         1879  2.67127e-06
         1411  2.69869e-06
         2160  2.69912e-06
          937  2.70146e-06
         1710   2.7145e-06
         1758  2.71774e-06
         1032  2.71816e-06
         2090   2.7229e-06
         2165  2.73394e-06
          927   2.7461e-06
         1323  2.75285e-06
          213  2.76102e-06
          135  2.76764e-06
          441  2.78483e-06
          428  2.78967e-06
          874   2.7919e-06
         1866  2.81218e-06
           50  2.82281e-06
         1914  2.83176e-06
          214  2.83297e-06
          670   2.8403e-06
          204  2.84252e-06
          527  2.84672e-06
         1544  2.84885e-06
         1191  2.85697e-06
         1150  2.86462e-06
          679   2.8814e-06
         1614  2.89047e-06
          521  2.91046e-06
          730  2.92761e-06
          823  2.94522e-06
          814  2.94663e-06
          630  2.96017e-06
          150  2.96515e-06
          666  2.98196e-06
          693  2.98272e-06
         1319  2.99686e-06
          731  2.99797e-06
          605  3.01691e-06
          118  3.03411e-06
         2104  3.03581e-06
          663  3.03922e-06
          451  3.04271e-06
         1091   3.0502e-06
         1300   3.0642e-06
          130  3.06724e-06
          960  3.06845e-06
          622  3.07075e-06
          229  3.08164e-06
          368  3.09168e-06
          915  3.09537e-06
           28  3.09624e-06
         1307  3.10188e-06
          654  3.10786e-06
          644  3.12495e-06
          835  3.12812e-06
         1205  3.14045e-06
         2218  3.15093e-06
          768  3.18177e-06
          763  3.18321e-06
         1345  3.18826e-06
          543  3.19719e-06
         2021  3.20598e-06
          581  3.20985e-06
          869  3.21591e-06
         2102  3.21964e-06
          232  3.25546e-06
         1903  3.26236e-06
         1180  3.27452e-06
          781  3.29055e-06
         1486  3.29306e-06
         1617  3.29318e-06
          652  3.31458e-06
          691  3.31748e-06
          505  3.32172e-06
         1190   3.3258e-06
         1174  3.33553e-06
          758  3.35345e-06
         1299  3.36738e-06
         1198  3.37091e-06
         2085   3.3721e-06
          252  3.37615e-06
         1320  3.38502e-06
          614  3.39323e-06
          519  3.40462e-06
          881  3.40527e-06
          493  3.42704e-06
          197   3.4358e-06
         2132  3.43636e-06
         1186  3.43643e-06
          699  3.44461e-06
          555  3.45106e-06
          602  3.46843e-06
          844  3.46872e-06
          681  3.47849e-06
         1648  3.48692e-06
          667  3.50435e-06
         1904  3.52052e-06
          325  3.53574e-06
         2135  3.53801e-06
          638  3.53917e-06
          889  3.54642e-06
         1203   3.5493e-06
          233  3.55237e-06
         1334  3.55943e-06
          771  3.56588e-06
          684  3.56968e-06
         1508  3.57971e-06
          504  3.58895e-06
         1372  3.59982e-06
         1560   3.6052e-06
          880  3.61578e-06
          540  3.61654e-06
          842   3.6186e-06
         1695  3.62421e-06
           70  3.62964e-06
          677  3.64447e-06
          757  3.65099e-06
         1309  3.65127e-06
          803  3.65342e-06
          567  3.66245e-06
         1691  3.68275e-06
          895  3.68733e-06
          711   3.6927e-06
         1850  3.72398e-06
          882  3.73033e-06
          255  3.73058e-06
          589  3.73664e-06
         1749   3.7486e-06
          617  3.74938e-06
          427  3.75653e-06
          323  3.75811e-06
          636  3.76297e-06
          741  3.76722e-06
          936  3.76913e-06
         2155  3.77403e-06
          607  3.77995e-06
         1627  3.79084e-06
         1500  3.81305e-06
         1978  3.82066e-06
          167  3.82569e-06
          709  3.83109e-06
          270  3.83993e-06
          687  3.84617e-06
          833  3.84901e-06
          249  3.87573e-06
          923  3.88403e-06
         1483  3.88572e-06
         2019  3.88929e-06
          507  3.90455e-06
          244  3.91627e-06
          532  3.92227e-06
          788  3.92878e-06
         2042  3.94148e-06
         2012  3.94682e-06
         1504  3.94751e-06
         1315  3.94791e-06
          376  3.99725e-06
         1004  4.01889e-06
          958  4.02369e-06
         2189  4.02672e-06
           98  4.03034e-06
          105  4.05466e-06
          689   4.0568e-06
          151  4.06335e-06
          202  4.07414e-06
          281  4.07797e-06
         2156  4.07952e-06
         1927  4.08232e-06
         1603  4.08444e-06
          179  4.08458e-06
         1700  4.08459e-06
          413  4.09119e-06
         1732  4.09125e-06
         1929   4.1079e-06
          415  4.12192e-06
          290  4.12225e-06
          837  4.12239e-06
          705  4.13463e-06
         1684  4.13902e-06
         1037  4.14156e-06
         1254  4.14178e-06
          535  4.14431e-06
          631   4.1552e-06
          295  4.15647e-06
         1447  4.18139e-06
         1056  4.18385e-06
         2219  4.19578e-06
         1721   4.1962e-06
          973    4.229e-06
          719  4.23501e-06
          643  4.24204e-06
          342  4.24405e-06
         1924  4.25287e-06
         1794  4.26507e-06
          300  4.26544e-06
          702  4.27182e-06
         1216  4.27453e-06
          119  4.28822e-06
          794  4.29758e-06
          619   4.3038e-06
          302  4.31294e-06
          322  4.31355e-06
          855  4.31455e-06
         1555  4.32749e-06
         1538  4.32773e-06
          189  4.34201e-06
         1311   4.3548e-06
         1884  4.36924e-06
         2098  4.37843e-06
         1169  4.38207e-06
         1330  4.39855e-06
          616  4.39922e-06
          553  4.41287e-06
          134   4.4163e-06
         1325  4.42115e-06
         1363  4.42289e-06
         1610  4.42533e-06
         1199  4.43119e-06
          102   4.4343e-06
          522  4.47111e-06
          706  4.48033e-06
         1279  4.48093e-06
         1547  4.49208e-06
         1348  4.49256e-06
         1926  4.49769e-06
          524  4.49936e-06
          109  4.52504e-06
          891  4.53865e-06
         1389  4.54183e-06
          152  4.54745e-06
         2067  4.55033e-06
         1907    4.554e-06
          796  4.55607e-06
          703  4.55805e-06
          154  4.58304e-06
          715  4.58912e-06
         1473   4.5952e-06
          866  4.59992e-06
         1071  4.60517e-06
         1050  4.60551e-06
           15  4.61819e-06
          772  4.65166e-06
         1141  4.65182e-06
         1033  4.66607e-06
         1489  4.67275e-06
          443  4.67332e-06
         1530  4.68035e-06
         1898   4.6892e-06
         1129  4.69544e-06
          613  4.69654e-06
         2143  4.70092e-06
          734  4.71208e-06
          974   4.7126e-06
          140  4.73689e-06
         2066  4.74167e-06
         1543  4.76335e-06
         1497  4.77618e-06
          287  4.78366e-06
          523  4.78409e-06
          784  4.78826e-06
         1427  4.78982e-06
         1601  4.80002e-06
         1633   4.8101e-06
         1660  4.83475e-06
          173  4.84319e-06
         1965  4.85954e-06
         2172  4.86149e-06
          812  4.86715e-06
         1038  4.86871e-06
          377  4.87248e-06
         1206  4.87506e-06
         1202  4.87718e-06
          114   4.8784e-06
         1625  4.87995e-06
          632  4.88605e-06
         2185  4.89832e-06
         2146  4.90514e-06
          520  4.91166e-06
          961   4.9135e-06
          708   4.9171e-06
          826   4.9218e-06
          128  4.92205e-06
         1570  4.94425e-06
          847  4.94719e-06
         1650  4.99121e-06
          859  4.99363e-06
         1084  5.00295e-06
           93  5.00544e-06
          680  5.00789e-06
         1449  5.01558e-06
          906  5.03096e-06
          798  5.04113e-06
         1579  5.05257e-06
         1297   5.0629e-06
          294  5.06667e-06
          860  5.07453e-06
         1872  5.08411e-06
          272  5.08938e-06
         1298  5.09911e-06
         1681   5.1079e-06
          217  5.12633e-06
          682  5.12747e-06
          157  5.13112e-06
         1243  5.13312e-06
          969  5.13747e-06
          587  5.14865e-06
         2144  5.14883e-06
         1910  5.15118e-06
          579  5.15141e-06
         1487  5.16056e-06
          501  5.16621e-06
         1143  5.19709e-06
         1221  5.20352e-06
           58  5.21106e-06
         1629  5.23224e-06
          512  5.25255e-06
         1578  5.25891e-06
         1740  5.27461e-06
          366   5.2939e-06
         2175  5.30445e-06
          886  5.30546e-06
         1554  5.31807e-06
          138  5.33117e-06
         1522  5.34142e-06
         1083  5.34845e-06
          956  5.35106e-06
          526  5.36333e-06
         1341  5.44814e-06
          348  5.45683e-06
          253   5.4676e-06
          245  5.47221e-06
          698  5.49039e-06
          265  5.49903e-06
          896  5.51148e-06
         1853  5.53078e-06
         1640  5.53901e-06
         1542  5.59357e-06
         2139  5.61557e-06
         2232  5.62011e-06
          931   5.6265e-06
           10  5.63514e-06
          115  5.66934e-06
          736  5.69074e-06
          124   5.7022e-06
          178  5.71793e-06
          986  5.72712e-06
          854  5.73181e-06
          542  5.74436e-06
         2253  5.74934e-06
         1062  5.75084e-06
         2215  5.75977e-06
         1567  5.76361e-06
          489  5.77925e-06
          511  5.78875e-06
         2174  5.81001e-06
         1548  5.81654e-06
         1478  5.81951e-06
          822  5.82019e-06
          789  5.82131e-06
         2208  5.83421e-06
         1967  5.85301e-06
          400   5.8814e-06
          216  5.89686e-06
         1919  5.89941e-06
         2210  5.91405e-06
         1541  5.92493e-06
         1676  5.95038e-06
         1551  5.95581e-06
          600   5.9833e-06
          697  5.98419e-06
         1350   6.0278e-06
         1374  6.03687e-06
         1899   6.0592e-06
         2088  6.06271e-06
          774  6.08862e-06
          751  6.10302e-06
         1894  6.10814e-06
          494  6.11129e-06
         2112  6.16897e-06
           86  6.17877e-06
          594   6.2019e-06
         2065  6.24729e-06
          840  6.25683e-06
          180  6.26888e-06
         1293  6.27874e-06
         1435  6.30912e-06
         1130  6.32258e-06
          321  6.34443e-06
         1715  6.35731e-06
         1737  6.36753e-06
         1797   6.3749e-06
         1439  6.40025e-06
          490  6.43011e-06
          279  6.43662e-06
          434  6.45282e-06
         1970  6.45932e-06
          345  6.46506e-06
         1128   6.4674e-06
            4  6.47426e-06
         1803  6.47987e-06
         1537  6.48117e-06
         1131  6.50274e-06
          775  6.51458e-06
         1105  6.52835e-06
         1178  6.53837e-06
         1335  6.55015e-06
          971  6.55191e-06
          883  6.55471e-06
         1532  6.56078e-06
         2045  6.56188e-06
          756  6.57103e-06
         1431  6.57657e-06
         1328  6.57932e-06
          668  6.60748e-06
         2184  6.66271e-06
         1196  6.66871e-06
         1600  6.67086e-06
           63  6.69504e-06
         1908  6.69599e-06
          773  6.71412e-06
         1261  6.71535e-06
          808  6.71999e-06
         2108  6.72477e-06
          390  6.72821e-06
         1327  6.72944e-06
          545  6.75224e-06
          125  6.75713e-06
         2226  6.77754e-06
         2020  6.79614e-06
           72  6.80254e-06
         1015  6.81835e-06
          888  6.83254e-06
         1133  6.83628e-06
         2157  6.85879e-06
          199  6.86284e-06
         1104   6.8652e-06
          894  6.87423e-06
         1706  6.88742e-06
          720  6.90713e-06
         1135  6.91372e-06
           94  6.94573e-06
         1310  6.94801e-06
          133  6.96561e-06
         1763  6.96626e-06
         1856  6.97055e-06
          610  6.99435e-06
          836   7.0147e-06
         1051  7.02868e-06
          870   7.0455e-06
          877  7.04951e-06
         1230  7.05772e-06
         2079  7.10392e-06
          163   7.1044e-06
          929   7.1082e-06
         1831  7.10827e-06
          656  7.12528e-06
         1860  7.12738e-06
         1607  7.13658e-06
          453  7.13911e-06
         1165  7.14471e-06
          418  7.16128e-06
         1386  7.16993e-06
         1875  7.18024e-06
         1666  7.18029e-06
          660  7.18993e-06
         2198  7.19167e-06
         1122  7.21724e-06
          800   7.2215e-06
           13  7.22475e-06
         1410  7.22762e-06
          884  7.22967e-06
         2003  7.24197e-06
         1992   7.2474e-06
         1638  7.25991e-06
         2171  7.28648e-06
          149  7.29749e-06
          405  7.32186e-06
          959  7.34351e-06
          611  7.34592e-06
         1886  7.34727e-06
          839  7.39479e-06
         2013  7.40423e-06
          690  7.40746e-06
         1114  7.41023e-06
         2221  7.41851e-06
         2200  7.42079e-06
         1204  7.42523e-06
          433  7.42538e-06
          331   7.4292e-06
          673  7.43319e-06
         1561  7.43324e-06
         1158  7.44591e-06
         1616  7.44857e-06
         1527  7.44965e-06
         1716  7.46634e-06
         1318  7.47317e-06
         1931  7.47698e-06
         1156  7.48015e-06
         1380  7.51185e-06
          554  7.51741e-06
          750  7.52361e-06
         2036  7.53116e-06
         1832  7.53683e-06
          335  7.54968e-06
          832  7.55727e-06
         1043  7.56717e-06
         1518  7.57614e-06
         2176  7.58669e-06
          432  7.65618e-06
          378  7.66867e-06
         1282  7.67596e-06
         1804  7.68434e-06
          584  7.70618e-06
          372  7.70638e-06
           20  7.70803e-06
         1157  7.73463e-06
         1921  7.75926e-06
          561  7.79031e-06
          165  7.80677e-06
         2201   7.8211e-06
         1549  7.82976e-06
         2040  7.83004e-06
          655  7.85281e-06
         1367  7.86155e-06
          397  7.86213e-06
          568  7.87358e-06
         1897  7.87618e-06
          259  7.90997e-06
          728  7.92175e-06
          583   7.9408e-06
          930  7.94247e-06
         1267  7.95154e-06
         1800  7.95411e-06
          421  7.96283e-06
         1146  7.97632e-06
          615  7.98493e-06
         1399  7.98575e-06
         2183  8.00566e-06
         1769  8.01386e-06
         1861  8.01737e-06
         2168  8.03956e-06
          585  8.04344e-06
         2204  8.04925e-06
          991  8.05003e-06
         1312  8.06639e-06
          212  8.06658e-06
         1138   8.0798e-06
          621  8.08851e-06
         1049  8.10895e-06
         2091   8.1114e-06
          807  8.12402e-06
         1339  8.13415e-06
         1162  8.13487e-06
         1281  8.14226e-06
         1188  8.15343e-06
         2191  8.15466e-06
         1834  8.15896e-06
         1557    8.175e-06
         2238  8.19854e-06
         1396  8.20631e-06
         2110  8.24856e-06
         1382  8.26967e-06
         1767  8.27221e-06
         1042  8.27734e-06
          381  8.28216e-06
          500  8.29611e-06
         1689  8.31138e-06
          314  8.31664e-06
          604  8.32842e-06
         1248  8.33662e-06
         1167  8.33954e-06
         1985  8.34329e-06
         1153  8.34833e-06
          996  8.35684e-06
         2164  8.36049e-06
         1241  8.36836e-06
          336  8.37034e-06
         2149  8.37562e-06
          362  8.39794e-06
          787  8.40928e-06
          714  8.41891e-06
          393  8.45726e-06
          887   8.4609e-06
          627  8.47369e-06
          653  8.48564e-06
         2034  8.49068e-06
          183  8.49725e-06
           49  8.50508e-06
           34  8.51299e-06
          851  8.51936e-06
         2089  8.52102e-06
         1717   8.5303e-06
         1598  8.53739e-06
          444  8.54638e-06
          918  8.56685e-06
          646  8.58302e-06
          219   8.6136e-06
         1356  8.61471e-06
         1712  8.63982e-06
         1113  8.65837e-06
         1891  8.67627e-06
         1275  8.68783e-06
         1471  8.71992e-06
          733  8.72278e-06
          723   8.7266e-06
         1698  8.76978e-06
         1591   8.7772e-06
         1728  8.78239e-06
         1972  8.78346e-06
         1736  8.79511e-06
          395  8.80764e-06
         1428  8.82117e-06
         1215  8.83553e-06
          191  8.86325e-06
         2194  8.86592e-06
         1741  8.86713e-06
          873  8.88894e-06
         1733  8.90881e-06
          853   8.9112e-06
         1017  8.94543e-06
          536  8.94752e-06
         1726   8.9573e-06
         1902  8.98544e-06
          248  9.01347e-06
          674  9.03762e-06
         1048  9.08353e-06
         1140  9.09029e-06
          620   9.0992e-06
         2126  9.18539e-06
          978   9.1992e-06
         1768  9.20352e-06
         1719  9.25475e-06
         1998  9.26533e-06
         1430   9.2861e-06
         1423  9.29753e-06
         1498  9.32908e-06
          127  9.33335e-06
          903  9.33829e-06
          530  9.35951e-06
         1425  9.36613e-06
          639  9.37161e-06
          142  9.39659e-06
         2140  9.42263e-06
         1624  9.43334e-06
         1704  9.44683e-06
          770  9.44939e-06
          867  9.49972e-06
          161  9.54631e-06
         1346  9.55924e-06
          669  9.57746e-06
          158  9.60113e-06
          909  9.62793e-06
         2076  9.65532e-06
          515  9.65836e-06
          544  9.66031e-06
         1685  9.66315e-06
          338   9.6696e-06
          250  9.68311e-06
         1481  9.68994e-06
         1390  9.70502e-06
         2178  9.70667e-06
          419  9.71878e-06
          394  9.72095e-06
         1108  9.73521e-06
          564  9.73562e-06
         1854  9.73723e-06
          871  9.74773e-06
         1509  9.76185e-06
          562   9.7732e-06
          588  9.78647e-06
          980  9.87849e-06
         1858  9.90219e-06
          824  9.90761e-06
          370  9.93049e-06
          162  9.95913e-06
         1895  9.99401e-06
          305  1.00067e-05
         1394  1.00462e-05
          783  1.00581e-05
          273  1.00739e-05
         1674  1.00938e-05
          897  1.00948e-05
         1290  1.01334e-05
         1228  1.01584e-05
          953   1.0169e-05
         1738  1.02287e-05
          776  1.02433e-05
          110  1.02445e-05
         1552  1.02713e-05
         1125  1.03075e-05
         1436  1.03166e-05
          576  1.03193e-05
         2203  1.03372e-05
          226  1.03473e-05
          468  1.03618e-05
         1954  1.03745e-05
         1612  1.03841e-05
          261  1.03965e-05
         1247  1.03998e-05
          227  1.04068e-05
         1397  1.04119e-05
         1086  1.04178e-05
         1888  1.04338e-05
         1987  1.04614e-05
         1443  1.04968e-05
         1434  1.05028e-05
         1019  1.05203e-05
         1124  1.05521e-05
         1877  1.06279e-05
          901  1.06444e-05
         1262  1.06787e-05
         1499  1.07285e-05
         1012  1.07505e-05
          241  1.07688e-05
         2166  1.07765e-05
          606  1.07826e-05
         1622  1.07929e-05
          547  1.08004e-05
         1639  1.08296e-05
         1511  1.09242e-05
          725  1.09346e-05
          341  1.09406e-05
         2038  1.09558e-05
          582  1.09941e-05
         1213  1.09987e-05
         1820  1.10194e-05
         1442  1.10257e-05
         1263  1.10333e-05
         1462   1.1054e-05
          513  1.10657e-05
          849  1.10669e-05
         1163  1.10796e-05
         1821  1.11059e-05
         2093  1.11229e-05
          712  1.11452e-05
          845  1.11669e-05
          289  1.12079e-05
         1535   1.1238e-05
          327   1.1243e-05
          828  1.12519e-05
         1237  1.12658e-05
          797  1.12673e-05
         1415  1.12825e-05
         1757  1.13049e-05
          271  1.13272e-05
          297  1.13375e-05
           85   1.1339e-05
          932  1.13919e-05
          972  1.14391e-05
         1618  1.14432e-05
          558  1.14467e-05
          487  1.14728e-05
          172  1.14839e-05
         1677  1.14884e-05
          480  1.15023e-05
         1452  1.15364e-05
          284  1.15417e-05
         1466  1.15512e-05
         1945  1.15629e-05
         1257  1.15858e-05
           89  1.15898e-05
         1781  1.16432e-05
         1653  1.16841e-05
         1418  1.16892e-05
          354  1.17362e-05
         2234  1.17751e-05
         1340  1.17845e-05
         1969  1.17855e-05
         2101  1.17976e-05
          497  1.18182e-05
         1333  1.18337e-05
         1414  1.18339e-05
          215  1.18655e-05
         1642  1.18826e-05
          211  1.18902e-05
          416   1.1926e-05
          177   1.1936e-05
          285  1.19433e-05
          386  1.19589e-05
          908  1.19715e-05
          933  1.19789e-05
         1200  1.20276e-05
          399  1.20408e-05
         1076  1.20449e-05
          230  1.20654e-05
           17  1.20791e-05
         1417  1.20868e-05
         2092  1.20986e-05
          408  1.21023e-05
          200   1.2105e-05
          649  1.21773e-05
         1458  1.21954e-05
         1197  1.22224e-05
         2069  1.22295e-05
         2227  1.22481e-05
         2206  1.22796e-05
         1777  1.22824e-05
         1173  1.23126e-05
          624  1.23196e-05
          948  1.23388e-05
          303  1.23638e-05
         1055  1.23703e-05
          463  1.23816e-05
         2237  1.23898e-05
         1003  1.24208e-05
         1573   1.2449e-05
         2187  1.24568e-05
         1289  1.24588e-05
          414  1.24866e-05
          328  1.24872e-05
         1673  1.25026e-05
          355  1.25247e-05
          112  1.25459e-05
         1209  1.25641e-05
          473   1.2585e-05
         1492  1.26066e-05
         1224  1.26204e-05
          778  1.26368e-05
         1707  1.26454e-05
         2161   1.2655e-05
           73  1.26649e-05
         1913  1.27389e-05
         1461  1.27709e-05
          236  1.28014e-05
         1305  1.28149e-05
          994  1.29014e-05
         1144  1.29256e-05
          857  1.29496e-05
          465  1.29548e-05
            3  1.29614e-05
          315  1.29702e-05
          686  1.29822e-05
         1313   1.3009e-05
          319  1.30192e-05
         2167  1.30324e-05
         2216  1.30606e-05
         1463  1.30644e-05
         1905  1.30867e-05
          224  1.31335e-05
         1720  1.31392e-05
         1387  1.31538e-05
         2228  1.32506e-05
         1054  1.32516e-05
          786  1.32663e-05
         1058  1.32964e-05
          977  1.33184e-05
         1889  1.33218e-05
         1009  1.33223e-05
         1563  1.33245e-05
         1484  1.33505e-05
          648  1.33661e-05
         1789    1.337e-05
          967  1.33793e-05
         1448  1.33822e-05
         1064  1.34047e-05
          964  1.34077e-05
         1506  1.34306e-05
         1825  1.35052e-05
         2241  1.35317e-05
          247  1.35605e-05
         1455    1.358e-05
          910  1.36223e-05
          963  1.36716e-05
         1470  1.36805e-05
         1997  1.36854e-05
         1034  1.36905e-05
          307  1.37202e-05
         1818  1.37228e-05
          658  1.37348e-05
          810  1.37461e-05
          985  1.37947e-05
          998  1.38078e-05
          716  1.38103e-05
         1580  1.38621e-05
         2211  1.38745e-05
         1588  1.38758e-05
          637  1.39139e-05
         1187  1.39771e-05
          556  1.39893e-05
          121  1.40007e-05
          445  1.40075e-05
          228   1.4013e-05
         1634  1.40328e-05
         1900   1.4035e-05
          188  1.40592e-05
         1613  1.40621e-05
         2095  1.41205e-05
          623  1.41264e-05
         2192   1.4131e-05
          593  1.41509e-05
         1063  1.41579e-05
         1277  1.41714e-05
         2080  1.42529e-05
         1025  1.42769e-05
         1925  1.42935e-05
         2222  1.43409e-05
         2035  1.43838e-05
          676  1.44178e-05
         1939  1.44282e-05
         1782  1.44362e-05
         2224  1.44488e-05
          239  1.44492e-05
          529  1.44674e-05
          541  1.44826e-05
         1822  1.45103e-05
         2212  1.45209e-05
         1909   1.4527e-05
         1027  1.45618e-05
          280  1.46016e-05
          320  1.46066e-05
          935  1.46167e-05
         1353  1.46179e-05
         2044  1.46281e-05
         2043  1.46322e-05
          369  1.46577e-05
          459  1.46779e-05
         1750  1.47118e-05
         1002   1.4736e-05
         1583  1.47469e-05
          401  1.48177e-05
         1408  1.48285e-05
          841  1.48942e-05
         1568  1.49427e-05
          528  1.49691e-05
         2123  1.49946e-05
         1407  1.50402e-05
           83  1.50771e-05
         1571  1.51018e-05
         1671  1.51022e-05
          423  1.51072e-05
          830   1.5121e-05
         1194   1.5137e-05
          727  1.51615e-05
         1231  1.51967e-05
         2064  1.52327e-05
         1662  1.52787e-05
         1810  1.52826e-05
          108  1.52931e-05
           35  1.52955e-05
         1337  1.53523e-05
         2209  1.53622e-05
         1082  1.53766e-05
         1260  1.53992e-05
          166  1.54353e-05
          475  1.54375e-05
         1841  1.54429e-05
         1210  1.55148e-05
         1220  1.55439e-05
         2052   1.5601e-05
         1336   1.5624e-05
           40  1.56487e-05
           31   1.5657e-05
          471   1.5675e-05
         1911  1.56765e-05
         1574  1.56767e-05
         1550  1.57098e-05
         2096  1.57291e-05
          818  1.57301e-05
          852   1.5732e-05
          371  1.57529e-05
          308  1.58106e-05
         1881  1.58136e-05
           24  1.58286e-05
         1675   1.5846e-05
         2074  1.58595e-05
         1236  1.58716e-05
         1193  1.58903e-05
          254  1.59143e-05
         2163  1.59406e-05
         1536  1.59866e-05
         2177  1.59982e-05
         2001  1.60131e-05
         1984  1.60164e-05
          885  1.60474e-05
         2072  1.60509e-05
          737  1.60809e-05
          920  1.60826e-05
         1501  1.61548e-05
           87  1.61653e-05
         1690  1.61688e-05
          458  1.61874e-05
           51  1.61918e-05
         1906  1.62162e-05
          141  1.62883e-05
         1274  1.62964e-05
          258  1.62967e-05
         1871  1.63056e-05
           37    1.638e-05
          491  1.64228e-05
         1081  1.64234e-05
         1564   1.6434e-05
          601  1.64365e-05
         2180  1.64635e-05
          481     1.65e-05
          984   1.6502e-05
         1294  1.65412e-05
         1222  1.65625e-05
          218  1.65713e-05
         1649  1.65865e-05
         1503  1.65897e-05
         1730  1.65966e-05
         1824  1.66131e-05
         2236  1.66233e-05
          234  1.66668e-05
         1160  1.66903e-05
          435  1.67016e-05
         1137  1.67475e-05
          363  1.67578e-05
          988  1.68439e-05
         1476  1.68569e-05
         1264  1.68684e-05
         1405  1.68841e-05
          753  1.68939e-05
          650  1.69304e-05
          479  1.69394e-05
         1682  1.69542e-05
           38  1.69593e-05
          361  1.69714e-05
          113  1.69848e-05
         1395  1.70052e-05
          563  1.70222e-05
          565   1.7034e-05
          609  1.70717e-05
         2199  1.71305e-05
          992  1.71564e-05
         1474  1.71727e-05
         1559   1.7217e-05
         1362  1.72192e-05
         1941  1.72623e-05
          436  1.72644e-05
          548  1.72707e-05
           84  1.72731e-05
          198  1.73052e-05
         1786  1.73077e-05
            9   1.7344e-05
          518  1.73571e-05
          899  1.73813e-05
         1783  1.73832e-05
         1734  1.73856e-05
         1170  1.74026e-05
         1722  1.74241e-05
         1946  1.74329e-05
          592  1.74388e-05
          406  1.74792e-05
         1134  1.74953e-05
         2059  1.75101e-05
         2117  1.75111e-05
         1596   1.7515e-05
         2060   1.7518e-05
         2136  1.75415e-05
            2  1.76046e-05
          729    1.761e-05
         2213  1.76249e-05
          206  1.76385e-05
         1665  1.76454e-05
         1663  1.76466e-05
          208  1.76951e-05
         2147  1.77502e-05
         1287  1.77564e-05
         1604  1.77989e-05
          388  1.78019e-05
         1590  1.78094e-05
          164  1.78156e-05
         1805  1.78281e-05
         1495  1.78411e-05
         1855  1.78558e-05
          275  1.78602e-05
         1360  1.78958e-05
         1762  1.79203e-05
          559  1.79203e-05
          430  1.79413e-05
          940  1.79446e-05
         2243   1.7949e-05
         1816  1.79619e-05
          472    1.798e-05
          574  1.79865e-05
         1729  1.79992e-05
         1539  1.80131e-05
         1000  1.80541e-05
         2047  1.80688e-05
         1329  1.80941e-05
          447  1.81541e-05
         1626  1.81753e-05
         1670  1.81785e-05
          492  1.81903e-05
         2058  1.81917e-05
          976  1.81925e-05
         1171  1.81979e-05
         1989  1.82052e-05
         1253  1.82459e-05
         1256  1.82857e-05
         1525  1.83416e-05
         1306  1.83504e-05
         1010  1.83511e-05
         1632  1.83938e-05
          107  1.84081e-05
         1233  1.84302e-05
         1711  1.84814e-05
         2235  1.85193e-05
          965  1.85556e-05
          288   1.8557e-05
         1635  1.86067e-05
         2182  1.86127e-05
         1917   1.8613e-05
         1377  1.86268e-05
          761  1.86331e-05
         1799  1.86666e-05
         1227  1.86667e-05
          470  1.86811e-05
         1753  1.87074e-05
          126   1.8726e-05
          101  1.87377e-05
         1029  1.87956e-05
         2041  1.87997e-05
         1928  1.88232e-05
         1876  1.88951e-05
          987  1.89166e-05
         1065  1.89598e-05
         1109  1.89671e-05
          546  1.89737e-05
         1637  1.89875e-05
          858  1.90726e-05
         1827  1.90845e-05
         1391  1.90853e-05
         1477  1.90919e-05
         1996  1.91039e-05
          340   1.9143e-05
         1835  1.92042e-05
          420  1.92231e-05
         1595  1.92429e-05
         1934  1.92945e-05
         1655  1.93383e-05
         1754  1.93463e-05
         1829  1.94507e-05
         1061  1.94853e-05
          571  1.94935e-05
         2188  1.94969e-05
         1705  1.95656e-05
          387  1.95659e-05
         1464  1.95704e-05
         1569  1.95913e-05
         1517  1.95957e-05
          123  1.95974e-05
          104  1.96311e-05
         1445  1.96789e-05
         1246  1.96867e-05
          997  1.97143e-05
          533   1.9756e-05
         1223  1.97582e-05
         1214  1.97675e-05
         2127  1.97783e-05
         1870  1.97831e-05
         1099  1.99067e-05
         1080  1.99131e-05
         1273  1.99414e-05
         1013  1.99923e-05
          222  1.99986e-05
         1918  2.00087e-05
         1285   2.0097e-05
         1239  2.00972e-05
         1852  2.01182e-05
          194  2.01186e-05
         1936  2.01537e-05
         1368  2.01943e-05
          410  2.02029e-05
          968  2.02486e-05
         1465  2.02659e-05
         1885  2.03373e-05
          914  2.03843e-05
          809  2.04489e-05
         2220  2.04733e-05
          460  2.04924e-05
         2173   2.0546e-05
         1070  2.05621e-05
         1119  2.06677e-05
          203  2.06835e-05
          282  2.07082e-05
         1467  2.07129e-05
          598   2.0786e-05
            1  2.08005e-05
          144  2.08193e-05
          192  2.08244e-05
          263  2.08398e-05
         2120  2.08527e-05
         1438  2.08688e-05
         2207  2.08894e-05
         1087  2.09017e-05
          111  2.09024e-05
         1743  2.09048e-05
         1107  2.09257e-05
         2242  2.09461e-05
          242   2.0951e-05
         1611  2.10295e-05
         1687   2.1049e-05
          688  2.10893e-05
         1121  2.11008e-05
          922  2.11291e-05
         2097  2.11423e-05
         2053  2.11632e-05
         1933  2.11635e-05
         1057  2.11813e-05
         1751  2.12007e-05
         1940  2.12298e-05
          580  2.12773e-05
         1145  2.12811e-05
         1807   2.1292e-05
         1316  2.14098e-05
         2017  2.14654e-05
         1586  2.15587e-05
          816  2.15699e-05
         1383  2.16131e-05
          383  2.16763e-05
          424  2.16798e-05
         1609  2.16879e-05
          431  2.17066e-05
          176  2.17224e-05
          334  2.17867e-05
          951   2.1812e-05
           76  2.18362e-05
         1761  2.18465e-05
          286  2.18491e-05
         1837   2.1857e-05
         2100  2.18593e-05
         1472  2.18755e-05
          251  2.18938e-05
         2122  2.18974e-05
         1678  2.19213e-05
         1774   2.1929e-05
         1839  2.19336e-05
         1973  2.19464e-05
         1454  2.20477e-05
          902  2.21044e-05
         1482  2.21052e-05
          298  2.21059e-05
          642  2.21144e-05
         1558  2.21222e-05
         1172  2.21354e-05
         1181  2.21578e-05
         1393  2.21763e-05
         2159   2.2179e-05
          990  2.22234e-05
         2050  2.22269e-05
          159  2.22352e-05
          404  2.22458e-05
         2071   2.2261e-05
         1679  2.22691e-05
         1516   2.2286e-05
          848  2.23915e-05
          591  2.24067e-05
          100  2.24117e-05
         1284  2.24422e-05
          238   2.2446e-05
          225  2.24771e-05
          326   2.2508e-05
         1088  2.25151e-05
         1258  2.25154e-05
          359   2.2532e-05
         2186  2.25395e-05
         1192  2.25457e-05
         1823  2.25979e-05
          156  2.26019e-05
         1028   2.2656e-05
         1646  2.26872e-05
         1515  2.26979e-05
         1053  2.27322e-05
         2152  2.27981e-05
         1371  2.28944e-05
           65  2.29011e-05
         2195  2.29371e-05
         1680  2.29388e-05
         1212  2.29687e-05
          425  2.29915e-05
          106  2.31551e-05
          220  2.32395e-05
         2162  2.33219e-05
         1923  2.33369e-05
         1005  2.33822e-05
         1023   2.3406e-05
         1859   2.3417e-05
         1164  2.34416e-05
         1999  2.34847e-05
         1979  2.35069e-05
         2051  2.35078e-05
         1974  2.35182e-05
         1668  2.35275e-05
           29  2.35492e-05
         1836   2.3596e-05
         1994  2.36176e-05
         1090  2.36284e-05
         1962  2.36401e-05
         1505  2.36553e-05
         1880  2.36879e-05
         2197  2.36881e-05
         1185  2.37153e-05
         1217   2.3717e-05
         2099   2.3749e-05
         1117  2.37497e-05
          550  2.37629e-05
          452   2.3781e-05
           12  2.37837e-05
         1529  2.37866e-05
         1120   2.3822e-05
         2005  2.38266e-05
         1139  2.39217e-05
         1651  2.40141e-05
            6  2.40687e-05
         1052  2.40759e-05
         1843  2.40914e-05
          409  2.41413e-05
          569  2.41465e-05
          805  2.42378e-05
          635  2.42515e-05
         1242  2.43169e-05
         1302  2.43425e-05
         2142   2.4459e-05
         1208  2.44903e-05
         1403  2.44924e-05
          921  2.45307e-05
         1468  2.45545e-05
         2113  2.46158e-05
          718  2.46161e-05
         1488  2.46214e-05
         1419  2.46609e-05
         1993  2.46621e-05
         1748  2.46736e-05
          911  2.46874e-05
          995  2.46883e-05
          467  2.47177e-05
         2037   2.4749e-05
          464  2.47929e-05
         1672  2.48391e-05
         2028  2.49082e-05
         2116  2.49139e-05
         1011  2.49168e-05
         1878   2.4931e-05
          537   2.4934e-05
         1378  2.49853e-05
         2214  2.50074e-05
          509   2.5031e-05
         1288  2.50931e-05
          983  2.50974e-05
         1195  2.50985e-05
          403  2.51469e-05
          209  2.51528e-05
          595  2.52291e-05
         2083  2.52689e-05
         1475  2.52759e-05
          184  2.52976e-05
         1440  2.53278e-05
         1232  2.53423e-05
          566   2.5365e-05
         1022   2.5368e-05
         1883  2.53983e-05
         1225    2.542e-05
         1865  2.54675e-05
         1944    2.553e-05
          120  2.55683e-05
           96  2.56281e-05
         1602   2.5648e-05
          268  2.57191e-05
         1631  2.58174e-05
         2032  2.58686e-05
         1708  2.59148e-05
           21  2.59251e-05
         1112   2.5933e-05
         1096  2.59691e-05
          313  2.59874e-05
          301  2.60759e-05
         1424  2.61652e-05
         1286   2.6192e-05
         2016  2.62056e-05
          129   2.6269e-05
          190  2.62771e-05
          469  2.62954e-05
          168  2.63144e-05
          384  2.63317e-05
         2130  2.64232e-05
         1766  2.65225e-05
          539  2.66025e-05
         2010  2.66099e-05
         2107  2.66762e-05
          496  2.66816e-05
          311  2.66978e-05
         1840  2.67651e-05
         1948  2.68293e-05
          651  2.68304e-05
         2023  2.68737e-05
           82  2.69193e-05
         1623  2.69411e-05
         1218  2.69616e-05
          572   2.6976e-05
          329   2.6976e-05
          412  2.70325e-05
          764  2.70524e-05
         1739  2.71285e-05
          876  2.71515e-05
          861  2.72028e-05
         2153  2.72728e-05
          692  2.72753e-05
         2223  2.72766e-05
         1101  2.72807e-05
         1714  2.73481e-05
            5  2.75276e-05
         1402  2.75634e-05
         2230  2.76193e-05
         1126  2.76356e-05
         1460   2.7659e-05
          829  2.76613e-05
         1006  2.77455e-05
         1400  2.77769e-05
          993  2.78204e-05
         2131  2.78619e-05
         1469  2.78695e-05
         1901  2.78792e-05
         1152  2.79886e-05
         1426  2.80065e-05
         1943  2.80269e-05
          339  2.80297e-05
          659  2.80458e-05
         2128  2.80987e-05
         1935  2.81086e-05
         1593  2.81378e-05
         2029  2.82035e-05
         2150  2.82275e-05
         1456  2.82643e-05
          919  2.82753e-05
         2145  2.82803e-05
         2252    2.829e-05
         1184  2.83399e-05
          945   2.8353e-05
          538  2.83645e-05
         1446  2.83916e-05
         1211  2.85171e-05
          132  2.85434e-05
          629  2.85859e-05
           41  2.86039e-05
         1364  2.86281e-05
         1659  2.86812e-05
          514  2.86821e-05
         2024  2.87138e-05
          375  2.87214e-05
         2137  2.87358e-05
         1060  2.87628e-05
         1349  2.88827e-05
          957  2.89678e-05
         1576  2.89904e-05
         1981  2.90759e-05
          975  2.90941e-05
          136  2.90957e-05
         1238  2.91295e-05
          402  2.91814e-05
           27  2.92605e-05
         2015  2.93497e-05
         1116  2.93702e-05
         1265   2.9445e-05
         2129  2.94682e-05
         1868   2.9504e-05
         1819  2.95894e-05
         1765  2.96703e-05
          944  2.98077e-05
         1791  2.98941e-05
          274  2.99444e-05
          160  2.99473e-05
          664  3.00164e-05
         1644  3.00169e-05
           11  3.00556e-05
          577  3.00631e-05
          170  3.00719e-05
         1742  3.02068e-05
         2217  3.04537e-05
          309  3.04716e-05
         1266  3.05104e-05
         1432  3.05746e-05
         1031  3.06235e-05
         2109  3.06791e-05
          235  3.06888e-05
         2193  3.07192e-05
         1523  3.07725e-05
          982  3.09306e-05
         1317  3.09319e-05
         2027  3.09476e-05
         1647  3.10063e-05
         1369  3.11196e-05
         1176  3.11409e-05
         1546  3.12448e-05
          356  3.14657e-05
          938  3.14705e-05
          148  3.14778e-05
          260  3.15841e-05
         1250  3.16473e-05
         2061  3.17058e-05
         2002  3.17287e-05
          182  3.17717e-05
         1085  3.17748e-05
         1562  3.17767e-05
         1175  3.18156e-05
         1702  3.18408e-05
          904  3.19619e-05
         1597  3.20067e-05
          954  3.20588e-05
          633  3.20792e-05
         1621  3.21003e-05
         2057  3.21345e-05
          905  3.21439e-05
         1272  3.21578e-05
          240  3.21652e-05
         2125  3.22676e-05
         1421  3.23101e-05
         1937  3.23321e-05
         1278  3.23744e-05
          557  3.24255e-05
          672  3.24601e-05
         1752  3.25236e-05
          380  3.25444e-05
         2048  3.26086e-05
         1381   3.2663e-05
          819  3.26723e-05
          586  3.26945e-05
         2030  3.27097e-05
         2202  3.27424e-05
         1018  3.27874e-05
         1620  3.28104e-05
         1392  3.28368e-05
         1874  3.28572e-05
         1565  3.30051e-05
          678  3.31022e-05
          277  3.31099e-05
         1566  3.31541e-05
          478   3.3178e-05
         1026  3.32352e-05
         1770  3.32442e-05
         1451  3.33307e-05
           69  3.33546e-05
         1388  3.34526e-05
         1709  3.34614e-05
          396  3.35602e-05
           14  3.35611e-05
         2133  3.35729e-05
         1433  3.36046e-05
         1526  3.36407e-05
         1179  3.36432e-05
         1479  3.36644e-05
           32  3.36714e-05
          448  3.37237e-05
          446  3.38007e-05
         2229  3.38637e-05
         2009  3.39133e-05
          440  3.39621e-05
         1975  3.40727e-05
          952  3.42976e-05
         1524  3.43381e-05
         1420   3.4341e-05
         2233  3.44018e-05
         1582  3.44021e-05
          316  3.44364e-05
         1201  3.44904e-05
          926  3.46053e-05
          174  3.46187e-05
           46  3.46364e-05
         1890  3.48278e-05
          385  3.48295e-05
         1657  3.49991e-05
         2081  3.51081e-05
         1594  3.51629e-05
         2054  3.51834e-05
         1615   3.5309e-05
         1683  3.53155e-05
          231  3.53351e-05
         2063   3.5347e-05
         1585  3.54839e-05
         2087  3.56682e-05
          299  3.56998e-05
          454  3.57301e-05
          266  3.57385e-05
         1930   3.5821e-05
         1066  3.60148e-05
         1630  3.60524e-05
          373    3.608e-05
         1528  3.61003e-05
         1932   3.6108e-05
          147  3.61866e-05
          917  3.62302e-05
         1089  3.63944e-05
         1862  3.64056e-05
         1406   3.6413e-05
         1703  3.64254e-05
         1147  3.64463e-05
           53  3.64698e-05
         2073  3.64846e-05
         1699  3.64903e-05
         1344  3.64977e-05
          411  3.65576e-05
         1332   3.6639e-05
         1512  3.66401e-05
         2111   3.6812e-05
          942  3.68409e-05
         1531  3.71098e-05
         1270  3.71335e-05
         1873  3.71366e-05
          462  3.71468e-05
         2196  3.74589e-05
         1485  3.74973e-05
         1606  3.75863e-05
         1161   3.7707e-05
         1771  3.77342e-05
         1444  3.77831e-05
         2115  3.78448e-05
         1693   3.8348e-05
          534  3.84619e-05
         1404   3.8469e-05
         1379  3.84761e-05
         1652  3.85376e-05
         1106  3.85519e-05
           79  3.86291e-05
         1036  3.86592e-05
         1801  3.87124e-05
         1074  3.89197e-05
         1412  3.89889e-05
         1269  3.90617e-05
         1575  3.92139e-05
         1249  3.92855e-05
          477  3.92912e-05
          350   3.9297e-05
         1995  3.93231e-05
         2179  3.93766e-05
         1008  3.94297e-05
          196   3.9885e-05
         1429  4.01609e-05
         1067  4.02487e-05
          989  4.02628e-05
         1772  4.02916e-05
         2007  4.03166e-05
          943   4.0483e-05
         1628  4.04922e-05
         1024  4.05133e-05
         1514  4.05906e-05
         1942   4.0632e-05
          862  4.07208e-05
         1577  4.07236e-05
         1735  4.07555e-05
         2082  4.07816e-05
          351  4.08839e-05
         2231  4.09712e-05
         1971  4.10934e-05
         1605  4.11702e-05
         1251  4.12867e-05
         2006  4.13146e-05
          745  4.13251e-05
         1127  4.14556e-05
         1887  4.15647e-05
          243  4.16788e-05
          486  4.18679e-05
         1851  4.19353e-05
         1513  4.23878e-05
         1809  4.23921e-05
          365  4.24656e-05
          116  4.25647e-05
          749  4.27265e-05
          262  4.27343e-05
         1764   4.2844e-05
         1111  4.30007e-05
         1229  4.30046e-05
         1354  4.32218e-05
         1102  4.32655e-05
         2046  4.32848e-05
         1779   4.3302e-05
          332  4.34609e-05
         1982   4.3522e-05
         1636  4.35338e-05
         1077  4.38605e-05
         1075  4.38667e-05
         1384  4.39645e-05
         1398  4.41639e-05
          352  4.42744e-05
         1068  4.43658e-05
         1283  4.43883e-05
         1014  4.44411e-05
         1760  4.45537e-05
         1745  4.48005e-05
         1142  4.48387e-05
         1046  4.48943e-05
         1069  4.49149e-05
         1787  4.50851e-05
          256  4.52087e-05
         1592  4.52643e-05
         2077  4.53688e-05
         1123  4.56658e-05
         1795  4.57099e-05
          456  4.57571e-05
         1352  4.57822e-05
          483  4.59001e-05
         1645  4.59428e-05
          949  4.59472e-05
         1271  4.60037e-05
         1098  4.60899e-05
          999  4.61096e-05
         1833  4.64944e-05
          374  4.66906e-05
          337  4.72344e-05
         2119  4.72638e-05
         1991  4.72696e-05
         1521  4.72979e-05
         2205  4.74119e-05
         1845  4.74544e-05
         1664  4.74841e-05
         2004  4.75953e-05
          928   4.7664e-05
         1667  4.78931e-05
          347  4.79994e-05
         1847  4.80152e-05
         1988  4.84368e-05
          457  4.85175e-05
          934  4.86298e-05
          169  4.86311e-05
         1857  4.86606e-05
         1168  4.89318e-05
          498  4.93067e-05
         1556  4.94004e-05
         2075   4.9702e-05
         1166  4.98316e-05
         1437  4.99816e-05
         1280  5.02607e-05
         1817  5.03119e-05
          343  5.03175e-05
         1581  5.03908e-05
          210  5.04118e-05
         1587  5.04719e-05
         1401  5.06144e-05
         2106   5.0717e-05
         1826    5.083e-05
         1453  5.09195e-05
          193  5.11331e-05
         1608  5.11562e-05
          765  5.13179e-05
         1093  5.13336e-05
         1952  5.13973e-05
          353  5.14854e-05
         1007  5.16145e-05
          318  5.17018e-05
         1785  5.17088e-05
         2239  5.17197e-05
         1656   5.1744e-05
         1584  5.21153e-05
         1694  5.23844e-05
         1867  5.28567e-05
          925  5.33154e-05
         1775   5.3513e-05
         1959  5.35655e-05
         1641  5.38833e-05
          488  5.40286e-05
         1252  5.41936e-05
         1001  5.41943e-05
         2151  5.42546e-05
         1370  5.43369e-05
         1815  5.44389e-05
         1321  5.44681e-05
         1259  5.46069e-05
         1947  5.46323e-05
          981  5.49097e-05
         1041  5.53299e-05
         2121  5.60856e-05
         1950  5.66806e-05
          333  5.67232e-05
          517  5.67529e-05
          979  5.68019e-05
         1811  5.70159e-05
          439  5.70281e-05
         1079  5.71554e-05
         1347  5.71592e-05
         1793  5.76613e-05
         1696  5.77341e-05
         2114  5.77347e-05
          417   5.7754e-05
          185  5.78312e-05
         1788  5.81277e-05
          398  5.82171e-05
         1808  5.85479e-05
          364  5.85577e-05
          389  5.87156e-05
         1047  5.87751e-05
         1643  5.87839e-05
         1951  5.88999e-05
         1450  5.92927e-05
          437  5.93992e-05
         1276  5.96518e-05
         1759  6.06623e-05
         2124  6.06786e-05
         1159  6.08749e-05
         1416  6.11325e-05
         2033  6.15205e-05
         1849  6.15781e-05
         1842  6.18386e-05
         1235  6.22229e-05
         1812  6.22505e-05
         1385  6.24968e-05
         1045  6.29895e-05
         2014    6.303e-05
         1044  6.31813e-05
         1938  6.34038e-05
         1039  6.37425e-05
          344   6.3833e-05
         1654  6.44302e-05
          367  6.44419e-05
         1949  6.47094e-05
          939  6.48133e-05
         1784  6.50634e-05
         1572  6.55278e-05
         2008  6.58116e-05
          941   6.5903e-05
         1658  6.73357e-05
         1619  6.81631e-05
         1813  6.82123e-05
         1021  6.84544e-05
         1957   6.8582e-05
         1457  6.86022e-05
          358  6.88724e-05
         1955   6.8972e-05
         1798  6.90129e-05
         1151  6.94272e-05
         1863  6.97329e-05
         1697  7.02929e-05
         2031  7.03879e-05
         2000   7.0702e-05
         1814  7.15719e-05
          360  7.21004e-05
         1869  7.27394e-05
         1154   7.3905e-05
         1244  7.40289e-05
         1183  7.47689e-05
         2084  7.52166e-05
          324  7.62245e-05
         1780  7.62754e-05
         1115  7.67111e-05
         1059  7.68577e-05
         1956  7.72293e-05
         2248  7.75491e-05
         1030  7.91987e-05
          357  7.99146e-05
         1245  8.07225e-05
          455  8.08714e-05
         2240  8.10501e-05
         1189  8.12452e-05
         2249  8.30014e-05
         1441  8.66059e-05
         1073  8.69812e-05
         1020  9.25075e-05
         1961  9.25221e-05
          312  9.53603e-05
         1958  9.65131e-05
         2105  9.68431e-05
         1796  9.80176e-05
         2018  9.88427e-05
         1806  0.000100896
         1118  0.000105291
         1844  0.000109498
         2103  0.000110382
         1846  0.000116795
         1960  0.000122993
         1776  0.000135216
           75  0.000137809
         2247  0.000140473
          461  0.000165078
         2246  0.000173334
         2245  0.000544555
         1990   0.00055625
         2251   0.00099731
         2244   0.00133108
         2250   0.00236297
