 Actual and kludged survival report
  Actual/Kludged Season  Mvmnt_period  Region  Survival 
Actual  1   1   1 0.616197 0.630377 0.638796 0.666135 0.694156 0.694401 0.674792 0.64683 0.622408 0.610074 0.613245 0.633688 0.669996 0.709971 0.740331 0.752219
Kludge  1   1   1 0.54648 0.560197 0.591974 0.62807 0.656795 0.66878 0.658302 0.631725 0.59904 0.572463 0.565986 0.588352 0.628034 0.669581 0.700925 0.713209
Actual  1   1   2 0.616449 0.633297 0.668817 0.702642 0.719094 0.712433 0.690219 0.661381 0.636838 0.624791 0.628544 0.64987 0.687342 0.728475 0.759662 0.77186
Kludge  1   1   2 0.593496 0.606186 0.635272 0.66774 0.692791 0.701852 0.689543 0.661892 0.628725 0.60256 0.597921 0.623455 0.666168 0.709479 0.741342 0.753636
Actual  1   1   3 0.615959 0.626127 0.592421 0.623162 0.672176 0.678509 0.657972 0.627674 0.60091 0.586449 0.587595 0.60589 0.639816 0.677597 0.706466 0.71781
Kludge  1   1   3 0.612326 0.619416 0.635633 0.653607 0.666732 0.669044 0.656642 0.634389 0.610081 0.592885 0.592752 0.615263 0.650632 0.686504 0.713286 0.723743
Actual  1   1   4 0.616424 0.632942 0.664836 0.698503 0.716713 0.710732 0.68861 0.659702 0.635046 0.622875 0.626495 0.647666 0.684959 0.725923 0.756994 0.769149
Kludge  1   1   4 0.625629 0.63572 0.658754 0.684273 0.703451 0.708944 0.695988 0.670102 0.640427 0.618465 0.617256 0.644052 0.686083 0.727736 0.758001 0.769602
Actual  1   1   5 0.601457 0.534357 0.560381 0.653841 0.687845 0.691456 0.674178 0.646787 0.6206 0.604787 0.603744 0.620088 0.65289 0.690358 0.719458 0.731011
Kludge  1   1   5 0.570703 0.583716 0.613941 0.648476 0.676443 0.689269 0.681872 0.660137 0.633021 0.611298 0.60727 0.628491 0.664484 0.701579 0.729346 0.740187
Actual  1   1   6 0.616337 0.63169 0.642174 0.652043 0.68063 0.689238 0.67588 0.651659 0.629504 0.618669 0.622977 0.644446 0.681785 0.722668 0.753629 0.76573
Kludge  1   1   6 0.60795 0.616588 0.63652 0.65903 0.676481 0.682284 0.672302 0.651837 0.629211 0.614182 0.617285 0.644027 0.683252 0.721609 0.749487 0.760195
Actual  1   1   7 0.616198 0.629813 0.631597 0.663896 0.69641 0.696115 0.674794 0.645322 0.619756 0.606576 0.609096 0.628983 0.664771 0.704311 0.734398 0.746191
Kludge  1   1   7 0.620202 0.628843 0.64861 0.670563 0.686935 0.690997 0.678357 0.654247 0.627204 0.607611 0.606985 0.631754 0.670624 0.709576 0.738254 0.749347
Actual  1   1   8 0.616428 0.632991 0.665381 0.699069 0.717039 0.710966 0.688835 0.659939 0.635302 0.623149 0.626788 0.647982 0.685301 0.726289 0.757378 0.769539
Kludge  1   1   8 0.624996 0.635315 0.658863 0.684945 0.704565 0.710278 0.697261 0.671062 0.64089 0.618389 0.616809 0.643569 0.685791 0.727689 0.758141 0.769813
Actual  2   1   1 0.614831 0.611348 0.462293 0.480074 0.574558 0.605703 0.591717 0.561706 0.533118 0.515863 0.513388 0.526939 0.554937 0.586947 0.611745 0.621568
Kludge  2   1   1 0.624318 0.62459 0.624588 0.623081 0.618819 0.610482 0.597515 0.58295 0.571014 0.566195 0.57293 0.593163 0.620589 0.647572 0.667719 0.675616
Actual  2   1   2 0.615948 0.626829 0.601763 0.627294 0.670697 0.677425 0.658922 0.630488 0.60515 0.591751 0.593731 0.61276 0.647397 0.685787 0.71505 0.726532
Kludge  2   1   2 0.625305 0.631511 0.645649 0.661179 0.67219 0.673259 0.660848 0.639676 0.617279 0.602445 0.604579 0.628664 0.664754 0.700668 0.727179 0.737464
Actual  2   1   3 0.616046 0.627399 0.605369 0.636636 0.680304 0.684436 0.663615 0.633567 0.607179 0.593126 0.594715 0.613528 0.648065 0.686425 0.715696 0.727188
Kludge  2   1   3 0.607058 0.615077 0.633463 0.653956 0.669245 0.67286 0.660586 0.637498 0.611767 0.593096 0.592133 0.614941 0.651312 0.688288 0.715878 0.726642
Actual  2   1   4 0.61643 0.633022 0.665738 0.699441 0.717253 0.71112 0.688979 0.660088 0.63546 0.623317 0.626968 0.648175 0.685509 0.726512 0.75761 0.769775
Kludge  2   1   4 0.625467 0.635623 0.658801 0.684473 0.703764 0.709296 0.696286 0.670265 0.640406 0.618269 0.616972 0.64382 0.685986 0.727776 0.758137 0.769773
Actual  2   1   5 0.605333 0.565555 0.595082 0.673225 0.701581 0.700009 0.68012 0.651738 0.625579 0.610374 0.610222 0.627553 0.661334 0.699604 0.729185 0.740894
Kludge  2   1   5 0.573995 0.587465 0.618605 0.653892 0.682037 0.694215 0.685127 0.660783 0.63052 0.605869 0.600197 0.621812 0.659527 0.698616 0.727887 0.73931
Actual  2   1   6 0.616332 0.631525 0.638495 0.644709 0.674938 0.68581 0.67381 0.650307 0.628526 0.617884 0.622285 0.643786 0.681117 0.721974 0.75291 0.764999
Kludge  2   1   6 0.609128 0.617145 0.635667 0.656622 0.672874 0.678184 0.668649 0.64943 0.628555 0.615318 0.619622 0.64651 0.685152 0.722719 0.749972 0.760434
Actual  2   1   7 0.61635 0.6319 0.65352 0.686729 0.709868 0.705817 0.683959 0.654852 0.629882 0.617363 0.620606 0.641339 0.67812 0.718601 0.749339 0.761371
Kludge  2   1   7 0.611106 0.621538 0.645421 0.67202 0.692229 0.698469 0.685863 0.660005 0.630066 0.607474 0.605182 0.630618 0.671562 0.712716 0.742942 0.754605
Actual  2   1   8 0.616435 0.633101 0.666618 0.700356 0.717781 0.711497 0.689339 0.660468 0.635867 0.623753 0.627435 0.648677 0.686053 0.727094 0.758219 0.770394
Kludge  2   1   8 0.623925 0.634455 0.658484 0.685106 0.705171 0.711147 0.698163 0.671803 0.641334 0.618502 0.616715 0.643505 0.685906  0.728 0.758588 0.770311
Actual  3   1   1 0.61569 0.623191 0.565873 0.589532 0.647147 0.66009 0.642584 0.613614 0.587339 0.572876 0.573668 0.591275 0.624216 0.660989 0.689126 0.700191
Kludge  3   1   1 0.583878 0.590558 0.605947 0.623218 0.636135 0.638983 0.628079 0.608101 0.586341 0.571082 0.571166 0.591653 0.624019 0.65726 0.682411 0.692319
Actual  3   1   2 0.615835 0.624852 0.581013 0.607981 0.660531 0.669991 0.651071 0.621582 0.595191 0.580837 0.581906 0.599962 0.633512 0.670897 0.699475 0.710707
Kludge  3   1   2 0.633362 0.638428 0.649866 0.662177 0.670303 0.669478 0.656585 0.636071  0.615 0.601524 0.604275 0.627734 0.662493 0.69706 0.722628 0.732565
Actual  3   1   3 0.616153 0.628959 0.621596 0.653519 0.690383 0.691751 0.670569 0.640828 0.614909 0.601366 0.603508 0.622967 0.658261 0.697338 0.727106 0.738782
Kludge  3   1   3 0.601956 0.610995 0.63174 0.654925 0.672455 0.677319 0.664968 0.640719 0.613166 0.592662 0.590698 0.613925 0.651591 0.689978 0.718594 0.729745
Actual  3   1   4 0.616384 0.632349 0.658236 0.69164 0.712747 0.707887 0.685908 0.656873 0.632025 0.619644 0.623038 0.643949 0.68094 0.721619 0.752494 0.764577
Kludge  3   1   4 0.629422 0.638853 0.660364 0.684156 0.701881 0.706481 0.693342 0.667865 0.639004 0.617939 0.617249 0.643865 0.685303 0.72634 0.756187 0.767638
Actual  3   1   5 0.605692 0.572917 0.603007 0.678304 0.705564 0.702229 0.681417 0.652639 0.626315 0.611036 0.610854 0.628184 0.661988 0.70029 0.729899 0.741619
Kludge  3   1   5 0.57616 0.589666 0.62084 0.656066 0.684011 0.695819 0.686135 0.660961 0.629704 0.604078 0.597735 0.619208 0.65718 0.696676 0.726294 0.73786
Actual  3   1   6 0.616323 0.63137 0.635835 0.63967 0.671008 0.683392 0.672307 0.649291 0.627765 0.617253 0.621715 0.643232 0.680551 0.721384 0.752296 0.764376
Kludge  3   1   6 0.609682 0.617292 0.634892 0.654832 0.670311 0.675333 0.66616 0.647849 0.628224 0.616249 0.621399 0.648397 0.686642 0.723662 0.75048 0.760768
Actual  3   1   7 0.616288 0.631052 0.644562 0.677403 0.704396 0.701878 0.680239 0.650983 0.62577 0.612981 0.615929 0.636318 0.672695 0.712793 0.743267 0.755201
Kludge  3   1   7 0.614528 0.624284 0.646613 0.671465 0.690235 0.695652 0.683009 0.657769 0.628884 0.607403 0.605751 0.630984 0.671208 0.711588 0.741271 0.752733
Actual  3   1   8 0.616408 0.632705 0.662187 0.695749 0.715123 0.709592 0.687529 0.658572 0.633841 0.621587 0.625117 0.646185 0.683357 0.724208 0.755201 0.767327
Kludge  3   1   8 0.625962 0.636084 0.659182 0.684768 0.703993 0.709502 0.696521 0.670556 0.640741 0.618584 0.617151 0.643744 0.685631 0.727206 0.757444 0.769041
Actual  4   1   1 0.615853 0.625402 0.587223 0.612551 0.661942 0.670912 0.652477 0.62356 0.597659 0.583706 0.585117 0.603501 0.637386 0.675067 0.703839 0.715141
Kludge  4   1   1 0.563213 0.573199 0.596387 0.622849 0.643825 0.651783 0.641981 0.619885 0.594024 0.574344 0.571784 0.592909 0.628045 0.664473 0.692027 0.702866
Actual  4   1   2 0.616392 0.632463 0.659501 0.692953 0.713501 0.708417 0.686399 0.657377 0.632558 0.620212 0.623646 0.644603 0.681646 0.722375 0.753284 0.76538
Kludge  4   1   2 0.598314 0.610114 0.637162 0.667358 0.690561 0.698557 0.686136 0.659153 0.627176 0.602264 0.598283 0.623422 0.665128 0.707418 0.738591 0.750637
Actual  4   1   3 0.616052 0.627495 0.606362 0.637648 0.680893 0.684856 0.66401 0.633978 0.607618 0.593594 0.595216 0.614067 0.648647 0.687048 0.716347 0.72785
Kludge  4   1   3 0.608741 0.61661 0.634627 0.654653 0.669472 0.672672 0.660058 0.636696 0.610764 0.591988 0.591034 0.613962 0.650509 0.687659 0.715373 0.726184
Actual  4   1   4 0.616435 0.633099 0.666596 0.700333 0.717768 0.711488 0.689328 0.660454 0.63585 0.623735 0.627414 0.648655 0.686029 0.727068 0.758192 0.770366
Kludge  4   1   4 0.625445 0.635677 0.659019 0.684853 0.704237 0.709751 0.696575 0.670266 0.64006 0.617632 0.616245 0.643292 0.685805 0.727922 0.7585 0.770213
Actual  4   1   5 0.605149 0.564807 0.593754 0.67188 0.700599 0.699398 0.679681 0.651361 0.625217 0.610006 0.609837 0.627142 0.660889 0.699128 0.728687 0.740388
Kludge  4   1   5 0.574008 0.587485 0.618639 0.653937 0.682083 0.694247 0.685126 0.660735 0.630422 0.605735 0.600064 0.621728 0.659514 0.69867 0.727984 0.739423
Actual  4   1   6 0.616314 0.631284 0.634921 0.638226 0.669936 0.68272 0.671858 0.648957 0.627489 0.617005 0.621478 0.642993 0.680301 0.721121 0.752022 0.764097
Kludge  4   1   6 0.608123 0.615798 0.63357 0.653748 0.669499 0.674808 0.665941 0.647968 0.628702 0.617075 0.622506 0.649664 0.687949 0.724934 0.751695 0.761955
Actual  4   1   7 0.616145 0.629262 0.626905 0.659016 0.693429 0.693964 0.672819 0.643328 0.617687 0.604407 0.606806 0.62654 0.662141 0.7015 0.731461 0.743206
Kludge  4   1   7 0.620591 0.629138 0.648686 0.670386 0.686541 0.690463 0.677787 0.653737 0.626832 0.607423 0.60697 0.631849 0.670764 0.709721 0.738389 0.749474
Actual  4   1   8 0.616409 0.632715 0.662304 0.69587 0.715193 0.709642 0.687577 0.658623 0.633895 0.621644 0.625178 0.646251 0.683429 0.724285 0.755281 0.767409
Kludge  4   1   8 0.62584 0.635953 0.659036 0.684614 0.703847 0.709388 0.696472 0.670601 0.640891 0.61882 0.617416 0.643958 0.685751 0.727234 0.75741 0.768984
