          495  6.07801e-17
           97   8.2354e-17
          694  8.57281e-17
         1291  3.56599e-16
          893  3.58768e-16
         1490  4.84015e-16
          296  7.47868e-16
         1092  9.67155e-16
          474  2.65348e-11
           43  1.10266e-10
         1986  1.85075e-10
           80  1.89503e-10
           55   2.1139e-10
          450  2.91062e-10
         1968  3.72573e-10
           26  4.30482e-10
           78  4.71571e-10
         1983  4.95554e-10
          924  7.16269e-10
           74  7.85993e-10
           30   9.8282e-10
          955  1.00866e-09
         1782  1.07534e-09
           81  1.14133e-09
           44  1.46521e-09
           57  1.48132e-09
           18  1.50361e-09
           54  1.54571e-09
           67  1.57114e-09
           77  1.62619e-09
           91  1.63511e-09
           42  1.86229e-09
           69  1.98002e-09
         1966  2.19158e-09
           61  2.35365e-09
           23  2.43762e-09
           71  2.51935e-09
           25  2.52422e-09
          419  2.95225e-09
          900  3.02796e-09
            7  3.50086e-09
           33  3.80145e-09
          531  4.29358e-09
           92  4.56523e-09
          438  4.72176e-09
           95   4.8387e-09
          947  5.33916e-09
           39  5.65503e-09
           66  5.83224e-09
           68  6.11624e-09
           56  6.19659e-09
           36  6.40797e-09
           90  6.63662e-09
          683  7.37533e-09
          246  7.41377e-09
          466  8.05445e-09
         2166   8.2034e-09
          760  8.97209e-09
          913  9.04427e-09
          791  9.34202e-09
           45  1.06581e-08
          700  1.21974e-08
          105  1.24405e-08
          195  1.30099e-08
         1905  1.31114e-08
         2204  1.51731e-08
          281  1.56784e-08
          503  1.71494e-08
          894  1.73666e-08
          946  1.74617e-08
           60  1.82611e-08
         2178  2.19628e-08
          605  2.43465e-08
          131  2.49492e-08
         1236  2.61529e-08
          702  2.61746e-08
           99   2.7015e-08
         1050  2.77528e-08
         2070  2.87486e-08
          364  2.94016e-08
         2169  2.97803e-08
         1493   3.1176e-08
         1534  3.11884e-08
         1610  3.13562e-08
          740  3.31125e-08
          720  3.31687e-08
         1722  3.34868e-08
          151    3.395e-08
          864  3.56527e-08
          874  3.59626e-08
          121  3.73108e-08
         1068    3.739e-08
          681  3.76686e-08
         1210  3.80861e-08
          785  3.82855e-08
          701  3.84874e-08
         1790  3.85588e-08
          302  3.86543e-08
         1214  4.15046e-08
          168  4.18398e-08
         2032  4.22331e-08
         2145  4.35679e-08
          428  4.43946e-08
         2105  4.56766e-08
          730  4.61022e-08
          594  4.64302e-08
          218   4.9184e-08
         1323  4.95677e-08
          780   5.0953e-08
         1301  5.20413e-08
          413  5.51608e-08
          782  5.78204e-08
         1864  5.81993e-08
         1359  5.91441e-08
         2102   5.9583e-08
          687  5.98482e-08
          823  6.05981e-08
         2059  6.21688e-08
          707   6.3778e-08
         1572   6.4212e-08
          704  6.43378e-08
          243  6.54303e-08
          909  6.58856e-08
          863  6.74661e-08
          587  6.88317e-08
          229  6.91794e-08
          501  6.91885e-08
         2061  6.92811e-08
         1494  6.97348e-08
          242  7.05101e-08
         1285  7.17075e-08
          409  7.25478e-08
          534  7.52353e-08
          143  7.55141e-08
         2084  7.66172e-08
          883   7.6643e-08
          742  7.76314e-08
          724  7.94357e-08
          660  8.04164e-08
          642  8.13185e-08
         1313  8.24822e-08
         1341  8.33543e-08
         2138  8.38205e-08
         1203   8.3989e-08
         1684  8.40857e-08
         1132  8.42825e-08
         1017  8.48534e-08
          763   8.5039e-08
         2174   8.5552e-08
          806  8.57911e-08
          221  8.71006e-08
          527  8.72622e-08
          699  8.80208e-08
         1339  8.81315e-08
         1316   8.8762e-08
         1004  8.99531e-08
         1258  9.01718e-08
          207  9.07871e-08
          130  9.13462e-08
          453  9.25347e-08
          552  9.34093e-08
         1386  9.63679e-08
         1869  9.69058e-08
          788   9.8059e-08
         1592  9.83498e-08
          590  9.96094e-08
          343  1.00118e-07
          191  1.00607e-07
         1552  1.01196e-07
         1253  1.02489e-07
          613  1.02526e-07
          779  1.05414e-07
          755  1.05601e-07
          139  1.05802e-07
          426  1.07135e-07
         1868  1.07789e-07
          645  1.08312e-07
          820  1.08411e-07
          710  1.08676e-07
         1827  1.11578e-07
          142  1.12126e-07
          726  1.13101e-07
          442  1.13121e-07
         1029  1.15252e-07
          751  1.18586e-07
          857  1.20947e-07
          285  1.24299e-07
         1922  1.25589e-07
         1679  1.26269e-07
          817  1.26384e-07
         1546  1.26449e-07
          579  1.28667e-07
         1636  1.28876e-07
          770  1.31046e-07
         1310  1.33891e-07
         1247  1.33949e-07
          971  1.34174e-07
         1625  1.37053e-07
          843  1.37167e-07
          603  1.37604e-07
          127  1.37749e-07
          570  1.37995e-07
         1374  1.38382e-07
         1501  1.38604e-07
         1927  1.40329e-07
          253   1.4065e-07
         1350  1.41865e-07
          578  1.43216e-07
         1744   1.4392e-07
          342  1.43925e-07
          511  1.44503e-07
         1314  1.44529e-07
          711  1.44734e-07
          738   1.4577e-07
          666  1.46017e-07
          573  1.46514e-07
         2167  1.48575e-07
         1497  1.48961e-07
          250  1.49125e-07
         1355   1.5133e-07
          703   1.5165e-07
          733   1.5217e-07
          514  1.54084e-07
          588   1.5455e-07
         1601  1.55172e-07
          582  1.55611e-07
          615  1.56596e-07
          540  1.57122e-07
         1191  1.58276e-07
         2234  1.59194e-07
          555   1.6075e-07
         1984  1.60943e-07
          853  1.60984e-07
          581  1.61145e-07
          518  1.61441e-07
          854  1.61692e-07
          599  1.63287e-07
         1810  1.64469e-07
          892  1.65858e-07
          889  1.66988e-07
         1035  1.68125e-07
          575  1.68711e-07
         1516  1.68967e-07
         1434  1.69741e-07
          631  1.70245e-07
          334  1.71533e-07
          986  1.71552e-07
          825  1.72732e-07
          502  1.73831e-07
          206  1.74638e-07
          295    1.748e-07
         1992  1.75721e-07
          836  1.80175e-07
         1471  1.83256e-07
         1627  1.84269e-07
         1737  1.84291e-07
         2062  1.84926e-07
          161  1.85286e-07
          906  1.86165e-07
          612  1.86245e-07
          662  1.88003e-07
         2128  1.88906e-07
          799  1.90477e-07
         1645  1.94535e-07
          769  1.95921e-07
          759   1.9668e-07
          583   2.0091e-07
          640  2.01272e-07
          735   2.0148e-07
         1361  2.03312e-07
         1352  2.06983e-07
          387  2.08663e-07
          214  2.08966e-07
         1151  2.10098e-07
          918  2.10236e-07
         1353  2.12096e-07
         1629  2.13739e-07
          860  2.15465e-07
         1763  2.17359e-07
         1459  2.17585e-07
          548  2.19152e-07
         1623  2.20618e-07
          713  2.21522e-07
          855  2.21552e-07
          650  2.22821e-07
          512  2.23516e-07
         1052  2.23779e-07
          970  2.24034e-07
         1589  2.25224e-07
         1919  2.25972e-07
          895  2.26041e-07
          680  2.26941e-07
         2151  2.27473e-07
          626  2.28333e-07
           64  2.29647e-07
         2143  2.29725e-07
         1109  2.30952e-07
          830   2.3295e-07
          966  2.33976e-07
         1472  2.34858e-07
         2108  2.35248e-07
         2057  2.36932e-07
          748  2.38036e-07
          159  2.39359e-07
          798  2.42418e-07
         1834  2.42918e-07
          314   2.4299e-07
          781  2.43348e-07
         2003  2.43418e-07
          695  2.43968e-07
         1488  2.44908e-07
         1570  2.45334e-07
          237  2.45913e-07
           11  2.45966e-07
          215  2.46706e-07
          536  2.46924e-07
          952  2.47859e-07
         2154  2.47972e-07
         1954  2.48594e-07
         1878  2.49247e-07
          638  2.49975e-07
         1895  2.50081e-07
          179  2.52671e-07
          758  2.54728e-07
         1664   2.5565e-07
          739   2.5575e-07
         1660  2.58739e-07
          977   2.5933e-07
          386  2.60321e-07
         2215  2.60349e-07
          286  2.60622e-07
          796  2.61666e-07
         1134  2.61787e-07
          831  2.62746e-07
         1574  2.63549e-07
         1628  2.63649e-07
         1979  2.64172e-07
          532  2.64792e-07
         1564  2.64895e-07
         1609  2.66099e-07
          846  2.66237e-07
         1977  2.66342e-07
          975  2.68202e-07
         1903   2.6902e-07
          255  2.69912e-07
          668  2.70605e-07
          238   2.7204e-07
          708  2.72518e-07
          258   2.7283e-07
          835  2.73204e-07
         2112  2.75724e-07
          288  2.75997e-07
         1736  2.76129e-07
          167  2.77395e-07
           53  2.78649e-07
         1510  2.80045e-07
          289  2.80658e-07
         1677  2.84644e-07
          268  2.84738e-07
          190  2.85001e-07
         1994  2.85376e-07
          743  2.88161e-07
          175  2.89195e-07
          366  2.89279e-07
         1299  2.89739e-07
         1604  2.90603e-07
          630  2.91852e-07
         1581  2.92207e-07
          747  2.93001e-07
         1542  2.94137e-07
          696  2.94309e-07
          521  2.94331e-07
          808  2.94625e-07
         1383  2.95718e-07
         2043  2.96109e-07
         1300  2.96245e-07
          566  2.98588e-07
          722   2.9965e-07
         1985  3.00969e-07
          705  3.01353e-07
           58  3.02843e-07
          867  3.03857e-07
          718  3.04072e-07
          777  3.04255e-07
          188  3.04495e-07
          827  3.04584e-07
         1362  3.05391e-07
          574  3.08122e-07
          881  3.09208e-07
          106  3.10115e-07
          794   3.1055e-07
         1156  3.11898e-07
          616  3.11974e-07
         1123  3.12081e-07
          580  3.13887e-07
          485  3.14348e-07
          871  3.14703e-07
         2092  3.15269e-07
         1538  3.18121e-07
          790   3.2033e-07
          754  3.22371e-07
           41  3.22781e-07
          793  3.25538e-07
          801  3.26605e-07
          671  3.27613e-07
         1913  3.28287e-07
         1208  3.33688e-07
         1981  3.34153e-07
          685  3.35457e-07
          431  3.36031e-07
          767  3.37363e-07
          504  3.37884e-07
          111  3.38913e-07
         1899  3.40706e-07
          896  3.41204e-07
          310  3.42219e-07
         1387   3.4244e-07
          205  3.44755e-07
          465  3.45626e-07
           27  3.47507e-07
          171  3.49313e-07
         1891  3.50324e-07
          859  3.52295e-07
         1170  3.53072e-07
         1290  3.56142e-07
          961  3.57079e-07
          378  3.57597e-07
         2064  3.59119e-07
         1496  3.60041e-07
          847  3.60101e-07
         1183  3.62943e-07
           13  3.64205e-07
            5  3.64718e-07
          230  3.67121e-07
          673  3.68575e-07
          838  3.69972e-07
         1351  3.70226e-07
          212  3.70715e-07
         2199  3.71874e-07
          146  3.72676e-07
          591  3.73403e-07
         1527  3.73769e-07
         1818  3.74225e-07
          840  3.74411e-07
          421  3.75563e-07
         1522   3.7692e-07
          224  3.77679e-07
         1594  3.78071e-07
          717  3.82414e-07
         2106  3.88547e-07
          850  3.88726e-07
          275  3.89782e-07
         1539  3.90624e-07
          959  3.91707e-07
         1591   3.9275e-07
          282  3.93759e-07
         1897   3.9402e-07
           62  3.94353e-07
         2165  3.94917e-07
          814  3.95439e-07
          557  3.95834e-07
          348  3.96542e-07
         1069  3.96802e-07
          338  3.97204e-07
         1337  3.98453e-07
          173  3.98511e-07
         2091   3.9861e-07
         2082  4.01513e-07
         1688  4.02556e-07
         1543  4.03466e-07
         1318  4.03844e-07
          529  4.04613e-07
         2195   4.0547e-07
          868  4.06623e-07
          194  4.07299e-07
          609  4.08405e-07
         1065  4.15194e-07
         1168  4.15797e-07
         1995  4.16224e-07
          443  4.18123e-07
         2095  4.19664e-07
         2134  4.20094e-07
         2060  4.20491e-07
         2047  4.23169e-07
         1536  4.23321e-07
         1525  4.25802e-07
          199  4.26716e-07
          783  4.28415e-07
          637  4.29023e-07
          418  4.29822e-07
         2056  4.29826e-07
           75  4.30014e-07
         1306  4.30964e-07
         2080  4.31975e-07
          158  4.33048e-07
          545  4.33309e-07
          813  4.34266e-07
          622  4.34618e-07
          693  4.40465e-07
          792  4.46813e-07
          648  4.47656e-07
         1357   4.4985e-07
         1555  4.50052e-07
          154  4.51595e-07
          422  4.53078e-07
          619  4.53517e-07
         1699  4.57865e-07
         1144  4.58425e-07
          330  4.59385e-07
         1885  4.62551e-07
         1940  4.62646e-07
         1637  4.62901e-07
          807  4.63728e-07
         1659  4.63871e-07
         1197  4.67174e-07
          116  4.68413e-07
          290  4.70933e-07
         1272  4.71825e-07
         1532  4.72852e-07
          597  4.74272e-07
         1327  4.74874e-07
         1297  4.75343e-07
          117  4.76262e-07
         1701  4.76733e-07
         1304   4.7727e-07
         2118  4.77938e-07
         1618  4.81344e-07
         1154  4.84621e-07
          734  4.85467e-07
         2197  4.85809e-07
         1541  4.85972e-07
         1334  4.90427e-07
         2011   4.9048e-07
          826  4.92268e-07
          744  4.92323e-07
         1614  4.92683e-07
         2036  4.95017e-07
          937  4.95585e-07
          865  4.95861e-07
          878  4.96157e-07
         1674    4.964e-07
         1743  4.96444e-07
         2158  4.98542e-07
         1507  4.98554e-07
          391  4.99371e-07
          663  4.99942e-07
         1282  5.01754e-07
         2219  5.03322e-07
          647  5.03671e-07
          795  5.04036e-07
          608  5.05746e-07
         2210  5.06408e-07
         1963  5.08076e-07
          815  5.11638e-07
         1239  5.12002e-07
         1098  5.12816e-07
         1181  5.12836e-07
         2239  5.13022e-07
          964  5.13058e-07
         1447  5.13975e-07
         1630  5.15471e-07
          926  5.19879e-07
         1612  5.20066e-07
         1551  5.21732e-07
          547  5.23944e-07
         2022   5.2444e-07
         1755  5.27145e-07
          910  5.28192e-07
         1401  5.28846e-07
         1739  5.30521e-07
          771   5.3241e-07
          667  5.34584e-07
         1729  5.36733e-07
         1456  5.38427e-07
          185   5.3916e-07
          189  5.39335e-07
          135  5.44115e-07
         1294  5.44667e-07
          829  5.45345e-07
           14  5.47189e-07
          872  5.48096e-07
         1125  5.48929e-07
         2183  5.49142e-07
         2198  5.50177e-07
         2160  5.50503e-07
         1325  5.53519e-07
         1950  5.53573e-07
          109  5.53785e-07
          706  5.57625e-07
          510  5.58446e-07
          837  5.58783e-07
          992  5.60153e-07
          103  5.64778e-07
          898  5.66355e-07
          567  5.70266e-07
         2144   5.7107e-07
          885  5.71641e-07
         2172  5.73673e-07
          797  5.73827e-07
         1370  5.75329e-07
          628  5.76253e-07
          942  5.77389e-07
          543  5.81535e-07
         2241  5.81615e-07
         2120  5.81867e-07
          654  5.81939e-07
          856  5.84113e-07
          802  5.84217e-07
         1833  5.85522e-07
          369  5.86877e-07
         2148  5.88954e-07
           35  5.91484e-07
           47  5.92728e-07
          903  5.93773e-07
         1734  5.98645e-07
          133  6.03506e-07
         1974   6.0545e-07
          805  6.05644e-07
          434  6.06107e-07
          721  6.06377e-07
         1506  6.07936e-07
          684  6.09942e-07
          500  6.10548e-07
          137  6.11641e-07
         1441  6.12009e-07
           72  6.12297e-07
          110  6.12502e-07
          980  6.13184e-07
         1075  6.13871e-07
          665  6.16376e-07
         2076  6.17539e-07
          475  6.19073e-07
         1402  6.20491e-07
         1908   6.2149e-07
          522  6.21899e-07
          119  6.22301e-07
         1909  6.22668e-07
          257  6.23095e-07
         1989  6.24562e-07
           38  6.24639e-07
         1100    6.251e-07
         1996  6.28383e-07
          153   6.2861e-07
         2127  6.29694e-07
         2164  6.30208e-07
          653  6.30907e-07
          689  6.33722e-07
          884  6.36642e-07
          157  6.39544e-07
         1567  6.40681e-07
         1122  6.40989e-07
         1161  6.42869e-07
          709  6.44348e-07
          634  6.44505e-07
          508  6.45215e-07
          879  6.45817e-07
         1504  6.46499e-07
         1682  6.46517e-07
         1292  6.46639e-07
         1792  6.48246e-07
          232   6.4873e-07
         1513  6.49208e-07
         2211   6.4931e-07
         1531  6.52054e-07
          187  6.55429e-07
         2090  6.56261e-07
         1428  6.57201e-07
         1554  6.58014e-07
          649  6.59202e-07
         2052  6.59632e-07
         1201  6.60379e-07
         1097  6.60919e-07
         1228  6.61409e-07
         2104  6.62131e-07
         1890  6.63199e-07
         1394  6.63371e-07
         1329  6.63609e-07
          651  6.64917e-07
          756  6.65986e-07
          271  6.67742e-07
          875  6.68078e-07
          600  6.68899e-07
         1998  6.70759e-07
          935  6.71398e-07
         1613  6.75286e-07
          123  6.77283e-07
         1794  6.79103e-07
          624  6.79783e-07
         1439  6.80729e-07
          231  6.82889e-07
         1738  6.84076e-07
         2058  6.85429e-07
         1491  6.88304e-07
          832   6.8969e-07
         2079  6.92358e-07
         1723  6.94323e-07
         1373  6.97476e-07
          861  6.97541e-07
          750  6.98184e-07
          459  6.98978e-07
         1449  6.99025e-07
         1377   7.0052e-07
          907  7.01971e-07
         1942  7.02005e-07
         1553  7.02081e-07
         1408  7.02883e-07
          698  7.05936e-07
         1412  7.06366e-07
          145  7.06582e-07
         1924  7.06879e-07
         1322  7.08115e-07
         1082  7.09931e-07
         1095   7.1102e-07
          539  7.12395e-07
         1086  7.13709e-07
          880  7.14748e-07
           85  7.15152e-07
          643  7.16137e-07
         1521  7.16472e-07
          274  7.17317e-07
         2027  7.18398e-07
         1172  7.19836e-07
          967  7.20722e-07
         1911  7.21253e-07
          301  7.21594e-07
         1340  7.22742e-07
          298  7.25209e-07
          165   7.2853e-07
          177  7.29457e-07
         2089  7.30156e-07
          163  7.32602e-07
         1324  7.32733e-07
         1462  7.32967e-07
          652  7.33581e-07
         1728   7.3516e-07
          470  7.35401e-07
         1107  7.37985e-07
          873  7.38776e-07
         1718  7.39409e-07
         1266  7.39686e-07
         1914  7.40399e-07
          627  7.41807e-07
         2038  7.44232e-07
         2107  7.44672e-07
           96  7.44792e-07
          248   7.4483e-07
          784  7.48596e-07
          216  7.50743e-07
           98  7.51839e-07
         1020  7.52941e-07
         1315  7.54689e-07
          347  7.60438e-07
          912  7.64252e-07
         1631  7.67598e-07
          526  7.71301e-07
         2179  7.73029e-07
         1422  7.73396e-07
         1999  7.75801e-07
         1309  7.75985e-07
         2221  7.77618e-07
          560  7.78244e-07
         1547  7.78917e-07
          635  7.79275e-07
         1498  7.80018e-07
          506  7.84437e-07
         2156   7.8456e-07
          414  7.85819e-07
          727  7.89316e-07
          360  7.89752e-07
         1308  7.92205e-07
          675  7.93929e-07
          260   7.9506e-07
         1141  7.95993e-07
         1085  7.96411e-07
         2131  7.98584e-07
          264  8.02781e-07
          731  8.04515e-07
          697  8.05027e-07
          519  8.05464e-07
          661  8.05465e-07
          914  8.06514e-07
           28    8.081e-07
         1256  8.08348e-07
         1187  8.16206e-07
         1194  8.24573e-07
          636  8.25234e-07
          186  8.25356e-07
          102  8.25439e-07
          804  8.26535e-07
          932  8.27814e-07
         1550   8.2782e-07
          766  8.29103e-07
         1499  8.29568e-07
          200   8.3382e-07
         1852  8.34641e-07
          623  8.34792e-07
         1535  8.36064e-07
         1675  8.36081e-07
         1425  8.36329e-07
         2161  8.39379e-07
         1943  8.39784e-07
          611   8.4026e-07
          749  8.41384e-07
         1540    8.446e-07
         1987   8.4569e-07
         2177  8.47455e-07
         1695  8.47643e-07
          620  8.50636e-07
          488  8.56891e-07
          996  8.57274e-07
         1049  8.61606e-07
         1768  8.61821e-07
         1273  8.65051e-07
          841  8.65839e-07
          437  8.65977e-07
          297  8.67368e-07
          535  8.67981e-07
         1399  8.69057e-07
         1312  8.70348e-07
         1136  8.73153e-07
         1138  8.73529e-07
          155  8.73544e-07
         1121    8.748e-07
         1446  8.75668e-07
           46  8.76037e-07
          272  8.76198e-07
         1929  8.78449e-07
         1417  8.79567e-07
         2114  8.79697e-07
         1970  8.82737e-07
         1803  8.83226e-07
          589   8.8383e-07
          920  8.87394e-07
          370  8.87774e-07
         1157  8.88336e-07
         1700  8.90163e-07
          138  8.97133e-07
          617  9.00453e-07
          891  9.01335e-07
         1207   9.0201e-07
          761  9.03138e-07
         1343  9.05223e-07
         1590   9.0596e-07
         2048  9.07994e-07
         1366  9.08325e-07
          822  9.10281e-07
         1469  9.11286e-07
          546  9.15282e-07
          377  9.15747e-07
         1015  9.17005e-07
          927  9.17777e-07
          655   9.1858e-07
          219  9.19639e-07
          208   9.2087e-07
          320  9.21725e-07
         1495  9.25724e-07
         1424   9.2778e-07
          270  9.29631e-07
          523  9.30645e-07
         2175   9.3254e-07
           48  9.32623e-07
          278  9.33483e-07
          811  9.33772e-07
         1576  9.34598e-07
         1880  9.35941e-07
          602  9.36439e-07
          183  9.38837e-07
          150  9.39853e-07
         1667  9.40001e-07
         1805    9.447e-07
          614  9.48383e-07
         1487  9.55975e-07
         1727  9.61154e-07
          292  9.62399e-07
          394  9.62614e-07
         1155  9.65758e-07
         2126  9.69796e-07
          245  9.70938e-07
         2190  9.71257e-07
          762  9.71487e-07
          923  9.72232e-07
         1303  9.75567e-07
          107  9.78348e-07
         1528  9.78428e-07
         1328  9.79403e-07
          493  9.82211e-07
         1524  9.82612e-07
         2180  9.86712e-07
          833  9.88365e-07
          965  9.89588e-07
          457  9.91542e-07
         1213  9.94173e-07
         1330  9.94479e-07
         1140  9.97706e-07
          674  9.98177e-07
         1596  9.98492e-07
          244   1.0002e-06
          541  1.00034e-06
          764  1.00179e-06
          786  1.00839e-06
          598  1.00852e-06
         1783  1.01052e-06
          141  1.01181e-06
         1345  1.01385e-06
          293  1.01403e-06
          658  1.01666e-06
         1746  1.01804e-06
         1756   1.0191e-06
          800  1.02133e-06
         2132  1.02136e-06
         1791  1.02199e-06
          974  1.02214e-06
          209  1.02426e-06
         1371  1.02609e-06
          381  1.02677e-06
          356  1.03532e-06
          129    1.038e-06
         1288  1.04342e-06
         1921  1.04448e-06
          505   1.0452e-06
          344  1.04633e-06
         1454  1.05106e-06
          182  1.05651e-06
          559  1.05694e-06
          596  1.05702e-06
         1016  1.06425e-06
         2040  1.06549e-06
          984  1.06739e-06
          915  1.06809e-06
          916  1.07102e-06
         1835  1.07573e-06
          197  1.07845e-06
          420  1.08016e-06
         2075  1.08125e-06
         1873  1.08602e-06
         2233  1.09092e-06
         1964  1.09138e-06
         1013  1.09962e-06
          460  1.09969e-06
          440  1.10015e-06
         2181  1.10507e-06
         1557  1.10961e-06
          516     1.11e-06
         1978  1.11153e-06
         1972  1.11571e-06
          618  1.11689e-06
          368   1.1169e-06
         1997     1.12e-06
         2086  1.12066e-06
          533  1.12295e-06
          400  1.12511e-06
         2039  1.12545e-06
         1332  1.12873e-06
         1289  1.13066e-06
         2170  1.13427e-06
         2223  1.13591e-06
         2157   1.1399e-06
         2192  1.14053e-06
          869  1.14246e-06
         2149  1.14612e-06
          670  1.14616e-06
           76  1.14649e-06
          319  1.14693e-06
          122  1.15481e-06
         1067  1.15517e-06
          824  1.15722e-06
         1319  1.15893e-06
          812  1.15947e-06
          335  1.16004e-06
          520  1.16014e-06
          108   1.1612e-06
         1177  1.16243e-06
         1296  1.16367e-06
         2103  1.16466e-06
         2194  1.16485e-06
         1116  1.17017e-06
          346  1.17029e-06
         1742  1.17078e-06
         2115  1.17475e-06
         1372  1.17758e-06
         1658  1.17891e-06
           31  1.18375e-06
          745  1.18515e-06
         1009  1.18742e-06
         1936  1.18808e-06
         1190  1.19246e-06
         2232  1.19315e-06
            4  1.19317e-06
          269  1.19598e-06
         1587  1.19901e-06
         2222  1.19966e-06
         1520  1.20114e-06
         1753  1.20226e-06
         1414  1.20339e-06
           59  1.20675e-06
         1333  1.20865e-06
          149  1.20904e-06
         2252  1.21266e-06
          114   1.2162e-06
         2207   1.2163e-06
         1649  1.21752e-06
         1212  1.21903e-06
         1481  1.21958e-06
         1002  1.21991e-06
          834  1.22191e-06
         1381  1.22389e-06
         1167  1.22446e-06
          331  1.23028e-06
         2066  1.23029e-06
          606  1.23197e-06
          333  1.23384e-06
          887  1.23538e-06
          736   1.2354e-06
         2184  1.24166e-06
         1575  1.24213e-06
         1243  1.24231e-06
          629  1.24596e-06
         1175  1.24729e-06
          882  1.24797e-06
          489  1.24883e-06
         1965  1.24983e-06
         1939  1.25074e-06
          973  1.25103e-06
          842   1.2529e-06
         1850  1.25337e-06
         1973  1.25519e-06
         1307   1.2614e-06
         1632  1.26262e-06
          361  1.26334e-06
          294  1.26551e-06
         1912  1.26898e-06
         2026  1.27328e-06
          729  1.27403e-06
         1916   1.2784e-06
         1398  1.28246e-06
          312  1.28623e-06
         1710  1.28772e-06
          866   1.2891e-06
         2110  1.29206e-06
          886  1.29251e-06
         1193  1.29338e-06
         1784  1.29556e-06
         1062   1.3012e-06
         1770  1.30196e-06
         1687  1.30231e-06
         1778  1.30286e-06
          399  1.30416e-06
          211  1.30687e-06
         1379  1.30718e-06
          202    1.308e-06
         1250  1.31052e-06
         2209  1.31227e-06
         1917  1.31818e-06
         1769  1.31846e-06
         1010  1.31939e-06
         1802  1.32173e-06
          304  1.32366e-06
         2031  1.32771e-06
          576  1.32837e-06
          203  1.33218e-06
         2067  1.33287e-06
          571  1.33926e-06
          715  1.33967e-06
          716  1.34251e-06
          741  1.34291e-06
         1548  1.35429e-06
          954  1.35469e-06
          213  1.35495e-06
          425  1.35837e-06
          849   1.3585e-06
         1621  1.35937e-06
         2168  1.35944e-06
         2159  1.35981e-06
         1149  1.36104e-06
          982  1.36112e-06
          385  1.36231e-06
          499  1.36352e-06
         1725  1.36513e-06
          960   1.3654e-06
          958  1.36787e-06
         1079  1.37041e-06
          306  1.37076e-06
         1219  1.37109e-06
          679  1.37299e-06
          953  1.37303e-06
          273  1.37536e-06
          492  1.37607e-06
          554  1.37652e-06
         1358  1.37686e-06
         1061  1.37794e-06
         1881  1.38196e-06
         1033  1.38212e-06
         1430  1.38402e-06
         1159  1.38407e-06
          991  1.38649e-06
          461  1.38765e-06
          115  1.39051e-06
          249  1.39263e-06
          241  1.39265e-06
          768  1.39277e-06
          565  1.39822e-06
          633  1.40417e-06
         1582  1.40666e-06
         1416  1.40729e-06
         1360  1.40748e-06
          656  1.40777e-06
          220  1.40959e-06
         2094  1.41103e-06
         1653  1.41595e-06
         2034  1.41871e-06
         1558  1.41886e-06
          101  1.41888e-06
         1443  1.42179e-06
          852  1.42253e-06
          415  1.42732e-06
          152  1.42787e-06
          686  1.42988e-06
         1579  1.43119e-06
         2227   1.4322e-06
         1639  1.43881e-06
          423  1.44378e-06
         1435  1.44612e-06
         1198  1.44909e-06
         1836  1.44964e-06
          558  1.45173e-06
          641  1.45218e-06
         1058  1.45309e-06
          351  1.45339e-06
         2088   1.4564e-06
          104  1.46168e-06
         1271  1.46234e-06
         1577  1.46908e-06
          691  1.46953e-06
          402  1.47001e-06
          507   1.4714e-06
         2087  1.47266e-06
          828  1.47694e-06
          524  1.48146e-06
          752  1.48308e-06
         1018  1.48406e-06
          239  1.48844e-06
          181  1.48873e-06
         1131   1.4905e-06
         1774  1.49212e-06
         1715  1.49277e-06
         1475  1.49302e-06
          787  1.49485e-06
         1286  1.49557e-06
         1060  1.49621e-06
         1652  1.49775e-06
          234  1.50186e-06
         1694  1.50306e-06
          728  1.50602e-06
         1620  1.51155e-06
          166  1.51301e-06
          818  1.51408e-06
         1563  1.53075e-06
         1883  1.53448e-06
         2216  1.53514e-06
          455  1.53718e-06
         1367  1.54137e-06
         1721  1.54148e-06
          240  1.54718e-06
           88  1.54886e-06
         1754  1.54934e-06
          601  1.54968e-06
         1305  1.55628e-06
           15  1.55827e-06
          350  1.55855e-06
          862  1.55982e-06
          870    1.565e-06
          462  1.56869e-06
         2055  1.57004e-06
         2050   1.5709e-06
         1606  1.57211e-06
         1317  1.57339e-06
         1230  1.57366e-06
         1326  1.57558e-06
         1646  1.57621e-06
         1749  1.57682e-06
          888  1.57798e-06
         1276  1.57989e-06
         2097  1.58311e-06
         2142  1.59025e-06
         1945  1.59119e-06
          901  1.59319e-06
         2077  1.59427e-06
         1356  1.59619e-06
         2201  1.59643e-06
         1393  1.60045e-06
          276  1.60476e-06
          436  1.60866e-06
          776  1.61014e-06
         1218   1.6107e-06
          941  1.62288e-06
         1279  1.62307e-06
         1234  1.62613e-06
         1831  1.62681e-06
         2073  1.62909e-06
          256  1.63116e-06
          563  1.63123e-06
          134  1.63208e-06
         1571  1.63278e-06
         1458   1.6362e-06
         1344  1.64277e-06
         2146  1.64658e-06
         1740  1.64763e-06
         1518  1.64923e-06
          972  1.65186e-06
         1638  1.65545e-06
         2235   1.6568e-06
         2137  1.66231e-06
         1346  1.66289e-06
         2033  1.66489e-06
          430  1.66749e-06
         2130  1.67067e-06
          323   1.6713e-06
         1331  1.67281e-06
          467   1.6747e-06
          307  1.67504e-06
         1143  1.67515e-06
         1748  1.67981e-06
          390    1.681e-06
         1105  1.68148e-06
          803  1.68184e-06
          621  1.68338e-06
          494  1.68453e-06
          732  1.68467e-06
          140  1.68634e-06
          757  1.68643e-06
         1619  1.68692e-06
         1129  1.68786e-06
          625  1.68932e-06
          939  1.69099e-06
            1   1.6936e-06
         1826  1.70002e-06
          398  1.70942e-06
         1526  1.71239e-06
         1074  1.71387e-06
          170  1.71598e-06
         1795  1.71626e-06
          261  1.71737e-06
         1448  1.72257e-06
         2015   1.7233e-06
          367  1.72664e-06
          604  1.72771e-06
         1926  1.73465e-06
          774  1.73625e-06
          412  1.73761e-06
         2017  1.73765e-06
         1284  1.73802e-06
         1976  1.73911e-06
          538  1.74542e-06
          291  1.74592e-06
         1042  1.74635e-06
          223  1.74648e-06
         1651  1.74686e-06
         1509  1.74694e-06
         1583  1.75071e-06
         1807  1.75767e-06
          100  1.75822e-06
          120   1.7628e-06
          395  1.76541e-06
          417  1.76766e-06
         1877  1.77488e-06
         1849  1.77669e-06
         1828  1.77828e-06
         1165  1.77847e-06
          363  1.77922e-06
         2173  1.77997e-06
         1225  1.78065e-06
         1189  1.78156e-06
          737   1.7885e-06
         1347  1.78992e-06
           19  1.79854e-06
         1244  1.80076e-06
         1566  1.80154e-06
         1205  1.80827e-06
         1934  1.81189e-06
         2191  1.81216e-06
          515  1.81242e-06
          646  1.81464e-06
          809  1.81552e-06
         1298  1.81783e-06
         1094  1.81873e-06
          928  1.81994e-06
         2203  1.82369e-06
          572  1.82369e-06
         2212  1.82627e-06
          315  1.82663e-06
         2072  1.82873e-06
         1931  1.83075e-06
         1750  1.83085e-06
         1108  1.83221e-06
          584  1.83266e-06
         1745  1.83585e-06
         1348  1.83947e-06
         1006  1.83981e-06
          357  1.84098e-06
          416  1.84224e-06
         1259  1.84552e-06
         1866  1.84846e-06
          553  1.84938e-06
         1633   1.8498e-06
         2125  1.85321e-06
         2121  1.85686e-06
         1241  1.85701e-06
          327  1.86126e-06
          544  1.86127e-06
         2253  1.86263e-06
         1884  1.86278e-06
         1148  1.86699e-06
         1735  1.86762e-06
         2099  1.86913e-06
         2213  1.86996e-06
         1724  1.87031e-06
         1041  1.87073e-06
          176  1.87164e-06
         1820  1.87445e-06
          929  1.87861e-06
           94  1.87994e-06
         1656  1.88396e-06
          517  1.88575e-06
         1363  1.88594e-06
          908  1.89649e-06
         1260  1.89683e-06
         1270  1.89751e-06
           87  1.89871e-06
         1404  1.89926e-06
          432  1.89965e-06
          940  1.90318e-06
         1889  1.90494e-06
          657  1.90908e-06
         1427  1.90928e-06
         1549  1.90985e-06
          311  1.91204e-06
          496  1.91912e-06
         1648  1.92122e-06
          490  1.93143e-06
         2182  1.93269e-06
         1162  1.94452e-06
          719  1.94475e-06
         2133  1.94574e-06
         1882   1.9492e-06
         1875   1.9509e-06
          981  1.95124e-06
          839  1.95267e-06
         2153  1.95524e-06
         1185  1.95859e-06
         1598  1.96334e-06
         1395  1.96395e-06
          299  1.96612e-06
         1415   1.9667e-06
          198  1.96741e-06
         2100  1.96901e-06
         1671  1.96927e-06
         1376  1.97094e-06
          482  1.97201e-06
         1320  1.97246e-06
         1600  1.97732e-06
         2229  1.98719e-06
         1171  1.98864e-06
         1690  1.99062e-06
         1336   1.9955e-06
          362  1.99958e-06
         1898  1.99971e-06
         1025  2.00144e-06
          549  2.00694e-06
         1264   2.0178e-06
          692  2.01886e-06
          174  2.02286e-06
         1088   2.0235e-06
         1188  2.02444e-06
          775   2.0261e-06
         1145  2.02897e-06
         1173  2.03018e-06
          396  2.03515e-06
          372   2.0374e-06
          948  2.03849e-06
          933  2.04066e-06
         1896  2.04359e-06
         1932  2.04647e-06
         1174  2.05416e-06
         1056   2.0547e-06
           93  2.06212e-06
          262  2.06268e-06
         2155  2.06891e-06
         2074  2.07386e-06
         1580  2.07587e-06
         2042  2.07617e-06
         2206  2.08181e-06
         2044  2.08281e-06
          439  2.08402e-06
         1906  2.08466e-06
          337  2.08767e-06
         1444  2.08781e-06
          375  2.08797e-06
         1455   2.0893e-06
          509  2.09031e-06
         1876  2.09062e-06
          848   2.0964e-06
         2140  2.09661e-06
         1991  2.09975e-06
          607    2.101e-06
          305  2.10388e-06
         1338  2.10687e-06
          384  2.11052e-06
         1133  2.11429e-06
         2012  2.12216e-06
          934   2.1229e-06
         1281  2.12671e-06
         1267  2.13062e-06
         1426  2.13125e-06
         2220  2.13288e-06
         1930  2.13498e-06
         1935  2.13747e-06
         1005  2.14081e-06
         1070  2.14242e-06
         2037  2.14431e-06
          956  2.14463e-06
         2065  2.14652e-06
          132  2.15111e-06
         2162  2.15324e-06
         1246  2.15857e-06
         1245  2.15867e-06
         1515    2.159e-06
         1823  2.15986e-06
          446  2.16061e-06
         2004  2.16128e-06
         1705   2.1647e-06
         1405  2.16647e-06
          723  2.16701e-06
         1511  2.16904e-06
          329  2.17082e-06
         2007   2.1776e-06
         1597  2.18004e-06
         1400  2.18012e-06
         1839  2.18394e-06
         1021  2.18427e-06
         1153  2.18603e-06
          113  2.19013e-06
          172  2.19636e-06
         1809  2.19744e-06
           29   2.1996e-06
         1681  2.20376e-06
         1713  2.20813e-06
         1180  2.21676e-06
         1202  2.21777e-06
         1712  2.21965e-06
         1865  2.22098e-06
          287  2.22787e-06
         1192  2.23734e-06
         1824  2.23818e-06
         1128  2.24094e-06
           16  2.24284e-06
          169  2.24764e-06
         1249  2.24889e-06
         2141  2.25017e-06
         1804  2.25292e-06
         1938  2.25529e-06
         1160  2.25565e-06
         1440  2.25982e-06
         2123  2.26005e-06
         2054  2.26045e-06
          228  2.26142e-06
         2024  2.26232e-06
         1479  2.26397e-06
         2171  2.26811e-06
         1602  2.26925e-06
         1112  2.27339e-06
         2096  2.27611e-06
         1993  2.28167e-06
          556  2.28423e-06
          193  2.28681e-06
         1611  2.28766e-06
         1229  2.28907e-06
          263   2.2917e-06
         1411  2.29833e-06
          472  2.29855e-06
          592  2.29973e-06
         1418  2.29981e-06
          283  2.31579e-06
         1410  2.31614e-06
          919  2.32737e-06
         2231  2.32872e-06
          659   2.3302e-06
         2020  2.34056e-06
         1384  2.34113e-06
         1692  2.34249e-06
          433  2.34371e-06
         1844  2.34743e-06
          313  2.34969e-06
         1096  2.35114e-06
         1910   2.3613e-06
          568  2.36136e-06
          210  2.36147e-06
         1364  2.36441e-06
         1442  2.36456e-06
          252  2.36764e-06
         1683  2.37128e-06
         2006   2.3759e-06
          126  2.37737e-06
         1076  2.38197e-06
         1545  2.38485e-06
          890  2.38615e-06
         1842  2.38752e-06
         2078  2.38879e-06
         2002  2.38928e-06
         1473  2.39219e-06
         1476  2.39239e-06
          401  2.39831e-06
          682  2.39851e-06
          542  2.40193e-06
          352  2.40924e-06
         1113  2.41014e-06
          201  2.41432e-06
         1146   2.4164e-06
         1562  2.41677e-06
          525   2.4184e-06
          930  2.41841e-06
         1561  2.42243e-06
         2028  2.42388e-06
          772  2.42447e-06
         2208  2.42474e-06
         1211   2.4264e-06
         1772    2.433e-06
         1500  2.43365e-06
          316  2.43557e-06
          773  2.43715e-06
          951  2.43727e-06
          714  2.43728e-06
         1958  2.44035e-06
          340  2.44194e-06
            3  2.44285e-06
          389  2.45184e-06
         2010  2.45288e-06
         1051  2.45505e-06
          902  2.46438e-06
         1944  2.46627e-06
          184  2.47052e-06
         1217    2.472e-06
         1248  2.47883e-06
         1215  2.48539e-06
         1163  2.49015e-06
          156  2.49254e-06
         1751  2.49259e-06
         1120  2.49599e-06
          551  2.49676e-06
         1691  2.49723e-06
          936  2.50099e-06
         1302   2.5129e-06
          562  2.51586e-06
            2  2.51753e-06
         1204  2.51836e-06
         1797  2.51852e-06
          498  2.52299e-06
           20  2.52561e-06
         1702  2.52921e-06
          225   2.5325e-06
         2139  2.53787e-06
         1263  2.54128e-06
         1946  2.54185e-06
         2071  2.54301e-06
          247  2.54861e-06
         1380  2.55264e-06
         1382  2.55563e-06
         1199   2.5564e-06
         2113  2.56226e-06
          994  2.56363e-06
           65  2.56477e-06
          917  2.56549e-06
         1077  2.56561e-06
         1925  2.56932e-06
         2109  2.56961e-06
         1888   2.5712e-06
         1948  2.58375e-06
         1453  2.58533e-06
          233  2.60323e-06
         1486  2.60618e-06
         1960  2.60837e-06
         2023  2.61214e-06
           50  2.61751e-06
          318  2.62392e-06
         2185  2.62647e-06
         1235  2.63573e-06
          448  2.64294e-06
          753  2.64738e-06
            9  2.64808e-06
         1365  2.64855e-06
          979  2.64992e-06
         2049  2.65081e-06
         1642  2.65221e-06
           34  2.65564e-06
         1711  2.65869e-06
          147  2.66013e-06
         1624  2.66063e-06
          985  2.66635e-06
         1178  2.66744e-06
         1969  2.66946e-06
          429  2.67009e-06
          359  2.67059e-06
          632  2.67256e-06
          265  2.68206e-06
           84  2.68371e-06
         1431  2.68578e-06
          480  2.68813e-06
         2013  2.69476e-06
         1093  2.69679e-06
         1252   2.6968e-06
         1670  2.69729e-06
         2200  2.70094e-06
         1034   2.7021e-06
          821  2.70445e-06
         1717  2.70538e-06
         1975  2.70862e-06
           21  2.71236e-06
         1806  2.71534e-06
         1626  2.72063e-06
          487  2.72077e-06
          463  2.72358e-06
         1452  2.72448e-06
          669  2.72574e-06
         1409  2.72646e-06
         2147  2.72855e-06
          988   2.7321e-06
          317  2.74417e-06
         1761  2.74578e-06
         1492  2.74854e-06
         1859  2.74929e-06
         1038   2.7593e-06
          235  2.76221e-06
          528   2.7634e-06
         1179  2.76884e-06
         1231  2.76996e-06
         1821  2.77185e-06
         1019  2.77272e-06
         1071  2.77319e-06
         1278  2.77849e-06
         1028  2.78177e-06
         2117  2.78557e-06
          280  2.78579e-06
          124  2.78604e-06
         1982  2.79125e-06
            8   2.7931e-06
         1057  2.79372e-06
          989  2.80458e-06
         1915  2.80493e-06
           22  2.80502e-06
         1032  2.80914e-06
         1045  2.81164e-06
         1369  2.81435e-06
         1812  2.82343e-06
         1130   2.8359e-06
          688  2.84056e-06
         1707  2.84092e-06
         2111  2.84648e-06
         1920  2.84854e-06
          690  2.84857e-06
          513  2.86062e-06
         1689  2.86686e-06
           12  2.86761e-06
         1706  2.86969e-06
          949  2.87331e-06
         1450  2.87379e-06
         1090  2.87569e-06
         2236  2.87631e-06
         1043  2.87878e-06
         1221  2.88392e-06
         1957  2.88477e-06
         1762  2.88903e-06
          746   2.8897e-06
         1226  2.89994e-06
         2081   2.9014e-06
         1635  2.90686e-06
         2150  2.91459e-06
         1685  2.92232e-06
          810  2.92318e-06
         1730  2.92433e-06
          476  2.92786e-06
         1758  2.92855e-06
          162  2.93452e-06
         1012  2.94289e-06
          904  2.94296e-06
          325  2.94688e-06
          254  2.94845e-06
         1461  2.95239e-06
         1871  2.95277e-06
          610  2.95308e-06
         1747  2.95368e-06
         1726  2.95659e-06
          945  2.96071e-06
          408  2.96484e-06
          355  2.96594e-06
          905  2.96646e-06
         1280  2.97317e-06
         2218  2.97457e-06
         1124  2.97699e-06
         1603  2.97777e-06
          497  2.98869e-06
          456  2.98957e-06
          393  2.99029e-06
         2238  2.99285e-06
           89  2.99297e-06
          358   3.0054e-06
         1901  3.01496e-06
         1470  3.01677e-06
         1036  3.01857e-06
         1354  3.02369e-06
          639   3.0272e-06
         1530  3.02948e-06
          845   3.0312e-06
         2193    3.037e-06
         1238  3.04801e-06
          593  3.04953e-06
          672  3.05124e-06
          405  3.05913e-06
          876  3.05971e-06
          943  3.06355e-06
         1378  3.07016e-06
         1949  3.07638e-06
         1064  3.08655e-06
          778  3.09702e-06
          407  3.09771e-06
         1295  3.09864e-06
         1617  3.10053e-06
         1678  3.10658e-06
         1923   3.1129e-06
         1073  3.11389e-06
         2041  3.11568e-06
         1953  3.12361e-06
         2093  3.13096e-06
         2068  3.13377e-06
         1152  3.13999e-06
         1489  3.14377e-06
          424  3.14548e-06
         1463  3.14578e-06
         1686  3.15072e-06
         1907  3.15398e-06
          858  3.16387e-06
          267  3.17199e-06
         1693  3.17295e-06
          997  3.18266e-06
         1091  3.18958e-06
          473  3.19413e-06
         1918  3.21765e-06
         1980  3.21813e-06
          160  3.21858e-06
         1817  3.21933e-06
          976  3.22173e-06
         1661  3.22582e-06
         1830   3.2302e-06
         1142  3.23113e-06
         1586  3.23359e-06
          178  3.23964e-06
         1951  3.24022e-06
         1254  3.25371e-06
         1887  3.25409e-06
         1971  3.25533e-06
          899  3.25539e-06
         1139  3.25783e-06
           17  3.26308e-06
          411  3.26325e-06
         1008  3.26408e-06
         1432  3.26503e-06
         2189   3.2706e-06
          204  3.27845e-06
         1102  3.27863e-06
         1287  3.28424e-06
         1390  3.29357e-06
           40  3.29368e-06
          382  3.29417e-06
         1933  3.29855e-06
          196  3.29935e-06
         1698  3.31707e-06
          644  3.31962e-06
         1063  3.32898e-06
          664  3.34304e-06
         1397  3.34525e-06
         2001   3.3497e-06
         2205  3.36419e-06
         1196  3.36905e-06
         1937  3.37199e-06
         1240  3.38078e-06
         1206  3.38725e-06
         1421  3.39257e-06
         1514  3.39283e-06
          564  3.40138e-06
         2152  3.40944e-06
         1413  3.40956e-06
         1437  3.42476e-06
          851  3.42905e-06
         2116  3.43455e-06
          447  3.44398e-06
         2008   3.4496e-06
           63  3.46009e-06
         1169  3.46118e-06
         1216  3.47605e-06
         1856   3.4785e-06
         1224  3.48711e-06
         1484  3.48779e-06
         1031  3.48893e-06
         1650  3.49249e-06
         1775  3.49456e-06
         1087  3.49737e-06
         2226  3.49843e-06
         1465  3.50209e-06
         2237  3.50552e-06
         1237  3.50631e-06
          577  3.50926e-06
         1407  3.51229e-06
         1672  3.51738e-06
         1503  3.52405e-06
         1941   3.5262e-06
         1106  3.53021e-06
         1815  3.53719e-06
         1078  3.53885e-06
           49  3.53921e-06
         1257  3.54228e-06
         1798  3.54522e-06
          452   3.5479e-06
         1832  3.55891e-06
         2176  3.56116e-06
         2119  3.56413e-06
         1669  3.57757e-06
          993  3.57758e-06
         1537  3.57999e-06
         1368  3.58153e-06
          765  3.58226e-06
          373  3.58279e-06
           52  3.58352e-06
          374  3.58467e-06
          321  3.58478e-06
          324   3.5941e-06
         1708  3.59593e-06
         1716  3.60268e-06
         1054  3.61444e-06
         1104  3.61944e-06
         1870  3.62671e-06
          303  3.64014e-06
         1467  3.64256e-06
         2046  3.64466e-06
          481  3.64497e-06
         2249  3.65215e-06
          118  3.66584e-06
           83  3.66688e-06
          816  3.66731e-06
         1902  3.66777e-06
         1655  3.67078e-06
         1274  3.67714e-06
         1251  3.68089e-06
          968  3.68545e-06
         1117  3.68578e-06
          819   3.6906e-06
         1342  3.69157e-06
         1741  3.69753e-06
         2005  3.70327e-06
          677  3.72511e-06
          277  3.73464e-06
         2224  3.74694e-06
         1789  3.75956e-06
         1406  3.75976e-06
         1760  3.76304e-06
         1037  3.79611e-06
          998  3.79801e-06
         1392  3.80135e-06
         1573   3.8134e-06
          259  3.81631e-06
         1634  3.81698e-06
         1892  3.82053e-06
         1233  3.82339e-06
         1799  3.82438e-06
         1593  3.83327e-06
         2009  3.83581e-06
          441  3.83582e-06
         1533  3.84317e-06
         1466  3.86135e-06
          236  3.86853e-06
          458  3.87767e-06
          925  3.87939e-06
         1460  3.88407e-06
         1732  3.89172e-06
         1605  3.89383e-06
          471  3.89457e-06
         1731  3.90695e-06
          222  3.90988e-06
         2163  3.90993e-06
         1053  3.91196e-06
         2000  3.91637e-06
         2045  3.92194e-06
          712  3.92766e-06
          226  3.93211e-06
          962  3.93989e-06
         1773  3.94813e-06
         1616  3.95299e-06
         1423  3.95392e-06
          217  3.95652e-06
          585  3.96658e-06
         1904  3.97739e-06
          931  3.98326e-06
         1900  3.98807e-06
         1080  3.99545e-06
         1089  4.01257e-06
         1813  4.02091e-06
         1814  4.02183e-06
         1862  4.02231e-06
         1519  4.02797e-06
         1559  4.03596e-06
         1438  4.04733e-06
         1111  4.04867e-06
         1796  4.05387e-06
         1752  4.06006e-06
          897  4.07854e-06
         1766  4.08421e-06
          406  4.08752e-06
         1894  4.09078e-06
         1375  4.09458e-06
         1673  4.09767e-06
         1767  4.11226e-06
         1047  4.11633e-06
         2136  4.11815e-06
          322  4.12606e-06
         1275  4.13066e-06
          427  4.16653e-06
         1001  4.16816e-06
          676  4.17283e-06
          922  4.17427e-06
         1220  4.18886e-06
         1222  4.19187e-06
         1457  4.19457e-06
          957  4.20716e-06
          789  4.21202e-06
         1879  4.21836e-06
          484  4.22001e-06
          332  4.22282e-06
         1872  4.22706e-06
         1110  4.23075e-06
         1242  4.23182e-06
         1565  4.23735e-06
         1787  4.24379e-06
         1055  4.24491e-06
         1622  4.25056e-06
          987  4.25481e-06
          300  4.26407e-06
         1388  4.28183e-06
          938   4.3088e-06
         1947  4.31081e-06
         1584  4.31462e-06
         1928  4.32399e-06
         1855  4.33259e-06
         2230  4.33397e-06
          561  4.34585e-06
         2053  4.34682e-06
         1126  4.34792e-06
         2016  4.35749e-06
         1765  4.37101e-06
         1641  4.37437e-06
         1030  4.38448e-06
         1662  4.39237e-06
         2069  4.39874e-06
         1482  4.41072e-06
           70  4.41536e-06
         1115  4.42158e-06
          444  4.42252e-06
          180  4.44017e-06
         1607  4.44639e-06
          911  4.45277e-06
         2098  4.46324e-06
         1838  4.46352e-06
         1164   4.4637e-06
         1066   4.4694e-06
         1311  4.47203e-06
         1396  4.48761e-06
         1847  4.48811e-06
           51   4.4994e-06
          451  4.51661e-06
          341  4.52695e-06
         1517  4.53194e-06
          354  4.54591e-06
         1709   4.5596e-06
         1846  4.56128e-06
         1585  4.56483e-06
         1477  4.56996e-06
         1451  4.57011e-06
         1615  4.57218e-06
         1182  4.57358e-06
         1445  4.57793e-06
         1474   4.5949e-06
         1464  4.59646e-06
          944  4.60304e-06
         1822  4.60995e-06
           86  4.61763e-06
         1837  4.61933e-06
          468   4.6286e-06
           82  4.64103e-06
         1433    4.652e-06
         1988  4.65207e-06
          877   4.6716e-06
          454  4.67426e-06
         1654   4.6844e-06
         1059  4.68705e-06
         1544  4.70224e-06
          435  4.70376e-06
          404  4.71263e-06
          449   4.7154e-06
         1568  4.73379e-06
         2122  4.73618e-06
          112  4.73704e-06
         1696  4.73844e-06
         1048  4.74746e-06
         1801  4.74819e-06
          349  4.75326e-06
         1569  4.75461e-06
          227  4.75479e-06
          164  4.76805e-06
         2063  4.77292e-06
          595  4.77647e-06
         1084  4.78232e-06
         1952  4.78514e-06
           37  4.78993e-06
         1046  4.79223e-06
         1011  4.79461e-06
         1825  4.82713e-06
         1858  4.84025e-06
         1733  4.84239e-06
         1663  4.88296e-06
          403  4.89409e-06
         1137  4.90743e-06
         1119  4.91685e-06
           32  4.92151e-06
          479  4.94086e-06
         1668  4.95418e-06
           73  4.97585e-06
         1764  5.01001e-06
         1860   5.0102e-06
         1261  5.01818e-06
          392  5.02867e-06
          491  5.04078e-06
         1874  5.05054e-06
         1184  5.05964e-06
         1072  5.06071e-06
         1757   5.0659e-06
         1101  5.08284e-06
         1391  5.08478e-06
         2051  5.11603e-06
         1867   5.1244e-06
         1967  5.12656e-06
          569  5.13147e-06
         1657  5.13298e-06
           24   5.1349e-06
         1135  5.15188e-06
         1560  5.16086e-06
         2085  5.16629e-06
          365    5.185e-06
           10  5.18927e-06
         1209  5.20707e-06
         1429  5.20759e-06
          279  5.21227e-06
          326  5.22055e-06
          530  5.22115e-06
          192   5.2521e-06
         2217  5.25468e-06
          844  5.28382e-06
          550  5.32553e-06
          464  5.33458e-06
          125  5.34566e-06
         1277  5.36499e-06
         1114   5.3727e-06
         1014  5.37283e-06
         1480  5.38479e-06
         1268  5.38769e-06
         2186  5.38886e-06
          380  5.40911e-06
         1857  5.41029e-06
          339  5.41497e-06
          128  5.41754e-06
         1959  5.42282e-06
          353  5.42647e-06
         1800  5.42965e-06
          486  5.43626e-06
         1232  5.45998e-06
         2242  5.47868e-06
          136  5.48275e-06
         1044  5.48794e-06
         2025  5.49058e-06
         1349   5.5061e-06
         1485  5.51076e-06
         1158  5.53443e-06
         1023  5.53578e-06
         1468  5.54724e-06
         1704   5.5638e-06
         1529  5.58269e-06
         1644  5.59539e-06
           79  5.60087e-06
         1578  5.60626e-06
         1502   5.6089e-06
         1127  5.61275e-06
         2188  5.62207e-06
          478  5.63679e-06
         1007   5.6372e-06
          144  5.65849e-06
         1026  5.66899e-06
         1436  5.67975e-06
         2014  5.68342e-06
          376  5.68363e-06
         1819  5.75881e-06
         1720  5.76087e-06
         1854  5.77098e-06
         1666  5.78466e-06
         1000  5.80393e-06
         1811   5.8065e-06
         1335  5.82643e-06
          388  5.82735e-06
         1103  5.83131e-06
         2202  5.83912e-06
         1227  5.86915e-06
         2135  5.87781e-06
         1420  5.88138e-06
          284  5.89078e-06
         1714  5.89911e-06
          921  5.90198e-06
         1176  5.90662e-06
          251  5.93069e-06
          445  5.95649e-06
          383  5.97903e-06
         1262  5.99407e-06
          586  5.99843e-06
          371  6.00341e-06
         1886  6.00808e-06
         2240  6.00889e-06
         1040  6.01437e-06
         1595  6.03543e-06
         1608  6.05065e-06
         1665  6.08459e-06
         1640  6.11394e-06
         1719  6.15532e-06
          469  6.17938e-06
         1643  6.18288e-06
         2083  6.19644e-06
         1676  6.21388e-06
         1893  6.23798e-06
         2187  6.34781e-06
         1776  6.36805e-06
         2035  6.41476e-06
            6  6.45279e-06
         1265  6.45937e-06
          308  6.46524e-06
         1588  6.48834e-06
         1385  6.52426e-06
         1786  6.53157e-06
         2214  6.55769e-06
         2243  6.56657e-06
          950  6.56733e-06
         1255  6.58192e-06
         1505  6.59643e-06
          410  6.60706e-06
         1166  6.61999e-06
         1703  6.62217e-06
         1808  6.63164e-06
         1478  6.66141e-06
         2228  6.66621e-06
         1843  6.67575e-06
         1697  6.74054e-06
         1848  6.76715e-06
         1483  6.81582e-06
         1556   6.8173e-06
          725   6.8419e-06
         2030  6.86369e-06
         1147  6.87509e-06
         1863   6.8816e-06
         2029  6.90082e-06
          397  6.93799e-06
         1403  6.97698e-06
          678  6.99334e-06
          978  7.10194e-06
         1523  7.12032e-06
         1779  7.13084e-06
          483  7.14464e-06
         1083  7.16366e-06
         2124  7.19386e-06
         1508  7.27752e-06
         2196   7.3765e-06
         1512  7.42612e-06
         1321  7.45657e-06
         1200  7.46568e-06
          148  7.48202e-06
          537  7.48525e-06
         1829  7.50448e-06
         1003  7.53639e-06
         2101  7.59598e-06
         1771  7.64789e-06
         1293  7.67874e-06
         1099  7.71326e-06
         1647  7.75001e-06
         2225  7.77986e-06
         1777  7.80678e-06
         1840  7.83571e-06
          309  7.83661e-06
         1081   7.8738e-06
         1861   7.8772e-06
         1389   7.9655e-06
         1223  8.00278e-06
          345  8.05938e-06
         1845  8.16531e-06
         1853  8.26106e-06
         1118  8.29076e-06
          328  8.32606e-06
         1961  8.38208e-06
         1841  8.42506e-06
          963  8.44769e-06
         1186  8.55538e-06
         1962  8.60012e-06
          379   8.6426e-06
          983  8.69231e-06
         2019  8.71002e-06
          336  8.86459e-06
          477  8.97871e-06
         1785  9.06697e-06
         1024  9.12485e-06
         1022  9.15729e-06
         1599  9.16752e-06
          969  9.17262e-06
         1283  9.25688e-06
         1759  9.29211e-06
         2018  9.31994e-06
         2129  9.39338e-06
         1419  9.44652e-06
          266  9.48776e-06
         1027  9.49593e-06
         1269  9.88039e-06
         2248  1.01798e-05
         1195  1.02852e-05
         1990  1.04908e-05
         1780  1.05408e-05
         1039  1.10285e-05
         1150  1.11896e-05
         1793  1.13537e-05
          995  1.14291e-05
         1788  1.14566e-05
          999  1.16619e-05
          990  1.23874e-05
         1816  1.25115e-05
         2247  1.27243e-05
         2021  1.28289e-05
         1781  1.32714e-05
         1851   1.4512e-05
         1956  1.56384e-05
         1680  1.64318e-05
         1955  1.91697e-05
         2251  3.37371e-05
         2250  5.59519e-05
         2246  0.000129566
         2245  0.000646322
         2244   0.00106184
