 Actual and kludged survival report
  Actual/Kludged Season  Mvmnt_period  Region  Survival 
Actual  1   1   1 0.69014 0.701151 0.71533 0.734321 0.752648 0.755479 0.745982 0.730411 0.715884 0.708488 0.712294 0.730147 0.761593 0.795678 0.821019 0.830808
Kludge  1   1   1 0.652369 0.662304 0.68527 0.711363 0.732367 0.741796 0.735818 0.719243 0.69939 0.685038 0.686022 0.707714 0.740343 0.772291 0.795454 0.804339
Actual  1   1   2 0.690294 0.702427 0.728355 0.753761 0.767665 0.766027 0.753921 0.737027 0.721893 0.714278 0.718094 0.73612 0.76786 0.802256 0.827826 0.837696
Kludge  1   1   2 0.686154 0.695054 0.715457 0.738304 0.75614 0.763025 0.755328 0.737638 0.717204 0.702992 0.705071 0.728574 0.762787 0.795526 0.818818 0.827648
Actual  1   1   3 0.690105 0.699932 0.698122 0.714826 0.742766 0.748988 0.739465 0.723407 0.70848 0.700778 0.704295 0.7218 0.752809 0.786471 0.811521 0.821196
Kludge  1   1   3 0.689695 0.696189 0.711167 0.72809 0.741294 0.74592 0.738973 0.72457 0.70909 0.699981 0.705144 0.728231 0.759976 0.79005 0.811494 0.819648
Actual  1   1   4 0.690286 0.702315 0.726966 0.751962 0.766526 0.765252 0.753266 0.736413 0.721292 0.713678 0.717488 0.735496 0.767208 0.801576 0.827125 0.836986
Kludge  1   1   4 0.69693 0.705067 0.723705 0.744536 0.760667 0.766509 0.758613 0.741439 0.722074 0.709242 0.712604 0.736825 0.771128 0.803549 0.826438 0.835077
Actual  1   1   5 0.677215 0.660328 0.686837 0.737668 0.759116 0.761251 0.750992 0.734867 0.719922 0.712247 0.715906 0.733743 0.765285 0.799515 0.824985 0.834821
Kludge  1   1   5 0.668867 0.679342 0.703494 0.730833 0.752868 0.763167 0.758073 0.742515 0.723883 0.711112 0.714173 0.738077 0.77214 0.8044 0.827195 0.835802
Actual  1   1   6 0.690194 0.701785 0.72015 0.719657 0.722883 0.741153 0.744841 0.733577 0.720269 0.713316 0.717404 0.735547 0.767329 0.801732 0.827294 0.837158
Kludge  1   1   6 0.690546 0.696348 0.709834 0.725286 0.737673 0.742635 0.737565 0.726388 0.714997 0.709995 0.7181 0.742012 0.772973 0.801628 0.821823 0.829455
Actual  1   1   7 0.690189 0.701127 0.712846 0.733609 0.754693 0.75716 0.746472 0.730075 0.715093 0.707466 0.711154 0.728934 0.760317 0.794351 0.819663 0.829436
Kludge  1   1   7 0.696216 0.703332 0.719676 0.738018 0.752211 0.757097 0.749473 0.733599 0.716186 0.705277 0.709581 0.733198 0.766141 0.797318 0.819441 0.827824
Actual  1   1   8 0.690289 0.702362 0.727554 0.752724 0.767008 0.76558 0.753543 0.736675 0.721551 0.713941 0.717757 0.735777 0.767505 0.801888 0.827447 0.837313
Kludge  1   1   8 0.696347 0.704638 0.723622 0.744834 0.761271 0.767282 0.759384 0.742054 0.722412 0.709247 0.712334 0.736441 0.770758 0.803249 0.826202 0.834868
Actual  2   1   1 0.689137 0.68937 0.588352 0.571425 0.63996 0.675885 0.679481 0.669046 0.656361 0.649161 0.652019 0.667823 0.69622 0.727188 0.750296 0.759242
Kludge  2   1   1 0.700272 0.69943 0.69712 0.693655 0.68935 0.684527 0.679817 0.677065 0.678442 0.686002 0.701428 0.724493 0.749931 0.772458 0.788222 0.794173
Actual  2   1   2 0.690083 0.700313 0.70492 0.721275 0.744612 0.750005 0.741222 0.725846 0.711368 0.703965 0.707712 0.725436 0.756678 0.790551 0.81574 0.825466
Kludge  2   1   2 0.697103 0.703229 0.717329 0.733192 0.745417 0.749331 0.742035 0.727593 0.712331 0.703643 0.709336 0.732891 0.764908 0.795046 0.816438 0.82455
Actual  2   1   3 0.690105 0.699928 0.698078 0.714767 0.742725 0.748959 0.739442 0.723387 0.708463 0.700763 0.704282 0.721789 0.752798 0.786461 0.81151 0.821186
Kludge  2   1   3 0.690457 0.696849 0.711583 0.728216 0.741152 0.745579 0.73852 0.72408 0.708625 0.699582 0.704827 0.72798 0.759768 0.78987 0.811328 0.819487
Actual  2   1   4 0.690288 0.702349 0.727395 0.752518 0.766878 0.765492 0.753469 0.736604 0.721481 0.713869 0.717682 0.735699 0.767421 0.801799 0.827356 0.83722
Kludge  2   1   4 0.696531 0.704784 0.723683 0.744797 0.76115 0.767104 0.759184 0.741866 0.722273 0.709194 0.712389 0.7366 0.770991 0.803521 0.826489 0.835158
Actual  2   1   5 0.680873 0.674948 0.700741 0.744007 0.763108 0.763419 0.752224 0.735705 0.720625 0.71292 0.716595 0.734468 0.766058 0.800332 0.82583 0.835676
Kludge  2   1   5 0.673509 0.683722 0.707214 0.733694 0.754826 0.764243 0.758247 0.741693 0.72199 0.708215 0.710577 0.734293 0.768566 0.8012 0.824323 0.833067
Actual  2   1   6 0.690172 0.701636 0.717878 0.709384 0.709216 0.733488 0.742115 0.732618 0.719871 0.713113 0.717278 0.735453 0.767248 0.801655 0.827216 0.837079
Kludge  2   1   6 0.692606 0.697384 0.708536 0.721404 0.731796 0.73598 0.731763 0.722762 0.714309 0.712195 0.722117 0.74609  0.776 0.803363 0.822574 0.829824
Actual  2   1   7 0.690253 0.701913 0.722145 0.745693 0.762504 0.762508 0.750959 0.734258 0.719182 0.711564 0.715331 0.733262 0.764863 0.799117 0.824586 0.834417
Kludge  2   1   7 0.691972 0.700181 0.719002 0.740075 0.756447 0.762469 0.754659 0.737478 0.717998 0.704891 0.707781 0.731431 0.765307 0.797561 0.820462 0.829136
Actual  2   1   8 0.69029 0.702371 0.72766 0.752862 0.767095 0.765639 0.753594 0.736722 0.721598 0.713988 0.717805 0.735827 0.767558 0.801943 0.827504 0.83737
Kludge  2   1   8 0.696004 0.704346 0.723448 0.744793 0.761342 0.767424 0.759548 0.742202 0.722519 0.709311 0.712382 0.736518 0.770883 0.803416 0.826394 0.835069
Actual  3   1   1 0.689897 0.698201 0.6811 0.689813 0.723107 0.735029 0.728905 0.714596 0.700498 0.693125 0.696673 0.71399 0.744644 0.777922 0.802687 0.812257
Kludge  3   1   1 0.666694 0.672981 0.687624 0.704459 0.718047 0.723665 0.718452 0.706373 0.693396 0.686227 0.691854 0.71358 0.743269 0.771649 0.792126 0.799975
Actual  3   1   2 0.690005 0.699097 0.68984 0.702651 0.733244 0.742245 0.734366 0.719156 0.70464 0.697113 0.700664 0.718096 0.74895 0.78244 0.80736 0.816986
Kludge  3   1   2 0.701143 0.70625 0.718002 0.731203 0.741238 0.743992 0.736919 0.723851 0.710688 0.704172 0.711243 0.734788 0.765925 0.795024 0.815648 0.823467
Actual  3   1   3 0.690168 0.700763 0.708064 0.727579 0.750972 0.754623 0.744253 0.727922 0.71293 0.705259 0.708878 0.726558 0.757812 0.791719 0.816942 0.826683
Kludge  3   1   3 0.688492 0.695598 0.711953 0.730365 0.744686 0.749731 0.742283 0.726607 0.709375 0.698522 0.70262 0.725784 0.758319 0.78931 0.811431 0.819843
Actual  3   1   4 0.690274 0.702162 0.725092 0.749539 0.764989 0.764205 0.752379 0.735577 0.72047 0.712851 0.716642 0.734619 0.766287 0.800609 0.826127 0.835976
Kludge  3   1   4 0.698402 0.706354 0.724559 0.744888 0.760576 0.766101 0.758039 0.740813 0.721476 0.708704 0.712094 0.736269 0.770498 0.802864 0.825725 0.834357
Actual  3   1   5 0.681171 0.677249 0.702947 0.745275 0.764028 0.763878 0.752455 0.735852 0.720745 0.713034 0.716712 0.73459 0.766188 0.800469 0.825972 0.835819
Kludge  3   1   5 0.674935 0.685081 0.708403 0.734653 0.755535 0.764697 0.758423 0.741548 0.721485 0.707356 0.709453 0.73307 0.767384 0.800121 0.823343 0.832129
Actual  3   1   6 0.6902 0.701821 0.720294 0.719311 0.722139 0.74076 0.744773 0.733613 0.720331 0.713383 0.717471 0.735615 0.7674 0.801806 0.82737 0.837235
Kludge  3   1   6 0.688538 0.69452 0.708443 0.724437 0.737351 0.742748 0.73799 0.727036 0.715807 0.710926 0.719129 0.743116 0.774111 0.802764 0.822939 0.830559
Actual  3   1   7 0.690223 0.701547 0.717841 0.740082 0.758869 0.760022 0.748881 0.732327 0.717299 0.709679 0.713412 0.731274 0.762775 0.796929 0.822326 0.83213
Kludge  3   1   7 0.692792 0.700763 0.719047 0.739536 0.755452 0.761252 0.753512 0.736652 0.717663 0.705072 0.708291 0.731924 0.765572 0.797565 0.820278 0.828882
Actual  3   1   8 0.690282 0.70227 0.726414 0.751249 0.766073 0.764943 0.753004 0.736167 0.721051 0.713437 0.717242 0.735243 0.766944 0.801299 0.826839 0.836697
Kludge  3   1   8 0.696537 0.704742 0.723535 0.744541 0.760822 0.766764 0.758906 0.741714 0.722279 0.70934 0.712587 0.736721 0.770975 0.803379 0.826267 0.834907
Actual  4   1   1 0.69002 0.699538 0.69588 0.709517 0.736828 0.744616 0.736698 0.721605 0.707161 0.699662 0.70323 0.720706 0.751643 0.785225 0.810211 0.819871
Kludge  4   1   1 0.654844 0.663527 0.683703 0.706826 0.725644 0.73425 0.72914 0.714853 0.698222 0.687187 0.690366 0.712212 0.743634 0.774042 0.79602 0.804442
Actual  4   1   2 0.690274 0.702166 0.725139 0.749599 0.765026 0.764229 0.752398 0.735591 0.720476 0.712849 0.71663 0.734598 0.766258 0.800575 0.826088 0.835938
Kludge  4   1   2 0.684969 0.693979 0.714644 0.737806 0.755936 0.76306 0.755543 0.737999 0.717686 0.703572 0.705723 0.729266 0.763481 0.796197 0.81946 0.828276
Actual  4   1   3 0.690134 0.700315 0.702693 0.720675 0.746526 0.751571 0.741664 0.725483 0.710526 0.702838 0.7064 0.723984 0.755103 0.788877 0.814006 0.823711
Kludge  4   1   3 0.69035 0.697111 0.712665 0.730159 0.743695 0.748244 0.740677 0.725196 0.708385 0.698034 0.702511 0.725768 0.758198 0.789029 0.811024 0.819387
Actual  4   1   4 0.690289 0.702366 0.727595 0.752777 0.767042 0.765603 0.753563 0.736693 0.721568 0.713956 0.717772 0.735791 0.767518 0.801901 0.82746 0.837326
Kludge  4   1   4 0.696356 0.704772 0.724026 0.745511 0.762125 0.768158 0.760085 0.74241 0.722319 0.708733 0.711611 0.735837 0.770452 0.80324 0.826395 0.835134
Actual  4   1   5 0.679291 0.668593 0.694847 0.74173 0.761776 0.762656 0.75177 0.735398 0.720374 0.712684 0.716357 0.734219 0.765794 0.800053 0.825541 0.835384
Kludge  4   1   5 0.671107 0.681661 0.705939 0.73331 0.755205 0.765145 0.759406 0.742909 0.723116 0.709177 0.711415 0.735132 0.769473 0.80217 0.825326 0.834079
Actual  4   1   6 0.690187 0.701735 0.719302 0.715569 0.717362 0.738058 0.743751 0.733204 0.720123 0.713249 0.717368 0.735523 0.767312 0.801717 0.827279 0.837143
Kludge  4   1   6 0.689934 0.69541 0.708176 0.722882 0.734785 0.739742 0.735299 0.725274 0.71533 0.711723 0.720714 0.744693 0.775186 0.80324 0.822968 0.830416
Actual  4   1   7 0.690164 0.700924 0.710964 0.731021 0.752857 0.755905 0.745498 0.729238 0.714323 0.706725 0.710417 0.72818 0.759532 0.793531 0.818817 0.82858
Kludge  4   1   7 0.694263 0.701721 0.718854 0.738095 0.753051 0.758414 0.750906 0.734851 0.717053 0.7057 0.70971 0.733333 0.766465 0.797853 0.820124 0.828561
Actual  4   1   8 0.690282 0.702262 0.726322 0.751129 0.765997 0.764892 0.75296 0.736126 0.721011 0.713397 0.717201 0.7352 0.766898 0.801251 0.82679 0.836648
Kludge  4   1   8 0.696574 0.704778 0.723567 0.744571 0.760852 0.766796 0.758945 0.74176 0.722328 0.709382 0.712606 0.736703 0.77092 0.803297 0.82617 0.834806
