           46  4.42729e-11
           66  2.27693e-10
           74  3.30958e-10
         1976  3.67984e-10
           77  7.03194e-10
           26  7.15332e-10
           33  8.26547e-10
          798  8.97221e-10
           88  1.09872e-09
           30  1.45126e-09
         1986  1.49037e-09
           67  1.66305e-09
           71  1.69028e-09
          461  1.74795e-09
          460   1.8972e-09
           54  2.24219e-09
          665  2.35628e-09
         1983  2.36061e-09
         1626  2.49994e-09
           91  2.69461e-09
         2175  2.96727e-09
           43  3.06043e-09
           42  4.21737e-09
           50  4.48081e-09
           81  4.67215e-09
          562  4.69728e-09
         1974  4.91132e-09
           80  4.92533e-09
          900  4.92652e-09
         1816  5.24552e-09
         1307   5.4731e-09
           36  5.49656e-09
           56  5.65312e-09
         1843  5.67289e-09
           41  5.70624e-09
          953  5.72905e-09
           57  6.28533e-09
           95  6.68829e-09
           87  7.03822e-09
           13  7.13539e-09
          450  8.01283e-09
          526  8.40419e-09
         1860  9.15665e-09
            4  9.30188e-09
           92  9.31363e-09
           78  9.47814e-09
          718  1.02732e-08
          535  1.03693e-08
          252  1.09372e-08
          157  1.18544e-08
          649  1.27819e-08
         2153  1.37822e-08
           90   1.4216e-08
         1972  1.45312e-08
         1050  1.64433e-08
           32  1.66724e-08
          599  1.68209e-08
          825   1.7198e-08
           25  1.72361e-08
         1254  1.77344e-08
           44  1.79533e-08
          171  1.95443e-08
         1980  2.01851e-08
         1108  2.09222e-08
         1751  2.19027e-08
          992  2.35503e-08
          487  2.41876e-08
           60    2.498e-08
          886  2.51235e-08
          196  2.67037e-08
         1866  2.69177e-08
           18  2.81382e-08
           39  2.82172e-08
           69  2.85021e-08
         2036   2.8668e-08
         2020  2.87762e-08
          495  2.93395e-08
          524  2.96672e-08
         1660  2.99049e-08
          138  3.08589e-08
         1589  3.09766e-08
          576  3.32817e-08
          353  3.34118e-08
         1933  3.37492e-08
         2126  3.39135e-08
         1889  3.50284e-08
         1260  3.64906e-08
          154   3.8509e-08
         1200  3.91539e-08
           96  4.02289e-08
          212  4.16188e-08
         1973  4.26578e-08
          541  4.30624e-08
         1154  4.53577e-08
           17  4.65983e-08
         1966  4.74809e-08
           97  4.90572e-08
          898  5.00182e-08
         1450  5.03955e-08
         1442     5.09e-08
          646  5.14479e-08
          694  5.20289e-08
         1021  5.20852e-08
         2131  5.45409e-08
          200  5.46876e-08
         1914  5.50099e-08
          693  5.50755e-08
         1169  5.54213e-08
         1007  5.57856e-08
         1071  5.63733e-08
          712  5.69351e-08
         1385  5.71242e-08
         1419  5.75171e-08
         2046  5.91092e-08
          653  5.95226e-08
          695  6.01751e-08
          224  6.23765e-08
         1667  6.35469e-08
         1287     6.36e-08
          202  6.46176e-08
         1970  6.55797e-08
         1572  6.62164e-08
          248  6.63526e-08
          766  6.68848e-08
         1113  6.78224e-08
          410  6.79367e-08
         1968  6.83173e-08
          479  6.98634e-08
          706   7.0534e-08
         1437  7.17547e-08
          413  7.18539e-08
         1940  7.38409e-08
         1540  7.39043e-08
          439  7.65847e-08
         1014   7.8813e-08
         1296  7.93268e-08
         1532  7.98712e-08
          151   8.1299e-08
         1654  8.20396e-08
          305  8.59574e-08
          623   8.7073e-08
         2038  8.80391e-08
         1546  8.83024e-08
          263  8.85269e-08
         1981  8.99532e-08
         1441  9.02232e-08
         1286   9.1333e-08
         1177  9.24867e-08
          767  9.30843e-08
          540  9.45037e-08
          245  9.47582e-08
          716  9.47835e-08
         1609  9.49954e-08
         1364  9.55781e-08
          964  9.69461e-08
          603  9.76659e-08
         1251  9.84328e-08
         1207  9.91592e-08
          820  9.91762e-08
          893  1.00086e-07
         1905  1.00092e-07
          739  1.03605e-07
         1982  1.05145e-07
          708  1.05214e-07
         2169  1.05499e-07
         2070  1.05819e-07
         1924  1.06054e-07
          807  1.06947e-07
         1668  1.07208e-07
          483   1.0738e-07
         1922  1.07733e-07
         1280  1.10644e-07
         1099  1.12359e-07
         1440  1.13262e-07
         1747  1.13351e-07
          153  1.14147e-07
         1906  1.16633e-07
         2078  1.17016e-07
           82  1.19271e-07
         2237  1.20619e-07
         2055  1.20622e-07
          581  1.21737e-07
           75  1.22333e-07
         1740  1.22649e-07
          419   1.2311e-07
          598  1.27009e-07
         1194  1.27285e-07
         2050  1.27572e-07
          167  1.28175e-07
         1925  1.29274e-07
          958  1.31378e-07
          827  1.32146e-07
          309  1.33216e-07
          915  1.33278e-07
          853  1.33466e-07
         1902  1.33473e-07
          143   1.3349e-07
          496  1.33539e-07
           47    1.345e-07
         1485  1.35948e-07
          199  1.36432e-07
         1756  1.37007e-07
         1993  1.37843e-07
         1600  1.37895e-07
          281  1.38208e-07
         1832  1.38457e-07
          704  1.40182e-07
           29  1.41237e-07
         1969  1.41909e-07
         1042  1.42071e-07
         2118  1.42781e-07
          445  1.43055e-07
         2090  1.44135e-07
         1945  1.45522e-07
         1775  1.45661e-07
         2146  1.46774e-07
         2163  1.47356e-07
          896  1.47458e-07
         1415  1.47723e-07
          515  1.48578e-07
          208  1.49622e-07
         1107  1.52697e-07
          528  1.53035e-07
          335  1.54363e-07
         1592  1.55302e-07
         1842  1.55876e-07
          923  1.57297e-07
         1713  1.60102e-07
          802  1.60288e-07
         1317  1.60637e-07
          850  1.61216e-07
          232  1.61941e-07
         1124  1.61947e-07
          198   1.6278e-07
          522  1.63375e-07
          567   1.6397e-07
         1597   1.6503e-07
          842  1.65104e-07
         1009  1.68432e-07
          727  1.68675e-07
         1685  1.69234e-07
         2044  1.69507e-07
          795  1.69603e-07
          846  1.69787e-07
         1515  1.70346e-07
           40  1.71519e-07
          936  1.71678e-07
          759  1.71997e-07
          344    1.722e-07
          904  1.72668e-07
         2098  1.72955e-07
          754   1.7382e-07
          862  1.74615e-07
          105  1.75014e-07
         1446  1.75124e-07
         2128  1.75675e-07
         2117  1.75751e-07
          306  1.76012e-07
          800  1.76447e-07
          241  1.77802e-07
         1432  1.78489e-07
          170  1.79714e-07
          950  1.82134e-07
          163  1.82868e-07
         1218  1.83247e-07
         1955  1.83449e-07
         1934  1.85282e-07
         2165  1.86072e-07
          571   1.8645e-07
         1425  1.87146e-07
          206  1.88099e-07
         1625  1.88495e-07
          877  1.88905e-07
         1997  1.90305e-07
         2177  1.91974e-07
         2242  1.92342e-07
         2243   1.9386e-07
         1694  1.94092e-07
         2141  1.98499e-07
         2011  1.98578e-07
          161  1.99608e-07
         1543  1.99942e-07
         2110  2.00064e-07
          760   2.0202e-07
          985  2.02895e-07
          791   2.0311e-07
         1946  2.03114e-07
          734  2.04096e-07
          342  2.04305e-07
         2130  2.04648e-07
           35  2.04807e-07
         2033  2.05281e-07
         1551  2.06274e-07
          501  2.06566e-07
         2058  2.06689e-07
         2042  2.07141e-07
          225  2.07568e-07
          738  2.07597e-07
         1498  2.07721e-07
         1908  2.09088e-07
         1504  2.09187e-07
         1907  2.09958e-07
         2091  2.11377e-07
          440  2.16846e-07
          970  2.18331e-07
          922   2.2127e-07
         2172  2.24204e-07
         1192   2.2486e-07
         1206  2.26894e-07
          145  2.27584e-07
         1344   2.2829e-07
          631  2.28801e-07
          422  2.29302e-07
         1590  2.29332e-07
          207  2.29465e-07
          357  2.29607e-07
          799  2.31665e-07
          372  2.31919e-07
         2077  2.32209e-07
          197  2.32509e-07
          266   2.3269e-07
         1712  2.32759e-07
         2183  2.32979e-07
          557  2.33389e-07
         1010  2.33973e-07
         1271  2.36128e-07
          303  2.36864e-07
          797  2.36878e-07
         1862  2.36949e-07
         1528   2.3823e-07
         1931  2.38727e-07
         1149  2.40989e-07
         2088   2.4103e-07
         2021  2.41038e-07
          788  2.43528e-07
          873  2.44084e-07
         1864   2.4424e-07
         1719  2.44241e-07
         1241  2.44505e-07
          845  2.44609e-07
          117  2.45363e-07
         1356  2.45392e-07
          870  2.46928e-07
          809  2.48239e-07
          894  2.48361e-07
         2034  2.52335e-07
          502  2.52564e-07
          226  2.52659e-07
         1291  2.53231e-07
         1926  2.53357e-07
         1508  2.54712e-07
          265  2.55383e-07
         1695  2.56921e-07
         1250  2.58078e-07
          237  2.58711e-07
          885  2.61514e-07
         1068  2.65594e-07
         1304  2.67036e-07
         1294  2.68059e-07
         2062  2.68448e-07
          607  2.69692e-07
         2187  2.70486e-07
          325  2.72038e-07
          476  2.76529e-07
         2186  2.78647e-07
         2043  2.79522e-07
          874  2.80486e-07
          801   2.8055e-07
          652   2.8121e-07
         1404  2.81831e-07
         1506  2.83174e-07
          480  2.87929e-07
          808   2.9032e-07
         1754  2.90338e-07
          209  2.90535e-07
          872  2.91368e-07
          573  2.93658e-07
          492  2.94471e-07
         1691  2.94839e-07
         1875  2.96467e-07
          973  2.96483e-07
         1554  3.00081e-07
         1655  3.01168e-07
         1430   3.0167e-07
         1443  3.02355e-07
         1496  3.03078e-07
          661   3.0449e-07
         1115  3.04755e-07
          523  3.04857e-07
         2039  3.05258e-07
          402  3.05588e-07
          137  3.06666e-07
          699  3.07085e-07
          583  3.07629e-07
         1125  3.07702e-07
         1596  3.07799e-07
         2082  3.07858e-07
         1664  3.08467e-07
          709  3.09586e-07
         1097   3.1005e-07
         2114  3.11676e-07
          917  3.12626e-07
         1242  3.13129e-07
         2102  3.13433e-07
         1750  3.14185e-07
         2191  3.15378e-07
         1315  3.15693e-07
         1826  3.17583e-07
         1284  3.17984e-07
         2142  3.18227e-07
         1495   3.1911e-07
         1172  3.20013e-07
          602  3.20122e-07
         1673  3.20383e-07
          671   3.2139e-07
         1888  3.22052e-07
         1608  3.22122e-07
         2174  3.24002e-07
          473  3.24452e-07
          823   3.2503e-07
         1275  3.27491e-07
         1963  3.29217e-07
         1324  3.30969e-07
          337  3.31465e-07
         1921  3.32134e-07
         1627  3.32198e-07
         1297   3.3294e-07
         1636  3.33042e-07
          218  3.33544e-07
          948  3.33682e-07
          116  3.33968e-07
         1331  3.34196e-07
         1118  3.34745e-07
         1611   3.3655e-07
          280  3.37777e-07
          636  3.39415e-07
           48  3.40959e-07
         2158  3.42185e-07
          726   3.4248e-07
          427  3.43894e-07
          423   3.4459e-07
         1813  3.46202e-07
          747  3.46878e-07
         2106  3.47868e-07
         1326  3.48761e-07
          997  3.50246e-07
          612  3.50524e-07
         1619  3.53272e-07
         1309  3.53858e-07
          340  3.55365e-07
           64  3.56774e-07
          615  3.57244e-07
          865  3.57955e-07
          511  3.59404e-07
         1223  3.62575e-07
          840  3.62823e-07
          832  3.63905e-07
         1020  3.64404e-07
          293  3.65775e-07
         2206  3.67335e-07
         1735  3.67927e-07
         2133  3.69269e-07
          687  3.73883e-07
          717  3.74127e-07
          182  3.75024e-07
          784  3.75944e-07
         1705  3.75949e-07
         1408  3.76166e-07
          295  3.76303e-07
          794  3.77818e-07
         1336  3.78387e-07
         1434  3.78921e-07
          494     3.83e-07
         1948   3.8301e-07
          390   3.8347e-07
         1701  3.84236e-07
          890  3.85857e-07
          627  3.85901e-07
           68  3.86803e-07
         1656  3.88301e-07
         1334  3.88971e-07
          307   3.8964e-07
          102  3.90199e-07
          412  3.90614e-07
         1710  3.90691e-07
          617  3.91444e-07
         2045  3.91565e-07
          579  3.91842e-07
          605  3.91948e-07
          960  3.92689e-07
         1742  3.93061e-07
         2022   3.9309e-07
         2227  3.93848e-07
         1726  3.95025e-07
          855  3.95989e-07
          722  3.96273e-07
         1039  3.96676e-07
         2209  3.96961e-07
         1038  3.97974e-07
         1913  3.99333e-07
         1880  3.99622e-07
         1858  3.99635e-07
         1489  4.00775e-07
          619  4.01179e-07
          959  4.01937e-07
          951  4.03585e-07
          575   4.0394e-07
          394  4.03957e-07
         1409  4.04073e-07
         1168   4.0465e-07
         1578  4.04825e-07
         1868   4.0485e-07
          606  4.06091e-07
          477  4.07063e-07
          847  4.08969e-07
         1620   4.0897e-07
          697  4.09036e-07
          780  4.11303e-07
         1140  4.11696e-07
          851   4.1235e-07
         2101  4.13302e-07
          217  4.13704e-07
         1061  4.14011e-07
          491  4.14649e-07
          769  4.14867e-07
         1525  4.15101e-07
          779  4.15684e-07
         1886  4.16035e-07
          296  4.16668e-07
         1677  4.18042e-07
          787  4.18306e-07
         1111   4.1848e-07
         2170  4.18721e-07
          204  4.18903e-07
         1714  4.19168e-07
          972  4.23856e-07
          689  4.25731e-07
          792  4.26609e-07
          189   4.2758e-07
          841  4.27587e-07
         1246  4.27983e-07
         1781  4.28242e-07
         1876  4.30112e-07
          931  4.30236e-07
          730  4.30505e-07
         1451  4.31395e-07
         1490   4.3201e-07
          453  4.34019e-07
          474  4.36386e-07
         1293   4.3673e-07
         1092   4.3941e-07
         1916  4.39868e-07
          447   4.4004e-07
          396   4.4066e-07
         1987  4.40937e-07
          775  4.40999e-07
         1764  4.41053e-07
         1276  4.41075e-07
          703  4.45345e-07
         2041  4.45619e-07
         1047  4.49693e-07
         1231  4.50593e-07
         1577  4.51711e-07
          452  4.51888e-07
         1947  4.56521e-07
         1227  4.58176e-07
         1998    4.616e-07
          333  4.64559e-07
         2136  4.65972e-07
         2108  4.69829e-07
         1087  4.69878e-07
          103  4.70936e-07
          902  4.71414e-07
         2190  4.72394e-07
          165  4.74311e-07
          849  4.75005e-07
         1718  4.75636e-07
          831  4.76548e-07
         2023   4.7659e-07
         1255  4.77444e-07
         1341  4.77969e-07
         1878  4.80337e-07
         1120  4.81557e-07
         2030  4.81721e-07
          957  4.85772e-07
         1243   4.8624e-07
          975  4.87714e-07
         1887  4.88301e-07
          702   4.8934e-07
          962  4.89932e-07
          622  4.91416e-07
          158   4.9204e-07
          979  4.92625e-07
          451  4.93691e-07
         1157   4.9377e-07
         2148  4.93847e-07
          150  4.93911e-07
         1851  4.94675e-07
          270  4.96144e-07
         1774  4.96611e-07
          329  4.96616e-07
          736  4.97493e-07
          488  4.97887e-07
         2010  4.98065e-07
         1682  4.98686e-07
         2188  4.98863e-07
         1361  4.98868e-07
          875   5.0028e-07
          835  5.00647e-07
         1635  5.01879e-07
          256  5.03697e-07
           11  5.05931e-07
          190  5.06231e-07
         1737  5.06507e-07
          927  5.08305e-07
          417  5.10238e-07
          262   5.1135e-07
           99   5.1611e-07
          678  5.17432e-07
          242  5.22288e-07
          155  5.22501e-07
         1840   5.2764e-07
          729  5.29036e-07
          123   5.3014e-07
          771  5.31459e-07
         1366  5.32648e-07
         1460  5.32847e-07
          292  5.33361e-07
          725  5.33542e-07
         2241   5.3876e-07
         1707  5.39056e-07
          714  5.40535e-07
         1669  5.42901e-07
         1455  5.44548e-07
         2066  5.45947e-07
         1058   5.4873e-07
         1102  5.49148e-07
         1666  5.49483e-07
         1645  5.50232e-07
          444  5.50423e-07
          884  5.52192e-07
          735  5.52229e-07
          705  5.53716e-07
          283  5.54578e-07
          404  5.54887e-07
         1995  5.57406e-07
          785  5.57933e-07
         1929  5.60518e-07
          643  5.60633e-07
         1259  5.61629e-07
          556  5.61877e-07
          758  5.64101e-07
         2086   5.6606e-07
            5  5.69575e-07
          211   5.7087e-07
          596  5.74284e-07
           55  5.74448e-07
          484  5.75377e-07
         1659  5.77616e-07
         1904  5.80475e-07
          578  5.81076e-07
          834  5.82162e-07
         2221  5.85451e-07
         1849  5.85512e-07
         1772  5.86549e-07
         1323  5.87673e-07
          907  5.88934e-07
          301  5.89852e-07
         1046  5.90514e-07
         1917  5.92172e-07
          426  5.93319e-07
         2080  5.93345e-07
         2139  5.93467e-07
          777  5.94183e-07
          608  5.95235e-07
         2075  5.97003e-07
         1678  5.98615e-07
          169  6.01063e-07
           72   6.0457e-07
          616  6.05142e-07
         1909  6.06205e-07
         1834   6.0651e-07
         1555  6.08555e-07
         2224   6.0866e-07
         1830  6.10497e-07
          826  6.11366e-07
         1935  6.11971e-07
         2081  6.12501e-07
         1215  6.13499e-07
          966  6.13632e-07
         1638  6.19423e-07
         1476  6.21123e-07
         1692  6.21392e-07
         1457  6.21596e-07
           10  6.22975e-07
         1622   6.2483e-07
         1444  6.26523e-07
          408   6.2752e-07
          843  6.27618e-07
         1074   6.2839e-07
         2220  6.28425e-07
         1263  6.29135e-07
         1272  6.29198e-07
         1872  6.29853e-07
         1689  6.31264e-07
         1057  6.32264e-07
         2194   6.3288e-07
          740  6.37533e-07
          976  6.37847e-07
          868  6.37893e-07
          135  6.38714e-07
          830  6.39435e-07
         1300  6.41027e-07
         1262  6.41776e-07
          597  6.43739e-07
          455  6.44382e-07
         1028  6.46984e-07
         1479  6.47916e-07
         1352  6.48557e-07
         1824  6.51981e-07
         1411  6.53588e-07
          529  6.54164e-07
         1274  6.54787e-07
         1663  6.56347e-07
         1658  6.61407e-07
         2159  6.62033e-07
         1523  6.63605e-07
         2094  6.63939e-07
          755  6.64514e-07
         1473  6.65039e-07
         1395   6.6528e-07
         2057  6.65707e-07
          191  6.66185e-07
         1651  6.66386e-07
         1676  6.66764e-07
          259  6.67247e-07
         1166  6.68431e-07
         1305   6.6914e-07
         1810  6.69644e-07
            1  6.70345e-07
          253  6.71628e-07
         1256  6.74348e-07
          142  6.76411e-07
         2180  6.77116e-07
         1930   6.7764e-07
          701  6.78015e-07
          910  6.79793e-07
          188  6.80166e-07
         2168  6.81533e-07
          324  6.82505e-07
          682  6.82703e-07
         1003  6.84488e-07
         1574   6.8537e-07
         1776  6.86555e-07
           23  6.89898e-07
         1911  6.90871e-07
         1147  6.91964e-07
         2250  6.93203e-07
         1545  6.93803e-07
            6  6.94261e-07
          655  6.94891e-07
         1649    6.965e-07
         1870   6.9848e-07
          389  6.99057e-07
          770  7.00998e-07
          456  7.01016e-07
         1237  7.01328e-07
         1617  7.01522e-07
         1773  7.01684e-07
          944  7.02015e-07
          839  7.02477e-07
         1679  7.04427e-07
         1281  7.04465e-07
         1363  7.04598e-07
         2233  7.05017e-07
         1205  7.06026e-07
         1354  7.06267e-07
          912  7.08413e-07
          114  7.10881e-07
          903  7.11579e-07
          463  7.13026e-07
          604  7.14861e-07
          543  7.15367e-07
          744  7.17088e-07
          250  7.17186e-07
         2236  7.18009e-07
          920  7.18973e-07
         2052  7.19936e-07
          288  7.20226e-07
         1650  7.21677e-07
         1766  7.22112e-07
          388  7.22595e-07
          600   7.2321e-07
         1393  7.23894e-07
          249  7.24202e-07
          134  7.25185e-07
         2156    7.273e-07
          668  7.28181e-07
         1313  7.28551e-07
         1509  7.29595e-07
           14   7.2992e-07
         1167  7.31348e-07
         1196  7.31708e-07
         1247  7.31961e-07
         1511  7.33437e-07
          918   7.3575e-07
          933   7.3675e-07
         1783  7.37914e-07
         2122  7.38679e-07
          684  7.39624e-07
          510  7.42407e-07
          553  7.44499e-07
          127  7.45166e-07
          666  7.45938e-07
          648  7.46536e-07
          609    7.471e-07
          859  7.47429e-07
          532  7.48355e-07
          462  7.48638e-07
          339  7.48705e-07
          371  7.50124e-07
          772  7.52728e-07
         1835  7.55203e-07
          634  7.59272e-07
         1829  7.59359e-07
          546  7.59923e-07
         2119   7.6196e-07
         1501  7.62449e-07
          913  7.62868e-07
         1699  7.65014e-07
         1229  7.67686e-07
         1763  7.69393e-07
         2064  7.69618e-07
          954   7.7106e-07
         1562  7.73031e-07
         1353  7.75132e-07
          278  7.76873e-07
          815  7.77568e-07
         1311  7.80786e-07
         2161  7.81008e-07
          187  7.81149e-07
          946  7.82166e-07
          181  7.83266e-07
         1882  7.85433e-07
          751  7.85896e-07
         1484  7.90189e-07
         2195  7.91309e-07
         1175  7.91424e-07
         1513  7.91465e-07
         1303  7.92774e-07
         1400  7.93731e-07
         1248  7.94051e-07
         1603  7.94502e-07
         1884  7.95292e-07
         1164  7.95702e-07
          361  7.95897e-07
         1095  7.97207e-07
          499  7.98558e-07
          260   8.0073e-07
          860  8.00892e-07
         2217  8.02226e-07
         1821  8.02947e-07
         1332   8.0618e-07
         1883  8.06355e-07
          320  8.07047e-07
          786   8.0732e-07
          493  8.07505e-07
          814  8.13967e-07
         2181  8.14627e-07
         2107  8.14704e-07
          406  8.15139e-07
          662  8.16491e-07
          582  8.16752e-07
         1499  8.16968e-07
         1879  8.18974e-07
         1312  8.20593e-07
         1059  8.21068e-07
         1279  8.22518e-07
         2115  8.22669e-07
         1507   8.2276e-07
         1623  8.25665e-07
          700  8.26211e-07
          448  8.28515e-07
         1032  8.28528e-07
         1621  8.28856e-07
          663  8.30644e-07
         1923  8.35819e-07
           27  8.36424e-07
          563  8.43377e-07
          721  8.48765e-07
          848  8.50752e-07
         1593  8.51659e-07
          424  8.53261e-07
          895  8.54263e-07
         1466  8.54387e-07
         1634  8.56752e-07
         2134  8.57222e-07
          763  8.58976e-07
         1249  8.59171e-07
         2085  8.59357e-07
         1117  8.59561e-07
          719  8.60254e-07
          781  8.60329e-07
         1847  8.61902e-07
          810  8.62345e-07
         1052  8.62708e-07
         1412  8.63805e-07
         1674  8.64408e-07
          500  8.64858e-07
          537  8.66986e-07
          246  8.67979e-07
          126  8.68075e-07
         1299  8.68418e-07
         1327  8.69637e-07
          756  8.70179e-07
          527  8.70746e-07
         1899  8.71249e-07
          310  8.71354e-07
          858    8.728e-07
         1477   8.7349e-07
          793  8.76205e-07
         2238  8.78547e-07
         1198  8.79863e-07
          790  8.80884e-07
         1289  8.81138e-07
         1734  8.82868e-07
         1557  8.83158e-07
          901  8.85076e-07
         1072  8.85609e-07
         2076  8.88042e-07
           79  8.93056e-07
         1752    8.932e-07
          175  8.96079e-07
         1717  8.97136e-07
         2167  8.99032e-07
         1722  8.99944e-07
         2095  9.00093e-07
          286  9.00454e-07
         2184  9.02828e-07
         1859  9.06053e-07
         1949  9.08918e-07
          731  9.10528e-07
         1920  9.11271e-07
          965  9.13405e-07
         1871  9.13814e-07
          555  9.13983e-07
         1741  9.14312e-07
          464  9.14439e-07
         1777  9.17479e-07
         1550  9.17978e-07
          521  9.18222e-07
         1576  9.18399e-07
         1278  9.18578e-07
          817  9.21515e-07
         2073  9.23703e-07
         1110  9.23938e-07
          130  9.26437e-07
         1746  9.27174e-07
         1662   9.2914e-07
         2222   9.2945e-07
         1176  9.32089e-07
         1238  9.34686e-07
          223  9.35993e-07
         1748  9.37139e-07
           94  9.38586e-07
          879  9.41171e-07
         1252  9.42377e-07
         2026  9.43483e-07
         1780  9.44145e-07
         1526  9.45327e-07
          783  9.46317e-07
         2235  9.48757e-07
          943  9.51085e-07
          748  9.54957e-07
         1844  9.55113e-07
         1359  9.57597e-07
          516  9.59374e-07
         1112  9.59639e-07
          916  9.60074e-07
         1064  9.60716e-07
          644  9.61857e-07
         1151  9.62673e-07
          967  9.62906e-07
         2147  9.62961e-07
         2166  9.65653e-07
          733   9.6606e-07
         1791  9.66715e-07
          999  9.67784e-07
         1487  9.68486e-07
         1031  9.72624e-07
         1106  9.72737e-07
         1610  9.72851e-07
         1185  9.74977e-07
         1153   9.7577e-07
         1798  9.76237e-07
         1644  9.77371e-07
          746  9.78479e-07
         1131  9.78719e-07
         1373  9.79572e-07
          778  9.80492e-07
         2109  9.81598e-07
         1264  9.83965e-07
          613  9.84504e-07
         1759  9.85652e-07
         1952  9.86156e-07
          742  9.87389e-07
         2116  9.87555e-07
          475  9.89515e-07
          685  9.89642e-07
         1162  9.91428e-07
         1755  9.91655e-07
         1062  9.94513e-07
         1897  9.96501e-07
          824  9.97083e-07
         1493  1.00152e-06
         1753  1.00229e-06
          125  1.00308e-06
         1165  1.00415e-06
          428  1.01072e-06
         1604  1.01199e-06
         1244  1.01468e-06
         1761  1.01485e-06
          710  1.01654e-06
          205  1.01804e-06
         1239  1.01838e-06
          383  1.01973e-06
         1081  1.01993e-06
          968  1.02017e-06
          585  1.02202e-06
          829  1.02553e-06
         1629   1.0272e-06
         1079  1.03289e-06
          620  1.03392e-06
          416  1.03441e-06
         1788   1.0392e-06
         1715  1.03944e-06
         1744  1.03952e-06
          385  1.04139e-06
         1573  1.04463e-06
          533  1.04468e-06
         1827  1.04633e-06
          550  1.04766e-06
          938  1.04825e-06
         1704   1.0497e-06
         1056  1.05153e-06
         1318  1.05205e-06
         1277  1.05289e-06
          418  1.05334e-06
          651  1.05861e-06
          472  1.05871e-06
         1482  1.05918e-06
          869  1.06102e-06
          349  1.06125e-06
         1643  1.06555e-06
          750  1.06695e-06
         1471  1.06807e-06
          871  1.06906e-06
         1828  1.07821e-06
          804  1.07973e-06
         1089  1.08282e-06
          909   1.0852e-06
         1295  1.08613e-06
          552   1.0877e-06
         2013  1.08971e-06
          952  1.08971e-06
          686  1.09091e-06
         1388  1.09129e-06
          996  1.09434e-06
         2060  1.09498e-06
         1928  1.09706e-06
         1043   1.0991e-06
          713  1.10071e-06
         1614  1.10163e-06
          294  1.10223e-06
         1795  1.10396e-06
         1642  1.10401e-06
          133  1.10989e-06
          564  1.11008e-06
          647  1.11047e-06
          174  1.11096e-06
         1431  1.11107e-06
          291  1.11195e-06
         2074  1.11314e-06
           85  1.11451e-06
          676  1.11587e-06
          707  1.11748e-06
          813  1.11776e-06
          667  1.11916e-06
          368  1.12412e-06
          569  1.12467e-06
         1426  1.12615e-06
          696  1.12889e-06
          186  1.12958e-06
          106  1.13376e-06
         1438  1.13566e-06
         1881  1.13741e-06
          601  1.13908e-06
         2197  1.14085e-06
          745   1.1412e-06
         1464  1.14135e-06
          195  1.14844e-06
         1785  1.15142e-06
         1601  1.15216e-06
          892  1.15733e-06
         1702  1.15963e-06
         1230  1.16039e-06
         1211  1.16096e-06
          677  1.16207e-06
          867   1.1624e-06
         1743   1.1636e-06
         1895  1.16411e-06
          382  1.16893e-06
         2009  1.16934e-06
          673  1.17014e-06
         1292  1.17124e-06
          136  1.17431e-06
         1757  1.17591e-06
         1456  1.17786e-06
         1283   1.1804e-06
          935  1.18117e-06
         1647  1.18125e-06
          380  1.18563e-06
          681   1.1865e-06
         1449  1.18685e-06
          741   1.1909e-06
         1199  1.19141e-06
         1885  1.19327e-06
         1290  1.19461e-06
          177  1.19561e-06
         1565   1.1958e-06
          257  1.19649e-06
         1767   1.2004e-06
         1817  1.20045e-06
         1819  1.20302e-06
          670  1.20452e-06
          963  1.20826e-06
           16  1.20969e-06
          819  1.21243e-06
         1065  1.21353e-06
          379  1.21383e-06
          486  1.21608e-06
           51   1.2161e-06
           19   1.2171e-06
         1257  1.22049e-06
         2157  1.22381e-06
          822  1.22809e-06
         1697  1.22974e-06
          506  1.23052e-06
         2124  1.23076e-06
          362  1.23166e-06
         1397  1.23361e-06
         1637  1.23783e-06
         1912  1.23786e-06
          328  1.23843e-06
         1941  1.24071e-06
          347  1.24095e-06
         1245  1.24115e-06
         2059  1.24169e-06
         1261  1.24332e-06
          279  1.24517e-06
           86  1.24826e-06
         2071   1.2553e-06
           63  1.25659e-06
         2025  1.25813e-06
         1979  1.25817e-06
         1161  1.26109e-06
          589  1.26114e-06
         1549   1.2644e-06
          626  1.26503e-06
         1204  1.26514e-06
         2054  1.26596e-06
         1091   1.2683e-06
          467   1.2701e-06
         1130  1.27406e-06
         1784    1.275e-06
         1915   1.2789e-06
         1067  1.28179e-06
         1825  1.28189e-06
         1568  1.28427e-06
          497  1.28687e-06
          261  1.28826e-06
          683  1.28891e-06
         1814  1.28995e-06
         2112  1.29056e-06
          377  1.29299e-06
          534  1.29812e-06
          995  1.29833e-06
          267  1.29881e-06
         1171  1.29895e-06
          961  1.30241e-06
         1831  1.30282e-06
           93  1.30296e-06
         1186  1.30445e-06
         1582  1.30536e-06
          415  1.30819e-06
         1632  1.30841e-06
          271  1.31275e-06
          836   1.3137e-06
         1749   1.3196e-06
         1999  1.32155e-06
          316  1.32439e-06
          459  1.32506e-06
          360  1.32669e-06
         1330  1.32785e-06
          399  1.33256e-06
         2031  1.33346e-06
         2113  1.33413e-06
         1328  1.33638e-06
         1083  1.34054e-06
         1505  1.34069e-06
         1690  1.34165e-06
          119  1.34409e-06
         1965   1.3465e-06
         1375    1.349e-06
         1183   1.3497e-06
          139  1.35017e-06
          109  1.35176e-06
         1739  1.35328e-06
          565  1.35678e-06
         1075  1.36441e-06
         1653  1.36513e-06
         1522  1.36836e-06
          446  1.36839e-06
         1063  1.36888e-06
          104  1.37118e-06
         2189  1.37221e-06
         1224  1.37769e-06
         1132    1.378e-06
         1631  1.37913e-06
         1787   1.3793e-06
         1123  1.37998e-06
         1429  1.38077e-06
         1833  1.38115e-06
          658  1.38191e-06
         2100  1.38345e-06
         1448  1.38479e-06
         2015  1.38668e-06
         1646  1.38673e-06
          984  1.38731e-06
         1433  1.38864e-06
         1197  1.38875e-06
         1190  1.38997e-06
          327  1.39015e-06
          629  1.39224e-06
          489  1.39372e-06
          100  1.39658e-06
          833  1.39814e-06
         1877  1.39872e-06
          442   1.4011e-06
          398  1.40389e-06
         1837  1.40636e-06
         1273  1.40669e-06
         1195  1.40851e-06
         2096  1.40912e-06
          141  1.41058e-06
         1258  1.41092e-06
          625  1.41268e-06
          659  1.41633e-06
         1037  1.41693e-06
         1595  1.42294e-06
         1730  1.42489e-06
         2129  1.42532e-06
         2053  1.42796e-06
          761   1.4304e-06
          366  1.43113e-06
         1398  1.43267e-06
          595  1.43598e-06
          168   1.4364e-06
          899  1.43879e-06
          838   1.4392e-06
         1822  1.43968e-06
          184   1.4411e-06
         1152  1.44326e-06
         2154  1.44653e-06
         1357  1.44814e-06
         1944  1.45041e-06
          120  1.45353e-06
         1316  1.45517e-06
         1564  1.45605e-06
         1379  1.45904e-06
         1510   1.4601e-06
          888  1.46056e-06
         1599  1.46089e-06
         1901  1.46432e-06
          525  1.46449e-06
          244  1.46564e-06
          675  1.46631e-06
         1503  1.46715e-06
          285  1.46928e-06
         1351  1.46959e-06
         1236  1.47714e-06
          112  1.47814e-06
          876  1.47906e-06
          407  1.47941e-06
         2016  1.48375e-06
         1729  1.48471e-06
          234  1.48481e-06
         2151   1.4854e-06
          354  1.48711e-06
          628  1.49066e-06
          857  1.49074e-06
          921  1.49258e-06
         1529  1.49288e-06
         1575  1.49417e-06
          343  1.49526e-06
         1768  1.50116e-06
         1384  1.50219e-06
          908  1.50308e-06
          723  1.50755e-06
          878  1.50778e-06
         1374    1.508e-06
          297  1.50853e-06
          911   1.5086e-06
          302  1.50861e-06
          403  1.51306e-06
         2164   1.5165e-06
         1114  1.51675e-06
          782  1.51677e-06
          720  1.51691e-06
         1700  1.51706e-06
         2216  1.51856e-06
         1725   1.5206e-06
         1939  1.52231e-06
          230  1.52264e-06
         2210  1.52435e-06
         1903  1.52801e-06
         1139  1.53654e-06
         2061  1.53772e-06
           76  1.53852e-06
         1770  1.53909e-06
           98  1.53978e-06
         1516  1.54025e-06
         1846  1.54052e-06
          594   1.5425e-06
         1760  1.54552e-06
         1423  1.54707e-06
          282  1.55152e-06
         1491  1.55259e-06
         1641  1.55473e-06
         1724  1.55891e-06
         1544  1.55896e-06
         1533  1.56168e-06
         1474  1.56212e-06
         1399   1.5639e-06
          414  1.56627e-06
         1809  1.56769e-06
          290  1.56908e-06
          431   1.5769e-06
          618  1.57886e-06
         1488  1.58221e-06
         1519  1.58321e-06
          752  1.58731e-06
          542  1.59184e-06
          369  1.59351e-06
          887  1.59587e-06
          503  1.59828e-06
         1815  1.59863e-06
          762  1.59918e-06
         1684  1.59951e-06
         1556  1.61014e-06
         1765  1.61082e-06
           62  1.61088e-06
         1841  1.61161e-06
         1180  1.61325e-06
          216  1.61347e-06
         1991  1.61774e-06
         1542  1.61778e-06
         1051  1.62122e-06
         1936  1.62132e-06
         1093  1.62272e-06
          919  1.62407e-06
         1771   1.6265e-06
         2127  1.62881e-06
         1782  1.62974e-06
         1675  1.63069e-06
         1033  1.63152e-06
         1598  1.63381e-06
         1101  1.63463e-06
         2003  1.63513e-06
           53  1.63537e-06
         1345  1.63717e-06
         1606  1.63876e-06
         1720  1.63991e-06
          940  1.64497e-06
         1483  1.64582e-06
         1873  1.65021e-06
         1201  1.65376e-06
          273  1.65539e-06
         1184  1.65838e-06
         2144  1.66027e-06
          852  1.66148e-06
          454  1.66165e-06
          132  1.66172e-06
         1954  1.66332e-06
         1104  1.66634e-06
         1605  1.66972e-06
          536  1.67477e-06
           70  1.67609e-06
         1801  1.67738e-06
         2149   1.6778e-06
          420  1.68264e-06
         1932  1.68471e-06
          930  1.68937e-06
         1041  1.69101e-06
         1615  1.69151e-06
         1381  1.69435e-06
         1012  1.69513e-06
         1098  1.69641e-06
         2017  1.69758e-06
         2068   1.7016e-06
          664   1.7068e-06
         1560  1.70694e-06
          436  1.71094e-06
          811  1.71114e-06
         1150  1.71198e-06
          355  1.71267e-06
         1475  1.71566e-06
         1158  1.71781e-06
         2087  1.71933e-06
          308  1.71978e-06
         1077  1.72129e-06
         2111  1.72297e-06
         1310  1.72403e-06
         1778  1.72424e-06
         1370  1.72449e-06
         1394  1.72567e-06
         2048   1.7263e-06
         1584  1.72833e-06
         1179  1.72956e-06
         1494  1.73251e-06
         2196  1.73258e-06
         1285  1.73281e-06
         1558  1.73461e-06
           59  1.73584e-06
          773  1.73675e-06
          640   1.7402e-06
          111  1.74474e-06
         2121  1.74593e-06
         1502  1.74607e-06
         2198  1.75146e-06
          942  1.75343e-06
          213  1.75345e-06
         2214  1.75788e-06
         1302  1.75981e-06
         1358  1.76231e-06
         1212  1.76272e-06
          201  1.77305e-06
         1698   1.7735e-06
          539  1.77538e-06
         1861  1.77632e-06
         1804  1.77643e-06
         2182   1.7768e-06
          194  1.78187e-06
         1818  1.78284e-06
         1189  1.78319e-06
          518  1.79049e-06
         1346  1.79177e-06
          255  1.79995e-06
         1445  1.80362e-06
         1845  1.80402e-06
         1500   1.8049e-06
         2143  1.80594e-06
          221  1.80633e-06
         2229   1.8103e-06
          669  1.81192e-06
         1890  1.81283e-06
         1661   1.8134e-06
         1671  1.81772e-06
           84  1.82401e-06
         1472  1.82418e-06
          485  1.82573e-06
         1964  1.83101e-06
          152  1.83309e-06
         1732  1.83314e-06
         1422  1.83367e-06
         1265  1.84428e-06
          466  1.85313e-06
         1001  1.85777e-06
          482  1.85837e-06
          432  1.86219e-06
         1910   1.8633e-06
          504  1.86534e-06
         1267  1.86789e-06
          593  1.86935e-06
          166  1.86979e-06
         1368  1.87231e-06
         1769  1.87413e-06
          314  1.88522e-06
         1146  1.88551e-06
          624  1.88583e-06
          438    1.886e-06
         1927  1.88696e-06
          507  1.88743e-06
         2092  1.88991e-06
          969  1.89011e-06
         1088  1.89348e-06
          549   1.8979e-06
         2084  1.90857e-06
         1640  1.91257e-06
         1034  1.91358e-06
         2056   1.9176e-06
         1060  1.91962e-06
          743  1.92092e-06
          478  1.92106e-06
          924   1.9229e-06
         1639  1.92363e-06
          577  1.92363e-06
         1869   1.9254e-06
         1343  1.92602e-06
         1454   1.9282e-06
          203  1.92964e-06
          905  1.93265e-06
         1569  1.93436e-06
         1319  1.93542e-06
          587  1.93608e-06
         1793   1.9366e-06
         1731  1.93977e-06
         1721  1.94117e-06
          173   1.9425e-06
         1823  1.94553e-06
          376  1.94597e-06
         1527  1.95151e-06
         2223  1.95339e-06
         1380  1.95427e-06
          672  1.95645e-06
         1040  1.95843e-06
         1006  1.96479e-06
         1594  1.97055e-06
         2065  1.98184e-06
         1857  1.98259e-06
          312  1.99713e-06
         1119  2.00095e-06
         1534  2.00427e-06
         2239  2.00602e-06
          124  2.00673e-06
          193  2.00917e-06
         1096  2.00978e-06
         1084  2.01002e-06
          692  2.01456e-06
          897  2.01746e-06
         1018  2.01866e-06
          239  2.02231e-06
         1633  2.02234e-06
          949  2.02444e-06
          559  2.02495e-06
          468  2.02528e-06
          393  2.02776e-06
           28  2.03103e-06
          365  2.03175e-06
          321  2.03269e-06
         1670  2.03479e-06
         1210  2.03491e-06
          364   2.0357e-06
         1105  2.03897e-06
          645  2.04057e-06
         2208  2.04606e-06
          989  2.04657e-06
          635  2.05223e-06
          980  2.05492e-06
          258   2.0573e-06
          531  2.06252e-06
         1055  2.06768e-06
          821  2.07494e-06
          866  2.07676e-06
         1217  2.07994e-06
          179  2.08009e-06
          326  2.08223e-06
         2051  2.08369e-06
          789  2.08563e-06
          277  2.08682e-06
         1918  2.09036e-06
         1850  2.09263e-06
          162   2.0964e-06
         1467  2.09781e-06
         1856  2.10378e-06
         1836  2.10648e-06
         2234  2.10841e-06
          149   2.1089e-06
         2212  2.11202e-06
          978  2.11361e-06
         1387  2.11438e-06
          538   2.1155e-06
          185    2.125e-06
         1874  2.12699e-06
         1703  2.12736e-06
         1133  2.12921e-06
          680  2.13302e-06
          768  2.13999e-06
         1308  2.14029e-06
         1253  2.14119e-06
          690  2.14141e-06
          220  2.14292e-06
          411  2.14614e-06
          547  2.14623e-06
         1428   2.1467e-06
         1340  2.15232e-06
         1418  2.15262e-06
         1960  2.15724e-06
         1036  2.15867e-06
         1951  2.16273e-06
          698  2.16408e-06
          108  2.16748e-06
          891  2.16943e-06
         1080  2.16992e-06
         1975  2.17735e-06
         2103  2.17887e-06
         1325  2.17975e-06
          906  2.18034e-06
           52  2.18141e-06
         1520  2.18215e-06
          128   2.1831e-06
         1938  2.18331e-06
         1136  2.18366e-06
         2120  2.19269e-06
         2027  2.19569e-06
         1390  2.19673e-06
         1453  2.19806e-06
         1553  2.20148e-06
          164  2.20222e-06
         1711   2.2042e-06
          765  2.20428e-06
          796  2.20692e-06
         1378  2.21416e-06
          183  2.21836e-06
         1530  2.21867e-06
           73  2.22369e-06
         1268    2.225e-06
         2231  2.22667e-06
         1792  2.23095e-06
         1322  2.23128e-06
          757  2.23641e-06
           37  2.23787e-06
         1222  2.23903e-06
          572  2.24093e-06
          570   2.2438e-06
          269  2.24459e-06
           58  2.24595e-06
         1745  2.24719e-06
         1220  2.24726e-06
         1820  2.25015e-06
         1863  2.25311e-06
          586  2.25457e-06
          458  2.25502e-06
         1401  2.25808e-06
          530  2.26128e-06
         2240  2.26404e-06
          233  2.26546e-06
         2215   2.2661e-06
         1723  2.26774e-06
          837  2.26784e-06
          928   2.2703e-06
          322  2.27183e-06
         1648  2.27456e-06
         1624  2.27687e-06
         1053   2.2819e-06
         1004  2.28303e-06
         1537  2.28514e-06
           65  2.28682e-06
         2200  2.28871e-06
         1044   2.2894e-06
          425  2.29417e-06
         1894  2.29553e-06
          519  2.29599e-06
         1301  2.29623e-06
           20   2.2966e-06
         1421  2.30321e-06
          863  2.30376e-06
         1779  2.30613e-06
         1848  2.30667e-06
         1789  2.30702e-06
         1465  2.31079e-06
         1382  2.31087e-06
         1468   2.3124e-06
          955  2.31244e-06
          883   2.3175e-06
         1342  2.32641e-06
         1427  2.33083e-06
          926  2.33162e-06
          889   2.3338e-06
         1462  2.33513e-06
         1377  2.33811e-06
         1628  2.34685e-06
         1163    2.347e-06
          548  2.35515e-06
          391  2.36493e-06
         2201  2.37227e-06
          434  2.37661e-06
         1865  2.38044e-06
          352  2.38747e-06
          373  2.38761e-06
         1602  2.38952e-06
          818   2.3931e-06
          243  2.39336e-06
         2037   2.4065e-06
         2230  2.40753e-06
         1127  2.40979e-06
          131  2.41047e-06
         1148  2.41416e-06
         1531  2.41881e-06
          545  2.41887e-06
           12  2.42197e-06
          956  2.42924e-06
         2232  2.43831e-06
         1950  2.43933e-06
         1369  2.45182e-06
         1173  2.45529e-06
         1616  2.45843e-06
         2173  2.45896e-06
         2207  2.46358e-06
         1688  2.46823e-06
         2105  2.47185e-06
          215  2.47204e-06
          268  2.47327e-06
          630  2.47364e-06
         1521  2.47735e-06
          118  2.48383e-06
         1362  2.48684e-06
          945   2.4892e-06
          392  2.49265e-06
         1461  2.49442e-06
         1548  2.49554e-06
          437  2.50127e-06
         1339  2.50357e-06
         1618  2.50404e-06
         1683  2.50615e-06
          880  2.50675e-06
          764  2.50962e-06
          304   2.5097e-06
          386  2.50977e-06
         1376   2.5136e-06
          512  2.51882e-06
         1233  2.51891e-06
          934  2.51986e-06
          508  2.52425e-06
          457  2.52508e-06
          180  2.52776e-06
         1082  2.53381e-06
         1306  2.53511e-06
         1547  2.53841e-06
          856  2.54193e-06
         1386  2.54504e-06
         2099  2.54714e-06
          300  2.54825e-06
          356  2.54848e-06
          509  2.55599e-06
          882  2.56084e-06
         1022  2.56337e-06
         1517  2.56348e-06
          323  2.56455e-06
         1240  2.56527e-06
          319  2.56819e-06
         2185  2.56872e-06
         1216  2.57191e-06
         1054  2.57311e-06
         2097  2.57519e-06
         2179  2.58095e-06
          331  2.58172e-06
         2152  2.58305e-06
          639   2.5886e-06
          121  2.58913e-06
         1360  2.59614e-06
          345  2.59853e-06
         1174  2.60282e-06
         1812  2.60449e-06
         1350  2.60725e-06
         1402  2.61026e-06
         1235  2.61201e-06
         1396  2.61643e-06
          932  2.61681e-06
         1333  2.62261e-06
         1282  2.62363e-06
          812  2.62778e-06
          341  2.62922e-06
          937  2.63016e-06
         1069  2.63231e-06
         1126  2.63325e-06
          284  2.63612e-06
          247   2.6441e-06
         2125  2.64897e-06
         1994  2.65513e-06
         1942  2.65806e-06
         1539  2.65819e-06
         1337  2.65975e-06
         2150  2.65989e-06
         1687  2.66493e-06
         1867  2.66943e-06
          988  2.67706e-06
          679  2.68508e-06
         1567  2.68716e-06
         1786  2.68907e-06
         1559   2.6891e-06
          409  2.69039e-06
         1796  2.69635e-06
         1226  2.69801e-06
         1420  2.70369e-06
          113  2.70426e-06
         1406  2.70728e-06
         1989  2.70764e-06
          384  2.71335e-06
          638  2.71738e-06
         2193  2.72094e-06
          264  2.72153e-06
          654  2.72616e-06
          977  2.73187e-06
          107  2.73362e-06
         2028  2.73732e-06
         1680  2.73951e-06
           61  2.74168e-06
         1209  2.74943e-06
         1329  2.74956e-06
         1407   2.7551e-06
          144  2.75966e-06
         2079  2.76616e-06
         1518  2.76922e-06
         2132  2.77439e-06
          317  2.77936e-06
         1085   2.7851e-06
          254  2.78548e-06
         1563  2.78843e-06
          370  2.79212e-06
         1011  2.79314e-06
         1665  2.80326e-06
         1078  2.80501e-06
          146    2.808e-06
         1094  2.81167e-06
         1338  2.81284e-06
         1410   2.8196e-06
         1758  2.82125e-06
          844  2.82232e-06
            8  2.82597e-06
         1958   2.8309e-06
         1839   2.8321e-06
         2253  2.83931e-06
         1802  2.84029e-06
         1738  2.86027e-06
         1100  2.87208e-06
         1447  2.87401e-06
          289  2.87795e-06
          688  2.87916e-06
         2218   2.8833e-06
          350  2.88506e-06
         2176  2.89001e-06
         1797  2.89099e-06
         1335  2.89287e-06
         1030  2.89469e-06
         1541  2.89544e-06
         2104   2.8965e-06
         1672  2.90535e-06
         1181  2.90633e-06
         1566  2.90887e-06
         2123  2.91112e-06
          470   2.9129e-06
         1156  2.91867e-06
         1607  2.92034e-06
          395  2.92783e-06
         1967  2.93369e-06
            2  2.93393e-06
         1416  2.93963e-06
          551  2.94127e-06
           22  2.94628e-06
          864  2.95347e-06
          172  2.95561e-06
          219  2.95781e-06
         2203  2.96149e-06
          229  2.96278e-06
         1893  2.96949e-06
         1452  2.97127e-06
         1413  2.97819e-06
         2006  2.98029e-06
         1214  2.98139e-06
          982  2.98399e-06
          160  2.98474e-06
         1492  2.98491e-06
            7  2.98491e-06
           31  2.98896e-06
         1026  2.99003e-06
         1000  2.99102e-06
         1943  2.99746e-06
         1805  2.99831e-06
         1937  3.01629e-06
         1013  3.01991e-06
         1073  3.02894e-06
         1228  3.04791e-06
         1135  3.05142e-06
          122  3.05511e-06
         2012  3.05528e-06
          387  3.05532e-06
         1208  3.06038e-06
          929  3.06115e-06
         1708  3.07372e-06
         1266   3.0752e-06
          336  3.07669e-06
         1971  3.07688e-06
          520   3.0785e-06
          974  3.07907e-06
         1988   3.0806e-06
         2140  3.08246e-06
         1803  3.08493e-06
          405    3.095e-06
         1591  3.09889e-06
         1992  3.09901e-06
         1155  3.10759e-06
          235  3.11566e-06
          222  3.12915e-06
         2072  3.13708e-06
          465  3.14336e-06
          505  3.14488e-06
         1019  3.14741e-06
         1320  3.15222e-06
          236  3.15484e-06
         1221  3.15529e-06
         1512  3.17657e-06
         1417  3.18442e-06
         2002  3.20004e-06
          925  3.20217e-06
         2178  3.20292e-06
         1435  3.20699e-06
         2004  3.22001e-06
         1480  3.22184e-06
         1681  3.23021e-06
          588  3.24322e-06
          728  3.24854e-06
         1109  3.24994e-06
          287  3.25116e-06
         2083   3.2517e-06
         1790  3.26114e-06
          614  3.26298e-06
         1121  3.26608e-06
          641  3.27324e-06
         1023  3.28704e-06
         1709  3.28882e-06
         1919  3.29666e-06
          753  3.29829e-06
         1892  3.30706e-06
          378  3.31319e-06
          490  3.31802e-06
            9  3.31876e-06
         1630  3.31936e-06
         1016    3.321e-06
         1365  3.32112e-06
         2040   3.3223e-06
         1202   3.3326e-06
          430  3.33291e-06
         1219  3.34383e-06
         1570  3.35228e-06
          315   3.3534e-06
          110  3.35345e-06
         1561   3.3657e-06
         1900  3.36607e-06
          816  3.36824e-06
         2069  3.36973e-06
          397  3.36977e-06
           21  3.37771e-06
         1383  3.38118e-06
         1799  3.38669e-06
         1896  3.38871e-06
          611   3.3913e-06
         2171  3.39462e-06
          381  3.39562e-06
         1024  3.39683e-06
          159  3.39937e-06
         1580  3.39993e-06
         1736  3.40613e-06
          498  3.40614e-06
         1571  3.40837e-06
         1463  3.41823e-06
         1612  3.42972e-06
         1129  3.43767e-06
          332  3.43789e-06
          861  3.44614e-06
         1996  3.44818e-06
         1076  3.44968e-06
         1486  3.45721e-06
         2249  3.46119e-06
         2018  3.46164e-06
         1800  3.46173e-06
          981  3.46456e-06
         1538  3.47428e-06
          724   3.4879e-06
          156  3.49308e-06
          881   3.4957e-06
         2138  3.49924e-06
         1727  3.49941e-06
         2063  3.50231e-06
          401  3.51087e-06
         1141  3.51269e-06
         1049   3.5267e-06
          986  3.53019e-06
          338  3.53809e-06
         1005  3.53884e-06
          803  3.56161e-06
          299  3.59022e-06
          311  3.59152e-06
          554  3.59176e-06
          660  3.59176e-06
          348  3.59221e-06
         1436   3.5974e-06
         2226  3.61094e-06
         1706  3.61504e-06
          481  3.62367e-06
         1035  3.63767e-06
          584  3.64049e-06
         1581  3.64471e-06
         1008  3.65688e-06
         2089  3.65939e-06
         2192  3.66256e-06
         1458  3.66406e-06
         1579  3.66703e-06
         2032  3.66894e-06
         1017  3.66969e-06
         1583  3.68932e-06
         1288  3.70593e-06
         1145   3.7076e-06
           89  3.71384e-06
         1045  3.71876e-06
          192  3.73255e-06
         1613  3.75223e-06
         1234  3.76155e-06
          178  3.76416e-06
         2029  3.76589e-06
         2213  3.76654e-06
          276   3.7737e-06
          806  3.78846e-06
          544  3.80501e-06
           34  3.80517e-06
          363   3.8088e-06
          330  3.81178e-06
         1696  3.81227e-06
          227  3.81346e-06
         2155  3.81857e-06
         1128  3.83135e-06
          939   3.8351e-06
         1103  3.84102e-06
          469  3.84108e-06
          375  3.84313e-06
           83  3.86097e-06
         2145  3.89231e-06
         2160  3.89267e-06
         1524  3.89321e-06
          941  3.89809e-06
           24  3.92358e-06
         1585  3.93323e-06
         1403  3.93562e-06
         1372  3.93881e-06
          140  3.94506e-06
         1762  3.95047e-06
         1891  3.96427e-06
          228    3.979e-06
         2047  3.98979e-06
         1066  3.99311e-06
         1203  3.99756e-06
         1314  4.00298e-06
          517  4.00459e-06
         1070  4.02954e-06
         1298  4.03528e-06
          590  4.03767e-06
         1716  4.03772e-06
         1178   4.0398e-06
          274   4.0426e-06
          238  4.05071e-06
         1478  4.05868e-06
         2228  4.06397e-06
         2252  4.07471e-06
         1686  4.08167e-06
         1392  4.08905e-06
          313  4.10405e-06
          854  4.10854e-06
          367  4.13836e-06
           45   4.1536e-06
         2219  4.15374e-06
          971  4.15516e-06
         1347  4.17381e-06
         2000  4.17566e-06
          566   4.1769e-06
         1424  4.17979e-06
         1552  4.17992e-06
         1187  4.22672e-06
          650  4.23952e-06
          374  4.24192e-06
         1116  4.25022e-06
         1794  4.25315e-06
         1349  4.26326e-06
         1048  4.26685e-06
         1367   4.2689e-06
         2162  4.27696e-06
         2014  4.29248e-06
         2008   4.2969e-06
         1270  4.31903e-06
          621  4.32745e-06
          633  4.32861e-06
          732  4.33175e-06
         1348  4.34592e-06
         1160  4.35806e-06
         1027  4.36219e-06
          449  4.36436e-06
          987  4.36481e-06
          334  4.37707e-06
         1838  4.37951e-06
         2199  4.38067e-06
         1497  4.38224e-06
          435  4.39892e-06
         1371  4.40704e-06
          561  4.41536e-06
         1728  4.43851e-06
          514   4.4513e-06
         2005  4.48354e-06
            3  4.49239e-06
         1414   4.4955e-06
          176  4.49816e-06
         1978  4.50879e-06
          657  4.52236e-06
          275  4.53069e-06
          471  4.53831e-06
          358  4.54461e-06
         1170  4.54586e-06
          591  4.54703e-06
          101  4.57596e-06
          991  4.59162e-06
          774  4.61212e-06
         2049  4.63937e-06
         1232  4.63984e-06
         1391  4.68372e-06
          656  4.68449e-06
         1535  4.69223e-06
         1693  4.69232e-06
         1269  4.69698e-06
          914   4.7103e-06
          240  4.71146e-06
          231  4.71461e-06
         1134  4.73755e-06
          560  4.79413e-06
         2007  4.80195e-06
          610  4.82472e-06
         1469  4.84011e-06
          580  4.85902e-06
         1733  4.86014e-06
          749  4.86179e-06
         1389  4.86489e-06
          443  4.86503e-06
         1144  4.87779e-06
          558  4.88737e-06
          400  4.89897e-06
          691  4.90062e-06
         1225  4.93347e-06
         1137  4.98387e-06
          674  4.99302e-06
         2035  5.01079e-06
         1657  5.01267e-06
         1025  5.01516e-06
           38  5.02202e-06
         1652  5.03793e-06
         1002   5.0468e-06
         1405  5.08276e-06
         1806  5.10409e-06
          632  5.10615e-06
         1808  5.11754e-06
         2204  5.12278e-06
          574  5.16425e-06
         1961  5.16931e-06
          642  5.17005e-06
          637   5.1881e-06
           49  5.20017e-06
          715  5.21519e-06
         1188  5.22104e-06
         2225  5.22227e-06
         1985  5.22697e-06
         1459  5.27318e-06
         2135  5.28888e-06
         1953  5.28898e-06
          998   5.2923e-06
          568  5.30129e-06
          805  5.34939e-06
         1984  5.36453e-06
          993  5.36985e-06
          947  5.40825e-06
         1586  5.42279e-06
         2067  5.45074e-06
         1143  5.46909e-06
         1122  5.49422e-06
          990  5.49934e-06
          298  5.51718e-06
          115  5.53061e-06
         1470  5.54257e-06
         1588  5.55797e-06
         1159  5.55916e-06
          129  5.58165e-06
          828  5.61737e-06
          147  5.65174e-06
         1439  5.68803e-06
         1321  5.68915e-06
          272  5.71266e-06
          433  5.73244e-06
         1514  5.75074e-06
          711   5.7806e-06
         1898  5.78738e-06
          776  5.82169e-06
         1138  5.82449e-06
         2093  5.82566e-06
          359  5.94197e-06
         2202  5.95802e-06
         1977  5.96535e-06
         1213  5.98156e-06
         1536  6.01744e-06
          513   6.0674e-06
         1193  6.07657e-06
          148  6.09837e-06
         2019  6.10916e-06
         1811  6.24117e-06
         1481  6.26485e-06
         2024  6.26747e-06
          429  6.27601e-06
         2251  6.34267e-06
          737  6.35067e-06
         2211  6.35269e-06
         2001  6.37082e-06
           15  6.39718e-06
         1090  6.42821e-06
         1355  6.46463e-06
          592  6.48145e-06
          441  6.53909e-06
          318  6.56111e-06
         1852  6.63578e-06
         1191  6.70946e-06
         2137   6.7281e-06
         1029  6.82931e-06
         1015  6.96475e-06
          983  7.12685e-06
         1855   7.1889e-06
          351  7.25194e-06
          214  7.39773e-06
          210  7.40193e-06
         1182  7.56224e-06
          251  7.58707e-06
          346  8.15586e-06
         2205  8.35499e-06
         1957  8.35729e-06
         1853  8.60075e-06
          994  8.95577e-06
         1587   9.2915e-06
         1962  9.68519e-06
         1086  1.02166e-05
         1142  1.27287e-05
         1854  1.28137e-05
         1807  1.33163e-05
         2248  1.46293e-05
         2247  1.51435e-05
          421  1.75674e-05
         1959   1.8833e-05
         1956  2.63444e-05
         2246   3.5638e-05
         2245  6.79124e-05
         1990  7.79949e-05
         2244  8.74039e-05
