2145
 6.66326e-05 -1.79175e-05 4.44208e-06 2.62127e-05 2.58347e-07 4.71164e-06 1.65251e-06 2.85876e-05 -1.03217e-05 3.3853e-06 1.40547e-05 7.48089e-06 2.38285e-05 -3.8474e-06 -9.73817e-06 2.86438e-05 8.75282e-06 -7.34961e-09 -2.00925e-05 8.25176e-06 5.17376e-06 1.46892e-05 3.52295e-09 8.8073e-06 -1.96578e-08 6.68115e-09 -6.63585e-06 -1.08172e-05 -4.18611e-06 -1.36286e-10 1.56623e-05 2.0905e-06 5.00962e-09 -3.40553e-05 5.36708e-06 -2.29995e-08 -7.26878e-07 5.19363e-06 3.37676e-09 3.41348e-06 -2.05574e-05 2.71722e-09 -3.89569e-09 -2.82633e-08 2.05134e-06 -1.6482e-05 -1.69854e-05 -2.5332e-05 3.32912e-05 4.75509e-06 1.50685e-06 -2.21643e-05 -3.42785e-06 -4.01338e-10 3.07885e-09 -1.2905e-08 3.51489e-09 2.62776e-05 -7.22539e-06 2.15009e-09 3.2814e-08 -1.23983e-07 5.19817e-09 -2.99397e-05 -5.20958e-06 1.67204e-08 -7.15451e-09 -2.35675e-08 7.95689e-06 -1.47094e-06 1.57277e-08 1.13277e-05 -1.97138e-05 -1.49335e-08 2.09338e-07 -1.5565e-06 -1.52108e-08 -5.24985e-09 -1.5744e-05 -1.20105e-08 1.87173e-09 -1.64229e-05 -1.59493e-06 3.59492e-07 7.89842e-08 4.96185e-06 3.36547e-06 -1.08105e-05 -5.48354e-06 -5.96361e-09 -7.47462e-09 1.15876e-08 -7.86217e-06 1.03939e-05 1.10178e-08 8.83117e-06 3.39257e-16 7.64545e-07 6.51769e-07 -2.60513e-05 -8.78833e-06 -5.73704e-07 -1.30481e-06 -1.90103e-05 1.9293e-06 2.17986e-05 -2.14567e-05 6.24836e-06 5.37602e-06 -1.84787e-05 1.89862e-06 2.9952e-07 -1.45278e-05 -3.02562e-06 9.11873e-06 -3.12321e-05 -4.91229e-06 -6.61121e-06 3.77023e-07 -4.63489e-06 2.59771e-06 -5.21549e-06 5.79476e-08 2.5914e-05 2.70441e-05 -2.68147e-05 -1.15306e-05 1.89395e-06 1.25861e-05 -1.47678e-05 -1.90668e-06 1.48364e-05 1.45987e-06 -7.82098e-06 3.44769e-06 1.40108e-05 1.36351e-05 1.45401e-06 1.58194e-06 8.48607e-06 7.8027e-06 -3.75318e-07 2.04481e-06 -2.81409e-05 -6.24486e-07 -6.05727e-06 1.55533e-05 -2.68494e-05 -2.8908e-06 -5.21227e-06 -5.6143e-07 1.95496e-06 1.12511e-06 7.87476e-06 6.85645e-07 3.09804e-05 -3.67236e-06 2.58993e-06 -8.15742e-06 7.26769e-06 1.06006e-05 -1.81921e-05 2.25361e-06 2.07461e-06 -2.80335e-06 -6.8698e-07 -5.94614e-08 1.14563e-05 3.04145e-07 -1.7272e-05 -1.41572e-06 -3.23296e-06 3.11728e-06 5.23488e-06 -2.47388e-06 2.54859e-06 1.67052e-05 1.59255e-05 -3.63734e-07 -9.02623e-06 9.96997e-06 2.45722e-06 -1.05094e-06 -1.15075e-05 7.37073e-06 1.97007e-05 2.97532e-06 -2.05105e-05 -4.96861e-06 -1.6457e-05 -1.12821e-06 2.01603e-05 2.0457e-05 8.30387e-06 -9.59801e-07 -1.06945e-06 -1.3269e-05 1.16275e-06 4.52709e-06 9.7679e-06 -2.92725e-06 4.12428e-06 -6.16214e-06 -6.21559e-06 5.99467e-06 1.86655e-05 -7.35227e-07 8.43838e-07 2.53602e-06 5.79497e-06 2.407e-06 -8.09222e-06 -6.92339e-06 1.32765e-05 1.02368e-05 4.02341e-06 -5.41303e-06 2.12301e-05 -4.09284e-05 -1.67895e-05 5.63005e-08 3.94002e-05 7.42072e-06 1.60088e-06 1.10037e-05 -4.54246e-05 5.41926e-06 8.33262e-06 -1.44207e-06 5.81146e-07 2.9187e-06 -1.44342e-06 5.8124e-07 -1.07498e-05 -1.7458e-05 -4.11119e-06 -1.07932e-06 2.39208e-05 5.8717e-06 5.3183e-06 -1.88134e-09 1.16502e-05 3.47699e-07 9.70918e-06 -8.77993e-06 -3.91822e-10 -4.32e-06 6.38881e-06 3.97699e-06 -9.47149e-07 9.42303e-06 -2.01907e-05 2.57485e-06 -1.10478e-06 -1.08904e-06 -4.01667e-05 1.32055e-05 2.00633e-05 2.85013e-05 1.75205e-05 6.1885e-06 -2.17501e-06 4.37136e-06 2.0655e-05 7.54619e-06 -4.54817e-06 -1.56105e-05 1.37685e-05 -1.08282e-06 -1.24611e-06 -2.50074e-06 2.88809e-05 5.24684e-07 3.75858e-06 4.90986e-06 -3.91251e-05 -3.11714e-05 5.44917e-06 -8.69731e-06 1.11681e-05 -2.61761e-06 -4.15182e-05 2.46859e-05 -1.51139e-05 5.42786e-06 -4.29693e-06 7.61784e-06 -6.20566e-06 7.63194e-06 1.9142e-05 -6.39462e-06 1.34393e-07 -2.50886e-06 1.55953e-06 -2.09502e-07 3.13292e-15 1.7756e-05 5.13264e-08 9.9575e-06 -2.18187e-05 8.61422e-06 -8.21295e-06 9.21921e-06 -1.99971e-06 6.24691e-06 1.44091e-05 -5.76229e-07 -1.92794e-05 -8.5068e-06 9.21021e-06 3.12011e-05 -1.28829e-05 -2.57355e-06 1.11265e-05 1.55584e-05 4.70791e-06 2.68713e-05 -7.3739e-06 3.41312e-06 1.32136e-05 -7.17636e-06 2.42037e-05 3.37908e-05 -4.40644e-06 -1.10342e-05 -1.55937e-07 -7.14629e-06 6.43979e-05 2.34153e-05 -6.30437e-06 4.48104e-06 3.16171e-05 2.17915e-05 2.99738e-06 -7.55355e-06 3.86413e-05 1.34885e-05 6.88051e-06 -1.17193e-05 -8.17874e-06 1.24262e-05 3.13143e-06 -1.13195e-05 7.93229e-05 -1.60774e-06 1.36218e-05 5.15729e-06 5.60189e-06 -5.15451e-05 2.56146e-06 -3.0688e-05 -2.44098e-05 4.05845e-05 3.93571e-06 -6.29967e-06 -3.02221e-05 -2.57098e-05 -3.18069e-06 7.03423e-06 1.25631e-05 -1.49732e-05 5.35126e-06 -5.10557e-06 -2.85653e-05 7.35295e-06 6.84543e-06 -3.04956e-06 -1.31479e-05 6.85762e-06 3.35636e-06 -3.00572e-05 -4.14561e-05 3.71001e-05 9.38941e-07 4.75865e-06 -1.43278e-05 2.72368e-05 1.0861e-05 -1.30305e-05 4.73398e-05 -1.59009e-05 -3.2182e-05 2.05607e-05 -1.59806e-05 -2.49353e-07 7.88858e-06 -3.71509e-06 3.40481e-06 -3.39385e-06 -1.15361e-05 -1.14958e-06 -1.08486e-05 2.28124e-05 -1.77767e-06 -1.06712e-05 3.81163e-05 -1.4623e-05 -8.81817e-06 3.11519e-05 1.59783e-05 -2.33875e-05 -8.75134e-06 -3.0453e-05 -5.22375e-05 -3.13308e-06 -1.21215e-05 1.02096e-05 -5.30233e-06 2.38297e-05 1.58196e-05 -5.30082e-06 2.87584e-05 -3.25738e-06 1.46561e-05 -2.8358e-05 -8.99727e-06 -1.717e-05 -7.51503e-06 3.42966e-05 -1.88387e-06 -1.44713e-05 -6.20396e-06 2.36366e-05 6.67326e-06 -3.56198e-05 6.21587e-08 3.66869e-05 3.21412e-05 2.08315e-05 -2.38532e-06 4.17965e-05 2.44082e-05 -1.46565e-05 7.38119e-07 1.59957e-05 -2.71242e-05 4.58921e-06 1.48501e-08 -1.12788e-05 -2.12895e-06 4.65659e-06 -1.94382e-06 2.65652e-05 -1.92299e-05 3.42674e-05 2.37117e-05 6.02418e-06 3.85237e-05 1.65028e-05 6.86156e-10 -1.76403e-05 -1.03687e-05 -1.31332e-05 3.5048e-05 -7.53965e-06 -1.22116e-06 2.23408e-05 9.12947e-06 -9.74676e-06 1.94386e-06 -8.29712e-09 2.69958e-05 -3.33871e-07 -9.39298e-06 -8.18809e-07 -4.80475e-10 -2.91184e-05 -2.23912e-05 -2.86972e-05 -5.49584e-06 7.91073e-06 3.31328e-05 -2.4523e-05 3.49434e-09 -4.63551e-05 -1.29393e-05 2.61718e-06 -6.914e-06 5.61751e-06 1.2441e-05 1.57838e-05 -1.3226e-05 -7.62572e-06 4.6117e-05 2.09966e-06 -3.21876e-05 -5.57034e-06 2.48318e-05 5.17702e-06 -7.14285e-07 -2.5524e-05 9.44904e-06 -4.09074e-06 -1.48323e-06 3.00791e-16 1.01806e-05 -9.85105e-06 6.27725e-07 1.84679e-05 -6.92151e-07 -1.04673e-06 -1.547e-06 7.58975e-07 -6.48431e-06 2.46192e-06 5.39293e-06 -7.13052e-07 -7.87192e-06 4.87191e-06 5.13655e-06 1.13102e-06 9.79082e-06 -1.89186e-06 -5.85291e-06 1.49762e-06 2.92867e-05 1.35944e-05 3.70477e-06 8.38594e-06 7.06625e-07 -2.12227e-06 -2.97761e-06 -7.3361e-06 -4.85344e-06 5.39975e-06 -1.42689e-06 1.98537e-06 -3.29228e-06 -2.2873e-06 1.52773e-06 2.49951e-05 -2.24698e-06 -3.55093e-06 1.23755e-05 -1.87919e-06 -9.0538e-07 -1.01758e-05 -5.42994e-06 2.46655e-05 3.69175e-06 2.61664e-06 -3.38848e-06 -4.17254e-07 9.3021e-06 6.03422e-07 1.0942e-05 1.32924e-05 -2.65071e-05 -1.22578e-05 -8.0406e-06 2.05192e-05 2.21564e-05 -3.28589e-06 3.45668e-06 3.31641e-06 1.21922e-05 -2.52662e-06 -3.54224e-05 6.22074e-07 -4.016e-06 1.1043e-05 -9.57278e-09 -3.48161e-06 -2.46713e-05 8.98133e-06 -7.96525e-06 -1.5554e-05 2.778e-05 1.85972e-05 2.43796e-06 3.94275e-06 -1.7614e-05 -1.09767e-05 -6.91944e-06 -2.84787e-06 9.66492e-06 4.43703e-06 2.30936e-06 1.96741e-06 -1.16528e-05 -2.06296e-05 -2.54129e-06 -5.09107e-06 1.35132e-05 1.63454e-05 -1.7354e-05 -2.11903e-05 6.54741e-06 7.77171e-07 3.73444e-05 9.59978e-07 9.93245e-06 -6.97692e-06 -2.73784e-06 2.19532e-06 -2.73886e-06 -3.98194e-06 -1.82664e-05 -5.06254e-06 2.32067e-05 -9.19511e-06 -5.32969e-06 1.68273e-07 -2.38953e-05 -1.02535e-06 8.67866e-06 -6.99808e-06 -9.2493e-08 -2.49658e-06 6.58704e-06 1.72376e-06 2.91392e-06 2.82886e-06 -4.37894e-06 1.20026e-05 -5.62603e-06 -1.569e-06 -3.8293e-06 -2.24544e-06 8.94054e-06 -9.77491e-06 -9.80181e-08 -1.04498e-06 -9.59514e-06 -1.4185e-05 1.48557e-06 -2.13635e-06 -2.68593e-07 -2.00758e-05 1.26864e-06 2.1777e-06 -1.43828e-06 -2.14592e-05 -3.62619e-06 -2.2054e-06 1.7945e-06 3.60798e-07 3.10385e-06 2.90172e-05 -5.40183e-06 7.77256e-06 1.83477e-05 5.7507e-06 1.72638e-06 -4.5424e-06 -1.80256e-06 -2.08482e-06 -4.54761e-06 6.61706e-07 -5.18434e-06 1.19732e-05 3.7352e-07 6.86766e-06 -4.65387e-06 1.19412e-05 -7.79368e-06 -1.1698e-05 1.17578e-06 -2.33887e-05 -1.12223e-05 2.77619e-06 1.47884e-06 1.8634e-06 -1.48381e-06 3.94763e-06 -4.94332e-06 -5.59057e-06 -7.97786e-06 -4.36455e-06 1.2658e-05 -4.50098e-07 -3.30737e-06 1.25276e-06 -7.11329e-06 -4.62959e-06 -6.74611e-06 9.031e-07 -1.26812e-05 -2.3846e-06 -5.31181e-06 1.43594e-06 9.69045e-06 -1.43891e-06 1.23486e-06 -1.00981e-06 -6.12417e-06 -4.88565e-06 8.69882e-06 -2.19431e-06 6.98012e-06 3.5598e-06 -3.62473e-06 4.98809e-06 2.66981e-16 1.96379e-06 2.2605e-06 -5.33915e-06 1.55805e-05 2.12157e-06 -9.36874e-07 1.24776e-06 -5.73958e-08 -4.56458e-08 -1.45889e-08 1.10845e-05 1.63144e-06 -3.9218e-06 1.0234e-06 3.67773e-06 1.80993e-06 2.32148e-07 2.55197e-07 -7.07625e-08 1.67376e-06 4.19547e-06 9.08353e-07 5.89445e-08 1.2008e-05 2.55212e-06 -7.84274e-06 -6.17806e-07 -1.21175e-06 -4.00923e-06 1.48434e-06 2.31956e-05 3.18126e-06 -2.58325e-07 -9.37334e-06 -4.21315e-08 2.85194e-06 -2.879e-07 -3.31099e-06 9.08884e-08 -2.35421e-06 -4.35558e-07 -4.57275e-06 -1.45876e-05 3.73375e-06 -4.56012e-07 -1.42041e-06 -1.47404e-06 -2.99456e-06 1.60528e-06 -3.39502e-07 9.37383e-06 1.59376e-05 -2.3947e-07 1.68368e-06 -1.36072e-06 1.25829e-06 -5.46921e-07 6.4818e-08 -2.67337e-06 -1.39493e-06 7.61027e-07 -5.39367e-06 -4.54037e-06 9.41583e-07 -1.5304e-06 -5.42405e-07 -6.75006e-06 7.55304e-07 -2.38567e-07 1.61787e-05 -7.10809e-06 3.92921e-07 2.16298e-06 5.94363e-07 1.3606e-06 -2.32823e-06 -3.28733e-06 6.60322e-06 -3.63387e-06 -5.36268e-06 3.64648e-06 1.12684e-06 -2.89099e-06 2.43152e-06 -1.19889e-06 -1.02763e-06 8.23935e-07 -1.4787e-06 2.67494e-06 3.3853e-06 8.6134e-07 -2.62371e-06 -5.74917e-07 3.77283e-06 -1.13632e-05 5.78941e-08 3.66073e-07 -3.61312e-07 3.59004e-07 -3.63821e-07 1.07105e-06 -1.56948e-06 -3.7566e-06 -1.6566e-06 3.13753e-06 -6.70637e-06 -1.92943e-06 2.84265e-06 -7.02779e-06 1.27031e-06 9.57652e-07 -1.14141e-07 1.93603e-06 3.4428e-06 3.41128e-06 6.82185e-06 -1.78051e-06 3.15412e-06 -7.15071e-07 4.21463e-06 -2.90591e-06 -1.32041e-05 -1.62814e-06 -1.15772e-05 3.43878e-06 -1.7065e-06 1.00158e-05 3.57605e-06 -9.54066e-07 -4.65926e-06 -1.92545e-07 1.41438e-07 1.03785e-06 -4.27794e-06 -4.40183e-06 -7.64752e-06 -6.20403e-07 -2.74496e-06 -2.8578e-06 -1.34515e-08 -6.35866e-07 -7.98003e-07 1.49693e-07 6.85997e-06 -1.97392e-05 -2.26841e-06 1.17029e-05 1.40679e-06 1.67327e-06 7.05392e-06 -5.11122e-06 8.50406e-07 -1.67366e-07 9.38244e-07 -1.25209e-05 -7.70066e-09 5.20928e-06 -2.55089e-05 -2.40539e-06 1.98267e-06 -2.01857e-06 2.01056e-06 1.18555e-05 -1.26067e-05 1.66175e-06 7.87629e-07 1.08037e-05 2.21986e-05 2.97751e-07 1.35449e-06 -3.30088e-06 -1.91468e-05 -6.07924e-06 -7.75525e-06 4.23472e-06 -6.4523e-06 -2.21297e-06 9.9807e-08 1.14957e-06 -1.19321e-06 3.73697e-07 1.21368e-05 1.12723e-05 -3.37077e-07 2.63773e-07 6.65235e-06 -3.28697e-06 -1.78092e-07 1.16455e-06 1.83464e-06 -4.27464e-06 5.43735e-06 -1.32836e-05 -2.1679e-06 -2.06827e-06 -1.61921e-06 -7.69036e-07 -1.43525e-06 1.36397e-15 1.02315e-06 7.04012e-07 -4.00807e-06 8.60619e-07 1.4488e-05 -1.17367e-05 -4.44701e-09 8.83743e-06 2.13339e-07 -6.72549e-06 -4.86136e-06 1.65558e-05 -1.09501e-05 8.35837e-07 -8.09317e-06 -1.63929e-06 2.22117e-05 -2.90314e-06 2.97935e-06 -1.35776e-05 -1.31096e-05 1.34796e-06 -2.4822e-06 -8.26137e-06 3.15711e-06 -5.21975e-06 -8.75849e-06 -8.22445e-06 1.24873e-05 6.37728e-06 -1.39948e-08 2.59397e-05 9.59974e-08 -3.90271e-06 5.48087e-06 -9.00347e-06 7.25346e-06 9.22472e-06 -2.15982e-05 2.49703e-05 -8.48545e-06 4.79948e-05 -5.49266e-06 -2.87002e-05 1.71042e-07 5.52983e-05 -3.02049e-06 8.98191e-06 1.25413e-05 -5.28563e-06 5.34006e-06 -1.25173e-05 2.18342e-09 -4.15452e-08 -1.46749e-05 -2.38502e-08 -5.0194e-08 9.18685e-09 4.35677e-06 7.20275e-07 -1.59306e-05 -1.28877e-09 -5.51839e-07 1.14013e-05 3.77735e-06 -1.47058e-06 9.03827e-07 -2.3832e-06 6.48135e-06 2.11787e-06 5.59463e-07 -8.82381e-07 3.37573e-06 -3.20449e-08 3.80134e-05 1.40565e-05 -5.12209e-06 1.48357e-08 -8.89433e-07 -3.00893e-06 2.55774e-05 -8.9136e-06 1.49716e-05 -3.04386e-05 -5.10884e-06 -2.33426e-05 -1.97651e-05 -1.18041e-05 -1.01761e-05 -3.99598e-05 -1.0656e-05 3.35383e-06 -1.90292e-05 5.4612e-06 -1.26192e-05 -3.0803e-06 4.86961e-06 -2.29143e-05 -1.1092e-05 3.86247e-05 -5.59161e-06 2.10171e-05 5.15252e-06 -3.32845e-05 2.89131e-05 2.17141e-05 -4.43604e-05 1.5421e-05 -8.14213e-06 -2.3736e-05 -1.19671e-06 1.62659e-05 2.28187e-05 2.64679e-05 -9.03752e-06 -4.56387e-06 -8.76094e-08 -1.15941e-06 -2.30417e-05 7.19776e-06 -1.39301e-05 -1.34453e-05 -1.06494e-05 3.28218e-05 -1.78318e-05 2.96778e-05 -3.79978e-05 1.13652e-05 -7.95638e-06 -8.83338e-06 1.01009e-05 -1.83773e-05 -9.09676e-06 -5.7395e-05 1.38678e-06 -1.5473e-05 -3.48148e-06 -3.07269e-05 6.3854e-06 -2.928e-06 -1.6529e-05 -5.33273e-06 4.60018e-05 4.65913e-05 6.12978e-05 -2.50654e-05 -1.32287e-06 -4.35746e-06 -2.38439e-05 -1.76896e-05 -5.80322e-06 4.1526e-05 4.81583e-06 -9.82327e-06 4.27383e-05 2.1232e-05 3.79849e-05 5.26593e-06 -2.13035e-05 -2.46836e-05 -2.71283e-06 -2.88748e-05 -1.88681e-05 -1.54499e-05 3.72383e-05 -3.4238e-05 -1.14962e-05 2.07647e-05 -1.80126e-05 4.00821e-05 4.68406e-06 -4.59185e-05 -4.77735e-07 7.14065e-06 -3.07769e-05 -3.342e-05 3.58534e-05 -3.86366e-05 -1.1287e-05 -1.92262e-05 5.74401e-06 -2.1466e-05 -9.79567e-07 4.37289e-05 -3.31451e-05 -3.75132e-05 -5.02062e-06 2.05167e-06 1.59374e-05 -2.65036e-05 -2.6541e-05 1.00248e-05 1.93379e-05 -1.19089e-05 5.04855e-06 5.56119e-07 -9.56925e-06 -1.36123e-05 2.72491e-15 2.00927e-05 -1.26123e-05 -1.12184e-06 -3.78137e-05 -5.95104e-07 3.78584e-05 -2.32786e-05 6.90353e-06 -1.88107e-05 -1.93089e-06 -8.13194e-06 1.82711e-05 5.45095e-06 2.64714e-05 1.47327e-05 -7.11346e-06 1.41662e-05 -5.21009e-06 -8.82883e-06 1.05985e-05 -6.25849e-06 -4.54254e-05 -4.15245e-05 1.70005e-05 -5.23118e-06 -1.1217e-05 2.03897e-05 -8.64629e-06 5.23063e-06 2.23565e-06 7.96026e-06 1.61475e-05 -1.3854e-05 -8.62403e-06 1.9313e-05 1.89043e-06 1.62981e-06 3.26312e-06 2.47753e-06 -1.4506e-06 -1.74554e-06 1.39003e-05 1.70286e-06 6.31847e-06 1.37745e-06 -3.72619e-06 -4.95107e-06 6.20219e-07 6.44506e-06 3.91774e-05 1.25355e-05 -2.03455e-05 1.67035e-06 -1.63141e-07 2.0938e-06 1.58835e-05 -8.12786e-06 -2.10924e-05 2.57349e-05 3.05199e-05 2.11443e-06 -2.0234e-05 1.24332e-05 2.10252e-05 -2.02606e-05 2.58845e-05 9.79065e-06 8.01837e-06 1.39254e-05 4.79018e-06 1.78673e-05 3.26396e-06 0.000138491 -1.51099e-05 3.18818e-06 1.564e-05 3.3352e-05 1.20633e-05 -5.07761e-06 -2.75468e-05 6.00876e-05 -4.50391e-06 5.45536e-06 -4.9837e-05 -1.64961e-05 -7.25058e-06 1.13713e-05 4.36661e-06 -5.73273e-06 -1.5628e-05 -2.54331e-05 -5.55827e-06 1.10449e-05 3.61745e-05 -2.24056e-05 -1.23506e-05 5.51461e-06 9.1293e-06 1.53475e-05 -1.47917e-05 2.19901e-06 5.05512e-06 -1.84389e-07 -4.11982e-05 -2.74192e-06 -1.03038e-05 1.64788e-05 8.69065e-06 -1.15343e-05 2.38809e-05 5.28594e-07 -1.56981e-05 1.60384e-05 5.48204e-06 -2.3738e-05 -2.53279e-06 -1.09492e-05 -9.62721e-06 -8.15518e-06 5.49099e-05 1.28194e-05 1.93565e-05 2.40664e-06 -3.20592e-06 -3.11334e-06 -2.0357e-05 2.11021e-06 2.40636e-06 -3.25072e-05 7.16445e-06 -5.09e-06 -7.19545e-06 1.80333e-06 5.26184e-06 -1.52488e-05 -2.34896e-05 1.06211e-05 6.50525e-06 4.35705e-06 2.51659e-05 1.46409e-05 -1.17726e-05 -3.14942e-05 -5.82816e-06 1.83946e-05 1.40413e-05 -9.87408e-06 1.88669e-06 -3.54649e-06 -6.4447e-06 2.58824e-05 2.67828e-05 2.71989e-05 -2.17014e-05 1.28685e-05 1.28945e-05 -5.98946e-05 -1.43526e-05 4.39531e-05 1.96563e-05 -1.39138e-05 -1.05646e-05 4.514e-05 3.39644e-05 -2.4748e-05 1.33504e-05 2.37453e-05 2.8882e-05 -3.95121e-05 -2.59369e-06 -1.01432e-05 7.28719e-06 -3.57824e-06 -2.06109e-05 -7.13093e-06 1.13072e-05 -6.77536e-06 -6.17394e-06 2.28425e-05 -1.32118e-05 -2.05438e-05 2.90128e-05 -2.25355e-05 -3.63902e-05 3.76372e-05 2.73696e-05 2.41132e-05 1.60971e-05 -9.87275e-06 8.4257e-06 5.2037e-06 2.03495e-05 -1.80412e-05 -1.2194e-05 -4.50062e-05 6.85954e-06 -2.79278e-05 -3.1983e-06 1.59403e-15 -7.21471e-07 1.33016e-05 2.84074e-06 -1.5222e-05 5.09388e-06 -1.5454e-06 -4.14138e-06 -2.23383e-06 -5.13063e-06 1.91131e-06 2.67598e-06 -3.53848e-06 2.10157e-07 7.78376e-06 3.83531e-06 -3.11822e-06 -2.83727e-06 2.31555e-06 -2.14237e-06 -1.32222e-05 -7.49836e-06 -9.24537e-07 -6.11021e-06 1.13034e-06 -3.01574e-06 -1.09345e-05 -1.29974e-06 1.034e-06 6.35733e-06 1.75631e-05 -2.48648e-06 3.2207e-06 -3.48049e-06 -1.90156e-06 3.28029e-06 4.11777e-06 7.59912e-06 6.20628e-06 -7.57639e-06 1.4937e-06 -3.78205e-06 9.54489e-06 -4.81884e-06 1.39679e-05 -1.11416e-05 -1.1945e-05 -1.0311e-05 4.91427e-06 5.14184e-06 2.64716e-06 -1.69729e-06 3.31775e-06 -3.23421e-05 1.03677e-05 -5.27891e-07 -5.44094e-06 5.36274e-07 2.47638e-06 -5.58288e-06 -4.02821e-06 -1.24021e-05 -5.89336e-06 -1.69508e-05 -8.37191e-07 -1.27541e-06 2.19322e-06 -3.56913e-06 3.11787e-06 1.37823e-05 -6.8538e-08 3.21729e-06 2.1375e-06 1.31587e-05 -9.0291e-06 4.03057e-07 2.02151e-07 -9.18316e-06 4.59902e-06 -5.87314e-05 -1.49207e-05 4.41058e-06 -2.39213e-06 6.16883e-06 -6.81684e-06 -2.50098e-05 -2.21156e-05 1.18902e-05 -2.6592e-06 1.77557e-05 3.72125e-05 2.47477e-05 1.29318e-05 -4.77992e-06 1.53191e-05 -2.05634e-05 -3.29728e-05 -4.18341e-05 -8.92291e-06 -8.78451e-06 2.70881e-05 6.94614e-07 -1.34282e-05 1.17477e-05 1.4517e-05 -3.10187e-05 -1.76095e-05 -1.9896e-05 8.18875e-06 6.34585e-06 7.45724e-06 -2.33432e-05 1.27647e-05 -8.23544e-06 -2.29904e-05 -3.54251e-05 9.02632e-06 1.25399e-05 -2.66884e-06 -1.48e-05 3.72936e-05 2.37822e-05 -2.12557e-05 -1.76811e-05 -8.2301e-06 4.92752e-06 4.86359e-06 -7.5183e-08 -3.3049e-05 1.01135e-05 -2.20439e-05 -1.52482e-05 8.00674e-06 2.83084e-05 1.60522e-05 -1.69095e-06 -1.38593e-05 -8.50564e-06 -3.14345e-06 2.01496e-05 2.29492e-05 1.57956e-05 -3.65585e-05 -7.59744e-06 -3.38371e-06 1.07113e-05 5.71599e-06 4.10713e-05 5.81231e-06 -3.4174e-05 1.14217e-06 4.86708e-06 -2.15153e-05 -4.52288e-06 5.13385e-05 -1.71163e-05 -1.09192e-05 -7.2438e-06 -1.92643e-05 4.42544e-05 8.35771e-06 8.77566e-06 -1.11173e-05 5.35395e-06 1.16799e-05 8.2494e-06 3.51138e-05 -1.36522e-05 -5.67697e-07 1.44918e-05 1.42181e-06 2.66575e-05 -1.41239e-05 -1.25049e-05 -3.0286e-05 1.21269e-06 6.8976e-06 1.81042e-05 4.22785e-06 1.38247e-05 3.57815e-06 -1.35373e-05 -3.66348e-06 -4.57838e-06 1.13596e-07 1.69558e-05 2.0301e-05 -1.74737e-05 1.34489e-05 3.45083e-06 -1.12454e-06 -2.33205e-05 2.98132e-06 -1.14138e-05 -5.75799e-05 -2.87658e-06 3.70616e-07 -4.47622e-06 -3.75621e-05 2.88787e-15 -2.18671e-06 1.79265e-06 -8.39781e-07 -2.69411e-05 -1.72544e-06 2.72033e-06 3.54223e-06 -3.00907e-06 -8.43843e-06 -1.27182e-05 -1.42643e-05 3.91585e-05 -1.19933e-05 1.43695e-05 2.79426e-05 -4.32904e-06 -2.11397e-06 5.11092e-06 -1.12085e-06 2.08122e-06 6.61426e-06 5.74098e-06 -1.02322e-06 1.2388e-05 -9.87166e-06 -2.06154e-05 8.75034e-06 2.35009e-06 7.69996e-06 1.14192e-06 1.2293e-05 7.97493e-06 2.56305e-05 -5.04319e-05 -5.63277e-06 9.87818e-06 9.24147e-07 -2.2194e-06 -1.54674e-06 5.74378e-06 7.96108e-06 2.41518e-06 6.2948e-06 1.51905e-05 -1.38183e-05 -2.48236e-05 1.04703e-06 1.03308e-05 8.69177e-06 1.64865e-06 8.86974e-06 3.08918e-06 -4.70673e-06 -5.73464e-06 -7.51503e-06 1.56784e-06 8.60324e-06 -3.61011e-06 1.2645e-05 -2.35646e-05 -3.08823e-06 -6.94782e-06 -4.79997e-05 3.11702e-06 -1.57933e-06 -3.37889e-06 -6.67213e-06 -5.96677e-06 -1.25032e-05 -7.895e-06 1.20098e-05 2.12432e-05 -2.07974e-06 3.62971e-05 2.2557e-05 -3.14402e-08 3.677e-06 4.34137e-06 7.32681e-10 -3.08365e-06 -5.35094e-06 -2.14353e-05 1.71965e-08 8.86939e-06 1.12691e-05 7.45279e-06 -8.07742e-06 -9.71245e-06 7.69976e-06 -2.06273e-06 3.04913e-05 -1.36518e-05 -1.42867e-05 -3.22063e-05 -5.7749e-05 -1.74288e-06 -1.0504e-05 4.14687e-05 3.22962e-06 1.26861e-05 -8.38477e-06 -2.14987e-05 -4.40212e-06 3.84531e-05 -3.05782e-05 -2.65249e-06 4.71215e-06 2.43749e-05 -1.38269e-05 -3.025e-05 -7.24289e-06 -1.91074e-05 4.19976e-06 -2.03041e-06 -2.37922e-05 -2.39518e-05 -1.0921e-05 2.09346e-05 -2.41985e-06 -3.01356e-06 1.78194e-05 -4.09568e-05 7.96719e-06 -1.45774e-05 -1.14916e-05 -3.8255e-06 2.62125e-05 -6.98197e-06 7.43826e-06 -3.00239e-05 -2.0577e-05 -3.44984e-05 -1.64802e-05 -2.26279e-05 2.45995e-05 -1.02654e-05 7.62678e-06 2.0517e-05 1.58167e-05 1.38141e-05 -2.1129e-05 -7.87116e-06 -4.24234e-06 1.04898e-05 6.706e-06 -3.68652e-05 -3.18905e-06 4.11402e-05 -8.75369e-06 1.52605e-05 -3.80536e-06 -3.37336e-06 1.57007e-05 2.24125e-05 -1.75755e-05 1.3425e-05 1.31674e-05 -1.48275e-05 -1.36661e-05 1.40433e-05 -5.44523e-05 -3.78727e-06 -3.93236e-06 -2.82855e-05 -1.0527e-05 -3.51623e-05 1.07434e-05 -2.63899e-05 -1.90979e-05 3.47375e-05 7.2398e-06 -1.31702e-05 2.37424e-05 -2.63003e-05 -2.85656e-06 1.22072e-06 -1.1026e-05 -2.00574e-05 1.27321e-05 2.70619e-06 2.87664e-05 -3.75525e-05 -3.26572e-06 -8.27956e-06 -1.01431e-05 -1.79298e-05 -7.76465e-05 -6.35258e-05 9.24362e-06 4.25987e-05 -1.00981e-06 1.07184e-05 -2.69319e-05 -1.37465e-05 -2.88411e-08 -2.46192e-05 -1.39995e-05 -3.91617e-06 2.32233e-05 5.21376e-06 7.64662e-06 -1.02832e-05 -4.16911e-06 2.38472e-06 -3.58421e-06 6.73699e-06 6.70909e-06 -1.59224e-05 1.86752e-06 -3.21475e-05 -1.03536e-05 -3.27306e-05 3.65518e-05 2.32552e-05 2.80922e-05 -1.96925e-05 -4.61714e-06 3.45581e-05 6.94831e-06 7.13154e-06 2.93519e-05 1.76235e-05 5.56022e-05 1.26314e-05 -4.843e-06 -1.18105e-05 2.9189e-06 8.61833e-05 5.65553e-05 -4.16715e-05 -7.08258e-07 -3.19085e-05 -4.66106e-06 -1.80859e-05 1.837e-05 -4.07789e-05 -6.07773e-06 -6.28796e-06 2.60328e-06 2.55114e-05 9.90846e-06 -8.58668e-06 -1.049e-05 6.64425e-06 1.07834e-05 7.40309e-06 -9.72384e-07 5.79151e-06 -7.89423e-06 1.23654e-06 1.66646e-05 5.42238e-05 2.16116e-05 1.80489e-05 2.79677e-05 -8.95036e-06 -2.22616e-05 1.89686e-05 -3.43473e-05 -3.85908e-05 1.02934e-06 3.83985e-05 1.7732e-05 5.05374e-05 7.25392e-06 -1.45265e-06 2.45419e-05 2.34723e-05 -2.05765e-05 -5.44323e-05 3.21084e-05 2.98532e-05 -2.90989e-05 1.1332e-05 -7.86426e-06 -7.48082e-06 1.27807e-05 2.69321e-06 2.5756e-05 5.06314e-05 6.50031e-06 1.38475e-05 2.95844e-05 -7.07633e-06 2.18854e-06 -3.37591e-06 -6.558e-06 -2.69441e-05 6.76339e-06 -9.17663e-06 2.18789e-05 1.41188e-05 1.20648e-05 -3.12535e-06 -2.91631e-05 1.80288e-06 1.7526e-06 1.35745e-05 -2.04086e-07 -1.16795e-06 7.18279e-08 -2.57e-05 2.48764e-05 1.5466e-05 2.83818e-05 2.73011e-05 6.77994e-06 -9.88996e-06 -1.30799e-05 -9.32967e-06 -4.59159e-05 2.6003e-05 4.47435e-05 -1.86274e-06 2.36919e-06 -3.42579e-05 1.06344e-05 -7.20289e-06 -1.28766e-05 3.13396e-05 -1.52262e-06 -6.1352e-06 1.7215e-05 1.86474e-05 2.21551e-05 4.3085e-05 8.72825e-06 1.90399e-05 -1.3113e-05 5.59074e-06 -5.57273e-05 7.51992e-06 5.9747e-05 4.28474e-05 3.22523e-05 3.46341e-05 1.32083e-05 -2.17844e-05 -1.46471e-05 -3.84428e-05 -1.81714e-05 -4.40464e-06 2.48968e-06 -4.76522e-05 3.79263e-06 1.64277e-05 1.63483e-05 -2.6643e-05 -1.92617e-05 -9.09665e-06 2.17833e-06 6.01107e-05 -2.29589e-05 -2.08081e-05 3.75792e-05 -1.87031e-05 -2.18079e-05 -1.24095e-05 2.03362e-05 3.57526e-05 1.16946e-05 1.74167e-05 -3.67852e-05 2.4118e-06 5.89237e-05 -8.11564e-07 -5.96557e-06 -2.62684e-05 8.56727e-06 2.56851e-05 -2.64139e-05 -5.95614e-06 2.37683e-05 -5.73365e-06 -3.47798e-05 9.91313e-06 -1.30858e-05 2.21509e-05 -1.27391e-05 -5.31236e-05 -2.19672e-05 2.97907e-05 -3.90358e-06 -2.9414e-05 -1.71716e-05 4.54961e-06 -7.29136e-07 -3.97752e-05 2.44401e-05 3.60222e-05 -6.50785e-05 2.05098e-05 -6.63872e-06 6.54755e-06 -1.97433e-05 3.19391e-06 1.74527e-05 1.57471e-06 -2.33909e-05 5.51474e-05 -1.97024e-05 -5.1646e-06 2.02176e-06 3.85847e-06 -1.682e-05 1.07161e-05 -1.49555e-05 1.73028e-05 -4.06186e-05 1.45627e-05 1.17803e-06 -3.38234e-05 1.04679e-05 -2.82599e-06 1.94441e-06 -2.94632e-06 1.33675e-06 -1.28191e-06 -1.08091e-05 -5.30673e-06 9.71363e-06 -2.05171e-05 -6.74694e-06 1.89606e-05 -1.34013e-05 -3.61758e-08 7.70189e-08 -2.31026e-05 2.50225e-06 -2.14141e-06 -7.30845e-06 -2.30879e-05 5.83263e-06 1.55074e-06 -1.44012e-05 9.77369e-07 -4.76032e-06 -1.0756e-05 1.38041e-05 3.53068e-06 -2.19811e-05 1.4322e-05 1.97788e-05 -2.5893e-05 6.92027e-06 -1.17484e-05 5.48531e-06 -3.94339e-06 -6.07163e-07 1.50946e-05 -3.33536e-05 9.27608e-06 7.5836e-06 -2.82246e-05 1.33758e-05 -7.20444e-06 3.44892e-05 1.01555e-06 -2.75016e-06 1.44861e-06 -2.4298e-05 3.64682e-06 -9.35628e-06 -3.04039e-06 -1.87413e-05 1.03766e-05 1.30601e-05 -3.0618e-05 -0.000227956 5.82386e-06 1.92717e-05 4.51477e-09 4.88604e-10 4.847e-10 3.88146e-05 -3.15419e-05 -6.3078e-06 4.47137e-09 -4.61441e-06 1.14805e-05 -1.17119e-05 -1.67028e-07 2.06888e-05 -9.58581e-06 8.66706e-06 -7.09171e-07 -2.7666e-07 -1.72691e-06 -1.91232e-05 -1.48041e-06 -1.04946e-05 1.16664e-05 2.39269e-09 -7.84975e-06 -9.90975e-06 3.47316e-09 -3.88379e-06 3.17647e-06 -6.48996e-06 1.91411e-05 1.15243e-05 -2.57196e-05 -3.56365e-06 1.30899e-07 -9.44799e-06 3.803e-05 -2.47586e-05 5.83584e-06 -1.46659e-06 1.86125e-05 1.87884e-05 1.16856e-05 1.01221e-06 9.00287e-06 -1.48504e-05 -4.6919e-06 6.8883e-07 -1.59038e-05 2.67177e-05 -9.14776e-07 8.83982e-07 9.13917e-06 -1.07133e-05 -5.51868e-06 4.62426e-07 -6.84305e-05 4.04541e-05 2.10312e-05 -1.17457e-07 9.39581e-06 2.74864e-06 -1.02507e-06 -1.04522e-07 -5.51734e-06 1.40828e-06 2.25614e-05 9.8602e-07 6.22266e-06 -1.68985e-05 5.90347e-06 6.43674e-06 -1.06775e-06 -3.17041e-06 2.80391e-05 -5.34365e-06 2.58775e-05 -3.47384e-06 -1.82084e-05 -1.42729e-06 1.37456e-05 2.57232e-05 -1.6805e-05 -2.23526e-07 3.74185e-06 -3.29227e-06 3.73325e-06 -6.79662e-07 1.56114e-05 3.26358e-05 -3.96935e-05 -8.7713e-07 1.47062e-05 -7.60627e-06 -7.0474e-07 -2.19682e-07 2.16412e-05 -2.67525e-06 -2.83025e-06 5.57782e-07 -4.69847e-07 -6.84924e-06 9.91066e-06 3.06398e-06 -1.4511e-05 -2.17791e-05 -1.24404e-06 -3.42869e-06 -7.98648e-06 1.2776e-05 1.64697e-05 -4.82545e-06 6.76477e-06 6.44567e-06 -4.93557e-06 1.41265e-06 6.72936e-06 -2.95716e-05 1.80284e-05 5.49181e-05 -3.19942e-05 -4.12554e-05 8.80655e-06 -8.64809e-07 9.06983e-07 2.3092e-05 -2.75232e-05 3.83759e-07 1.85616e-05 -1.07752e-05 -6.59006e-06 2.60747e-07 -8.62961e-07 1.52301e-06 4.3552e-06 6.36874e-06 2.63016e-05 -7.35513e-06 -3.03283e-05 1.96578e-05 -2.34753e-05 9.36241e-06 -1.12063e-05 -1.22504e-06 -1.17888e-05 2.52857e-06 1.47547e-05 -1.60821e-05 3.83764e-05 3.72756e-06 5.04608e-06 -2.99692e-06 -2.5594e-05 -1.06856e-05 4.49464e-05 1.67715e-05 -1.66091e-06 -1.15543e-05 -1.96851e-05 -8.07128e-06 2.14687e-06 2.53235e-05 -8.53995e-06 2.37787e-05 -8.4868e-05 -1.43202e-07 6.20406e-05 -2.61322e-05 4.56514e-06 1.66008e-05 8.92434e-06 -2.83931e-05 -1.43134e-05 2.16039e-05 4.48254e-06 2.32899e-05 0.000859645 0.000675142 0.000151232 6.16807e-05 1.832e-05 -0.000410378 -0.000934375 -0.000847905 9.2821e-06 -7.31917e-06

         1  6.66326e-05
         2 -1.79175e-05
         3  4.44208e-06
         4  2.62127e-05
         5  2.58347e-07
         6  4.71164e-06
         7  1.65251e-06
         8  2.85876e-05
         9 -1.03217e-05
        10   3.3853e-06
        11  1.40547e-05
        12  7.48089e-06
        13  2.38285e-05
        14  -3.8474e-06
        15 -9.73817e-06
        16  2.86438e-05
        17  8.75282e-06
        18 -7.34961e-09
        19 -2.00925e-05
        20  8.25176e-06
        21  5.17376e-06
        22  1.46892e-05
        23  3.52295e-09
        24   8.8073e-06
        25 -1.96578e-08
        26  6.68115e-09
        27 -6.63585e-06
        28 -1.08172e-05
        29 -4.18611e-06
        30 -1.36286e-10
        31  1.56623e-05
        32   2.0905e-06
        33  5.00962e-09
        34 -3.40553e-05
        35  5.36708e-06
        36 -2.29995e-08
        37 -7.26878e-07
        38  5.19363e-06
        39  3.37676e-09
        40  3.41348e-06
        41 -2.05574e-05
        42  2.71722e-09
        43 -3.89569e-09
        44 -2.82633e-08
        45  2.05134e-06
        46  -1.6482e-05
        47 -1.69854e-05
        48  -2.5332e-05
        49  3.32912e-05
        50  4.75509e-06
        51  1.50685e-06
        52 -2.21643e-05
        53 -3.42785e-06
        54 -4.01338e-10
        55  3.07885e-09
        56  -1.2905e-08
        57  3.51489e-09
        58  2.62776e-05
        59 -7.22539e-06
        60  2.15009e-09
        61   3.2814e-08
        62 -1.23983e-07
        63  5.19817e-09
        64 -2.99397e-05
        65 -5.20958e-06
        66  1.67204e-08
        67 -7.15451e-09
        68 -2.35675e-08
        69  7.95689e-06
        70 -1.47094e-06
        71  1.57277e-08
        72  1.13277e-05
        73 -1.97138e-05
        74 -1.49335e-08
        75  2.09338e-07
        76  -1.5565e-06
        77 -1.52108e-08
        78 -5.24985e-09
        79  -1.5744e-05
        80 -1.20105e-08
        81  1.87173e-09
        82 -1.64229e-05
        83 -1.59493e-06
        84  3.59492e-07
        85  7.89842e-08
        86  4.96185e-06
        87  3.36547e-06
        88 -1.08105e-05
        89 -5.48354e-06
        90 -5.96361e-09
        91 -7.47462e-09
        92  1.15876e-08
        93 -7.86217e-06
        94  1.03939e-05
        95  1.10178e-08
        96  8.83117e-06
        97  3.39257e-16
        98  7.64545e-07
        99  6.51769e-07
       100 -2.60513e-05
       101 -8.78833e-06
       102 -5.73704e-07
       103 -1.30481e-06
       104 -1.90103e-05
       105   1.9293e-06
       106  2.17986e-05
       107 -2.14567e-05
       108  6.24836e-06
       109  5.37602e-06
       110 -1.84787e-05
       111  1.89862e-06
       112   2.9952e-07
       113 -1.45278e-05
       114 -3.02562e-06
       115  9.11873e-06
       116 -3.12321e-05
       117 -4.91229e-06
       118 -6.61121e-06
       119  3.77023e-07
       120 -4.63489e-06
       121  2.59771e-06
       122 -5.21549e-06
       123  5.79476e-08
       124   2.5914e-05
       125  2.70441e-05
       126 -2.68147e-05
       127 -1.15306e-05
       128  1.89395e-06
       129  1.25861e-05
       130 -1.47678e-05
       131 -1.90668e-06
       132  1.48364e-05
       133  1.45987e-06
       134 -7.82098e-06
       135  3.44769e-06
       136  1.40108e-05
       137  1.36351e-05
       138  1.45401e-06
       139  1.58194e-06
       140  8.48607e-06
       141   7.8027e-06
       142 -3.75318e-07
       143  2.04481e-06
       144 -2.81409e-05
       145 -6.24486e-07
       146 -6.05727e-06
       147  1.55533e-05
       148 -2.68494e-05
       149  -2.8908e-06
       150 -5.21227e-06
       151  -5.6143e-07
       152  1.95496e-06
       153  1.12511e-06
       154  7.87476e-06
       155  6.85645e-07
       156  3.09804e-05
       157 -3.67236e-06
       158  2.58993e-06
       159 -8.15742e-06
       160  7.26769e-06
       161  1.06006e-05
       162 -1.81921e-05
       163  2.25361e-06
       164  2.07461e-06
       165 -2.80335e-06
       166  -6.8698e-07
       167 -5.94614e-08
       168  1.14563e-05
       169  3.04145e-07
       170  -1.7272e-05
       171 -1.41572e-06
       172 -3.23296e-06
       173  3.11728e-06
       174  5.23488e-06
       175 -2.47388e-06
       176  2.54859e-06
       177  1.67052e-05
       178  1.59255e-05
       179 -3.63734e-07
       180 -9.02623e-06
       181  9.96997e-06
       182  2.45722e-06
       183 -1.05094e-06
       184 -1.15075e-05
       185  7.37073e-06
       186  1.97007e-05
       187  2.97532e-06
       188 -2.05105e-05
       189 -4.96861e-06
       190  -1.6457e-05
       191 -1.12821e-06
       192  2.01603e-05
       193   2.0457e-05
       194  8.30387e-06
       195 -9.59801e-07
       196 -1.06945e-06
       197  -1.3269e-05
       198  1.16275e-06
       199  4.52709e-06
       200   9.7679e-06
       201 -2.92725e-06
       202  4.12428e-06
       203 -6.16214e-06
       204 -6.21559e-06
       205  5.99467e-06
       206  1.86655e-05
       207 -7.35227e-07
       208  8.43838e-07
       209  2.53602e-06
       210  5.79497e-06
       211    2.407e-06
       212 -8.09222e-06
       213 -6.92339e-06
       214  1.32765e-05
       215  1.02368e-05
       216  4.02341e-06
       217 -5.41303e-06
       218  2.12301e-05
       219 -4.09284e-05
       220 -1.67895e-05
       221  5.63005e-08
       222  3.94002e-05
       223  7.42072e-06
       224  1.60088e-06
       225  1.10037e-05
       226 -4.54246e-05
       227  5.41926e-06
       228  8.33262e-06
       229 -1.44207e-06
       230  5.81146e-07
       231   2.9187e-06
       232 -1.44342e-06
       233   5.8124e-07
       234 -1.07498e-05
       235  -1.7458e-05
       236 -4.11119e-06
       237 -1.07932e-06
       238  2.39208e-05
       239   5.8717e-06
       240   5.3183e-06
       241 -1.88134e-09
       242  1.16502e-05
       243  3.47699e-07
       244  9.70918e-06
       245 -8.77993e-06
       246 -3.91822e-10
       247    -4.32e-06
       248  6.38881e-06
       249  3.97699e-06
       250 -9.47149e-07
       251  9.42303e-06
       252 -2.01907e-05
       253  2.57485e-06
       254 -1.10478e-06
       255 -1.08904e-06
       256 -4.01667e-05
       257  1.32055e-05
       258  2.00633e-05
       259  2.85013e-05
       260  1.75205e-05
       261   6.1885e-06
       262 -2.17501e-06
       263  4.37136e-06
       264   2.0655e-05
       265  7.54619e-06
       266 -4.54817e-06
       267 -1.56105e-05
       268  1.37685e-05
       269 -1.08282e-06
       270 -1.24611e-06
       271 -2.50074e-06
       272  2.88809e-05
       273  5.24684e-07
       274  3.75858e-06
       275  4.90986e-06
       276 -3.91251e-05
       277 -3.11714e-05
       278  5.44917e-06
       279 -8.69731e-06
       280  1.11681e-05
       281 -2.61761e-06
       282 -4.15182e-05
       283  2.46859e-05
       284 -1.51139e-05
       285  5.42786e-06
       286 -4.29693e-06
       287  7.61784e-06
       288 -6.20566e-06
       289  7.63194e-06
       290   1.9142e-05
       291 -6.39462e-06
       292  1.34393e-07
       293 -2.50886e-06
       294  1.55953e-06
       295 -2.09502e-07
       296  3.13292e-15
       297   1.7756e-05
       298  5.13264e-08
       299   9.9575e-06
       300 -2.18187e-05
       301  8.61422e-06
       302 -8.21295e-06
       303  9.21921e-06
       304 -1.99971e-06
       305  6.24691e-06
       306  1.44091e-05
       307 -5.76229e-07
       308 -1.92794e-05
       309  -8.5068e-06
       310  9.21021e-06
       311  3.12011e-05
       312 -1.28829e-05
       313 -2.57355e-06
       314  1.11265e-05
       315  1.55584e-05
       316  4.70791e-06
       317  2.68713e-05
       318  -7.3739e-06
       319  3.41312e-06
       320  1.32136e-05
       321 -7.17636e-06
       322  2.42037e-05
       323  3.37908e-05
       324 -4.40644e-06
       325 -1.10342e-05
       326 -1.55937e-07
       327 -7.14629e-06
       328  6.43979e-05
       329  2.34153e-05
       330 -6.30437e-06
       331  4.48104e-06
       332  3.16171e-05
       333  2.17915e-05
       334  2.99738e-06
       335 -7.55355e-06
       336  3.86413e-05
       337  1.34885e-05
       338  6.88051e-06
       339 -1.17193e-05
       340 -8.17874e-06
       341  1.24262e-05
       342  3.13143e-06
       343 -1.13195e-05
       344  7.93229e-05
       345 -1.60774e-06
       346  1.36218e-05
       347  5.15729e-06
       348  5.60189e-06
       349 -5.15451e-05
       350  2.56146e-06
       351  -3.0688e-05
       352 -2.44098e-05
       353  4.05845e-05
       354  3.93571e-06
       355 -6.29967e-06
       356 -3.02221e-05
       357 -2.57098e-05
       358 -3.18069e-06
       359  7.03423e-06
       360  1.25631e-05
       361 -1.49732e-05
       362  5.35126e-06
       363 -5.10557e-06
       364 -2.85653e-05
       365  7.35295e-06
       366  6.84543e-06
       367 -3.04956e-06
       368 -1.31479e-05
       369  6.85762e-06
       370  3.35636e-06
       371 -3.00572e-05
       372 -4.14561e-05
       373  3.71001e-05
       374  9.38941e-07
       375  4.75865e-06
       376 -1.43278e-05
       377  2.72368e-05
       378   1.0861e-05
       379 -1.30305e-05
       380  4.73398e-05
       381 -1.59009e-05
       382  -3.2182e-05
       383  2.05607e-05
       384 -1.59806e-05
       385 -2.49353e-07
       386  7.88858e-06
       387 -3.71509e-06
       388  3.40481e-06
       389 -3.39385e-06
       390 -1.15361e-05
       391 -1.14958e-06
       392 -1.08486e-05
       393  2.28124e-05
       394 -1.77767e-06
       395 -1.06712e-05
       396  3.81163e-05
       397  -1.4623e-05
       398 -8.81817e-06
       399  3.11519e-05
       400  1.59783e-05
       401 -2.33875e-05
       402 -8.75134e-06
       403  -3.0453e-05
       404 -5.22375e-05
       405 -3.13308e-06
       406 -1.21215e-05
       407  1.02096e-05
       408 -5.30233e-06
       409  2.38297e-05
       410  1.58196e-05
       411 -5.30082e-06
       412  2.87584e-05
       413 -3.25738e-06
       414  1.46561e-05
       415  -2.8358e-05
       416 -8.99727e-06
       417   -1.717e-05
       418 -7.51503e-06
       419  3.42966e-05
       420 -1.88387e-06
       421 -1.44713e-05
       422 -6.20396e-06
       423  2.36366e-05
       424  6.67326e-06
       425 -3.56198e-05
       426  6.21587e-08
       427  3.66869e-05
       428  3.21412e-05
       429  2.08315e-05
       430 -2.38532e-06
       431  4.17965e-05
       432  2.44082e-05
       433 -1.46565e-05
       434  7.38119e-07
       435  1.59957e-05
       436 -2.71242e-05
       437  4.58921e-06
       438  1.48501e-08
       439 -1.12788e-05
       440 -2.12895e-06
       441  4.65659e-06
       442 -1.94382e-06
       443  2.65652e-05
       444 -1.92299e-05
       445  3.42674e-05
       446  2.37117e-05
       447  6.02418e-06
       448  3.85237e-05
       449  1.65028e-05
       450  6.86156e-10
       451 -1.76403e-05
       452 -1.03687e-05
       453 -1.31332e-05
       454   3.5048e-05
       455 -7.53965e-06
       456 -1.22116e-06
       457  2.23408e-05
       458  9.12947e-06
       459 -9.74676e-06
       460  1.94386e-06
       461 -8.29712e-09
       462  2.69958e-05
       463 -3.33871e-07
       464 -9.39298e-06
       465 -8.18809e-07
       466 -4.80475e-10
       467 -2.91184e-05
       468 -2.23912e-05
       469 -2.86972e-05
       470 -5.49584e-06
       471  7.91073e-06
       472  3.31328e-05
       473  -2.4523e-05
       474  3.49434e-09
       475 -4.63551e-05
       476 -1.29393e-05
       477  2.61718e-06
       478   -6.914e-06
       479  5.61751e-06
       480   1.2441e-05
       481  1.57838e-05
       482  -1.3226e-05
       483 -7.62572e-06
       484   4.6117e-05
       485  2.09966e-06
       486 -3.21876e-05
       487 -5.57034e-06
       488  2.48318e-05
       489  5.17702e-06
       490 -7.14285e-07
       491  -2.5524e-05
       492  9.44904e-06
       493 -4.09074e-06
       494 -1.48323e-06
       495  3.00791e-16
       496  1.01806e-05
       497 -9.85105e-06
       498  6.27725e-07
       499  1.84679e-05
       500 -6.92151e-07
       501 -1.04673e-06
       502   -1.547e-06
       503  7.58975e-07
       504 -6.48431e-06
       505  2.46192e-06
       506  5.39293e-06
       507 -7.13052e-07
       508 -7.87192e-06
       509  4.87191e-06
       510  5.13655e-06
       511  1.13102e-06
       512  9.79082e-06
       513 -1.89186e-06
       514 -5.85291e-06
       515  1.49762e-06
       516  2.92867e-05
       517  1.35944e-05
       518  3.70477e-06
       519  8.38594e-06
       520  7.06625e-07
       521 -2.12227e-06
       522 -2.97761e-06
       523  -7.3361e-06
       524 -4.85344e-06
       525  5.39975e-06
       526 -1.42689e-06
       527  1.98537e-06
       528 -3.29228e-06
       529  -2.2873e-06
       530  1.52773e-06
       531  2.49951e-05
       532 -2.24698e-06
       533 -3.55093e-06
       534  1.23755e-05
       535 -1.87919e-06
       536  -9.0538e-07
       537 -1.01758e-05
       538 -5.42994e-06
       539  2.46655e-05
       540  3.69175e-06
       541  2.61664e-06
       542 -3.38848e-06
       543 -4.17254e-07
       544   9.3021e-06
       545  6.03422e-07
       546   1.0942e-05
       547  1.32924e-05
       548 -2.65071e-05
       549 -1.22578e-05
       550  -8.0406e-06
       551  2.05192e-05
       552  2.21564e-05
       553 -3.28589e-06
       554  3.45668e-06
       555  3.31641e-06
       556  1.21922e-05
       557 -2.52662e-06
       558 -3.54224e-05
       559  6.22074e-07
       560   -4.016e-06
       561   1.1043e-05
       562 -9.57278e-09
       563 -3.48161e-06
       564 -2.46713e-05
       565  8.98133e-06
       566 -7.96525e-06
       567  -1.5554e-05
       568    2.778e-05
       569  1.85972e-05
       570  2.43796e-06
       571  3.94275e-06
       572  -1.7614e-05
       573 -1.09767e-05
       574 -6.91944e-06
       575 -2.84787e-06
       576  9.66492e-06
       577  4.43703e-06
       578  2.30936e-06
       579  1.96741e-06
       580 -1.16528e-05
       581 -2.06296e-05
       582 -2.54129e-06
       583 -5.09107e-06
       584  1.35132e-05
       585  1.63454e-05
       586  -1.7354e-05
       587 -2.11903e-05
       588  6.54741e-06
       589  7.77171e-07
       590  3.73444e-05
       591  9.59978e-07
       592  9.93245e-06
       593 -6.97692e-06
       594 -2.73784e-06
       595  2.19532e-06
       596 -2.73886e-06
       597 -3.98194e-06
       598 -1.82664e-05
       599 -5.06254e-06
       600  2.32067e-05
       601 -9.19511e-06
       602 -5.32969e-06
       603  1.68273e-07
       604 -2.38953e-05
       605 -1.02535e-06
       606  8.67866e-06
       607 -6.99808e-06
       608  -9.2493e-08
       609 -2.49658e-06
       610  6.58704e-06
       611  1.72376e-06
       612  2.91392e-06
       613  2.82886e-06
       614 -4.37894e-06
       615  1.20026e-05
       616 -5.62603e-06
       617   -1.569e-06
       618  -3.8293e-06
       619 -2.24544e-06
       620  8.94054e-06
       621 -9.77491e-06
       622 -9.80181e-08
       623 -1.04498e-06
       624 -9.59514e-06
       625  -1.4185e-05
       626  1.48557e-06
       627 -2.13635e-06
       628 -2.68593e-07
       629 -2.00758e-05
       630  1.26864e-06
       631   2.1777e-06
       632 -1.43828e-06
       633 -2.14592e-05
       634 -3.62619e-06
       635  -2.2054e-06
       636   1.7945e-06
       637  3.60798e-07
       638  3.10385e-06
       639  2.90172e-05
       640 -5.40183e-06
       641  7.77256e-06
       642  1.83477e-05
       643   5.7507e-06
       644  1.72638e-06
       645  -4.5424e-06
       646 -1.80256e-06
       647 -2.08482e-06
       648 -4.54761e-06
       649  6.61706e-07
       650 -5.18434e-06
       651  1.19732e-05
       652   3.7352e-07
       653  6.86766e-06
       654 -4.65387e-06
       655  1.19412e-05
       656 -7.79368e-06
       657  -1.1698e-05
       658  1.17578e-06
       659 -2.33887e-05
       660 -1.12223e-05
       661  2.77619e-06
       662  1.47884e-06
       663   1.8634e-06
       664 -1.48381e-06
       665  3.94763e-06
       666 -4.94332e-06
       667 -5.59057e-06
       668 -7.97786e-06
       669 -4.36455e-06
       670   1.2658e-05
       671 -4.50098e-07
       672 -3.30737e-06
       673  1.25276e-06
       674 -7.11329e-06
       675 -4.62959e-06
       676 -6.74611e-06
       677    9.031e-07
       678 -1.26812e-05
       679  -2.3846e-06
       680 -5.31181e-06
       681  1.43594e-06
       682  9.69045e-06
       683 -1.43891e-06
       684  1.23486e-06
       685 -1.00981e-06
       686 -6.12417e-06
       687 -4.88565e-06
       688  8.69882e-06
       689 -2.19431e-06
       690  6.98012e-06
       691   3.5598e-06
       692 -3.62473e-06
       693  4.98809e-06
       694  2.66981e-16
       695  1.96379e-06
       696   2.2605e-06
       697 -5.33915e-06
       698  1.55805e-05
       699  2.12157e-06
       700 -9.36874e-07
       701  1.24776e-06
       702 -5.73958e-08
       703 -4.56458e-08
       704 -1.45889e-08
       705  1.10845e-05
       706  1.63144e-06
       707  -3.9218e-06
       708   1.0234e-06
       709  3.67773e-06
       710  1.80993e-06
       711  2.32148e-07
       712  2.55197e-07
       713 -7.07625e-08
       714  1.67376e-06
       715  4.19547e-06
       716  9.08353e-07
       717  5.89445e-08
       718   1.2008e-05
       719  2.55212e-06
       720 -7.84274e-06
       721 -6.17806e-07
       722 -1.21175e-06
       723 -4.00923e-06
       724  1.48434e-06
       725  2.31956e-05
       726  3.18126e-06
       727 -2.58325e-07
       728 -9.37334e-06
       729 -4.21315e-08
       730  2.85194e-06
       731   -2.879e-07
       732 -3.31099e-06
       733  9.08884e-08
       734 -2.35421e-06
       735 -4.35558e-07
       736 -4.57275e-06
       737 -1.45876e-05
       738  3.73375e-06
       739 -4.56012e-07
       740 -1.42041e-06
       741 -1.47404e-06
       742 -2.99456e-06
       743  1.60528e-06
       744 -3.39502e-07
       745  9.37383e-06
       746  1.59376e-05
       747  -2.3947e-07
       748  1.68368e-06
       749 -1.36072e-06
       750  1.25829e-06
       751 -5.46921e-07
       752   6.4818e-08
       753 -2.67337e-06
       754 -1.39493e-06
       755  7.61027e-07
       756 -5.39367e-06
       757 -4.54037e-06
       758  9.41583e-07
       759  -1.5304e-06
       760 -5.42405e-07
       761 -6.75006e-06
       762  7.55304e-07
       763 -2.38567e-07
       764  1.61787e-05
       765 -7.10809e-06
       766  3.92921e-07
       767  2.16298e-06
       768  5.94363e-07
       769   1.3606e-06
       770 -2.32823e-06
       771 -3.28733e-06
       772  6.60322e-06
       773 -3.63387e-06
       774 -5.36268e-06
       775  3.64648e-06
       776  1.12684e-06
       777 -2.89099e-06
       778  2.43152e-06
       779 -1.19889e-06
       780 -1.02763e-06
       781  8.23935e-07
       782  -1.4787e-06
       783  2.67494e-06
       784   3.3853e-06
       785   8.6134e-07
       786 -2.62371e-06
       787 -5.74917e-07
       788  3.77283e-06
       789 -1.13632e-05
       790  5.78941e-08
       791  3.66073e-07
       792 -3.61312e-07
       793  3.59004e-07
       794 -3.63821e-07
       795  1.07105e-06
       796 -1.56948e-06
       797  -3.7566e-06
       798  -1.6566e-06
       799  3.13753e-06
       800 -6.70637e-06
       801 -1.92943e-06
       802  2.84265e-06
       803 -7.02779e-06
       804  1.27031e-06
       805  9.57652e-07
       806 -1.14141e-07
       807  1.93603e-06
       808   3.4428e-06
       809  3.41128e-06
       810  6.82185e-06
       811 -1.78051e-06
       812  3.15412e-06
       813 -7.15071e-07
       814  4.21463e-06
       815 -2.90591e-06
       816 -1.32041e-05
       817 -1.62814e-06
       818 -1.15772e-05
       819  3.43878e-06
       820  -1.7065e-06
       821  1.00158e-05
       822  3.57605e-06
       823 -9.54066e-07
       824 -4.65926e-06
       825 -1.92545e-07
       826  1.41438e-07
       827  1.03785e-06
       828 -4.27794e-06
       829 -4.40183e-06
       830 -7.64752e-06
       831 -6.20403e-07
       832 -2.74496e-06
       833  -2.8578e-06
       834 -1.34515e-08
       835 -6.35866e-07
       836 -7.98003e-07
       837  1.49693e-07
       838  6.85997e-06
       839 -1.97392e-05
       840 -2.26841e-06
       841  1.17029e-05
       842  1.40679e-06
       843  1.67327e-06
       844  7.05392e-06
       845 -5.11122e-06
       846  8.50406e-07
       847 -1.67366e-07
       848  9.38244e-07
       849 -1.25209e-05
       850 -7.70066e-09
       851  5.20928e-06
       852 -2.55089e-05
       853 -2.40539e-06
       854  1.98267e-06
       855 -2.01857e-06
       856  2.01056e-06
       857  1.18555e-05
       858 -1.26067e-05
       859  1.66175e-06
       860  7.87629e-07
       861  1.08037e-05
       862  2.21986e-05
       863  2.97751e-07
       864  1.35449e-06
       865 -3.30088e-06
       866 -1.91468e-05
       867 -6.07924e-06
       868 -7.75525e-06
       869  4.23472e-06
       870  -6.4523e-06
       871 -2.21297e-06
       872   9.9807e-08
       873  1.14957e-06
       874 -1.19321e-06
       875  3.73697e-07
       876  1.21368e-05
       877  1.12723e-05
       878 -3.37077e-07
       879  2.63773e-07
       880  6.65235e-06
       881 -3.28697e-06
       882 -1.78092e-07
       883  1.16455e-06
       884  1.83464e-06
       885 -4.27464e-06
       886  5.43735e-06
       887 -1.32836e-05
       888  -2.1679e-06
       889 -2.06827e-06
       890 -1.61921e-06
       891 -7.69036e-07
       892 -1.43525e-06
       893  1.36397e-15
       894  1.02315e-06
       895  7.04012e-07
       896 -4.00807e-06
       897  8.60619e-07
       898   1.4488e-05
       899 -1.17367e-05
       900 -4.44701e-09
       901  8.83743e-06
       902  2.13339e-07
       903 -6.72549e-06
       904 -4.86136e-06
       905  1.65558e-05
       906 -1.09501e-05
       907  8.35837e-07
       908 -8.09317e-06
       909 -1.63929e-06
       910  2.22117e-05
       911 -2.90314e-06
       912  2.97935e-06
       913 -1.35776e-05
       914 -1.31096e-05
       915  1.34796e-06
       916  -2.4822e-06
       917 -8.26137e-06
       918  3.15711e-06
       919 -5.21975e-06
       920 -8.75849e-06
       921 -8.22445e-06
       922  1.24873e-05
       923  6.37728e-06
       924 -1.39948e-08
       925  2.59397e-05
       926  9.59974e-08
       927 -3.90271e-06
       928  5.48087e-06
       929 -9.00347e-06
       930  7.25346e-06
       931  9.22472e-06
       932 -2.15982e-05
       933  2.49703e-05
       934 -8.48545e-06
       935  4.79948e-05
       936 -5.49266e-06
       937 -2.87002e-05
       938  1.71042e-07
       939  5.52983e-05
       940 -3.02049e-06
       941  8.98191e-06
       942  1.25413e-05
       943 -5.28563e-06
       944  5.34006e-06
       945 -1.25173e-05
       946  2.18342e-09
       947 -4.15452e-08
       948 -1.46749e-05
       949 -2.38502e-08
       950  -5.0194e-08
       951  9.18685e-09
       952  4.35677e-06
       953  7.20275e-07
       954 -1.59306e-05
       955 -1.28877e-09
       956 -5.51839e-07
       957  1.14013e-05
       958  3.77735e-06
       959 -1.47058e-06
       960  9.03827e-07
       961  -2.3832e-06
       962  6.48135e-06
       963  2.11787e-06
       964  5.59463e-07
       965 -8.82381e-07
       966  3.37573e-06
       967 -3.20449e-08
       968  3.80134e-05
       969  1.40565e-05
       970 -5.12209e-06
       971  1.48357e-08
       972 -8.89433e-07
       973 -3.00893e-06
       974  2.55774e-05
       975  -8.9136e-06
       976  1.49716e-05
       977 -3.04386e-05
       978 -5.10884e-06
       979 -2.33426e-05
       980 -1.97651e-05
       981 -1.18041e-05
       982 -1.01761e-05
       983 -3.99598e-05
       984  -1.0656e-05
       985  3.35383e-06
       986 -1.90292e-05
       987   5.4612e-06
       988 -1.26192e-05
       989  -3.0803e-06
       990  4.86961e-06
       991 -2.29143e-05
       992  -1.1092e-05
       993  3.86247e-05
       994 -5.59161e-06
       995  2.10171e-05
       996  5.15252e-06
       997 -3.32845e-05
       998  2.89131e-05
       999  2.17141e-05
      1000 -4.43604e-05
      1001   1.5421e-05
      1002 -8.14213e-06
      1003  -2.3736e-05
      1004 -1.19671e-06
      1005  1.62659e-05
      1006  2.28187e-05
      1007  2.64679e-05
      1008 -9.03752e-06
      1009 -4.56387e-06
      1010 -8.76094e-08
      1011 -1.15941e-06
      1012 -2.30417e-05
      1013  7.19776e-06
      1014 -1.39301e-05
      1015 -1.34453e-05
      1016 -1.06494e-05
      1017  3.28218e-05
      1018 -1.78318e-05
      1019  2.96778e-05
      1020 -3.79978e-05
      1021  1.13652e-05
      1022 -7.95638e-06
      1023 -8.83338e-06
      1024  1.01009e-05
      1025 -1.83773e-05
      1026 -9.09676e-06
      1027  -5.7395e-05
      1028  1.38678e-06
      1029  -1.5473e-05
      1030 -3.48148e-06
      1031 -3.07269e-05
      1032   6.3854e-06
      1033   -2.928e-06
      1034  -1.6529e-05
      1035 -5.33273e-06
      1036  4.60018e-05
      1037  4.65913e-05
      1038  6.12978e-05
      1039 -2.50654e-05
      1040 -1.32287e-06
      1041 -4.35746e-06
      1042 -2.38439e-05
      1043 -1.76896e-05
      1044 -5.80322e-06
      1045   4.1526e-05
      1046  4.81583e-06
      1047 -9.82327e-06
      1048  4.27383e-05
      1049   2.1232e-05
      1050  3.79849e-05
      1051  5.26593e-06
      1052 -2.13035e-05
      1053 -2.46836e-05
      1054 -2.71283e-06
      1055 -2.88748e-05
      1056 -1.88681e-05
      1057 -1.54499e-05
      1058  3.72383e-05
      1059  -3.4238e-05
      1060 -1.14962e-05
      1061  2.07647e-05
      1062 -1.80126e-05
      1063  4.00821e-05
      1064  4.68406e-06
      1065 -4.59185e-05
      1066 -4.77735e-07
      1067  7.14065e-06
      1068 -3.07769e-05
      1069   -3.342e-05
      1070  3.58534e-05
      1071 -3.86366e-05
      1072  -1.1287e-05
      1073 -1.92262e-05
      1074  5.74401e-06
      1075  -2.1466e-05
      1076 -9.79567e-07
      1077  4.37289e-05
      1078 -3.31451e-05
      1079 -3.75132e-05
      1080 -5.02062e-06
      1081  2.05167e-06
      1082  1.59374e-05
      1083 -2.65036e-05
      1084  -2.6541e-05
      1085  1.00248e-05
      1086  1.93379e-05
      1087 -1.19089e-05
      1088  5.04855e-06
      1089  5.56119e-07
      1090 -9.56925e-06
      1091 -1.36123e-05
      1092  2.72491e-15
      1093  2.00927e-05
      1094 -1.26123e-05
      1095 -1.12184e-06
      1096 -3.78137e-05
      1097 -5.95104e-07
      1098  3.78584e-05
      1099 -2.32786e-05
      1100  6.90353e-06
      1101 -1.88107e-05
      1102 -1.93089e-06
      1103 -8.13194e-06
      1104  1.82711e-05
      1105  5.45095e-06
      1106  2.64714e-05
      1107  1.47327e-05
      1108 -7.11346e-06
      1109  1.41662e-05
      1110 -5.21009e-06
      1111 -8.82883e-06
      1112  1.05985e-05
      1113 -6.25849e-06
      1114 -4.54254e-05
      1115 -4.15245e-05
      1116  1.70005e-05
      1117 -5.23118e-06
      1118  -1.1217e-05
      1119  2.03897e-05
      1120 -8.64629e-06
      1121  5.23063e-06
      1122  2.23565e-06
      1123  7.96026e-06
      1124  1.61475e-05
      1125  -1.3854e-05
      1126 -8.62403e-06
      1127   1.9313e-05
      1128  1.89043e-06
      1129  1.62981e-06
      1130  3.26312e-06
      1131  2.47753e-06
      1132  -1.4506e-06
      1133 -1.74554e-06
      1134  1.39003e-05
      1135  1.70286e-06
      1136  6.31847e-06
      1137  1.37745e-06
      1138 -3.72619e-06
      1139 -4.95107e-06
      1140  6.20219e-07
      1141  6.44506e-06
      1142  3.91774e-05
      1143  1.25355e-05
      1144 -2.03455e-05
      1145  1.67035e-06
      1146 -1.63141e-07
      1147   2.0938e-06
      1148  1.58835e-05
      1149 -8.12786e-06
      1150 -2.10924e-05
      1151  2.57349e-05
      1152  3.05199e-05
      1153  2.11443e-06
      1154  -2.0234e-05
      1155  1.24332e-05
      1156  2.10252e-05
      1157 -2.02606e-05
      1158  2.58845e-05
      1159  9.79065e-06
      1160  8.01837e-06
      1161  1.39254e-05
      1162  4.79018e-06
      1163  1.78673e-05
      1164  3.26396e-06
      1165  0.000138491
      1166 -1.51099e-05
      1167  3.18818e-06
      1168    1.564e-05
      1169   3.3352e-05
      1170  1.20633e-05
      1171 -5.07761e-06
      1172 -2.75468e-05
      1173  6.00876e-05
      1174 -4.50391e-06
      1175  5.45536e-06
      1176  -4.9837e-05
      1177 -1.64961e-05
      1178 -7.25058e-06
      1179  1.13713e-05
      1180  4.36661e-06
      1181 -5.73273e-06
      1182  -1.5628e-05
      1183 -2.54331e-05
      1184 -5.55827e-06
      1185  1.10449e-05
      1186  3.61745e-05
      1187 -2.24056e-05
      1188 -1.23506e-05
      1189  5.51461e-06
      1190   9.1293e-06
      1191  1.53475e-05
      1192 -1.47917e-05
      1193  2.19901e-06
      1194  5.05512e-06
      1195 -1.84389e-07
      1196 -4.11982e-05
      1197 -2.74192e-06
      1198 -1.03038e-05
      1199  1.64788e-05
      1200  8.69065e-06
      1201 -1.15343e-05
      1202  2.38809e-05
      1203  5.28594e-07
      1204 -1.56981e-05
      1205  1.60384e-05
      1206  5.48204e-06
      1207  -2.3738e-05
      1208 -2.53279e-06
      1209 -1.09492e-05
      1210 -9.62721e-06
      1211 -8.15518e-06
      1212  5.49099e-05
      1213  1.28194e-05
      1214  1.93565e-05
      1215  2.40664e-06
      1216 -3.20592e-06
      1217 -3.11334e-06
      1218  -2.0357e-05
      1219  2.11021e-06
      1220  2.40636e-06
      1221 -3.25072e-05
      1222  7.16445e-06
      1223    -5.09e-06
      1224 -7.19545e-06
      1225  1.80333e-06
      1226  5.26184e-06
      1227 -1.52488e-05
      1228 -2.34896e-05
      1229  1.06211e-05
      1230  6.50525e-06
      1231  4.35705e-06
      1232  2.51659e-05
      1233  1.46409e-05
      1234 -1.17726e-05
      1235 -3.14942e-05
      1236 -5.82816e-06
      1237  1.83946e-05
      1238  1.40413e-05
      1239 -9.87408e-06
      1240  1.88669e-06
      1241 -3.54649e-06
      1242  -6.4447e-06
      1243  2.58824e-05
      1244  2.67828e-05
      1245  2.71989e-05
      1246 -2.17014e-05
      1247  1.28685e-05
      1248  1.28945e-05
      1249 -5.98946e-05
      1250 -1.43526e-05
      1251  4.39531e-05
      1252  1.96563e-05
      1253 -1.39138e-05
      1254 -1.05646e-05
      1255    4.514e-05
      1256  3.39644e-05
      1257  -2.4748e-05
      1258  1.33504e-05
      1259  2.37453e-05
      1260   2.8882e-05
      1261 -3.95121e-05
      1262 -2.59369e-06
      1263 -1.01432e-05
      1264  7.28719e-06
      1265 -3.57824e-06
      1266 -2.06109e-05
      1267 -7.13093e-06
      1268  1.13072e-05
      1269 -6.77536e-06
      1270 -6.17394e-06
      1271  2.28425e-05
      1272 -1.32118e-05
      1273 -2.05438e-05
      1274  2.90128e-05
      1275 -2.25355e-05
      1276 -3.63902e-05
      1277  3.76372e-05
      1278  2.73696e-05
      1279  2.41132e-05
      1280  1.60971e-05
      1281 -9.87275e-06
      1282   8.4257e-06
      1283   5.2037e-06
      1284  2.03495e-05
      1285 -1.80412e-05
      1286  -1.2194e-05
      1287 -4.50062e-05
      1288  6.85954e-06
      1289 -2.79278e-05
      1290  -3.1983e-06
      1291  1.59403e-15
      1292 -7.21471e-07
      1293  1.33016e-05
      1294  2.84074e-06
      1295  -1.5222e-05
      1296  5.09388e-06
      1297  -1.5454e-06
      1298 -4.14138e-06
      1299 -2.23383e-06
      1300 -5.13063e-06
      1301  1.91131e-06
      1302  2.67598e-06
      1303 -3.53848e-06
      1304  2.10157e-07
      1305  7.78376e-06
      1306  3.83531e-06
      1307 -3.11822e-06
      1308 -2.83727e-06
      1309  2.31555e-06
      1310 -2.14237e-06
      1311 -1.32222e-05
      1312 -7.49836e-06
      1313 -9.24537e-07
      1314 -6.11021e-06
      1315  1.13034e-06
      1316 -3.01574e-06
      1317 -1.09345e-05
      1318 -1.29974e-06
      1319    1.034e-06
      1320  6.35733e-06
      1321  1.75631e-05
      1322 -2.48648e-06
      1323   3.2207e-06
      1324 -3.48049e-06
      1325 -1.90156e-06
      1326  3.28029e-06
      1327  4.11777e-06
      1328  7.59912e-06
      1329  6.20628e-06
      1330 -7.57639e-06
      1331   1.4937e-06
      1332 -3.78205e-06
      1333  9.54489e-06
      1334 -4.81884e-06
      1335  1.39679e-05
      1336 -1.11416e-05
      1337  -1.1945e-05
      1338  -1.0311e-05
      1339  4.91427e-06
      1340  5.14184e-06
      1341  2.64716e-06
      1342 -1.69729e-06
      1343  3.31775e-06
      1344 -3.23421e-05
      1345  1.03677e-05
      1346 -5.27891e-07
      1347 -5.44094e-06
      1348  5.36274e-07
      1349  2.47638e-06
      1350 -5.58288e-06
      1351 -4.02821e-06
      1352 -1.24021e-05
      1353 -5.89336e-06
      1354 -1.69508e-05
      1355 -8.37191e-07
      1356 -1.27541e-06
      1357  2.19322e-06
      1358 -3.56913e-06
      1359  3.11787e-06
      1360  1.37823e-05
      1361  -6.8538e-08
      1362  3.21729e-06
      1363   2.1375e-06
      1364  1.31587e-05
      1365  -9.0291e-06
      1366  4.03057e-07
      1367  2.02151e-07
      1368 -9.18316e-06
      1369  4.59902e-06
      1370 -5.87314e-05
      1371 -1.49207e-05
      1372  4.41058e-06
      1373 -2.39213e-06
      1374  6.16883e-06
      1375 -6.81684e-06
      1376 -2.50098e-05
      1377 -2.21156e-05
      1378  1.18902e-05
      1379  -2.6592e-06
      1380  1.77557e-05
      1381  3.72125e-05
      1382  2.47477e-05
      1383  1.29318e-05
      1384 -4.77992e-06
      1385  1.53191e-05
      1386 -2.05634e-05
      1387 -3.29728e-05
      1388 -4.18341e-05
      1389 -8.92291e-06
      1390 -8.78451e-06
      1391  2.70881e-05
      1392  6.94614e-07
      1393 -1.34282e-05
      1394  1.17477e-05
      1395   1.4517e-05
      1396 -3.10187e-05
      1397 -1.76095e-05
      1398  -1.9896e-05
      1399  8.18875e-06
      1400  6.34585e-06
      1401  7.45724e-06
      1402 -2.33432e-05
      1403  1.27647e-05
      1404 -8.23544e-06
      1405 -2.29904e-05
      1406 -3.54251e-05
      1407  9.02632e-06
      1408  1.25399e-05
      1409 -2.66884e-06
      1410    -1.48e-05
      1411  3.72936e-05
      1412  2.37822e-05
      1413 -2.12557e-05
      1414 -1.76811e-05
      1415  -8.2301e-06
      1416  4.92752e-06
      1417  4.86359e-06
      1418  -7.5183e-08
      1419  -3.3049e-05
      1420  1.01135e-05
      1421 -2.20439e-05
      1422 -1.52482e-05
      1423  8.00674e-06
      1424  2.83084e-05
      1425  1.60522e-05
      1426 -1.69095e-06
      1427 -1.38593e-05
      1428 -8.50564e-06
      1429 -3.14345e-06
      1430  2.01496e-05
      1431  2.29492e-05
      1432  1.57956e-05
      1433 -3.65585e-05
      1434 -7.59744e-06
      1435 -3.38371e-06
      1436  1.07113e-05
      1437  5.71599e-06
      1438  4.10713e-05
      1439  5.81231e-06
      1440  -3.4174e-05
      1441  1.14217e-06
      1442  4.86708e-06
      1443 -2.15153e-05
      1444 -4.52288e-06
      1445  5.13385e-05
      1446 -1.71163e-05
      1447 -1.09192e-05
      1448  -7.2438e-06
      1449 -1.92643e-05
      1450  4.42544e-05
      1451  8.35771e-06
      1452  8.77566e-06
      1453 -1.11173e-05
      1454  5.35395e-06
      1455  1.16799e-05
      1456   8.2494e-06
      1457  3.51138e-05
      1458 -1.36522e-05
      1459 -5.67697e-07
      1460  1.44918e-05
      1461  1.42181e-06
      1462  2.66575e-05
      1463 -1.41239e-05
      1464 -1.25049e-05
      1465  -3.0286e-05
      1466  1.21269e-06
      1467   6.8976e-06
      1468  1.81042e-05
      1469  4.22785e-06
      1470  1.38247e-05
      1471  3.57815e-06
      1472 -1.35373e-05
      1473 -3.66348e-06
      1474 -4.57838e-06
      1475  1.13596e-07
      1476  1.69558e-05
      1477   2.0301e-05
      1478 -1.74737e-05
      1479  1.34489e-05
      1480  3.45083e-06
      1481 -1.12454e-06
      1482 -2.33205e-05
      1483  2.98132e-06
      1484 -1.14138e-05
      1485 -5.75799e-05
      1486 -2.87658e-06
      1487  3.70616e-07
      1488 -4.47622e-06
      1489 -3.75621e-05
      1490  2.88787e-15
      1491 -2.18671e-06
      1492  1.79265e-06
      1493 -8.39781e-07
      1494 -2.69411e-05
      1495 -1.72544e-06
      1496  2.72033e-06
      1497  3.54223e-06
      1498 -3.00907e-06
      1499 -8.43843e-06
      1500 -1.27182e-05
      1501 -1.42643e-05
      1502  3.91585e-05
      1503 -1.19933e-05
      1504  1.43695e-05
      1505  2.79426e-05
      1506 -4.32904e-06
      1507 -2.11397e-06
      1508  5.11092e-06
      1509 -1.12085e-06
      1510  2.08122e-06
      1511  6.61426e-06
      1512  5.74098e-06
      1513 -1.02322e-06
      1514   1.2388e-05
      1515 -9.87166e-06
      1516 -2.06154e-05
      1517  8.75034e-06
      1518  2.35009e-06
      1519  7.69996e-06
      1520  1.14192e-06
      1521   1.2293e-05
      1522  7.97493e-06
      1523  2.56305e-05
      1524 -5.04319e-05
      1525 -5.63277e-06
      1526  9.87818e-06
      1527  9.24147e-07
      1528  -2.2194e-06
      1529 -1.54674e-06
      1530  5.74378e-06
      1531  7.96108e-06
      1532  2.41518e-06
      1533   6.2948e-06
      1534  1.51905e-05
      1535 -1.38183e-05
      1536 -2.48236e-05
      1537  1.04703e-06
      1538  1.03308e-05
      1539  8.69177e-06
      1540  1.64865e-06
      1541  8.86974e-06
      1542  3.08918e-06
      1543 -4.70673e-06
      1544 -5.73464e-06
      1545 -7.51503e-06
      1546  1.56784e-06
      1547  8.60324e-06
      1548 -3.61011e-06
      1549   1.2645e-05
      1550 -2.35646e-05
      1551 -3.08823e-06
      1552 -6.94782e-06
      1553 -4.79997e-05
      1554  3.11702e-06
      1555 -1.57933e-06
      1556 -3.37889e-06
      1557 -6.67213e-06
      1558 -5.96677e-06
      1559 -1.25032e-05
      1560   -7.895e-06
      1561  1.20098e-05
      1562  2.12432e-05
      1563 -2.07974e-06
      1564  3.62971e-05
      1565   2.2557e-05
      1566 -3.14402e-08
      1567    3.677e-06
      1568  4.34137e-06
      1569  7.32681e-10
      1570 -3.08365e-06
      1571 -5.35094e-06
      1572 -2.14353e-05
      1573  1.71965e-08
      1574  8.86939e-06
      1575  1.12691e-05
      1576  7.45279e-06
      1577 -8.07742e-06
      1578 -9.71245e-06
      1579  7.69976e-06
      1580 -2.06273e-06
      1581  3.04913e-05
      1582 -1.36518e-05
      1583 -1.42867e-05
      1584 -3.22063e-05
      1585  -5.7749e-05
      1586 -1.74288e-06
      1587  -1.0504e-05
      1588  4.14687e-05
      1589  3.22962e-06
      1590  1.26861e-05
      1591 -8.38477e-06
      1592 -2.14987e-05
      1593 -4.40212e-06
      1594  3.84531e-05
      1595 -3.05782e-05
      1596 -2.65249e-06
      1597  4.71215e-06
      1598  2.43749e-05
      1599 -1.38269e-05
      1600   -3.025e-05
      1601 -7.24289e-06
      1602 -1.91074e-05
      1603  4.19976e-06
      1604 -2.03041e-06
      1605 -2.37922e-05
      1606 -2.39518e-05
      1607  -1.0921e-05
      1608  2.09346e-05
      1609 -2.41985e-06
      1610 -3.01356e-06
      1611  1.78194e-05
      1612 -4.09568e-05
      1613  7.96719e-06
      1614 -1.45774e-05
      1615 -1.14916e-05
      1616  -3.8255e-06
      1617  2.62125e-05
      1618 -6.98197e-06
      1619  7.43826e-06
      1620 -3.00239e-05
      1621  -2.0577e-05
      1622 -3.44984e-05
      1623 -1.64802e-05
      1624 -2.26279e-05
      1625  2.45995e-05
      1626 -1.02654e-05
      1627  7.62678e-06
      1628   2.0517e-05
      1629  1.58167e-05
      1630  1.38141e-05
      1631  -2.1129e-05
      1632 -7.87116e-06
      1633 -4.24234e-06
      1634  1.04898e-05
      1635    6.706e-06
      1636 -3.68652e-05
      1637 -3.18905e-06
      1638  4.11402e-05
      1639 -8.75369e-06
      1640  1.52605e-05
      1641 -3.80536e-06
      1642 -3.37336e-06
      1643  1.57007e-05
      1644  2.24125e-05
      1645 -1.75755e-05
      1646   1.3425e-05
      1647  1.31674e-05
      1648 -1.48275e-05
      1649 -1.36661e-05
      1650  1.40433e-05
      1651 -5.44523e-05
      1652 -3.78727e-06
      1653 -3.93236e-06
      1654 -2.82855e-05
      1655  -1.0527e-05
      1656 -3.51623e-05
      1657  1.07434e-05
      1658 -2.63899e-05
      1659 -1.90979e-05
      1660  3.47375e-05
      1661   7.2398e-06
      1662 -1.31702e-05
      1663  2.37424e-05
      1664 -2.63003e-05
      1665 -2.85656e-06
      1666  1.22072e-06
      1667  -1.1026e-05
      1668 -2.00574e-05
      1669  1.27321e-05
      1670  2.70619e-06
      1671  2.87664e-05
      1672 -3.75525e-05
      1673 -3.26572e-06
      1674 -8.27956e-06
      1675 -1.01431e-05
      1676 -1.79298e-05
      1677 -7.76465e-05
      1678 -6.35258e-05
      1679  9.24362e-06
      1680  4.25987e-05
      1681 -1.00981e-06
      1682  1.07184e-05
      1683 -2.69319e-05
      1684 -1.37465e-05
      1685 -2.88411e-08
      1686 -2.46192e-05
      1687 -1.39995e-05
      1688 -3.91617e-06
      1689  2.32233e-05
      1690  5.21376e-06
      1691  7.64662e-06
      1692 -1.02832e-05
      1693 -4.16911e-06
      1694  2.38472e-06
      1695 -3.58421e-06
      1696  6.73699e-06
      1697  6.70909e-06
      1698 -1.59224e-05
      1699  1.86752e-06
      1700 -3.21475e-05
      1701 -1.03536e-05
      1702 -3.27306e-05
      1703  3.65518e-05
      1704  2.32552e-05
      1705  2.80922e-05
      1706 -1.96925e-05
      1707 -4.61714e-06
      1708  3.45581e-05
      1709  6.94831e-06
      1710  7.13154e-06
      1711  2.93519e-05
      1712  1.76235e-05
      1713  5.56022e-05
      1714  1.26314e-05
      1715   -4.843e-06
      1716 -1.18105e-05
      1717   2.9189e-06
      1718  8.61833e-05
      1719  5.65553e-05
      1720 -4.16715e-05
      1721 -7.08258e-07
      1722 -3.19085e-05
      1723 -4.66106e-06
      1724 -1.80859e-05
      1725    1.837e-05
      1726 -4.07789e-05
      1727 -6.07773e-06
      1728 -6.28796e-06
      1729  2.60328e-06
      1730  2.55114e-05
      1731  9.90846e-06
      1732 -8.58668e-06
      1733   -1.049e-05
      1734  6.64425e-06
      1735  1.07834e-05
      1736  7.40309e-06
      1737 -9.72384e-07
      1738  5.79151e-06
      1739 -7.89423e-06
      1740  1.23654e-06
      1741  1.66646e-05
      1742  5.42238e-05
      1743  2.16116e-05
      1744  1.80489e-05
      1745  2.79677e-05
      1746 -8.95036e-06
      1747 -2.22616e-05
      1748  1.89686e-05
      1749 -3.43473e-05
      1750 -3.85908e-05
      1751  1.02934e-06
      1752  3.83985e-05
      1753   1.7732e-05
      1754  5.05374e-05
      1755  7.25392e-06
      1756 -1.45265e-06
      1757  2.45419e-05
      1758  2.34723e-05
      1759 -2.05765e-05
      1760 -5.44323e-05
      1761  3.21084e-05
      1762  2.98532e-05
      1763 -2.90989e-05
      1764   1.1332e-05
      1765 -7.86426e-06
      1766 -7.48082e-06
      1767  1.27807e-05
      1768  2.69321e-06
      1769   2.5756e-05
      1770  5.06314e-05
      1771  6.50031e-06
      1772  1.38475e-05
      1773  2.95844e-05
      1774 -7.07633e-06
      1775  2.18854e-06
      1776 -3.37591e-06
      1777   -6.558e-06
      1778 -2.69441e-05
      1779  6.76339e-06
      1780 -9.17663e-06
      1781  2.18789e-05
      1782  1.41188e-05
      1783  1.20648e-05
      1784 -3.12535e-06
      1785 -2.91631e-05
      1786  1.80288e-06
      1787   1.7526e-06
      1788  1.35745e-05
      1789 -2.04086e-07
      1790 -1.16795e-06
      1791  7.18279e-08
      1792    -2.57e-05
      1793  2.48764e-05
      1794   1.5466e-05
      1795  2.83818e-05
      1796  2.73011e-05
      1797  6.77994e-06
      1798 -9.88996e-06
      1799 -1.30799e-05
      1800 -9.32967e-06
      1801 -4.59159e-05
      1802   2.6003e-05
      1803  4.47435e-05
      1804 -1.86274e-06
      1805  2.36919e-06
      1806 -3.42579e-05
      1807  1.06344e-05
      1808 -7.20289e-06
      1809 -1.28766e-05
      1810  3.13396e-05
      1811 -1.52262e-06
      1812  -6.1352e-06
      1813   1.7215e-05
      1814  1.86474e-05
      1815  2.21551e-05
      1816   4.3085e-05
      1817  8.72825e-06
      1818  1.90399e-05
      1819  -1.3113e-05
      1820  5.59074e-06
      1821 -5.57273e-05
      1822  7.51992e-06
      1823   5.9747e-05
      1824  4.28474e-05
      1825  3.22523e-05
      1826  3.46341e-05
      1827  1.32083e-05
      1828 -2.17844e-05
      1829 -1.46471e-05
      1830 -3.84428e-05
      1831 -1.81714e-05
      1832 -4.40464e-06
      1833  2.48968e-06
      1834 -4.76522e-05
      1835  3.79263e-06
      1836  1.64277e-05
      1837  1.63483e-05
      1838  -2.6643e-05
      1839 -1.92617e-05
      1840 -9.09665e-06
      1841  2.17833e-06
      1842  6.01107e-05
      1843 -2.29589e-05
      1844 -2.08081e-05
      1845  3.75792e-05
      1846 -1.87031e-05
      1847 -2.18079e-05
      1848 -1.24095e-05
      1849  2.03362e-05
      1850  3.57526e-05
      1851  1.16946e-05
      1852  1.74167e-05
      1853 -3.67852e-05
      1854   2.4118e-06
      1855  5.89237e-05
      1856 -8.11564e-07
      1857 -5.96557e-06
      1858 -2.62684e-05
      1859  8.56727e-06
      1860  2.56851e-05
      1861 -2.64139e-05
      1862 -5.95614e-06
      1863  2.37683e-05
      1864 -5.73365e-06
      1865 -3.47798e-05
      1866  9.91313e-06
      1867 -1.30858e-05
      1868  2.21509e-05
      1869 -1.27391e-05
      1870 -5.31236e-05
      1871 -2.19672e-05
      1872  2.97907e-05
      1873 -3.90358e-06
      1874  -2.9414e-05
      1875 -1.71716e-05
      1876  4.54961e-06
      1877 -7.29136e-07
      1878 -3.97752e-05
      1879  2.44401e-05
      1880  3.60222e-05
      1881 -6.50785e-05
      1882  2.05098e-05
      1883 -6.63872e-06
      1884  6.54755e-06
      1885 -1.97433e-05
      1886  3.19391e-06
      1887  1.74527e-05
      1888  1.57471e-06
      1889 -2.33909e-05
      1890  5.51474e-05
      1891 -1.97024e-05
      1892  -5.1646e-06
      1893  2.02176e-06
      1894  3.85847e-06
      1895   -1.682e-05
      1896  1.07161e-05
      1897 -1.49555e-05
      1898  1.73028e-05
      1899 -4.06186e-05
      1900  1.45627e-05
      1901  1.17803e-06
      1902 -3.38234e-05
      1903  1.04679e-05
      1904 -2.82599e-06
      1905  1.94441e-06
      1906 -2.94632e-06
      1907  1.33675e-06
      1908 -1.28191e-06
      1909 -1.08091e-05
      1910 -5.30673e-06
      1911  9.71363e-06
      1912 -2.05171e-05
      1913 -6.74694e-06
      1914  1.89606e-05
      1915 -1.34013e-05
      1916 -3.61758e-08
      1917  7.70189e-08
      1918 -2.31026e-05
      1919  2.50225e-06
      1920 -2.14141e-06
      1921 -7.30845e-06
      1922 -2.30879e-05
      1923  5.83263e-06
      1924  1.55074e-06
      1925 -1.44012e-05
      1926  9.77369e-07
      1927 -4.76032e-06
      1928  -1.0756e-05
      1929  1.38041e-05
      1930  3.53068e-06
      1931 -2.19811e-05
      1932   1.4322e-05
      1933  1.97788e-05
      1934  -2.5893e-05
      1935  6.92027e-06
      1936 -1.17484e-05
      1937  5.48531e-06
      1938 -3.94339e-06
      1939 -6.07163e-07
      1940  1.50946e-05
      1941 -3.33536e-05
      1942  9.27608e-06
      1943   7.5836e-06
      1944 -2.82246e-05
      1945  1.33758e-05
      1946 -7.20444e-06
      1947  3.44892e-05
      1948  1.01555e-06
      1949 -2.75016e-06
      1950  1.44861e-06
      1951  -2.4298e-05
      1952  3.64682e-06
      1953 -9.35628e-06
      1954 -3.04039e-06
      1955 -1.87413e-05
      1956  1.03766e-05
      1957  1.30601e-05
      1958  -3.0618e-05
      1959 -0.000227956
      1960  5.82386e-06
      1961  1.92717e-05
      1962  4.51477e-09
      1963  4.88604e-10
      1964    4.847e-10
      1965  3.88146e-05
      1966 -3.15419e-05
      1967  -6.3078e-06
      1968  4.47137e-09
      1969 -4.61441e-06
      1970  1.14805e-05
      1971 -1.17119e-05
      1972 -1.67028e-07
      1973  2.06888e-05
      1974 -9.58581e-06
      1975  8.66706e-06
      1976 -7.09171e-07
      1977  -2.7666e-07
      1978 -1.72691e-06
      1979 -1.91232e-05
      1980 -1.48041e-06
      1981 -1.04946e-05
      1982  1.16664e-05
      1983  2.39269e-09
      1984 -7.84975e-06
      1985 -9.90975e-06
      1986  3.47316e-09
      1987 -3.88379e-06
      1988  3.17647e-06
      1989 -6.48996e-06
      1990  1.91411e-05
      1991  1.15243e-05
      1992 -2.57196e-05
      1993 -3.56365e-06
      1994  1.30899e-07
      1995 -9.44799e-06
      1996    3.803e-05
      1997 -2.47586e-05
      1998  5.83584e-06
      1999 -1.46659e-06
      2000  1.86125e-05
      2001  1.87884e-05
      2002  1.16856e-05
      2003  1.01221e-06
      2004  9.00287e-06
      2005 -1.48504e-05
      2006  -4.6919e-06
      2007   6.8883e-07
      2008 -1.59038e-05
      2009  2.67177e-05
      2010 -9.14776e-07
      2011  8.83982e-07
      2012  9.13917e-06
      2013 -1.07133e-05
      2014 -5.51868e-06
      2015  4.62426e-07
      2016 -6.84305e-05
      2017  4.04541e-05
      2018  2.10312e-05
      2019 -1.17457e-07
      2020  9.39581e-06
      2021  2.74864e-06
      2022 -1.02507e-06
      2023 -1.04522e-07
      2024 -5.51734e-06
      2025  1.40828e-06
      2026  2.25614e-05
      2027   9.8602e-07
      2028  6.22266e-06
      2029 -1.68985e-05
      2030  5.90347e-06
      2031  6.43674e-06
      2032 -1.06775e-06
      2033 -3.17041e-06
      2034  2.80391e-05
      2035 -5.34365e-06
      2036  2.58775e-05
      2037 -3.47384e-06
      2038 -1.82084e-05
      2039 -1.42729e-06
      2040  1.37456e-05
      2041  2.57232e-05
      2042  -1.6805e-05
      2043 -2.23526e-07
      2044  3.74185e-06
      2045 -3.29227e-06
      2046  3.73325e-06
      2047 -6.79662e-07
      2048  1.56114e-05
      2049  3.26358e-05
      2050 -3.96935e-05
      2051  -8.7713e-07
      2052  1.47062e-05
      2053 -7.60627e-06
      2054  -7.0474e-07
      2055 -2.19682e-07
      2056  2.16412e-05
      2057 -2.67525e-06
      2058 -2.83025e-06
      2059  5.57782e-07
      2060 -4.69847e-07
      2061 -6.84924e-06
      2062  9.91066e-06
      2063  3.06398e-06
      2064  -1.4511e-05
      2065 -2.17791e-05
      2066 -1.24404e-06
      2067 -3.42869e-06
      2068 -7.98648e-06
      2069   1.2776e-05
      2070  1.64697e-05
      2071 -4.82545e-06
      2072  6.76477e-06
      2073  6.44567e-06
      2074 -4.93557e-06
      2075  1.41265e-06
      2076  6.72936e-06
      2077 -2.95716e-05
      2078  1.80284e-05
      2079  5.49181e-05
      2080 -3.19942e-05
      2081 -4.12554e-05
      2082  8.80655e-06
      2083 -8.64809e-07
      2084  9.06983e-07
      2085   2.3092e-05
      2086 -2.75232e-05
      2087  3.83759e-07
      2088  1.85616e-05
      2089 -1.07752e-05
      2090 -6.59006e-06
      2091  2.60747e-07
      2092 -8.62961e-07
      2093  1.52301e-06
      2094   4.3552e-06
      2095  6.36874e-06
      2096  2.63016e-05
      2097 -7.35513e-06
      2098 -3.03283e-05
      2099  1.96578e-05
      2100 -2.34753e-05
      2101  9.36241e-06
      2102 -1.12063e-05
      2103 -1.22504e-06
      2104 -1.17888e-05
      2105  2.52857e-06
      2106  1.47547e-05
      2107 -1.60821e-05
      2108  3.83764e-05
      2109  3.72756e-06
      2110  5.04608e-06
      2111 -2.99692e-06
      2112  -2.5594e-05
      2113 -1.06856e-05
      2114  4.49464e-05
      2115  1.67715e-05
      2116 -1.66091e-06
      2117 -1.15543e-05
      2118 -1.96851e-05
      2119 -8.07128e-06
      2120  2.14687e-06
      2121  2.53235e-05
      2122 -8.53995e-06
      2123  2.37787e-05
      2124  -8.4868e-05
      2125 -1.43202e-07
      2126  6.20406e-05
      2127 -2.61322e-05
      2128  4.56514e-06
      2129  1.66008e-05
      2130  8.92434e-06
      2131 -2.83931e-05
      2132 -1.43134e-05
      2133  2.16039e-05
      2134  4.48254e-06
      2135  2.32899e-05
      2136  0.000859645
      2137  0.000675142
      2138  0.000151232
      2139  6.16807e-05
      2140    1.832e-05
      2141 -0.000410378
      2142 -0.000934375
      2143 -0.000847905
      2144   9.2821e-06
      2145 -7.31917e-06
