 Actual and kludged survival report
  Actual/Kludged Season  Mvmnt_period  Region  Survival 
Actual  1   1   1 0.611532 0.620713 0.620586 0.638858 0.663833 0.669762 0.662068 0.649523 0.640006 0.637715 0.642824 0.65486 0.672603 0.691526 0.706237 0.712134
Kludge  1   1   1 0.544522 0.553697 0.575669 0.602173 0.625725 0.639912 0.640833 0.632223 0.619513 0.608447 0.605177 0.613832 0.630231 0.648334 0.662722 0.668565
Actual  1   1   2 0.611749 0.623343 0.648605 0.674265 0.68911 0.688687 0.678633 0.665457 0.656081 0.654276 0.660003 0.672711 0.691155 0.710708 0.725857 0.731918
Kludge  1   1   2 0.588453 0.597177 0.617853 0.642367 0.663518 0.675224 0.673819 0.663201 0.649071 0.637639 0.635633 0.647343 0.667529 0.689017 0.705693 0.712369
Actual  1   1   3 0.611287 0.616254 0.570792 0.590688 0.637536 0.649919 0.640888 0.625252 0.612523 0.607351 0.610017 0.619978 0.635916 0.653393 0.667184 0.672754
Kludge  1   1   3 0.606222 0.609932 0.618698 0.629013 0.637555 0.6412 0.637982 0.630381 0.622062 0.616881 0.618799 0.630095 0.646919 0.664213 0.677507 0.682811
Actual  1   1   4 0.611728 0.623023 0.644896 0.670273 0.686711 0.686907 0.676908 0.66362 0.654088 0.652125 0.657706 0.670285 0.688611 0.708068 0.723154 0.729192
Kludge  1   1   4 0.618446 0.625201 0.641165 0.660001 0.676011 0.684228 0.681604 0.671633 0.659488 0.650794 0.651527 0.665217 0.686491 0.708357 0.725012 0.73161
Actual  1   1   5 0.59932 0.524267 0.541851 0.625943 0.655527 0.663759 0.658437 0.646799 0.635448 0.629354   0.63 0.638014 0.65272 0.669741 0.683619 0.689327
Kludge  1   1   5 0.570353 0.57943 0.601154 0.627347 0.650696 0.665047 0.666744 0.659462 0.648461 0.639284 0.637848 0.647999 0.665395 0.683985 0.698494 0.704325
Actual  1   1   6 0.61165 0.621862 0.62441 0.630134 0.654801 0.665923 0.662592 0.653131 0.645788 0.645055 0.651293 0.664166 0.68255 0.701938 0.716921 0.722907
Kludge  1   1   6 0.603244 0.608424 0.62085 0.635897 0.649275 0.657104 0.656999 0.651727 0.645316 0.641949 0.645882 0.659474 0.678456 0.6974 0.71169 0.717329
Actual  1   1   7 0.611499 0.619708 0.608596 0.631181 0.662714 0.66893 0.659491 0.645138 0.634105 0.630618 0.634806 0.646129 0.663309 0.681815 0.696279 0.702093
Kludge  1   1   7 0.614113 0.619278 0.631503 0.645953 0.658162 0.664073 0.66115 0.652376 0.642181 0.635304 0.636684 0.649208 0.668284 0.687908 0.702932 0.708908
Actual  1   1   8 0.611731 0.623065 0.645384 0.670798 0.687027 0.687142 0.677139 0.663869 0.65436 0.65242 0.658021 0.670618 0.688961 0.70843 0.723526 0.729566
Kludge  1   1   8 0.617688 0.624629 0.641025 0.660356 0.676778 0.685213 0.682549 0.672331 0.659809 0.650705 0.651119 0.664685 0.685986 0.707951 0.724704 0.731346
Actual  2   1   1 0.610413 0.604342 0.461578 0.466919 0.549475 0.581889 0.577737 0.561346 0.54586 0.537324 0.536602 0.543258 0.555964 0.570631 0.58251 0.587373
Kludge  2   1   1 0.62079 0.618951 0.614129 0.607353 0.599679 0.592211 0.58605 0.582122 0.581303 0.584433 0.59228 0.604846 0.61954 0.633341 0.643503 0.647461
Actual  2   1   2 0.611372 0.61824 0.593452 0.610127 0.646267 0.6566 0.649261 0.635871 0.625188 0.621722 0.625762 0.636841 0.653717 0.671926 0.686172 0.691901
Kludge  2   1   2 0.618306 0.621893 0.630376 0.640373 0.648687 0.652315 0.649391 0.642408 0.635017 0.631054 0.634422 0.647253 0.665438 0.683738 0.697625 0.703124
Actual  2   1   3 0.611379 0.617658 0.585492 0.606442 0.647474 0.657455 0.648235 0.633068 0.620972 0.616433 0.619675 0.630155 0.64657 0.664444 0.678495 0.68416
Kludge  2   1   3 0.599688 0.604345 0.615397 0.628519 0.639663 0.645095 0.642459 0.634473 0.625173 0.618829 0.619866 0.63092 0.647985 0.665722 0.679422 0.684902
Actual  2   1   4 0.611732 0.623078 0.645534 0.67096 0.687125 0.687215 0.677208 0.663941 0.654437 0.652502 0.658108 0.67071 0.689057 0.70853 0.723628 0.729669
Kludge  2   1   4 0.618346 0.62514 0.641193 0.660127 0.676214 0.684462 0.681808 0.67176 0.659512 0.650719 0.651389 0.665079 0.686394 0.708316 0.725016 0.731632
Actual  2   1   5 0.60286 0.559071 0.578925 0.645944 0.670758 0.67427 0.666193 0.653272 0.641792 0.636232 0.637676 0.646492 0.66188 0.679395 0.693544 0.699335
Kludge  2   1   5 0.574462 0.58382 0.606099 0.632716 0.656051 0.669727 0.669939 0.660537 0.647086 0.63556 0.632444 0.642036 0.659736 0.679025 0.694206 0.700334
Actual  2   1   6 0.611628 0.621398 0.6157 0.613977 0.64201 0.657383 0.656615 0.648599 0.642057 0.641755 0.648205 0.661155 0.679528 0.698864 0.71379 0.719749
Kludge  2   1   6 0.607237 0.611204 0.620777 0.632493 0.643084 0.649525 0.649965 0.646725 0.643148 0.642648 0.648612 0.662772 0.681244 0.699227 0.712635 0.717891
Actual  2   1   7 0.611648 0.621842 0.631658 0.656016 0.678044 0.680434 0.670629 0.656945 0.64686 0.644335 0.649404 0.661523 0.67943 0.69854 0.713401 0.719357
Kludge  2   1   7 0.602877 0.60984 0.626342 0.645905 0.66268 0.671554 0.669373 0.659594 0.647329 0.638105 0.637804 0.65003 0.669812 0.69051 0.706459 0.712821
Actual  2   1   8 0.611735 0.623133 0.646166 0.67164 0.687533 0.687519 0.677506 0.664261 0.654786 0.652879 0.658512 0.671137 0.689504 0.708994 0.724103 0.730149
Kludge  2   1   8 0.617178 0.624201 0.64079 0.660349 0.676972 0.685534 0.6829 0.672636 0.660022 0.650816 0.651162 0.664727 0.686073 0.708097 0.724897 0.731558
Actual  3   1   1 0.611136 0.614796 0.557935 0.571293 0.620951 0.637304 0.630764 0.616507 0.604478 0.599604 0.602331 0.612204 0.627956 0.645218 0.658836 0.664336
Kludge  3   1   1 0.579348 0.583032 0.591846 0.602461 0.611701 0.616571 0.61517 0.609676 0.603303 0.599375 0.601275 0.611007 0.62542 0.640292 0.65179 0.656395
Actual  3   1   2 0.611219 0.615698 0.566256 0.58255 0.629935 0.644186 0.636604 0.621893 0.609718 0.604858 0.607683 0.617704 0.633637 0.651076 0.664823 0.670374
Kludge  3   1   2 0.629885 0.632005 0.636905 0.642416 0.646441 0.646942 0.642704 0.63589 0.629604 0.627087 0.631584 0.644731 0.662622 0.680379 0.693772 0.699058
Actual  3   1   3 0.611497 0.619472 0.604989 0.627363 0.660511 0.667288 0.657809 0.643257 0.631999 0.628301 0.632307 0.643475 0.660518 0.678915 0.693309 0.699097
Kludge  3   1   3 0.592719 0.598483 0.612189 0.628523 0.642582 0.649939 0.647811 0.639207 0.628602 0.620752 0.620653 0.63138 0.648731 0.667015 0.68122 0.686918
Actual  3   1   4 0.611693 0.62248 0.638637 0.663538 0.682647 0.683878 0.673961 0.660476 0.650673 0.648437 0.653771 0.666129 0.684254 0.703545 0.718524 0.724523
Kludge  3   1   4 0.622869 0.628972 0.643387 0.66037 0.674716 0.681818 0.678827 0.669079 0.657522 0.649526 0.650751 0.664493 0.685507 0.707016 0.723374 0.729852
Actual  3   1   5 0.604694 0.578543 0.598801 0.65492 0.677409 0.679003 0.66975 0.656246 0.644762 0.639554 0.64149 0.650787 0.666572 0.684366 0.698661 0.704495
Kludge  3   1   5 0.577787 0.587117 0.609272 0.63562 0.658514 0.671551 0.670885 0.660413 0.645801 0.633198 0.629324 0.638663 0.656499 0.676105 0.691593 0.697857
Actual  3   1   6 0.611606 0.621047 0.609824 0.603386 0.633562 0.651666 0.652566 0.645494 0.639475 0.639451 0.646037 0.659032 0.677394 0.69669 0.711575 0.717516
Kludge  3   1   6 0.609079 0.612348 0.620279 0.630076 0.639073 0.644772 0.645657 0.64377 0.642021 0.643347 0.650616 0.665186 0.683405 0.700848 0.713744 0.718776
Actual  3   1   7 0.611606 0.621254 0.625304 0.649166 0.673828 0.677276 0.667578 0.653715 0.643373 0.640586 0.645415 0.657317 0.675026 0.693971 0.708723 0.714641
Kludge  3   1   7 0.605933 0.61242 0.627791 0.646003 0.661571 0.66965 0.667235 0.657664 0.645883 0.637227 0.637345 0.649661 0.669291 0.689745 0.705482 0.711755
Actual  3   1   8 0.611711 0.622755 0.641801 0.666943 0.684703 0.68541 0.675454 0.662071 0.652406 0.650309 0.655769 0.66824 0.686467 0.705842 0.720876 0.726895
Kludge  3   1   8 0.619514 0.626159 0.641858 0.660364 0.676059 0.684028 0.681249 0.671192 0.658999 0.650266 0.650939 0.664534 0.685701 0.707479 0.724077 0.730655
Actual  4   1   1 0.611252 0.616471 0.574906 0.589963 0.633271 0.646623 0.639523 0.625532 0.614043 0.609774 0.613082 0.623498 0.639759 0.657452 0.671356 0.676961
Kludge  4   1   1 0.561819 0.568026 0.582924 0.600977 0.61704 0.626469 0.62634 0.619565 0.610451 0.603494 0.603373 0.613042 0.6288 0.645522 0.658598 0.663865
Actual  4   1   2 0.611703 0.622639 0.640469 0.665507 0.683831 0.68475 0.674796 0.661357 0.651626 0.649464 0.654867 0.667287 0.685468 0.704806 0.719814 0.725824
Kludge  4   1   2 0.592952 0.601002 0.620083 0.642708 0.662189 0.672797 0.671041 0.660647 0.647097 0.636349 0.634817 0.64655 0.66644 0.687532 0.703883 0.710426
Actual  4   1   3 0.611375 0.617603 0.584911 0.605796 0.64705 0.657125 0.64791 0.632722 0.620599 0.616035 0.619253 0.629712 0.646106 0.663964 0.678004 0.683665
Kludge  4   1   3 0.602853 0.607175 0.617403 0.629481 0.6396 0.644218 0.641098 0.632906 0.623597 0.617362 0.618535 0.629677 0.64678 0.664526 0.678224 0.683701
Actual  4   1   4 0.611738 0.623173 0.646628 0.672137 0.687833 0.687742 0.677721 0.664488 0.655031 0.653143 0.658793 0.671434 0.689815 0.709317 0.724434 0.730482
Kludge  4   1   4 0.618461 0.625303 0.64146 0.660497 0.676636 0.684849 0.682047 0.671771 0.659265 0.650252 0.650821 0.664582 0.686075 0.708194 0.725044 0.731721
Actual  4   1   5 0.603847 0.566301 0.586149 0.647762 0.671639 0.675225 0.667189 0.654346 0.643186 0.638138 0.640147 0.649469 0.665246 0.683015 0.697284 0.703106
Kludge  4   1   5 0.574344 0.583785 0.606245 0.633045 0.656488 0.67014 0.670165 0.660466 0.646684 0.634895 0.631704 0.641482 0.659525 0.679176 0.694632 0.700868
Actual  4   1   6 0.611617 0.621257 0.613653 0.610414 0.639186 0.655462 0.655238 0.647527 0.641152 0.640936 0.647427 0.660389 0.678755 0.698075 0.712986 0.718939
Kludge  4   1   6 0.608107 0.611746 0.620548 0.631365 0.641214 0.647317 0.647977 0.645383 0.642672 0.64303 0.649594 0.663919 0.682238 0.699935 0.71308 0.718222
Actual  4   1   7 0.61146 0.619373 0.606238 0.628625 0.660992 0.667622 0.658291 0.643944 0.632882 0.629351 0.63349 0.644762 0.661889 0.680347 0.694778 0.700579
Kludge  4   1   7 0.614442 0.619581 0.631737 0.64609 0.658189 0.663986 0.660949 0.65207 0.641797 0.634887 0.636301 0.648933 0.668152 0.687911 0.703034 0.709046
Actual  4   1   8 0.61171 0.622738 0.641609 0.666736 0.684578 0.685318 0.675364 0.661975 0.652303 0.650197 0.655649 0.668113 0.686334 0.705704 0.720735 0.726752
Kludge  4   1   8 0.619446 0.626097 0.641808 0.660329 0.676039 0.68402 0.68125 0.671198 0.659009 0.650282 0.650963 0.664568 0.685745 0.707533 0.724136 0.730717
